<?xml version="1.0" encoding="UTF-8"?>
<testsuite xmlns:xsi="http://www.w3.org/2001/XMLSchema-instance" xsi:noNamespaceSchemaLocation="https://maven.apache.org/surefire/maven-surefire-plugin/xsd/surefire-test-report.xsd" name="JunitTest" time="19.511" tests="6" errors="0" skipped="0" failures="0">
  <properties>
    <property name="sun.desktop" value="windows"/>
    <property name="awt.toolkit" value="sun.awt.windows.WToolkit"/>
    <property name="file.encoding.pkg" value="sun.io"/>
    <property name="java.specification.version" value="1.8"/>
    <property name="sun.cpu.isalist" value="amd64"/>
    <property name="sun.jnu.encoding" value="GBK"/>
    <property name="java.class.path" value="E:\zhubao\target\test-classes;E:\zhubao\target\classes;E:\software\mvnRespo\org\apache\poi\poi\3.15\poi-3.15.jar;E:\software\mvnRespo\org\apache\commons\commons-collections4\4.1\commons-collections4-4.1.jar;E:\software\mvnRespo\junit\junit\4.12\junit-4.12.jar;E:\software\mvnRespo\org\hamcrest\hamcrest-core\1.3\hamcrest-core-1.3.jar;E:\software\mvnRespo\org\apache\poi\poi-ooxml-schemas\3.14-beta1\poi-ooxml-schemas-3.14-beta1.jar;E:\software\mvnRespo\org\apache\xmlbeans\xmlbeans\2.6.0\xmlbeans-2.6.0.jar;E:\software\mvnRespo\stax\stax-api\1.0.1\stax-api-1.0.1.jar;E:\software\mvnRespo\org\apache\poi\poi-ooxml\3.15\poi-ooxml-3.15.jar;E:\software\mvnRespo\com\github\virtuald\curvesapi\1.04\curvesapi-1.04.jar;E:\software\mvnRespo\org\springframework\spring-core\4.3.9.RELEASE\spring-core-4.3.9.RELEASE.jar;E:\software\mvnRespo\org\springframework\spring-web\4.3.9.RELEASE\spring-web-4.3.9.RELEASE.jar;E:\software\mvnRespo\org\springframework\spring-beans\4.3.9.RELEASE\spring-beans-4.3.9.RELEASE.jar;E:\software\mvnRespo\org\springframework\spring-context\4.3.9.RELEASE\spring-context-4.3.9.RELEASE.jar;E:\software\mvnRespo\org\springframework\spring-oxm\4.3.9.RELEASE\spring-oxm-4.3.9.RELEASE.jar;E:\software\mvnRespo\org\springframework\spring-tx\4.3.9.RELEASE\spring-tx-4.3.9.RELEASE.jar;E:\software\mvnRespo\org\springframework\spring-jdbc\4.3.9.RELEASE\spring-jdbc-4.3.9.RELEASE.jar;E:\software\mvnRespo\org\springframework\spring-webmvc\4.3.9.RELEASE\spring-webmvc-4.3.9.RELEASE.jar;E:\software\mvnRespo\org\springframework\spring-expression\4.3.9.RELEASE\spring-expression-4.3.9.RELEASE.jar;E:\software\mvnRespo\org\springframework\spring-aop\4.3.9.RELEASE\spring-aop-4.3.9.RELEASE.jar;E:\software\mvnRespo\org\springframework\spring-context-support\4.3.9.RELEASE\spring-context-support-4.3.9.RELEASE.jar;E:\software\mvnRespo\org\springframework\spring-test\4.3.9.RELEASE\spring-test-4.3.9.RELEASE.jar;E:\software\mvnRespo\org\apache\httpcomponents\httpclient\4.3.3\httpclient-4.3.3.jar;E:\software\mvnRespo\org\apache\httpcomponents\httpcore\4.3.3\httpcore-4.3.3.jar;E:\software\mvnRespo\org\mybatis\mybatis\3.4.0\mybatis-3.4.0.jar;E:\software\mvnRespo\org\mybatis\caches\mybatis-ehcache\1.0.2\mybatis-ehcache-1.0.2.jar;E:\software\mvnRespo\net\sf\ehcache\ehcache-core\2.6.5\ehcache-core-2.6.5.jar;E:\software\mvnRespo\org\mybatis\mybatis-spring\1.3.1\mybatis-spring-1.3.1.jar;E:\software\mvnRespo\mysql\mysql-connector-java\5.1.37\mysql-connector-java-5.1.37.jar;E:\software\mvnRespo\commons-dbcp\commons-dbcp\1.2.2\commons-dbcp-1.2.2.jar;E:\software\mvnRespo\commons-pool\commons-pool\1.3\commons-pool-1.3.jar;E:\software\mvnRespo\jstl\jstl\1.2\jstl-1.2.jar;E:\software\mvnRespo\log4j\log4j\1.2.17\log4j-1.2.17.jar;E:\software\mvnRespo\com\alibaba\fastjson\1.1.41\fastjson-1.1.41.jar;E:\software\mvnRespo\org\slf4j\slf4j-api\1.7.7\slf4j-api-1.7.7.jar;E:\software\mvnRespo\org\slf4j\slf4j-log4j12\1.7.7\slf4j-log4j12-1.7.7.jar;E:\software\mvnRespo\org\codehaus\jackson\jackson-mapper-asl\1.9.13\jackson-mapper-asl-1.9.13.jar;E:\software\mvnRespo\org\codehaus\jackson\jackson-core-asl\1.9.13\jackson-core-asl-1.9.13.jar;E:\software\mvnRespo\commons-fileupload\commons-fileupload\1.3.1\commons-fileupload-1.3.1.jar;E:\software\mvnRespo\commons-io\commons-io\2.4\commons-io-2.4.jar;E:\software\mvnRespo\commons-codec\commons-codec\1.9\commons-codec-1.9.jar;E:\software\mvnRespo\commons-lang\commons-lang\2.6\commons-lang-2.6.jar;E:\software\mvnRespo\commons-beanutils\commons-beanutils\1.8.3\commons-beanutils-1.8.3.jar;E:\software\mvnRespo\commons-logging\commons-logging\1.1.1\commons-logging-1.1.1.jar;E:\software\mvnRespo\org\dom4j\dom4j\2.0.0\dom4j-2.0.0.jar;E:\software\mvnRespo\jaxen\jaxen\1.1.6\jaxen-1.1.6.jar;E:\software\mvnRespo\net\sf\json-lib\json-lib\2.4\json-lib-2.4-jdk15.jar;E:\software\mvnRespo\commons-collections\commons-collections\3.2.1\commons-collections-3.2.1.jar;E:\software\mvnRespo\net\sf\ezmorph\ezmorph\1.0.6\ezmorph-1.0.6.jar;E:\software\mvnRespo\javax\servlet\javax.servlet-api\3.1.0\javax.servlet-api-3.1.0.jar;E:\software\mvnRespo\org\activiti\activiti-engine\5.22.0\activiti-engine-5.22.0.jar;E:\software\mvnRespo\org\activiti\activiti-process-validation\5.22.0\activiti-process-validation-5.22.0.jar;E:\software\mvnRespo\org\activiti\activiti-image-generator\5.22.0\activiti-image-generator-5.22.0.jar;E:\software\mvnRespo\org\apache\commons\commons-email\1.4\commons-email-1.4.jar;E:\software\mvnRespo\com\sun\mail\javax.mail\1.5.2\javax.mail-1.5.2.jar;E:\software\mvnRespo\javax\activation\activation\1.1.1\activation-1.1.1.jar;E:\software\mvnRespo\org\apache\commons\commons-lang3\3.3.2\commons-lang3-3.3.2.jar;E:\software\mvnRespo\org\slf4j\jcl-over-slf4j\1.7.6\jcl-over-slf4j-1.7.6.jar;E:\software\mvnRespo\org\activiti\activiti-json-converter\5.22.0\activiti-json-converter-5.22.0.jar;E:\software\mvnRespo\math\geom2d\javaGeom\0.11.1\javaGeom-0.11.1.jar;E:\software\mvnRespo\org\activiti\activiti-spring\5.22.0\activiti-spring-5.22.0.jar;E:\software\mvnRespo\org\springframework\spring-orm\4.1.5.RELEASE\spring-orm-4.1.5.RELEASE.jar;E:\software\mvnRespo\org\activiti\activiti-bpmn-model\5.22.0\activiti-bpmn-model-5.22.0.jar;E:\software\mvnRespo\org\activiti\activiti-bpmn-layout\5.22.0\activiti-bpmn-layout-5.22.0.jar;E:\software\mvnRespo\org\tinyjee\jgraphx\jgraphx\1.10.4.1\jgraphx-1.10.4.1.jar;E:\software\mvnRespo\org\activiti\activiti-bpmn-converter\5.22.0\activiti-bpmn-converter-5.22.0.jar;E:\software\mvnRespo\org\apache\xmlgraphics\batik-transcoder\1.7\batik-transcoder-1.7.jar;E:\software\mvnRespo\org\apache\xmlgraphics\fop\0.94\fop-0.94.jar;E:\software\mvnRespo\org\apache\xmlgraphics\xmlgraphics-commons\1.2\xmlgraphics-commons-1.2.jar;E:\software\mvnRespo\org\apache\avalon\framework\avalon-framework-api\4.3.1\avalon-framework-api-4.3.1.jar;E:\software\mvnRespo\org\apache\avalon\framework\avalon-framework-impl\4.3.1\avalon-framework-impl-4.3.1.jar;E:\software\mvnRespo\org\apache\xmlgraphics\batik-awt-util\1.7\batik-awt-util-1.7.jar;E:\software\mvnRespo\org\apache\xmlgraphics\batik-bridge\1.7\batik-bridge-1.7.jar;E:\software\mvnRespo\org\apache\xmlgraphics\batik-script\1.7\batik-script-1.7.jar;E:\software\mvnRespo\org\apache\xmlgraphics\batik-js\1.7\batik-js-1.7.jar;E:\software\mvnRespo\xalan\xalan\2.6.0\xalan-2.6.0.jar;E:\software\mvnRespo\org\apache\xmlgraphics\batik-dom\1.7\batik-dom-1.7.jar;E:\software\mvnRespo\org\apache\xmlgraphics\batik-gvt\1.7\batik-gvt-1.7.jar;E:\software\mvnRespo\org\apache\xmlgraphics\batik-util\1.7\batik-util-1.7.jar;E:\software\mvnRespo\org\apache\xmlgraphics\batik-xml\1.7\batik-xml-1.7.jar;E:\software\mvnRespo\xml-apis\xml-apis\1.3.04\xml-apis-1.3.04.jar;E:\software\mvnRespo\xml-apis\xml-apis-ext\1.3.04\xml-apis-ext-1.3.04.jar;E:\software\mvnRespo\org\apache\xmlgraphics\batik-svggen\1.7\batik-svggen-1.7.jar;E:\software\mvnRespo\org\apache\xmlgraphics\batik-svg-dom\1.7\batik-svg-dom-1.7.jar;E:\software\mvnRespo\org\apache\xmlgraphics\batik-anim\1.7\batik-anim-1.7.jar;E:\software\mvnRespo\org\apache\xmlgraphics\batik-ext\1.7\batik-ext-1.7.jar;E:\software\mvnRespo\org\apache\xmlgraphics\batik-parser\1.7\batik-parser-1.7.jar;E:\software\mvnRespo\org\apache\xmlgraphics\batik-css\1.7\batik-css-1.7.jar;E:\software\mvnRespo\org\apache\xmlgraphics\batik-codec\1.7\batik-codec-1.7.jar;E:\software\mvnRespo\com\fasterxml\jackson\core\jackson-core\2.8.10\jackson-core-2.8.10.jar;E:\software\mvnRespo\com\fasterxml\jackson\core\jackson-databind\2.8.10\jackson-databind-2.8.10.jar;E:\software\mvnRespo\com\fasterxml\jackson\core\jackson-annotations\2.8.0\jackson-annotations-2.8.0.jar;E:\software\mvnRespo\joda-time\joda-time\2.10\joda-time-2.10.jar;E:\software\mvnRespo\org\aspectj\aspectjweaver\1.8.4\aspectjweaver-1.8.4.jar;E:\software\mvnRespo\com\github\pagehelper\pagehelper\4.1.6\pagehelper-4.1.6.jar;E:\software\mvnRespo\com\github\jsqlparser\jsqlparser\0.9.1\jsqlparser-0.9.1.jar;E:\software\mvnRespo\javax\servlet\jsp\jsp-api\2.2\jsp-api-2.2.jar;E:\software\mvnRespo\org\apache\shiro\shiro-core\1.2.3\shiro-core-1.2.3.jar;E:\software\mvnRespo\org\apache\shiro\shiro-spring\1.2.3\shiro-spring-1.2.3.jar;E:\software\mvnRespo\org\apache\shiro\shiro-cas\1.2.3\shiro-cas-1.2.3.jar;E:\software\mvnRespo\org\jasig\cas\client\cas-client-core\3.2.1\cas-client-core-3.2.1.jar;E:\software\mvnRespo\org\apache\shiro\shiro-web\1.2.3\shiro-web-1.2.3.jar;E:\software\mvnRespo\org\apache\shiro\shiro-ehcache\1.2.3\shiro-ehcache-1.2.3.jar;E:\software\mvnRespo\redis\clients\jedis\2.9.0\jedis-2.9.0.jar;E:\software\mvnRespo\org\apache\commons\commons-pool2\2.4.2\commons-pool2-2.4.2.jar;E:\software\mvnRespo\com\alibaba\druid\1.0.5\druid-1.0.5.jar;E:\software\mvnRespo\com\oracle\ojdbc6\11.2.0.1.0\ojdbc6-11.2.0.1.0.jar;E:\software\mvnRespo\org\freemarker\freemarker\2.3.25-incubating\freemarker-2.3.25-incubating.jar;E:\software\mvnRespo\com\google\guava\guava\17.0\guava-17.0.jar;E:\software\mvnRespo\net\sf\jacob-project\jacob\1.14.3\jacob-1.14.3.jar;E:\software\mvnRespo\org\quartz-scheduler\quartz\2.2.1\quartz-2.2.1.jar;E:\software\mvnRespo\c3p0\c3p0\0.9.1.1\c3p0-0.9.1.1.jar;E:\software\mvnRespo\org\quartz-scheduler\quartz-jobs\2.2.1\quartz-jobs-2.2.1.jar;E:\software\mvnRespo\net\sf\ehcache\ehcache\2.10.4\ehcache-2.10.4.jar;E:\software\mvnRespo\commons-net\commons-net\3.3\commons-net-3.3.jar;"/>
    <property name="java.vm.vendor" value="Oracle Corporation"/>
    <property name="sun.arch.data.model" value="64"/>
    <property name="user.variant" value=""/>
    <property name="java.vendor.url" value="http://java.oracle.com/"/>
    <property name="user.timezone" value=""/>
    <property name="java.vm.specification.version" value="1.8"/>
    <property name="os.name" value="Windows 7"/>
    <property name="user.country" value="CN"/>
    <property name="sun.java.launcher" value="SUN_STANDARD"/>
    <property name="sun.boot.library.path" value="C:\Program Files\Java\jdk1.8.0_172\jre\bin"/>
    <property name="sun.java.command" value="C:\Users\Administrator\AppData\Local\Temp\surefire100138224438474058\surefirebooter5325205059627583399.jar C:\Users\Administrator\AppData\Local\Temp\surefire100138224438474058 2019-01-28T17-55-02_029-jvmRun1 surefire3225905708768566624tmp surefire_01247720083488693607tmp"/>
    <property name="surefire.test.class.path" value="E:\zhubao\target\test-classes;E:\zhubao\target\classes;E:\software\mvnRespo\org\apache\poi\poi\3.15\poi-3.15.jar;E:\software\mvnRespo\org\apache\commons\commons-collections4\4.1\commons-collections4-4.1.jar;E:\software\mvnRespo\junit\junit\4.12\junit-4.12.jar;E:\software\mvnRespo\org\hamcrest\hamcrest-core\1.3\hamcrest-core-1.3.jar;E:\software\mvnRespo\org\apache\poi\poi-ooxml-schemas\3.14-beta1\poi-ooxml-schemas-3.14-beta1.jar;E:\software\mvnRespo\org\apache\xmlbeans\xmlbeans\2.6.0\xmlbeans-2.6.0.jar;E:\software\mvnRespo\stax\stax-api\1.0.1\stax-api-1.0.1.jar;E:\software\mvnRespo\org\apache\poi\poi-ooxml\3.15\poi-ooxml-3.15.jar;E:\software\mvnRespo\com\github\virtuald\curvesapi\1.04\curvesapi-1.04.jar;E:\software\mvnRespo\org\springframework\spring-core\4.3.9.RELEASE\spring-core-4.3.9.RELEASE.jar;E:\software\mvnRespo\org\springframework\spring-web\4.3.9.RELEASE\spring-web-4.3.9.RELEASE.jar;E:\software\mvnRespo\org\springframework\spring-beans\4.3.9.RELEASE\spring-beans-4.3.9.RELEASE.jar;E:\software\mvnRespo\org\springframework\spring-context\4.3.9.RELEASE\spring-context-4.3.9.RELEASE.jar;E:\software\mvnRespo\org\springframework\spring-oxm\4.3.9.RELEASE\spring-oxm-4.3.9.RELEASE.jar;E:\software\mvnRespo\org\springframework\spring-tx\4.3.9.RELEASE\spring-tx-4.3.9.RELEASE.jar;E:\software\mvnRespo\org\springframework\spring-jdbc\4.3.9.RELEASE\spring-jdbc-4.3.9.RELEASE.jar;E:\software\mvnRespo\org\springframework\spring-webmvc\4.3.9.RELEASE\spring-webmvc-4.3.9.RELEASE.jar;E:\software\mvnRespo\org\springframework\spring-expression\4.3.9.RELEASE\spring-expression-4.3.9.RELEASE.jar;E:\software\mvnRespo\org\springframework\spring-aop\4.3.9.RELEASE\spring-aop-4.3.9.RELEASE.jar;E:\software\mvnRespo\org\springframework\spring-context-support\4.3.9.RELEASE\spring-context-support-4.3.9.RELEASE.jar;E:\software\mvnRespo\org\springframework\spring-test\4.3.9.RELEASE\spring-test-4.3.9.RELEASE.jar;E:\software\mvnRespo\org\apache\httpcomponents\httpclient\4.3.3\httpclient-4.3.3.jar;E:\software\mvnRespo\org\apache\httpcomponents\httpcore\4.3.3\httpcore-4.3.3.jar;E:\software\mvnRespo\org\mybatis\mybatis\3.4.0\mybatis-3.4.0.jar;E:\software\mvnRespo\org\mybatis\caches\mybatis-ehcache\1.0.2\mybatis-ehcache-1.0.2.jar;E:\software\mvnRespo\net\sf\ehcache\ehcache-core\2.6.5\ehcache-core-2.6.5.jar;E:\software\mvnRespo\org\mybatis\mybatis-spring\1.3.1\mybatis-spring-1.3.1.jar;E:\software\mvnRespo\mysql\mysql-connector-java\5.1.37\mysql-connector-java-5.1.37.jar;E:\software\mvnRespo\commons-dbcp\commons-dbcp\1.2.2\commons-dbcp-1.2.2.jar;E:\software\mvnRespo\commons-pool\commons-pool\1.3\commons-pool-1.3.jar;E:\software\mvnRespo\jstl\jstl\1.2\jstl-1.2.jar;E:\software\mvnRespo\log4j\log4j\1.2.17\log4j-1.2.17.jar;E:\software\mvnRespo\com\alibaba\fastjson\1.1.41\fastjson-1.1.41.jar;E:\software\mvnRespo\org\slf4j\slf4j-api\1.7.7\slf4j-api-1.7.7.jar;E:\software\mvnRespo\org\slf4j\slf4j-log4j12\1.7.7\slf4j-log4j12-1.7.7.jar;E:\software\mvnRespo\org\codehaus\jackson\jackson-mapper-asl\1.9.13\jackson-mapper-asl-1.9.13.jar;E:\software\mvnRespo\org\codehaus\jackson\jackson-core-asl\1.9.13\jackson-core-asl-1.9.13.jar;E:\software\mvnRespo\commons-fileupload\commons-fileupload\1.3.1\commons-fileupload-1.3.1.jar;E:\software\mvnRespo\commons-io\commons-io\2.4\commons-io-2.4.jar;E:\software\mvnRespo\commons-codec\commons-codec\1.9\commons-codec-1.9.jar;E:\software\mvnRespo\commons-lang\commons-lang\2.6\commons-lang-2.6.jar;E:\software\mvnRespo\commons-beanutils\commons-beanutils\1.8.3\commons-beanutils-1.8.3.jar;E:\software\mvnRespo\commons-logging\commons-logging\1.1.1\commons-logging-1.1.1.jar;E:\software\mvnRespo\org\dom4j\dom4j\2.0.0\dom4j-2.0.0.jar;E:\software\mvnRespo\jaxen\jaxen\1.1.6\jaxen-1.1.6.jar;E:\software\mvnRespo\net\sf\json-lib\json-lib\2.4\json-lib-2.4-jdk15.jar;E:\software\mvnRespo\commons-collections\commons-collections\3.2.1\commons-collections-3.2.1.jar;E:\software\mvnRespo\net\sf\ezmorph\ezmorph\1.0.6\ezmorph-1.0.6.jar;E:\software\mvnRespo\javax\servlet\javax.servlet-api\3.1.0\javax.servlet-api-3.1.0.jar;E:\software\mvnRespo\org\activiti\activiti-engine\5.22.0\activiti-engine-5.22.0.jar;E:\software\mvnRespo\org\activiti\activiti-process-validation\5.22.0\activiti-process-validation-5.22.0.jar;E:\software\mvnRespo\org\activiti\activiti-image-generator\5.22.0\activiti-image-generator-5.22.0.jar;E:\software\mvnRespo\org\apache\commons\commons-email\1.4\commons-email-1.4.jar;E:\software\mvnRespo\com\sun\mail\javax.mail\1.5.2\javax.mail-1.5.2.jar;E:\software\mvnRespo\javax\activation\activation\1.1.1\activation-1.1.1.jar;E:\software\mvnRespo\org\apache\commons\commons-lang3\3.3.2\commons-lang3-3.3.2.jar;E:\software\mvnRespo\org\slf4j\jcl-over-slf4j\1.7.6\jcl-over-slf4j-1.7.6.jar;E:\software\mvnRespo\org\activiti\activiti-json-converter\5.22.0\activiti-json-converter-5.22.0.jar;E:\software\mvnRespo\math\geom2d\javaGeom\0.11.1\javaGeom-0.11.1.jar;E:\software\mvnRespo\org\activiti\activiti-spring\5.22.0\activiti-spring-5.22.0.jar;E:\software\mvnRespo\org\springframework\spring-orm\4.1.5.RELEASE\spring-orm-4.1.5.RELEASE.jar;E:\software\mvnRespo\org\activiti\activiti-bpmn-model\5.22.0\activiti-bpmn-model-5.22.0.jar;E:\software\mvnRespo\org\activiti\activiti-bpmn-layout\5.22.0\activiti-bpmn-layout-5.22.0.jar;E:\software\mvnRespo\org\tinyjee\jgraphx\jgraphx\1.10.4.1\jgraphx-1.10.4.1.jar;E:\software\mvnRespo\org\activiti\activiti-bpmn-converter\5.22.0\activiti-bpmn-converter-5.22.0.jar;E:\software\mvnRespo\org\apache\xmlgraphics\batik-transcoder\1.7\batik-transcoder-1.7.jar;E:\software\mvnRespo\org\apache\xmlgraphics\fop\0.94\fop-0.94.jar;E:\software\mvnRespo\org\apache\xmlgraphics\xmlgraphics-commons\1.2\xmlgraphics-commons-1.2.jar;E:\software\mvnRespo\org\apache\avalon\framework\avalon-framework-api\4.3.1\avalon-framework-api-4.3.1.jar;E:\software\mvnRespo\org\apache\avalon\framework\avalon-framework-impl\4.3.1\avalon-framework-impl-4.3.1.jar;E:\software\mvnRespo\org\apache\xmlgraphics\batik-awt-util\1.7\batik-awt-util-1.7.jar;E:\software\mvnRespo\org\apache\xmlgraphics\batik-bridge\1.7\batik-bridge-1.7.jar;E:\software\mvnRespo\org\apache\xmlgraphics\batik-script\1.7\batik-script-1.7.jar;E:\software\mvnRespo\org\apache\xmlgraphics\batik-js\1.7\batik-js-1.7.jar;E:\software\mvnRespo\xalan\xalan\2.6.0\xalan-2.6.0.jar;E:\software\mvnRespo\org\apache\xmlgraphics\batik-dom\1.7\batik-dom-1.7.jar;E:\software\mvnRespo\org\apache\xmlgraphics\batik-gvt\1.7\batik-gvt-1.7.jar;E:\software\mvnRespo\org\apache\xmlgraphics\batik-util\1.7\batik-util-1.7.jar;E:\software\mvnRespo\org\apache\xmlgraphics\batik-xml\1.7\batik-xml-1.7.jar;E:\software\mvnRespo\xml-apis\xml-apis\1.3.04\xml-apis-1.3.04.jar;E:\software\mvnRespo\xml-apis\xml-apis-ext\1.3.04\xml-apis-ext-1.3.04.jar;E:\software\mvnRespo\org\apache\xmlgraphics\batik-svggen\1.7\batik-svggen-1.7.jar;E:\software\mvnRespo\org\apache\xmlgraphics\batik-svg-dom\1.7\batik-svg-dom-1.7.jar;E:\software\mvnRespo\org\apache\xmlgraphics\batik-anim\1.7\batik-anim-1.7.jar;E:\software\mvnRespo\org\apache\xmlgraphics\batik-ext\1.7\batik-ext-1.7.jar;E:\software\mvnRespo\org\apache\xmlgraphics\batik-parser\1.7\batik-parser-1.7.jar;E:\software\mvnRespo\org\apache\xmlgraphics\batik-css\1.7\batik-css-1.7.jar;E:\software\mvnRespo\org\apache\xmlgraphics\batik-codec\1.7\batik-codec-1.7.jar;E:\software\mvnRespo\com\fasterxml\jackson\core\jackson-core\2.8.10\jackson-core-2.8.10.jar;E:\software\mvnRespo\com\fasterxml\jackson\core\jackson-databind\2.8.10\jackson-databind-2.8.10.jar;E:\software\mvnRespo\com\fasterxml\jackson\core\jackson-annotations\2.8.0\jackson-annotations-2.8.0.jar;E:\software\mvnRespo\joda-time\joda-time\2.10\joda-time-2.10.jar;E:\software\mvnRespo\org\aspectj\aspectjweaver\1.8.4\aspectjweaver-1.8.4.jar;E:\software\mvnRespo\com\github\pagehelper\pagehelper\4.1.6\pagehelper-4.1.6.jar;E:\software\mvnRespo\com\github\jsqlparser\jsqlparser\0.9.1\jsqlparser-0.9.1.jar;E:\software\mvnRespo\javax\servlet\jsp\jsp-api\2.2\jsp-api-2.2.jar;E:\software\mvnRespo\org\apache\shiro\shiro-core\1.2.3\shiro-core-1.2.3.jar;E:\software\mvnRespo\org\apache\shiro\shiro-spring\1.2.3\shiro-spring-1.2.3.jar;E:\software\mvnRespo\org\apache\shiro\shiro-cas\1.2.3\shiro-cas-1.2.3.jar;E:\software\mvnRespo\org\jasig\cas\client\cas-client-core\3.2.1\cas-client-core-3.2.1.jar;E:\software\mvnRespo\org\apache\shiro\shiro-web\1.2.3\shiro-web-1.2.3.jar;E:\software\mvnRespo\org\apache\shiro\shiro-ehcache\1.2.3\shiro-ehcache-1.2.3.jar;E:\software\mvnRespo\redis\clients\jedis\2.9.0\jedis-2.9.0.jar;E:\software\mvnRespo\org\apache\commons\commons-pool2\2.4.2\commons-pool2-2.4.2.jar;E:\software\mvnRespo\com\alibaba\druid\1.0.5\druid-1.0.5.jar;E:\software\mvnRespo\com\oracle\ojdbc6\11.2.0.1.0\ojdbc6-11.2.0.1.0.jar;E:\software\mvnRespo\org\freemarker\freemarker\2.3.25-incubating\freemarker-2.3.25-incubating.jar;E:\software\mvnRespo\com\google\guava\guava\17.0\guava-17.0.jar;E:\software\mvnRespo\net\sf\jacob-project\jacob\1.14.3\jacob-1.14.3.jar;E:\software\mvnRespo\org\quartz-scheduler\quartz\2.2.1\quartz-2.2.1.jar;E:\software\mvnRespo\c3p0\c3p0\0.9.1.1\c3p0-0.9.1.1.jar;E:\software\mvnRespo\org\quartz-scheduler\quartz-jobs\2.2.1\quartz-jobs-2.2.1.jar;E:\software\mvnRespo\net\sf\ehcache\ehcache\2.10.4\ehcache-2.10.4.jar;E:\software\mvnRespo\commons-net\commons-net\3.3\commons-net-3.3.jar;"/>
    <property name="sun.cpu.endian" value="little"/>
    <property name="user.home" value="C:\Users\Administrator"/>
    <property name="user.language" value="zh"/>
    <property name="java.specification.vendor" value="Oracle Corporation"/>
    <property name="java.home" value="C:\Program Files\Java\jdk1.8.0_172\jre"/>
    <property name="basedir" value="E:\zhubao"/>
    <property name="file.separator" value="\"/>
    <property name="line.separator" value="&#10;"/>
    <property name="java.vm.specification.vendor" value="Oracle Corporation"/>
    <property name="java.specification.name" value="Java Platform API Specification"/>
    <property name="java.awt.graphicsenv" value="sun.awt.Win32GraphicsEnvironment"/>
    <property name="surefire.real.class.path" value="C:\Users\Administrator\AppData\Local\Temp\surefire100138224438474058\surefirebooter5325205059627583399.jar"/>
    <property name="sun.boot.class.path" value="C:\Program Files\Java\jdk1.8.0_172\jre\lib\resources.jar;C:\Program Files\Java\jdk1.8.0_172\jre\lib\rt.jar;C:\Program Files\Java\jdk1.8.0_172\jre\lib\sunrsasign.jar;C:\Program Files\Java\jdk1.8.0_172\jre\lib\jsse.jar;C:\Program Files\Java\jdk1.8.0_172\jre\lib\jce.jar;C:\Program Files\Java\jdk1.8.0_172\jre\lib\charsets.jar;C:\Program Files\Java\jdk1.8.0_172\jre\lib\jfr.jar;C:\Program Files\Java\jdk1.8.0_172\jre\classes"/>
    <property name="user.script" value=""/>
    <property name="sun.management.compiler" value="HotSpot 64-Bit Tiered Compilers"/>
    <property name="java.runtime.version" value="1.8.0_172-b11"/>
    <property name="user.name" value="Administrator"/>
    <property name="path.separator" value=";"/>
    <property name="os.version" value="6.1"/>
    <property name="java.endorsed.dirs" value="C:\Program Files\Java\jdk1.8.0_172\jre\lib\endorsed"/>
    <property name="java.runtime.name" value="Java(TM) SE Runtime Environment"/>
    <property name="file.encoding" value="GBK"/>
    <property name="java.vm.name" value="Java HotSpot(TM) 64-Bit Server VM"/>
    <property name="localRepository" value="E:\software\mvnRespo"/>
    <property name="java.vendor.url.bug" value="http://bugreport.sun.com/bugreport/"/>
    <property name="java.io.tmpdir" value="C:\Users\Administrator\AppData\Local\Temp\"/>
    <property name="idea.version" value="2018.1.3"/>
    <property name="java.version" value="1.8.0_172"/>
    <property name="user.dir" value="E:\zhubao"/>
    <property name="os.arch" value="amd64"/>
    <property name="java.vm.specification.name" value="Java Virtual Machine Specification"/>
    <property name="java.awt.printerjob" value="sun.awt.windows.WPrinterJob"/>
    <property name="sun.os.patch.level" value="Service Pack 1"/>
    <property name="java.library.path" value="C:\Program Files\Java\jdk1.8.0_172\jre\bin;C:\Windows\Sun\Java\bin;C:\Windows\system32;C:\Windows;E:\app\Administrator\product\11.2.0\client_2;C:\Program Files (x86)\Common Files\Oracle\Java\javapath;E:\app\Administrator\product\11.2.0\dbhome_1\bin;C:\Windows\system32;C:\Windows;C:\Windows\System32\Wbem;C:\Windows\System32\WindowsPowerShell\v1.0\;C:\Program Files\Java\jdk1.8.0_172\bin;C:\Program Files\Java\jdk1.8.0_172\jre\bin;E:\software\apache-maven-3.5.2-bin\apache-maven-3.5.2\bin;C:\Program Files\TortoiseSVN\bin;."/>
    <property name="java.vm.info" value="mixed mode"/>
    <property name="java.vendor" value="Oracle Corporation"/>
    <property name="java.vm.version" value="25.172-b11"/>
    <property name="java.ext.dirs" value="C:\Program Files\Java\jdk1.8.0_172\jre\lib\ext;C:\Windows\Sun\Java\lib\ext"/>
    <property name="sun.io.unicode.encoding" value="UnicodeLittle"/>
    <property name="maven.repo.local" value="E:\software\mvnRespo"/>
    <property name="java.class.version" value="52.0"/>
  </properties>
  <testcase name="testAdd" classname="JunitTest" time="0.221"/>
  <testcase name="testTest" classname="JunitTest" time="0.053"/>
  <testcase name="test0" classname="JunitTest" time="0.122"/>
  <testcase name="test1" classname="JunitTest" time="0.017"/>
  <testcase name="test2" classname="JunitTest" time="0.036"/>
  <testcase name="testMyData" classname="JunitTest" time="0.021"/>
</testsuite>