<?xml version="1.0" encoding="UTF-8"?>
<testsuite xmlns:xsi="http://www.w3.org/2001/XMLSchema-instance" xsi:noNamespaceSchemaLocation="https://maven.apache.org/surefire/maven-surefire-plugin/xsd/surefire-test-report.xsd" name="TestTableService" time="7.102" tests="1" errors="1" skipped="0" failures="0">
  <properties>
    <property name="sun.desktop" value="windows"/>
    <property name="awt.toolkit" value="sun.awt.windows.WToolkit"/>
    <property name="file.encoding.pkg" value="sun.io"/>
    <property name="java.specification.version" value="1.8"/>
    <property name="sun.cpu.isalist" value="amd64"/>
    <property name="sun.jnu.encoding" value="GBK"/>
    <property name="java.class.path" value="E:\zhubao\target\test-classes;E:\zhubao\target\classes;E:\software\mvnRespo\org\apache\poi\poi\3.15\poi-3.15.jar;E:\software\mvnRespo\org\apache\commons\commons-collections4\4.1\commons-collections4-4.1.jar;E:\software\mvnRespo\junit\junit\4.12\junit-4.12.jar;E:\software\mvnRespo\org\hamcrest\hamcrest-core\1.3\hamcrest-core-1.3.jar;E:\software\mvnRespo\org\apache\poi\poi-ooxml-schemas\3.14-beta1\poi-ooxml-schemas-3.14-beta1.jar;E:\software\mvnRespo\org\apache\xmlbeans\xmlbeans\2.6.0\xmlbeans-2.6.0.jar;E:\software\mvnRespo\stax\stax-api\1.0.1\stax-api-1.0.1.jar;E:\software\mvnRespo\org\apache\poi\poi-ooxml\3.15\poi-ooxml-3.15.jar;E:\software\mvnRespo\com\github\virtuald\curvesapi\1.04\curvesapi-1.04.jar;E:\software\mvnRespo\org\springframework\spring-core\4.3.9.RELEASE\spring-core-4.3.9.RELEASE.jar;E:\software\mvnRespo\org\springframework\spring-web\4.3.9.RELEASE\spring-web-4.3.9.RELEASE.jar;E:\software\mvnRespo\org\springframework\spring-beans\4.3.9.RELEASE\spring-beans-4.3.9.RELEASE.jar;E:\software\mvnRespo\org\springframework\spring-context\4.3.9.RELEASE\spring-context-4.3.9.RELEASE.jar;E:\software\mvnRespo\org\springframework\spring-oxm\4.3.9.RELEASE\spring-oxm-4.3.9.RELEASE.jar;E:\software\mvnRespo\org\springframework\spring-tx\4.3.9.RELEASE\spring-tx-4.3.9.RELEASE.jar;E:\software\mvnRespo\org\springframework\spring-jdbc\4.3.9.RELEASE\spring-jdbc-4.3.9.RELEASE.jar;E:\software\mvnRespo\org\springframework\spring-webmvc\4.3.9.RELEASE\spring-webmvc-4.3.9.RELEASE.jar;E:\software\mvnRespo\org\springframework\spring-expression\4.3.9.RELEASE\spring-expression-4.3.9.RELEASE.jar;E:\software\mvnRespo\org\springframework\spring-aop\4.3.9.RELEASE\spring-aop-4.3.9.RELEASE.jar;E:\software\mvnRespo\org\springframework\spring-context-support\4.3.9.RELEASE\spring-context-support-4.3.9.RELEASE.jar;E:\software\mvnRespo\org\springframework\spring-test\4.3.9.RELEASE\spring-test-4.3.9.RELEASE.jar;E:\software\mvnRespo\org\apache\httpcomponents\httpclient\4.3.3\httpclient-4.3.3.jar;E:\software\mvnRespo\org\apache\httpcomponents\httpcore\4.3.3\httpcore-4.3.3.jar;E:\software\mvnRespo\org\mybatis\mybatis\3.4.0\mybatis-3.4.0.jar;E:\software\mvnRespo\org\mybatis\caches\mybatis-ehcache\1.0.2\mybatis-ehcache-1.0.2.jar;E:\software\mvnRespo\net\sf\ehcache\ehcache-core\2.6.5\ehcache-core-2.6.5.jar;E:\software\mvnRespo\org\mybatis\mybatis-spring\1.3.1\mybatis-spring-1.3.1.jar;E:\software\mvnRespo\mysql\mysql-connector-java\5.1.37\mysql-connector-java-5.1.37.jar;E:\software\mvnRespo\commons-dbcp\commons-dbcp\1.2.2\commons-dbcp-1.2.2.jar;E:\software\mvnRespo\commons-pool\commons-pool\1.3\commons-pool-1.3.jar;E:\software\mvnRespo\jstl\jstl\1.2\jstl-1.2.jar;E:\software\mvnRespo\log4j\log4j\1.2.17\log4j-1.2.17.jar;E:\software\mvnRespo\com\alibaba\fastjson\1.1.41\fastjson-1.1.41.jar;E:\software\mvnRespo\org\slf4j\slf4j-api\1.7.7\slf4j-api-1.7.7.jar;E:\software\mvnRespo\org\slf4j\slf4j-log4j12\1.7.7\slf4j-log4j12-1.7.7.jar;E:\software\mvnRespo\org\codehaus\jackson\jackson-mapper-asl\1.9.13\jackson-mapper-asl-1.9.13.jar;E:\software\mvnRespo\org\codehaus\jackson\jackson-core-asl\1.9.13\jackson-core-asl-1.9.13.jar;E:\software\mvnRespo\commons-fileupload\commons-fileupload\1.3.1\commons-fileupload-1.3.1.jar;E:\software\mvnRespo\commons-io\commons-io\2.4\commons-io-2.4.jar;E:\software\mvnRespo\commons-codec\commons-codec\1.9\commons-codec-1.9.jar;E:\software\mvnRespo\commons-lang\commons-lang\2.6\commons-lang-2.6.jar;E:\software\mvnRespo\commons-beanutils\commons-beanutils\1.8.3\commons-beanutils-1.8.3.jar;E:\software\mvnRespo\commons-logging\commons-logging\1.1.1\commons-logging-1.1.1.jar;E:\software\mvnRespo\org\dom4j\dom4j\2.0.0\dom4j-2.0.0.jar;E:\software\mvnRespo\jaxen\jaxen\1.1.6\jaxen-1.1.6.jar;E:\software\mvnRespo\net\sf\json-lib\json-lib\2.4\json-lib-2.4-jdk15.jar;E:\software\mvnRespo\commons-collections\commons-collections\3.2.1\commons-collections-3.2.1.jar;E:\software\mvnRespo\net\sf\ezmorph\ezmorph\1.0.6\ezmorph-1.0.6.jar;E:\software\mvnRespo\javax\servlet\javax.servlet-api\3.1.0\javax.servlet-api-3.1.0.jar;E:\software\mvnRespo\org\activiti\activiti-engine\5.22.0\activiti-engine-5.22.0.jar;E:\software\mvnRespo\org\activiti\activiti-process-validation\5.22.0\activiti-process-validation-5.22.0.jar;E:\software\mvnRespo\org\activiti\activiti-image-generator\5.22.0\activiti-image-generator-5.22.0.jar;E:\software\mvnRespo\org\apache\commons\commons-email\1.4\commons-email-1.4.jar;E:\software\mvnRespo\com\sun\mail\javax.mail\1.5.2\javax.mail-1.5.2.jar;E:\software\mvnRespo\javax\activation\activation\1.1.1\activation-1.1.1.jar;E:\software\mvnRespo\org\apache\commons\commons-lang3\3.3.2\commons-lang3-3.3.2.jar;E:\software\mvnRespo\org\slf4j\jcl-over-slf4j\1.7.6\jcl-over-slf4j-1.7.6.jar;E:\software\mvnRespo\org\activiti\activiti-json-converter\5.22.0\activiti-json-converter-5.22.0.jar;E:\software\mvnRespo\math\geom2d\javaGeom\0.11.1\javaGeom-0.11.1.jar;E:\software\mvnRespo\org\activiti\activiti-spring\5.22.0\activiti-spring-5.22.0.jar;E:\software\mvnRespo\org\springframework\spring-orm\4.1.5.RELEASE\spring-orm-4.1.5.RELEASE.jar;E:\software\mvnRespo\org\activiti\activiti-bpmn-model\5.22.0\activiti-bpmn-model-5.22.0.jar;E:\software\mvnRespo\org\activiti\activiti-bpmn-layout\5.22.0\activiti-bpmn-layout-5.22.0.jar;E:\software\mvnRespo\org\tinyjee\jgraphx\jgraphx\1.10.4.1\jgraphx-1.10.4.1.jar;E:\software\mvnRespo\org\activiti\activiti-bpmn-converter\5.22.0\activiti-bpmn-converter-5.22.0.jar;E:\software\mvnRespo\org\apache\xmlgraphics\batik-transcoder\1.7\batik-transcoder-1.7.jar;E:\software\mvnRespo\org\apache\xmlgraphics\fop\0.94\fop-0.94.jar;E:\software\mvnRespo\org\apache\xmlgraphics\xmlgraphics-commons\1.2\xmlgraphics-commons-1.2.jar;E:\software\mvnRespo\org\apache\avalon\framework\avalon-framework-api\4.3.1\avalon-framework-api-4.3.1.jar;E:\software\mvnRespo\org\apache\avalon\framework\avalon-framework-impl\4.3.1\avalon-framework-impl-4.3.1.jar;E:\software\mvnRespo\org\apache\xmlgraphics\batik-awt-util\1.7\batik-awt-util-1.7.jar;E:\software\mvnRespo\org\apache\xmlgraphics\batik-bridge\1.7\batik-bridge-1.7.jar;E:\software\mvnRespo\org\apache\xmlgraphics\batik-script\1.7\batik-script-1.7.jar;E:\software\mvnRespo\org\apache\xmlgraphics\batik-js\1.7\batik-js-1.7.jar;E:\software\mvnRespo\xalan\xalan\2.6.0\xalan-2.6.0.jar;E:\software\mvnRespo\org\apache\xmlgraphics\batik-dom\1.7\batik-dom-1.7.jar;E:\software\mvnRespo\org\apache\xmlgraphics\batik-gvt\1.7\batik-gvt-1.7.jar;E:\software\mvnRespo\org\apache\xmlgraphics\batik-util\1.7\batik-util-1.7.jar;E:\software\mvnRespo\org\apache\xmlgraphics\batik-xml\1.7\batik-xml-1.7.jar;E:\software\mvnRespo\xml-apis\xml-apis\1.3.04\xml-apis-1.3.04.jar;E:\software\mvnRespo\xml-apis\xml-apis-ext\1.3.04\xml-apis-ext-1.3.04.jar;E:\software\mvnRespo\org\apache\xmlgraphics\batik-svggen\1.7\batik-svggen-1.7.jar;E:\software\mvnRespo\org\apache\xmlgraphics\batik-svg-dom\1.7\batik-svg-dom-1.7.jar;E:\software\mvnRespo\org\apache\xmlgraphics\batik-anim\1.7\batik-anim-1.7.jar;E:\software\mvnRespo\org\apache\xmlgraphics\batik-ext\1.7\batik-ext-1.7.jar;E:\software\mvnRespo\org\apache\xmlgraphics\batik-parser\1.7\batik-parser-1.7.jar;E:\software\mvnRespo\org\apache\xmlgraphics\batik-css\1.7\batik-css-1.7.jar;E:\software\mvnRespo\org\apache\xmlgraphics\batik-codec\1.7\batik-codec-1.7.jar;E:\software\mvnRespo\com\fasterxml\jackson\core\jackson-core\2.8.10\jackson-core-2.8.10.jar;E:\software\mvnRespo\com\fasterxml\jackson\core\jackson-databind\2.8.10\jackson-databind-2.8.10.jar;E:\software\mvnRespo\com\fasterxml\jackson\core\jackson-annotations\2.8.0\jackson-annotations-2.8.0.jar;E:\software\mvnRespo\joda-time\joda-time\2.10\joda-time-2.10.jar;E:\software\mvnRespo\org\aspectj\aspectjweaver\1.8.4\aspectjweaver-1.8.4.jar;E:\software\mvnRespo\com\github\pagehelper\pagehelper\4.1.6\pagehelper-4.1.6.jar;E:\software\mvnRespo\com\github\jsqlparser\jsqlparser\0.9.1\jsqlparser-0.9.1.jar;E:\software\mvnRespo\javax\servlet\jsp\jsp-api\2.2\jsp-api-2.2.jar;E:\software\mvnRespo\org\apache\shiro\shiro-core\1.2.3\shiro-core-1.2.3.jar;E:\software\mvnRespo\org\apache\shiro\shiro-spring\1.2.3\shiro-spring-1.2.3.jar;E:\software\mvnRespo\org\apache\shiro\shiro-cas\1.2.3\shiro-cas-1.2.3.jar;E:\software\mvnRespo\org\jasig\cas\client\cas-client-core\3.2.1\cas-client-core-3.2.1.jar;E:\software\mvnRespo\org\apache\shiro\shiro-web\1.2.3\shiro-web-1.2.3.jar;E:\software\mvnRespo\org\apache\shiro\shiro-ehcache\1.2.3\shiro-ehcache-1.2.3.jar;E:\software\mvnRespo\redis\clients\jedis\2.9.0\jedis-2.9.0.jar;E:\software\mvnRespo\org\apache\commons\commons-pool2\2.4.2\commons-pool2-2.4.2.jar;E:\software\mvnRespo\com\alibaba\druid\1.0.5\druid-1.0.5.jar;E:\software\mvnRespo\com\oracle\ojdbc6\11.2.0.1.0\ojdbc6-11.2.0.1.0.jar;E:\software\mvnRespo\org\freemarker\freemarker\2.3.25-incubating\freemarker-2.3.25-incubating.jar;E:\software\mvnRespo\com\google\guava\guava\17.0\guava-17.0.jar;E:\software\mvnRespo\net\sf\jacob-project\jacob\1.14.3\jacob-1.14.3.jar;E:\software\mvnRespo\org\quartz-scheduler\quartz\2.2.1\quartz-2.2.1.jar;E:\software\mvnRespo\c3p0\c3p0\0.9.1.1\c3p0-0.9.1.1.jar;E:\software\mvnRespo\org\quartz-scheduler\quartz-jobs\2.2.1\quartz-jobs-2.2.1.jar;E:\software\mvnRespo\net\sf\ehcache\ehcache\2.10.4\ehcache-2.10.4.jar;E:\software\mvnRespo\commons-net\commons-net\3.3\commons-net-3.3.jar;"/>
    <property name="java.vm.vendor" value="Oracle Corporation"/>
    <property name="sun.arch.data.model" value="64"/>
    <property name="user.variant" value=""/>
    <property name="java.vendor.url" value="http://java.oracle.com/"/>
    <property name="user.timezone" value=""/>
    <property name="java.vm.specification.version" value="1.8"/>
    <property name="os.name" value="Windows 7"/>
    <property name="user.country" value="CN"/>
    <property name="sun.java.launcher" value="SUN_STANDARD"/>
    <property name="sun.boot.library.path" value="C:\Program Files\Java\jdk1.8.0_172\jre\bin"/>
    <property name="sun.java.command" value="C:\Users\Administrator\AppData\Local\Temp\surefire100138224438474058\surefirebooter5325205059627583399.jar C:\Users\Administrator\AppData\Local\Temp\surefire100138224438474058 2019-01-28T17-55-02_029-jvmRun1 surefire3225905708768566624tmp surefire_01247720083488693607tmp"/>
    <property name="surefire.test.class.path" value="E:\zhubao\target\test-classes;E:\zhubao\target\classes;E:\software\mvnRespo\org\apache\poi\poi\3.15\poi-3.15.jar;E:\software\mvnRespo\org\apache\commons\commons-collections4\4.1\commons-collections4-4.1.jar;E:\software\mvnRespo\junit\junit\4.12\junit-4.12.jar;E:\software\mvnRespo\org\hamcrest\hamcrest-core\1.3\hamcrest-core-1.3.jar;E:\software\mvnRespo\org\apache\poi\poi-ooxml-schemas\3.14-beta1\poi-ooxml-schemas-3.14-beta1.jar;E:\software\mvnRespo\org\apache\xmlbeans\xmlbeans\2.6.0\xmlbeans-2.6.0.jar;E:\software\mvnRespo\stax\stax-api\1.0.1\stax-api-1.0.1.jar;E:\software\mvnRespo\org\apache\poi\poi-ooxml\3.15\poi-ooxml-3.15.jar;E:\software\mvnRespo\com\github\virtuald\curvesapi\1.04\curvesapi-1.04.jar;E:\software\mvnRespo\org\springframework\spring-core\4.3.9.RELEASE\spring-core-4.3.9.RELEASE.jar;E:\software\mvnRespo\org\springframework\spring-web\4.3.9.RELEASE\spring-web-4.3.9.RELEASE.jar;E:\software\mvnRespo\org\springframework\spring-beans\4.3.9.RELEASE\spring-beans-4.3.9.RELEASE.jar;E:\software\mvnRespo\org\springframework\spring-context\4.3.9.RELEASE\spring-context-4.3.9.RELEASE.jar;E:\software\mvnRespo\org\springframework\spring-oxm\4.3.9.RELEASE\spring-oxm-4.3.9.RELEASE.jar;E:\software\mvnRespo\org\springframework\spring-tx\4.3.9.RELEASE\spring-tx-4.3.9.RELEASE.jar;E:\software\mvnRespo\org\springframework\spring-jdbc\4.3.9.RELEASE\spring-jdbc-4.3.9.RELEASE.jar;E:\software\mvnRespo\org\springframework\spring-webmvc\4.3.9.RELEASE\spring-webmvc-4.3.9.RELEASE.jar;E:\software\mvnRespo\org\springframework\spring-expression\4.3.9.RELEASE\spring-expression-4.3.9.RELEASE.jar;E:\software\mvnRespo\org\springframework\spring-aop\4.3.9.RELEASE\spring-aop-4.3.9.RELEASE.jar;E:\software\mvnRespo\org\springframework\spring-context-support\4.3.9.RELEASE\spring-context-support-4.3.9.RELEASE.jar;E:\software\mvnRespo\org\springframework\spring-test\4.3.9.RELEASE\spring-test-4.3.9.RELEASE.jar;E:\software\mvnRespo\org\apache\httpcomponents\httpclient\4.3.3\httpclient-4.3.3.jar;E:\software\mvnRespo\org\apache\httpcomponents\httpcore\4.3.3\httpcore-4.3.3.jar;E:\software\mvnRespo\org\mybatis\mybatis\3.4.0\mybatis-3.4.0.jar;E:\software\mvnRespo\org\mybatis\caches\mybatis-ehcache\1.0.2\mybatis-ehcache-1.0.2.jar;E:\software\mvnRespo\net\sf\ehcache\ehcache-core\2.6.5\ehcache-core-2.6.5.jar;E:\software\mvnRespo\org\mybatis\mybatis-spring\1.3.1\mybatis-spring-1.3.1.jar;E:\software\mvnRespo\mysql\mysql-connector-java\5.1.37\mysql-connector-java-5.1.37.jar;E:\software\mvnRespo\commons-dbcp\commons-dbcp\1.2.2\commons-dbcp-1.2.2.jar;E:\software\mvnRespo\commons-pool\commons-pool\1.3\commons-pool-1.3.jar;E:\software\mvnRespo\jstl\jstl\1.2\jstl-1.2.jar;E:\software\mvnRespo\log4j\log4j\1.2.17\log4j-1.2.17.jar;E:\software\mvnRespo\com\alibaba\fastjson\1.1.41\fastjson-1.1.41.jar;E:\software\mvnRespo\org\slf4j\slf4j-api\1.7.7\slf4j-api-1.7.7.jar;E:\software\mvnRespo\org\slf4j\slf4j-log4j12\1.7.7\slf4j-log4j12-1.7.7.jar;E:\software\mvnRespo\org\codehaus\jackson\jackson-mapper-asl\1.9.13\jackson-mapper-asl-1.9.13.jar;E:\software\mvnRespo\org\codehaus\jackson\jackson-core-asl\1.9.13\jackson-core-asl-1.9.13.jar;E:\software\mvnRespo\commons-fileupload\commons-fileupload\1.3.1\commons-fileupload-1.3.1.jar;E:\software\mvnRespo\commons-io\commons-io\2.4\commons-io-2.4.jar;E:\software\mvnRespo\commons-codec\commons-codec\1.9\commons-codec-1.9.jar;E:\software\mvnRespo\commons-lang\commons-lang\2.6\commons-lang-2.6.jar;E:\software\mvnRespo\commons-beanutils\commons-beanutils\1.8.3\commons-beanutils-1.8.3.jar;E:\software\mvnRespo\commons-logging\commons-logging\1.1.1\commons-logging-1.1.1.jar;E:\software\mvnRespo\org\dom4j\dom4j\2.0.0\dom4j-2.0.0.jar;E:\software\mvnRespo\jaxen\jaxen\1.1.6\jaxen-1.1.6.jar;E:\software\mvnRespo\net\sf\json-lib\json-lib\2.4\json-lib-2.4-jdk15.jar;E:\software\mvnRespo\commons-collections\commons-collections\3.2.1\commons-collections-3.2.1.jar;E:\software\mvnRespo\net\sf\ezmorph\ezmorph\1.0.6\ezmorph-1.0.6.jar;E:\software\mvnRespo\javax\servlet\javax.servlet-api\3.1.0\javax.servlet-api-3.1.0.jar;E:\software\mvnRespo\org\activiti\activiti-engine\5.22.0\activiti-engine-5.22.0.jar;E:\software\mvnRespo\org\activiti\activiti-process-validation\5.22.0\activiti-process-validation-5.22.0.jar;E:\software\mvnRespo\org\activiti\activiti-image-generator\5.22.0\activiti-image-generator-5.22.0.jar;E:\software\mvnRespo\org\apache\commons\commons-email\1.4\commons-email-1.4.jar;E:\software\mvnRespo\com\sun\mail\javax.mail\1.5.2\javax.mail-1.5.2.jar;E:\software\mvnRespo\javax\activation\activation\1.1.1\activation-1.1.1.jar;E:\software\mvnRespo\org\apache\commons\commons-lang3\3.3.2\commons-lang3-3.3.2.jar;E:\software\mvnRespo\org\slf4j\jcl-over-slf4j\1.7.6\jcl-over-slf4j-1.7.6.jar;E:\software\mvnRespo\org\activiti\activiti-json-converter\5.22.0\activiti-json-converter-5.22.0.jar;E:\software\mvnRespo\math\geom2d\javaGeom\0.11.1\javaGeom-0.11.1.jar;E:\software\mvnRespo\org\activiti\activiti-spring\5.22.0\activiti-spring-5.22.0.jar;E:\software\mvnRespo\org\springframework\spring-orm\4.1.5.RELEASE\spring-orm-4.1.5.RELEASE.jar;E:\software\mvnRespo\org\activiti\activiti-bpmn-model\5.22.0\activiti-bpmn-model-5.22.0.jar;E:\software\mvnRespo\org\activiti\activiti-bpmn-layout\5.22.0\activiti-bpmn-layout-5.22.0.jar;E:\software\mvnRespo\org\tinyjee\jgraphx\jgraphx\1.10.4.1\jgraphx-1.10.4.1.jar;E:\software\mvnRespo\org\activiti\activiti-bpmn-converter\5.22.0\activiti-bpmn-converter-5.22.0.jar;E:\software\mvnRespo\org\apache\xmlgraphics\batik-transcoder\1.7\batik-transcoder-1.7.jar;E:\software\mvnRespo\org\apache\xmlgraphics\fop\0.94\fop-0.94.jar;E:\software\mvnRespo\org\apache\xmlgraphics\xmlgraphics-commons\1.2\xmlgraphics-commons-1.2.jar;E:\software\mvnRespo\org\apache\avalon\framework\avalon-framework-api\4.3.1\avalon-framework-api-4.3.1.jar;E:\software\mvnRespo\org\apache\avalon\framework\avalon-framework-impl\4.3.1\avalon-framework-impl-4.3.1.jar;E:\software\mvnRespo\org\apache\xmlgraphics\batik-awt-util\1.7\batik-awt-util-1.7.jar;E:\software\mvnRespo\org\apache\xmlgraphics\batik-bridge\1.7\batik-bridge-1.7.jar;E:\software\mvnRespo\org\apache\xmlgraphics\batik-script\1.7\batik-script-1.7.jar;E:\software\mvnRespo\org\apache\xmlgraphics\batik-js\1.7\batik-js-1.7.jar;E:\software\mvnRespo\xalan\xalan\2.6.0\xalan-2.6.0.jar;E:\software\mvnRespo\org\apache\xmlgraphics\batik-dom\1.7\batik-dom-1.7.jar;E:\software\mvnRespo\org\apache\xmlgraphics\batik-gvt\1.7\batik-gvt-1.7.jar;E:\software\mvnRespo\org\apache\xmlgraphics\batik-util\1.7\batik-util-1.7.jar;E:\software\mvnRespo\org\apache\xmlgraphics\batik-xml\1.7\batik-xml-1.7.jar;E:\software\mvnRespo\xml-apis\xml-apis\1.3.04\xml-apis-1.3.04.jar;E:\software\mvnRespo\xml-apis\xml-apis-ext\1.3.04\xml-apis-ext-1.3.04.jar;E:\software\mvnRespo\org\apache\xmlgraphics\batik-svggen\1.7\batik-svggen-1.7.jar;E:\software\mvnRespo\org\apache\xmlgraphics\batik-svg-dom\1.7\batik-svg-dom-1.7.jar;E:\software\mvnRespo\org\apache\xmlgraphics\batik-anim\1.7\batik-anim-1.7.jar;E:\software\mvnRespo\org\apache\xmlgraphics\batik-ext\1.7\batik-ext-1.7.jar;E:\software\mvnRespo\org\apache\xmlgraphics\batik-parser\1.7\batik-parser-1.7.jar;E:\software\mvnRespo\org\apache\xmlgraphics\batik-css\1.7\batik-css-1.7.jar;E:\software\mvnRespo\org\apache\xmlgraphics\batik-codec\1.7\batik-codec-1.7.jar;E:\software\mvnRespo\com\fasterxml\jackson\core\jackson-core\2.8.10\jackson-core-2.8.10.jar;E:\software\mvnRespo\com\fasterxml\jackson\core\jackson-databind\2.8.10\jackson-databind-2.8.10.jar;E:\software\mvnRespo\com\fasterxml\jackson\core\jackson-annotations\2.8.0\jackson-annotations-2.8.0.jar;E:\software\mvnRespo\joda-time\joda-time\2.10\joda-time-2.10.jar;E:\software\mvnRespo\org\aspectj\aspectjweaver\1.8.4\aspectjweaver-1.8.4.jar;E:\software\mvnRespo\com\github\pagehelper\pagehelper\4.1.6\pagehelper-4.1.6.jar;E:\software\mvnRespo\com\github\jsqlparser\jsqlparser\0.9.1\jsqlparser-0.9.1.jar;E:\software\mvnRespo\javax\servlet\jsp\jsp-api\2.2\jsp-api-2.2.jar;E:\software\mvnRespo\org\apache\shiro\shiro-core\1.2.3\shiro-core-1.2.3.jar;E:\software\mvnRespo\org\apache\shiro\shiro-spring\1.2.3\shiro-spring-1.2.3.jar;E:\software\mvnRespo\org\apache\shiro\shiro-cas\1.2.3\shiro-cas-1.2.3.jar;E:\software\mvnRespo\org\jasig\cas\client\cas-client-core\3.2.1\cas-client-core-3.2.1.jar;E:\software\mvnRespo\org\apache\shiro\shiro-web\1.2.3\shiro-web-1.2.3.jar;E:\software\mvnRespo\org\apache\shiro\shiro-ehcache\1.2.3\shiro-ehcache-1.2.3.jar;E:\software\mvnRespo\redis\clients\jedis\2.9.0\jedis-2.9.0.jar;E:\software\mvnRespo\org\apache\commons\commons-pool2\2.4.2\commons-pool2-2.4.2.jar;E:\software\mvnRespo\com\alibaba\druid\1.0.5\druid-1.0.5.jar;E:\software\mvnRespo\com\oracle\ojdbc6\11.2.0.1.0\ojdbc6-11.2.0.1.0.jar;E:\software\mvnRespo\org\freemarker\freemarker\2.3.25-incubating\freemarker-2.3.25-incubating.jar;E:\software\mvnRespo\com\google\guava\guava\17.0\guava-17.0.jar;E:\software\mvnRespo\net\sf\jacob-project\jacob\1.14.3\jacob-1.14.3.jar;E:\software\mvnRespo\org\quartz-scheduler\quartz\2.2.1\quartz-2.2.1.jar;E:\software\mvnRespo\c3p0\c3p0\0.9.1.1\c3p0-0.9.1.1.jar;E:\software\mvnRespo\org\quartz-scheduler\quartz-jobs\2.2.1\quartz-jobs-2.2.1.jar;E:\software\mvnRespo\net\sf\ehcache\ehcache\2.10.4\ehcache-2.10.4.jar;E:\software\mvnRespo\commons-net\commons-net\3.3\commons-net-3.3.jar;"/>
    <property name="sun.cpu.endian" value="little"/>
    <property name="user.home" value="C:\Users\Administrator"/>
    <property name="user.language" value="zh"/>
    <property name="java.specification.vendor" value="Oracle Corporation"/>
    <property name="java.home" value="C:\Program Files\Java\jdk1.8.0_172\jre"/>
    <property name="basedir" value="E:\zhubao"/>
    <property name="file.separator" value="\"/>
    <property name="line.separator" value="&#10;"/>
    <property name="java.vm.specification.vendor" value="Oracle Corporation"/>
    <property name="java.specification.name" value="Java Platform API Specification"/>
    <property name="java.awt.graphicsenv" value="sun.awt.Win32GraphicsEnvironment"/>
    <property name="surefire.real.class.path" value="C:\Users\Administrator\AppData\Local\Temp\surefire100138224438474058\surefirebooter5325205059627583399.jar"/>
    <property name="sun.boot.class.path" value="C:\Program Files\Java\jdk1.8.0_172\jre\lib\resources.jar;C:\Program Files\Java\jdk1.8.0_172\jre\lib\rt.jar;C:\Program Files\Java\jdk1.8.0_172\jre\lib\sunrsasign.jar;C:\Program Files\Java\jdk1.8.0_172\jre\lib\jsse.jar;C:\Program Files\Java\jdk1.8.0_172\jre\lib\jce.jar;C:\Program Files\Java\jdk1.8.0_172\jre\lib\charsets.jar;C:\Program Files\Java\jdk1.8.0_172\jre\lib\jfr.jar;C:\Program Files\Java\jdk1.8.0_172\jre\classes"/>
    <property name="user.script" value=""/>
    <property name="sun.management.compiler" value="HotSpot 64-Bit Tiered Compilers"/>
    <property name="java.runtime.version" value="1.8.0_172-b11"/>
    <property name="user.name" value="Administrator"/>
    <property name="path.separator" value=";"/>
    <property name="os.version" value="6.1"/>
    <property name="java.endorsed.dirs" value="C:\Program Files\Java\jdk1.8.0_172\jre\lib\endorsed"/>
    <property name="java.runtime.name" value="Java(TM) SE Runtime Environment"/>
    <property name="file.encoding" value="GBK"/>
    <property name="java.vm.name" value="Java HotSpot(TM) 64-Bit Server VM"/>
    <property name="localRepository" value="E:\software\mvnRespo"/>
    <property name="java.vendor.url.bug" value="http://bugreport.sun.com/bugreport/"/>
    <property name="java.io.tmpdir" value="C:\Users\Administrator\AppData\Local\Temp\"/>
    <property name="idea.version" value="2018.1.3"/>
    <property name="java.version" value="1.8.0_172"/>
    <property name="user.dir" value="E:\zhubao"/>
    <property name="os.arch" value="amd64"/>
    <property name="java.vm.specification.name" value="Java Virtual Machine Specification"/>
    <property name="java.awt.printerjob" value="sun.awt.windows.WPrinterJob"/>
    <property name="sun.os.patch.level" value="Service Pack 1"/>
    <property name="java.library.path" value="C:\Program Files\Java\jdk1.8.0_172\jre\bin;C:\Windows\Sun\Java\bin;C:\Windows\system32;C:\Windows;E:\app\Administrator\product\11.2.0\client_2;C:\Program Files (x86)\Common Files\Oracle\Java\javapath;E:\app\Administrator\product\11.2.0\dbhome_1\bin;C:\Windows\system32;C:\Windows;C:\Windows\System32\Wbem;C:\Windows\System32\WindowsPowerShell\v1.0\;C:\Program Files\Java\jdk1.8.0_172\bin;C:\Program Files\Java\jdk1.8.0_172\jre\bin;E:\software\apache-maven-3.5.2-bin\apache-maven-3.5.2\bin;C:\Program Files\TortoiseSVN\bin;."/>
    <property name="java.vm.info" value="mixed mode"/>
    <property name="java.vendor" value="Oracle Corporation"/>
    <property name="java.vm.version" value="25.172-b11"/>
    <property name="java.ext.dirs" value="C:\Program Files\Java\jdk1.8.0_172\jre\lib\ext;C:\Windows\Sun\Java\lib\ext"/>
    <property name="sun.io.unicode.encoding" value="UnicodeLittle"/>
    <property name="maven.repo.local" value="E:\software\mvnRespo"/>
    <property name="java.class.version" value="52.0"/>
  </properties>
  <testcase name="Test1" classname="TestTableService" time="7.101">
    <error type="java.lang.NullPointerException">java.lang.NullPointerException
	at TestTableService.Test1(TestTableService.java:38)
</error>
    <system-out><![CDATA[2019-01-28 17:55:26,229 [main] DEBUG - Adding [systemProperties] PropertySource with lowest search precedence
  2019-01-28 17:55:26,230 [main] DEBUG - Adding [systemEnvironment] PropertySource with lowest search precedence
  2019-01-28 17:55:26,231 [main] DEBUG - Initialized StandardEnvironment with PropertySources [systemProperties,systemEnvironment]
  2019-01-28 17:55:26,231 [main] INFO  - Refreshing org.springframework.context.support.FileSystemXmlApplicationContext@1c30cb85: startup date [Mon Jan 28 17:55:26 CST 2019]; root of context hierarchy
  2019-01-28 17:55:26,232 [main] DEBUG - Adding [systemProperties] PropertySource with lowest search precedence
  2019-01-28 17:55:26,233 [main] DEBUG - Adding [systemEnvironment] PropertySource with lowest search precedence
  2019-01-28 17:55:26,234 [main] DEBUG - Initialized StandardEnvironment with PropertySources [systemProperties,systemEnvironment]
  2019-01-28 17:55:26,234 [main] INFO  - Loading XML bean definitions from file [E:\zhubao\src\main\resources\applicationContext.xml]
  2019-01-28 17:55:26,241 [main] DEBUG - Using JAXP provider [com.sun.org.apache.xerces.internal.jaxp.DocumentBuilderFactoryImpl]
  2019-01-28 17:55:26,243 [main] DEBUG - Loading schema mappings from [META-INF/spring.schemas]
  2019-01-28 17:55:26,247 [main] DEBUG - Loaded schema mappings: {http://www.springframework.org/schema/tx/spring-tx-4.3.xsd=org/springframework/transaction/config/spring-tx-4.3.xsd, http://www.springframework.org/schema/tx/spring-tx-2.5.xsd=org/springframework/transaction/config/spring-tx-2.5.xsd, http://www.springframework.org/schema/cache/spring-cache-4.2.xsd=org/springframework/cache/config/spring-cache-4.2.xsd, http://www.springframework.org/schema/aop/spring-aop-4.1.xsd=org/springframework/aop/config/spring-aop-4.1.xsd, http://www.springframework.org/schema/context/spring-context-3.1.xsd=org/springframework/context/config/spring-context-3.1.xsd, http://www.springframework.org/schema/jdbc/spring-jdbc-4.1.xsd=org/springframework/jdbc/config/spring-jdbc-4.1.xsd, http://www.springframework.org/schema/mvc/spring-mvc-4.1.xsd=org/springframework/web/servlet/config/spring-mvc-4.1.xsd, http://www.springframework.org/schema/util/spring-util-3.0.xsd=org/springframework/beans/factory/xml/spring-util-3.0.xsd, http://mybatis.org/schema/mybatis-spring-1.2.xsd=org/mybatis/spring/config/mybatis-spring-1.2.xsd, http://www.springframework.org/schema/aop/spring-aop-3.2.xsd=org/springframework/aop/config/spring-aop-3.2.xsd, http://www.springframework.org/schema/tool/spring-tool.xsd=org/springframework/beans/factory/xml/spring-tool-4.3.xsd, http://www.springframework.org/schema/lang/spring-lang-4.1.xsd=org/springframework/scripting/config/spring-lang-4.1.xsd, http://www.springframework.org/schema/context/spring-context-4.0.xsd=org/springframework/context/config/spring-context-4.0.xsd, http://www.springframework.org/schema/mvc/spring-mvc-3.2.xsd=org/springframework/web/servlet/config/spring-mvc-3.2.xsd, http://www.springframework.org/schema/beans/spring-beans-4.2.xsd=org/springframework/beans/factory/xml/spring-beans-4.2.xsd, http://www.springframework.org/schema/oxm/spring-oxm-3.0.xsd=org/springframework/oxm/config/spring-oxm-3.0.xsd, http://www.springframework.org/schema/tool/spring-tool-4.1.xsd=org/springframework/beans/factory/xml/spring-tool-4.1.xsd, http://www.springframework.org/schema/lang/spring-lang-3.2.xsd=org/springframework/scripting/config/spring-lang-3.2.xsd, http://www.springframework.org/schema/cache/spring-cache-3.2.xsd=org/springframework/cache/config/spring-cache-3.2.xsd, http://www.springframework.org/schema/jee/spring-jee-4.1.xsd=org/springframework/ejb/config/spring-jee-4.1.xsd, http://www.springframework.org/schema/jdbc/spring-jdbc-3.1.xsd=org/springframework/jdbc/config/spring-jdbc-3.1.xsd, http://www.springframework.org/schema/util/spring-util-2.0.xsd=org/springframework/beans/factory/xml/spring-util-2.0.xsd, http://www.springframework.org/schema/task/spring-task-4.2.xsd=org/springframework/scheduling/config/spring-task-4.2.xsd, http://www.springframework.org/schema/tool/spring-tool-3.2.xsd=org/springframework/beans/factory/xml/spring-tool-3.2.xsd, http://www.springframework.org/schema/context/spring-context.xsd=org/springframework/context/config/spring-context-4.3.xsd, http://www.springframework.org/schema/tx/spring-tx-4.2.xsd=org/springframework/transaction/config/spring-tx-4.2.xsd, http://www.springframework.org/schema/cache/spring-cache-4.1.xsd=org/springframework/cache/config/spring-cache-4.1.xsd, http://www.springframework.org/schema/aop/spring-aop-4.0.xsd=org/springframework/aop/config/spring-aop-4.0.xsd, http://www.springframework.org/schema/jee/spring-jee-3.2.xsd=org/springframework/ejb/config/spring-jee-3.2.xsd, http://www.springframework.org/schema/context/spring-context-3.0.xsd=org/springframework/context/config/spring-context-3.0.xsd, http://www.springframework.org/schema/jdbc/spring-jdbc-4.0.xsd=org/springframework/jdbc/config/spring-jdbc-4.0.xsd, http://www.springframework.org/schema/mvc/spring-mvc-4.0.xsd=org/springframework/web/servlet/config/spring-mvc-4.0.xsd, http://www.springframework.org/schema/util/spring-util-2.5.xsd=org/springframework/beans/factory/xml/spring-util-2.5.xsd, http://www.springframework.org/schema/util/spring-util-4.3.xsd=org/springframework/beans/factory/xml/spring-util-4.3.xsd, http://www.springframework.org/schema/beans/spring-beans-3.2.xsd=org/springframework/beans/factory/xml/spring-beans-3.2.xsd, http://www.springframework.org/schema/aop/spring-aop-3.1.xsd=org/springframework/aop/config/spring-aop-3.1.xsd, http://www.springframework.org/schema/lang/spring-lang-4.0.xsd=org/springframework/scripting/config/spring-lang-4.0.xsd, http://www.springframework.org/schema/mvc/spring-mvc.xsd=org/springframework/web/servlet/config/spring-mvc-4.3.xsd, http://www.springframework.org/schema/mvc/spring-mvc-3.1.xsd=org/springframework/web/servlet/config/spring-mvc-3.1.xsd, http://www.springframework.org/schema/beans/spring-beans-4.1.xsd=org/springframework/beans/factory/xml/spring-beans-4.1.xsd, http://www.springframework.org/schema/oxm/spring-oxm-4.3.xsd=org/springframework/oxm/config/spring-oxm-4.3.xsd, http://www.springframework.org/schema/tool/spring-tool-4.0.xsd=org/springframework/beans/factory/xml/spring-tool-4.0.xsd, http://www.springframework.org/schema/tx/spring-tx-3.2.xsd=org/springframework/transaction/config/spring-tx-3.2.xsd, http://www.springframework.org/schema/lang/spring-lang-3.1.xsd=org/springframework/scripting/config/spring-lang-3.1.xsd, http://www.springframework.org/schema/cache/spring-cache-3.1.xsd=org/springframework/cache/config/spring-cache-3.1.xsd, http://www.springframework.org/schema/jee/spring-jee-4.0.xsd=org/springframework/ejb/config/spring-jee-4.0.xsd, http://www.springframework.org/schema/jdbc/spring-jdbc-3.0.xsd=org/springframework/jdbc/config/spring-jdbc-3.0.xsd, http://www.springframework.org/schema/task/spring-task-4.1.xsd=org/springframework/scheduling/config/spring-task-4.1.xsd, http://www.springframework.org/schema/jdbc/spring-jdbc.xsd=org/springframework/jdbc/config/spring-jdbc-4.3.xsd, http://www.springframework.org/schema/tool/spring-tool-3.1.xsd=org/springframework/beans/factory/xml/spring-tool-3.1.xsd, http://www.springframework.org/schema/tx/spring-tx-4.1.xsd=org/springframework/transaction/config/spring-tx-4.1.xsd, http://www.springframework.org/schema/cache/spring-cache-4.0.xsd=org/springframework/cache/config/spring-cache-4.0.xsd, http://www.springframework.org/schema/jee/spring-jee-3.1.xsd=org/springframework/ejb/config/spring-jee-3.1.xsd, http://www.springframework.org/schema/task/spring-task-3.2.xsd=org/springframework/scheduling/config/spring-task-3.2.xsd, http://www.springframework.org/schema/util/spring-util-4.2.xsd=org/springframework/beans/factory/xml/spring-util-4.2.xsd, http://www.springframework.org/schema/beans/spring-beans-3.1.xsd=org/springframework/beans/factory/xml/spring-beans-3.1.xsd, http://www.springframework.org/schema/util/spring-util.xsd=org/springframework/beans/factory/xml/spring-util-4.3.xsd, http://www.springframework.org/schema/aop/spring-aop-3.0.xsd=org/springframework/aop/config/spring-aop-3.0.xsd, http://www.springframework.org/schema/mvc/spring-mvc-3.0.xsd=org/springframework/web/servlet/config/spring-mvc-3.0.xsd, http://www.springframework.org/schema/beans/spring-beans-4.0.xsd=org/springframework/beans/factory/xml/spring-beans-4.0.xsd, http://www.springframework.org/schema/oxm/spring-oxm-4.2.xsd=org/springframework/oxm/config/spring-oxm-4.2.xsd, http://www.springframework.org/schema/beans/spring-beans.xsd=org/springframework/beans/factory/xml/spring-beans-4.3.xsd, http://mybatis.org/schema/mybatis-spring.xsd=org/mybatis/spring/config/mybatis-spring-1.2.xsd, http://www.springframework.org/schema/tx/spring-tx-3.1.xsd=org/springframework/transaction/config/spring-tx-3.1.xsd, http://www.springframework.org/schema/lang/spring-lang-3.0.xsd=org/springframework/scripting/config/spring-lang-3.0.xsd, http://www.springframework.org/schema/context/spring-context-2.5.xsd=org/springframework/context/config/spring-context-2.5.xsd, http://www.springframework.org/schema/context/spring-context-4.3.xsd=org/springframework/context/config/spring-context-4.3.xsd, http://www.springframework.org/schema/task/spring-task-4.0.xsd=org/springframework/scheduling/config/spring-task-4.0.xsd, http://www.springframework.org/schema/tool/spring-tool-3.0.xsd=org/springframework/beans/factory/xml/spring-tool-3.0.xsd, http://www.springframework.org/schema/tx/spring-tx-4.0.xsd=org/springframework/transaction/config/spring-tx-4.0.xsd, http://www.springframework.org/schema/aop/spring-aop-2.0.xsd=org/springframework/aop/config/spring-aop-2.0.xsd, http://www.springframework.org/schema/jee/spring-jee-3.0.xsd=org/springframework/ejb/config/spring-jee-3.0.xsd, http://www.springframework.org/schema/util/spring-util-4.1.xsd=org/springframework/beans/factory/xml/spring-util-4.1.xsd, http://www.springframework.org/schema/task/spring-task-3.1.xsd=org/springframework/scheduling/config/spring-task-3.1.xsd, http://www.springframework.org/schema/beans/spring-beans-3.0.xsd=org/springframework/beans/factory/xml/spring-beans-3.0.xsd, http://www.springframework.org/schema/jee/spring-jee.xsd=org/springframework/ejb/config/spring-jee-4.3.xsd, http://www.springframework.org/schema/aop/spring-aop-4.3.xsd=org/springframework/aop/config/spring-aop-4.3.xsd, http://www.springframework.org/schema/aop/spring-aop-2.5.xsd=org/springframework/aop/config/spring-aop-2.5.xsd, http://www.springframework.org/schema/lang/spring-lang-2.0.xsd=org/springframework/scripting/config/spring-lang-2.0.xsd, http://www.springframework.org/schema/jdbc/spring-jdbc-4.3.xsd=org/springframework/jdbc/config/spring-jdbc-4.3.xsd, http://www.springframework.org/schema/oxm/spring-oxm.xsd=org/springframework/oxm/config/spring-oxm-4.3.xsd, http://www.springframework.org/schema/mvc/spring-mvc-4.3.xsd=org/springframework/web/servlet/config/spring-mvc-4.3.xsd, http://www.springframework.org/schema/util/spring-util-3.2.xsd=org/springframework/beans/factory/xml/spring-util-3.2.xsd, http://www.springframework.org/schema/oxm/spring-oxm-4.1.xsd=org/springframework/oxm/config/spring-oxm-4.1.xsd, http://www.springframework.org/schema/task/spring-task.xsd=org/springframework/scheduling/config/spring-task-4.3.xsd, http://www.springframework.org/schema/tool/spring-tool-2.0.xsd=org/springframework/beans/factory/xml/spring-tool-2.0.xsd, http://www.springframework.org/schema/tx/spring-tx-3.0.xsd=org/springframework/transaction/config/spring-tx-3.0.xsd, http://www.springframework.org/schema/lang/spring-lang-2.5.xsd=org/springframework/scripting/config/spring-lang-2.5.xsd, http://www.springframework.org/schema/lang/spring-lang-4.3.xsd=org/springframework/scripting/config/spring-lang-4.3.xsd, http://www.springframework.org/schema/context/spring-context-4.2.xsd=org/springframework/context/config/spring-context-4.2.xsd, http://www.springframework.org/schema/jee/spring-jee-2.0.xsd=org/springframework/ejb/config/spring-jee-2.0.xsd, http://www.springframework.org/schema/oxm/spring-oxm-3.2.xsd=org/springframework/oxm/config/spring-oxm-3.2.xsd, http://www.springframework.org/schema/tool/spring-tool-4.3.xsd=org/springframework/beans/factory/xml/spring-tool-4.3.xsd, http://www.springframework.org/schema/tool/spring-tool-2.5.xsd=org/springframework/beans/factory/xml/spring-tool-2.5.xsd, http://www.springframework.org/schema/jee/spring-jee-4.3.xsd=org/springframework/ejb/config/spring-jee-4.3.xsd, http://www.springframework.org/schema/jee/spring-jee-2.5.xsd=org/springframework/ejb/config/spring-jee-2.5.xsd, http://www.springframework.org/schema/util/spring-util-4.0.xsd=org/springframework/beans/factory/xml/spring-util-4.0.xsd, http://www.springframework.org/schema/task/spring-task-3.0.xsd=org/springframework/scheduling/config/spring-task-3.0.xsd, http://www.springframework.org/schema/cache/spring-cache-4.3.xsd=org/springframework/cache/config/spring-cache-4.3.xsd, http://www.springframework.org/schema/aop/spring-aop-4.2.xsd=org/springframework/aop/config/spring-aop-4.2.xsd, http://www.springframework.org/schema/lang/spring-lang.xsd=org/springframework/scripting/config/spring-lang-4.3.xsd, http://www.springframework.org/schema/context/spring-context-3.2.xsd=org/springframework/context/config/spring-context-3.2.xsd, http://www.springframework.org/schema/jdbc/spring-jdbc-4.2.xsd=org/springframework/jdbc/config/spring-jdbc-4.2.xsd, http://www.springframework.org/schema/mvc/spring-mvc-4.2.xsd=org/springframework/web/servlet/config/spring-mvc-4.2.xsd, http://www.springframework.org/schema/util/spring-util-3.1.xsd=org/springframework/beans/factory/xml/spring-util-3.1.xsd, http://www.springframework.org/schema/beans/spring-beans-2.0.xsd=org/springframework/beans/factory/xml/spring-beans-2.0.xsd, http://www.springframework.org/schema/oxm/spring-oxm-4.0.xsd=org/springframework/oxm/config/spring-oxm-4.0.xsd, http://www.springframework.org/schema/cache/spring-cache.xsd=org/springframework/cache/config/spring-cache-4.3.xsd, http://www.springframework.org/schema/tx/spring-tx.xsd=org/springframework/transaction/config/spring-tx-4.3.xsd, http://www.springframework.org/schema/lang/spring-lang-4.2.xsd=org/springframework/scripting/config/spring-lang-4.2.xsd, http://www.springframework.org/schema/context/spring-context-4.1.xsd=org/springframework/context/config/spring-context-4.1.xsd, http://www.springframework.org/schema/beans/spring-beans-2.5.xsd=org/springframework/beans/factory/xml/spring-beans-2.5.xsd, http://www.springframework.org/schema/beans/spring-beans-4.3.xsd=org/springframework/beans/factory/xml/spring-beans-4.3.xsd, http://www.springframework.org/schema/oxm/spring-oxm-3.1.xsd=org/springframework/oxm/config/spring-oxm-3.1.xsd, http://www.springframework.org/schema/tool/spring-tool-4.2.xsd=org/springframework/beans/factory/xml/spring-tool-4.2.xsd, http://www.springframework.org/schema/tx/spring-tx-2.0.xsd=org/springframework/transaction/config/spring-tx-2.0.xsd, http://www.springframework.org/schema/jee/spring-jee-4.2.xsd=org/springframework/ejb/config/spring-jee-4.2.xsd, http://www.springframework.org/schema/jdbc/spring-jdbc-3.2.xsd=org/springframework/jdbc/config/spring-jdbc-3.2.xsd, http://www.springframework.org/schema/aop/spring-aop.xsd=org/springframework/aop/config/spring-aop-4.3.xsd, http://www.springframework.org/schema/task/spring-task-4.3.xsd=org/springframework/scheduling/config/spring-task-4.3.xsd}
  2019-01-28 17:55:26,251 [main] DEBUG - Found XML schema [http://www.springframework.org/schema/beans/spring-beans-4.0.xsd] in classpath: org/springframework/beans/factory/xml/spring-beans-4.0.xsd
  2019-01-28 17:55:26,262 [main] DEBUG - Found XML schema [http://www.springframework.org/schema/tx/spring-tx-4.0.xsd] in classpath: org/springframework/transaction/config/spring-tx-4.0.xsd
  2019-01-28 17:55:26,264 [main] DEBUG - Found XML schema [http://www.springframework.org/schema/tool/spring-tool-4.0.xsd] in classpath: org/springframework/beans/factory/xml/spring-tool-4.0.xsd
  2019-01-28 17:55:26,277 [main] DEBUG - Found XML schema [http://www.springframework.org/schema/aop/spring-aop-4.0.xsd] in classpath: org/springframework/aop/config/spring-aop-4.0.xsd
  2019-01-28 17:55:26,283 [main] DEBUG - Found XML schema [http://www.springframework.org/schema/context/spring-context-4.0.xsd] in classpath: org/springframework/context/config/spring-context-4.0.xsd
  2019-01-28 17:55:26,288 [main] DEBUG - Loading bean definitions
  2019-01-28 17:55:26,289 [main] DEBUG - Neither XML 'id' nor 'name' specified - using generated bean name [org.mybatis.spring.mapper.MapperScannerConfigurer#0]
  2019-01-28 17:55:26,290 [main] DEBUG - Neither XML 'id' nor 'name' specified - using generated bean name [org.springframework.scheduling.quartz.SchedulerFactoryBean#0]
  2019-01-28 17:55:26,293 [main] DEBUG - Loaded NamespaceHandler mappings: {http://www.springframework.org/schema/p=org.springframework.beans.factory.xml.SimplePropertyNamespaceHandler, http://www.springframework.org/schema/mvc=org.springframework.web.servlet.config.MvcNamespaceHandler, http://www.springframework.org/schema/util=org.springframework.beans.factory.xml.UtilNamespaceHandler, http://www.springframework.org/schema/jee=org.springframework.ejb.config.JeeNamespaceHandler, http://www.springframework.org/schema/aop=org.springframework.aop.config.AopNamespaceHandler, http://www.springframework.org/schema/jdbc=org.springframework.jdbc.config.JdbcNamespaceHandler, http://www.springframework.org/schema/oxm=org.springframework.oxm.config.OxmNamespaceHandler, http://www.springframework.org/schema/cache=org.springframework.cache.config.CacheNamespaceHandler, http://mybatis.org/schema/mybatis-spring=org.mybatis.spring.config.NamespaceHandler, http://www.springframework.org/schema/c=org.springframework.beans.factory.xml.SimpleConstructorNamespaceHandler, http://www.springframework.org/schema/tx=org.springframework.transaction.config.TxNamespaceHandler, http://www.springframework.org/schema/task=org.springframework.scheduling.config.TaskNamespaceHandler, http://www.springframework.org/schema/lang=org.springframework.scripting.config.LangNamespaceHandler, http://www.springframework.org/schema/context=org.springframework.context.config.ContextNamespaceHandler}
  2019-01-28 17:55:26,296 [main] DEBUG - Resolved classpath location [com/sys/] to resources [URL [file:/E:/zhubao/target/classes/com/sys/]]
  2019-01-28 17:55:26,297 [main] DEBUG - Looking for matching resources in directory tree [E:\zhubao\target\classes\com\sys]
  2019-01-28 17:55:26,297 [main] DEBUG - Searching directory [E:\zhubao\target\classes\com\sys] for files matching pattern [E:/zhubao/target/classes/com/sys/**/*.class]
  2019-01-28 17:55:26,298 [main] DEBUG - Searching directory [E:\zhubao\target\classes\com\sys\common] for files matching pattern [E:/zhubao/target/classes/com/sys/**/*.class]
  2019-01-28 17:55:26,299 [main] DEBUG - Searching directory [E:\zhubao\target\classes\com\sys\common\act] for files matching pattern [E:/zhubao/target/classes/com/sys/**/*.class]
  2019-01-28 17:55:26,301 [main] DEBUG - Searching directory [E:\zhubao\target\classes\com\sys\common\dataconver] for files matching pattern [E:/zhubao/target/classes/com/sys/**/*.class]
  2019-01-28 17:55:26,303 [main] DEBUG - Searching directory [E:\zhubao\target\classes\com\sys\common\encrypt] for files matching pattern [E:/zhubao/target/classes/com/sys/**/*.class]
  2019-01-28 17:55:26,304 [main] DEBUG - Searching directory [E:\zhubao\target\classes\com\sys\common\enumClass] for files matching pattern [E:/zhubao/target/classes/com/sys/**/*.class]
  2019-01-28 17:55:26,305 [main] DEBUG - Searching directory [E:\zhubao\target\classes\com\sys\common\filema] for files matching pattern [E:/zhubao/target/classes/com/sys/**/*.class]
  2019-01-28 17:55:26,309 [main] DEBUG - Searching directory [E:\zhubao\target\classes\com\sys\common\verification] for files matching pattern [E:/zhubao/target/classes/com/sys/**/*.class]
  2019-01-28 17:55:26,310 [main] DEBUG - Searching directory [E:\zhubao\target\classes\com\sys\controller] for files matching pattern [E:/zhubao/target/classes/com/sys/**/*.class]
  2019-01-28 17:55:26,311 [main] DEBUG - Searching directory [E:\zhubao\target\classes\com\sys\controller\app] for files matching pattern [E:/zhubao/target/classes/com/sys/**/*.class]
  2019-01-28 17:55:26,311 [main] DEBUG - Searching directory [E:\zhubao\target\classes\com\sys\controller\apply] for files matching pattern [E:/zhubao/target/classes/com/sys/**/*.class]
  2019-01-28 17:55:26,313 [main] DEBUG - Searching directory [E:\zhubao\target\classes\com\sys\controller\blgsh] for files matching pattern [E:/zhubao/target/classes/com/sys/**/*.class]
  2019-01-28 17:55:26,315 [main] DEBUG - Searching directory [E:\zhubao\target\classes\com\sys\controller\home] for files matching pattern [E:/zhubao/target/classes/com/sys/**/*.class]
  2019-01-28 17:55:26,316 [main] DEBUG - Searching directory [E:\zhubao\target\classes\com\sys\controller\house] for files matching pattern [E:/zhubao/target/classes/com/sys/**/*.class]
  2019-01-28 17:55:26,317 [main] DEBUG - Searching directory [E:\zhubao\target\classes\com\sys\controller\lotnum] for files matching pattern [E:/zhubao/target/classes/com/sys/**/*.class]
  2019-01-28 17:55:26,318 [main] DEBUG - Searching directory [E:\zhubao\target\classes\com\sys\controller\message] for files matching pattern [E:/zhubao/target/classes/com/sys/**/*.class]
  2019-01-28 17:55:26,319 [main] DEBUG - Searching directory [E:\zhubao\target\classes\com\sys\controller\report] for files matching pattern [E:/zhubao/target/classes/com/sys/**/*.class]
  2019-01-28 17:55:26,319 [main] DEBUG - Searching directory [E:\zhubao\target\classes\com\sys\controller\sysma] for files matching pattern [E:/zhubao/target/classes/com/sys/**/*.class]
  2019-01-28 17:55:26,321 [main] DEBUG - Searching directory [E:\zhubao\target\classes\com\sys\controller\task] for files matching pattern [E:/zhubao/target/classes/com/sys/**/*.class]
  2019-01-28 17:55:26,323 [main] DEBUG - Searching directory [E:\zhubao\target\classes\com\sys\controller\ueditor] for files matching pattern [E:/zhubao/target/classes/com/sys/**/*.class]
  2019-01-28 17:55:26,324 [main] DEBUG - Searching directory [E:\zhubao\target\classes\com\sys\handler] for files matching pattern [E:/zhubao/target/classes/com/sys/**/*.class]
  2019-01-28 17:55:26,326 [main] DEBUG - Searching directory [E:\zhubao\target\classes\com\sys\mapper] for files matching pattern [E:/zhubao/target/classes/com/sys/**/*.class]
  2019-01-28 17:55:26,327 [main] DEBUG - Searching directory [E:\zhubao\target\classes\com\sys\mapper\apply] for files matching pattern [E:/zhubao/target/classes/com/sys/**/*.class]
  2019-01-28 17:55:26,328 [main] DEBUG - Searching directory [E:\zhubao\target\classes\com\sys\mapper\blagsh] for files matching pattern [E:/zhubao/target/classes/com/sys/**/*.class]
  2019-01-28 17:55:26,330 [main] DEBUG - Searching directory [E:\zhubao\target\classes\com\sys\mapper\contract] for files matching pattern [E:/zhubao/target/classes/com/sys/**/*.class]
  2019-01-28 17:55:26,331 [main] DEBUG - Searching directory [E:\zhubao\target\classes\com\sys\mapper\lotnum] for files matching pattern [E:/zhubao/target/classes/com/sys/**/*.class]
  2019-01-28 17:55:26,333 [main] DEBUG - Searching directory [E:\zhubao\target\classes\com\sys\mapper\report] for files matching pattern [E:/zhubao/target/classes/com/sys/**/*.class]
  2019-01-28 17:55:26,334 [main] DEBUG - Searching directory [E:\zhubao\target\classes\com\sys\mapper\serialnum] for files matching pattern [E:/zhubao/target/classes/com/sys/**/*.class]
  2019-01-28 17:55:26,336 [main] DEBUG - Searching directory [E:\zhubao\target\classes\com\sys\mapper\xml] for files matching pattern [E:/zhubao/target/classes/com/sys/**/*.class]
  2019-01-28 17:55:26,338 [main] DEBUG - Searching directory [E:\zhubao\target\classes\com\sys\mapper\xml\apply] for files matching pattern [E:/zhubao/target/classes/com/sys/**/*.class]
  2019-01-28 17:55:26,340 [main] DEBUG - Searching directory [E:\zhubao\target\classes\com\sys\mapper\xml\blagsh] for files matching pattern [E:/zhubao/target/classes/com/sys/**/*.class]
  2019-01-28 17:55:26,341 [main] DEBUG - Searching directory [E:\zhubao\target\classes\com\sys\mapper\xml\contract] for files matching pattern [E:/zhubao/target/classes/com/sys/**/*.class]
  2019-01-28 17:55:26,342 [main] DEBUG - Searching directory [E:\zhubao\target\classes\com\sys\mapper\xml\lotnum] for files matching pattern [E:/zhubao/target/classes/com/sys/**/*.class]
  2019-01-28 17:55:26,344 [main] DEBUG - Searching directory [E:\zhubao\target\classes\com\sys\mapper\xml\report] for files matching pattern [E:/zhubao/target/classes/com/sys/**/*.class]
  2019-01-28 17:55:26,345 [main] DEBUG - Searching directory [E:\zhubao\target\classes\com\sys\mapper\xml\serialnum] for files matching pattern [E:/zhubao/target/classes/com/sys/**/*.class]
  2019-01-28 17:55:26,346 [main] DEBUG - Searching directory [E:\zhubao\target\classes\com\sys\pojo] for files matching pattern [E:/zhubao/target/classes/com/sys/**/*.class]
  2019-01-28 17:55:26,347 [main] DEBUG - Searching directory [E:\zhubao\target\classes\com\sys\pojo\apply] for files matching pattern [E:/zhubao/target/classes/com/sys/**/*.class]
  2019-01-28 17:55:26,349 [main] DEBUG - Searching directory [E:\zhubao\target\classes\com\sys\pojo\blagsh] for files matching pattern [E:/zhubao/target/classes/com/sys/**/*.class]
  2019-01-28 17:55:26,351 [main] DEBUG - Searching directory [E:\zhubao\target\classes\com\sys\pojo\contract] for files matching pattern [E:/zhubao/target/classes/com/sys/**/*.class]
  2019-01-28 17:55:26,352 [main] DEBUG - Searching directory [E:\zhubao\target\classes\com\sys\pojo\Excel] for files matching pattern [E:/zhubao/target/classes/com/sys/**/*.class]
  2019-01-28 17:55:26,352 [main] DEBUG - Searching directory [E:\zhubao\target\classes\com\sys\pojo\extend] for files matching pattern [E:/zhubao/target/classes/com/sys/**/*.class]
  2019-01-28 17:55:26,354 [main] DEBUG - Searching directory [E:\zhubao\target\classes\com\sys\pojo\lotnum] for files matching pattern [E:/zhubao/target/classes/com/sys/**/*.class]
  2019-01-28 17:55:26,355 [main] DEBUG - Searching directory [E:\zhubao\target\classes\com\sys\pojo\report] for files matching pattern [E:/zhubao/target/classes/com/sys/**/*.class]
  2019-01-28 17:55:26,356 [main] DEBUG - Searching directory [E:\zhubao\target\classes\com\sys\pojo\serialnum] for files matching pattern [E:/zhubao/target/classes/com/sys/**/*.class]
  2019-01-28 17:55:26,358 [main] DEBUG - Searching directory [E:\zhubao\target\classes\com\sys\service] for files matching pattern [E:/zhubao/target/classes/com/sys/**/*.class]
  2019-01-28 17:55:26,359 [main] DEBUG - Searching directory [E:\zhubao\target\classes\com\sys\service\act] for files matching pattern [E:/zhubao/target/classes/com/sys/**/*.class]
  2019-01-28 17:55:26,360 [main] DEBUG - Searching directory [E:\zhubao\target\classes\com\sys\service\apply] for files matching pattern [E:/zhubao/target/classes/com/sys/**/*.class]
  2019-01-28 17:55:26,362 [main] DEBUG - Searching directory [E:\zhubao\target\classes\com\sys\service\blags] for files matching pattern [E:/zhubao/target/classes/com/sys/**/*.class]
  2019-01-28 17:55:26,363 [main] DEBUG - Searching directory [E:\zhubao\target\classes\com\sys\service\common] for files matching pattern [E:/zhubao/target/classes/com/sys/**/*.class]
  2019-01-28 17:55:26,364 [main] DEBUG - Searching directory [E:\zhubao\target\classes\com\sys\service\home] for files matching pattern [E:/zhubao/target/classes/com/sys/**/*.class]
  2019-01-28 17:55:26,365 [main] DEBUG - Searching directory [E:\zhubao\target\classes\com\sys\service\lotnum] for files matching pattern [E:/zhubao/target/classes/com/sys/**/*.class]
  2019-01-28 17:55:26,367 [main] DEBUG - Searching directory [E:\zhubao\target\classes\com\sys\service\report] for files matching pattern [E:/zhubao/target/classes/com/sys/**/*.class]
  2019-01-28 17:55:26,368 [main] DEBUG - Searching directory [E:\zhubao\target\classes\com\sys\service\schedule] for files matching pattern [E:/zhubao/target/classes/com/sys/**/*.class]
  2019-01-28 17:55:26,369 [main] DEBUG - Searching directory [E:\zhubao\target\classes\com\sys\service\serialnum] for files matching pattern [E:/zhubao/target/classes/com/sys/**/*.class]
  2019-01-28 17:55:26,370 [main] DEBUG - Searching directory [E:\zhubao\target\classes\com\sys\service\sysma] for files matching pattern [E:/zhubao/target/classes/com/sys/**/*.class]
  2019-01-28 17:55:26,371 [main] DEBUG - Searching directory [E:\zhubao\target\classes\com\sys\shiro] for files matching pattern [E:/zhubao/target/classes/com/sys/**/*.class]
  2019-01-28 17:55:26,378 [main] DEBUG - Resolved location pattern [classpath*:com/sys/**/*.class] to resources [file [E:\zhubao\target\classes\com\sys\common\act\ActConvertUtil.class], file [E:\zhubao\target\classes\com\sys\common\act\ActivitiUtil.class], file [E:\zhubao\target\classes\com\sys\common\act\CharUtil.class], file [E:\zhubao\target\classes\com\sys\common\AjaxResult.class], file [E:\zhubao\target\classes\com\sys\common\Aliyun.class], file [E:\zhubao\target\classes\com\sys\common\BatchUtil.class], file [E:\zhubao\target\classes\com\sys\common\CnNumberUtils.class], file [E:\zhubao\target\classes\com\sys\common\CommonUtils.class], file [E:\zhubao\target\classes\com\sys\common\dataconver\BaseInfoDataConvertor.class], file [E:\zhubao\target\classes\com\sys\common\dataconver\CustomObjectMapper$1.class], file [E:\zhubao\target\classes\com\sys\common\dataconver\CustomObjectMapper.class], file [E:\zhubao\target\classes\com\sys\common\dataconver\DateJsonValueProcessor.class], file [E:\zhubao\target\classes\com\sys\common\dataconver\DefaultDefaultValueProcessor.class], file [E:\zhubao\target\classes\com\sys\common\dataconver\InsertHolidayUtil.class], file [E:\zhubao\target\classes\com\sys\common\dataconver\JsonDateValueProcessor.class], file [E:\zhubao\target\classes\com\sys\common\dataconver\JsonObjectMapper$1.class], file [E:\zhubao\target\classes\com\sys\common\dataconver\JsonObjectMapper.class], file [E:\zhubao\target\classes\com\sys\common\dataconver\ListToJsonConvertor.class], file [E:\zhubao\target\classes\com\sys\common\DatetimeUtils.class], file [E:\zhubao\target\classes\com\sys\common\DynamicallyGeneratedWordUtil.class], file [E:\zhubao\target\classes\com\sys\common\encrypt\AESUtil.class], file [E:\zhubao\target\classes\com\sys\common\encrypt\Base64Util.class], file [E:\zhubao\target\classes\com\sys\common\encrypt\SysConst.class], file [E:\zhubao\target\classes\com\sys\common\enumClass\TemplateEnum.class], file [E:\zhubao\target\classes\com\sys\common\ExcellUtil.class], file [E:\zhubao\target\classes\com\sys\common\ExcelUtil.class], file [E:\zhubao\target\classes\com\sys\common\filema\ExcelUtil.class], file [E:\zhubao\target\classes\com\sys\common\filema\FileManagerUtil.class], file [E:\zhubao\target\classes\com\sys\common\FileUtils.class], file [E:\zhubao\target\classes\com\sys\common\FTPStatus.class], file [E:\zhubao\target\classes\com\sys\common\FtpUtils.class], file [E:\zhubao\target\classes\com\sys\common\HttpUtils$1.class], file [E:\zhubao\target\classes\com\sys\common\HttpUtils.class], file [E:\zhubao\target\classes\com\sys\common\ImageTools.class], file [E:\zhubao\target\classes\com\sys\common\JedisUtils.class], file [E:\zhubao\target\classes\com\sys\common\JsonDateValueProcessor.class], file [E:\zhubao\target\classes\com\sys\common\JsonUtils.class], file [E:\zhubao\target\classes\com\sys\common\ListToJsonConvertor.class], file [E:\zhubao\target\classes\com\sys\common\MySimpleByteSource$1.class], file [E:\zhubao\target\classes\com\sys\common\MySimpleByteSource$BytesHelper.class], file [E:\zhubao\target\classes\com\sys\common\MySimpleByteSource.class], file [E:\zhubao\target\classes\com\sys\common\PDFUtil.class], file [E:\zhubao\target\classes\com\sys\common\PhoneUtil.class], file [E:\zhubao\target\classes\com\sys\common\PropertiesUtil.class], file [E:\zhubao\target\classes\com\sys\common\Random.class], file [E:\zhubao\target\classes\com\sys\common\RSAUtils.class], file [E:\zhubao\target\classes\com\sys\common\SendPhoneCodeUtil.class], file [E:\zhubao\target\classes\com\sys\common\SerializeUtil.class], file [E:\zhubao\target\classes\com\sys\common\ShutDownHook.class], file [E:\zhubao\target\classes\com\sys\common\StringUtils.class], file [E:\zhubao\target\classes\com\sys\common\verification\CheckCode.class], file [E:\zhubao\target\classes\com\sys\common\verification\CodeServlet.class], file [E:\zhubao\target\classes\com\sys\common\verification\CodeUtil.class], file [E:\zhubao\target\classes\com\sys\controller\app\AppApplyController.class], file [E:\zhubao\target\classes\com\sys\controller\app\AppController.class], file [E:\zhubao\target\classes\com\sys\controller\app\AppLoginController.class], file [E:\zhubao\target\classes\com\sys\controller\apply\ApplyButieController.class], file [E:\zhubao\target\classes\com\sys\controller\apply\ApplyChangeController.class], file [E:\zhubao\target\classes\com\sys\controller\apply\ApplyController.class], file [E:\zhubao\target\classes\com\sys\controller\apply\ApplyForForeginController.class], file [E:\zhubao\target\classes\com\sys\controller\apply\ApplyForgraDuateController.class], file [E:\zhubao\target\classes\com\sys\controller\apply\ApplyNsController.class], file [E:\zhubao\target\classes\com\sys\controller\apply\ApplyTypeController.class], file [E:\zhubao\target\classes\com\sys\controller\apply\ApplyUserInfoFormController.class], file [E:\zhubao\target\classes\com\sys\controller\apply\ApproveController.class], file [E:\zhubao\target\classes\com\sys\controller\ApplyUserinfoController.class], file [E:\zhubao\target\classes\com\sys\controller\blgsh\BlgshController.class], file [E:\zhubao\target\classes\com\sys\controller\blgsh\BliveGongSController.class], file [E:\zhubao\target\classes\com\sys\controller\ContractDetailController.class], file [E:\zhubao\target\classes\com\sys\controller\ContractTemplateController.class], file [E:\zhubao\target\classes\com\sys\controller\ExportExcelController.class], file [E:\zhubao\target\classes\com\sys\controller\FileController.class], file [E:\zhubao\target\classes\com\sys\controller\home\ArticleInfoController.class], file [E:\zhubao\target\classes\com\sys\controller\home\ColumnInfoController.class], file [E:\zhubao\target\classes\com\sys\controller\home\FileFtpController.class], file [E:\zhubao\target\classes\com\sys\controller\home\HomeUserInfoController.class], file [E:\zhubao\target\classes\com\sys\controller\home\PageColumnController.class], file [E:\zhubao\target\classes\com\sys\controller\house\BuidInfoController.class], file [E:\zhubao\target\classes\com\sys\controller\house\FactMappingController.class], file [E:\zhubao\target\classes\com\sys\controller\house\HisRentController.class], file [E:\zhubao\target\classes\com\sys\controller\house\ItemCodeInfoController.class], file [E:\zhubao\target\classes\com\sys\controller\house\SourceHouseController.class], file [E:\zhubao\target\classes\com\sys\controller\ImageInfoController.class], file [E:\zhubao\target\classes\com\sys\controller\LoginController.class], file [E:\zhubao\target\classes\com\sys\controller\lotnum\LotNumMaController.class], file [E:\zhubao\target\classes\com\sys\controller\message\MessageController.class], file [E:\zhubao\target\classes\com\sys\controller\PathController.class], file [E:\zhubao\target\classes\com\sys\controller\report\LowSecurityReportController.class], file [E:\zhubao\target\classes\com\sys\controller\sysma\FlowController.class], file [E:\zhubao\target\classes\com\sys\controller\sysma\HolidayController.class], file [E:\zhubao\target\classes\com\sys\controller\sysma\MenuInfoController.class], file [E:\zhubao\target\classes\com\sys\controller\sysma\MenuRoleController.class], file [E:\zhubao\target\classes\com\sys\controller\sysma\ParmController.class], file [E:\zhubao\target\classes\com\sys\controller\sysma\ParmItemController.class], file [E:\zhubao\target\classes\com\sys\controller\sysma\QxInfoController.class], file [E:\zhubao\target\classes\com\sys\controller\sysma\RoleInfoController.class], file [E:\zhubao\target\classes\com\sys\controller\sysma\UserInfoController.class], file [E:\zhubao\target\classes\com\sys\controller\sysma\UserRoleInfoController.class], file [E:\zhubao\target\classes\com\sys\controller\task\TaskController$1.class], file [E:\zhubao\target\classes\com\sys\controller\task\TaskController.class], file [E:\zhubao\target\classes\com\sys\controller\task\TaskNsController.class], file [E:\zhubao\target\classes\com\sys\controller\TestController.class], file [E:\zhubao\target\classes\com\sys\controller\ueditor\UploadController.class], file [E:\zhubao\target\classes\com\sys\controller\VolelearcController.class], file [E:\zhubao\target\classes\com\sys\handler\loginFormAuthenticationFilter.class], file [E:\zhubao\target\classes\com\sys\handler\SessionAndUser.class], file [E:\zhubao\target\classes\com\sys\handler\SessionManageListener.class], file [E:\zhubao\target\classes\com\sys\handler\UserLoginHandlerInterceptor.class], file [E:\zhubao\target\classes\com\sys\mapper\AnnexFileMapper.class], file [E:\zhubao\target\classes\com\sys\mapper\apply\ApplyButieMapper.class], file [E:\zhubao\target\classes\com\sys\mapper\apply\ApplyChangeMapper.class], file [E:\zhubao\target\classes\com\sys\mapper\apply\ApplyFamilyHouseChangeMapper.class], file [E:\zhubao\target\classes\com\sys\mapper\apply\ApplyFamilyHouseMapper.class], file [E:\zhubao\target\classes\com\sys\mapper\apply\ApplyFamilyMemberMapper.class], file [E:\zhubao\target\classes\com\sys\mapper\apply\ApplyForForeignMapper.class], file [E:\zhubao\target\classes\com\sys\mapper\apply\ApplyForgraDuateMapper.class], file [E:\zhubao\target\classes\com\sys\mapper\apply\ApplyMapper.class], file [E:\zhubao\target\classes\com\sys\mapper\apply\ApplyNsMapper.class], file [E:\zhubao\target\classes\com\sys\mapper\apply\ApplyUnitMapper.class], file [E:\zhubao\target\classes\com\sys\mapper\apply\ApproveMapper.class], file [E:\zhubao\target\classes\com\sys\mapper\apply\ApproveRecordMapper.class], file [E:\zhubao\target\classes\com\sys\mapper\ApplyUserInfoFormMapper.class], file [E:\zhubao\target\classes\com\sys\mapper\ApplyUserinfoMapper.class], file [E:\zhubao\target\classes\com\sys\mapper\ArticleInfoMapper.class], file [E:\zhubao\target\classes\com\sys\mapper\blagsh\BlgshMapper.class], file [E:\zhubao\target\classes\com\sys\mapper\blagsh\BliveGongsDetailMapper.class], file [E:\zhubao\target\classes\com\sys\mapper\blagsh\BliveGongSMapper.class], file [E:\zhubao\target\classes\com\sys\mapper\BuidInfoMapper.class], file [E:\zhubao\target\classes\com\sys\mapper\ColumnInfoMapper.class], file [E:\zhubao\target\classes\com\sys\mapper\contract\ContractDetailMapper.class], file [E:\zhubao\target\classes\com\sys\mapper\contract\ContractMapper.class], file [E:\zhubao\target\classes\com\sys\mapper\contract\ContractTemplateMapper.class], file [E:\zhubao\target\classes\com\sys\mapper\ExcelMapper.class], file [E:\zhubao\target\classes\com\sys\mapper\FactMappingMapper.class], file [E:\zhubao\target\classes\com\sys\mapper\HisRentMapper.class], file [E:\zhubao\target\classes\com\sys\mapper\HolidayMapper.class], file [E:\zhubao\target\classes\com\sys\mapper\HomeUserInfoMapper.class], file [E:\zhubao\target\classes\com\sys\mapper\ImageInfoMapper.class], file [E:\zhubao\target\classes\com\sys\mapper\IMapper.class], file [E:\zhubao\target\classes\com\sys\mapper\ItemCodeInfoMapper.class], file [E:\zhubao\target\classes\com\sys\mapper\ListNumberMapper.class], file [E:\zhubao\target\classes\com\sys\mapper\lotnum\LotNumMapper.class], file [E:\zhubao\target\classes\com\sys\mapper\MenuInfoMapper.class], file [E:\zhubao\target\classes\com\sys\mapper\MenuRoleInfoMapper.class], file [E:\zhubao\target\classes\com\sys\mapper\MessageMapper.class], file [E:\zhubao\target\classes\com\sys\mapper\ParmItemMapper.class], file [E:\zhubao\target\classes\com\sys\mapper\ParmMapper.class], file [E:\zhubao\target\classes\com\sys\mapper\QxInfoMapper.class], file [E:\zhubao\target\classes\com\sys\mapper\QxRoleInfoMapper.class], file [E:\zhubao\target\classes\com\sys\mapper\report\LowSecurityReportMapper.class], file [E:\zhubao\target\classes\com\sys\mapper\RoleInfoMapper.class], file [E:\zhubao\target\classes\com\sys\mapper\serialnum\SerialNumHeadMapper.class], file [E:\zhubao\target\classes\com\sys\mapper\serialnum\SerialNumLineMapper.class], file [E:\zhubao\target\classes\com\sys\mapper\SourceHouseMapper.class], file [E:\zhubao\target\classes\com\sys\mapper\UserInfoMapper.class], file [E:\zhubao\target\classes\com\sys\mapper\UserRoleInfoMapper.class], file [E:\zhubao\target\classes\com\sys\mapper\UserTaskMapper.class], file [E:\zhubao\target\classes\com\sys\mapper\VolelearcDtlMapper.class], file [E:\zhubao\target\classes\com\sys\mapper\VolelearcMapper.class], file [E:\zhubao\target\classes\com\sys\pojo\AnnexFile.class], file [E:\zhubao\target\classes\com\sys\pojo\apply\Apply.class], file [E:\zhubao\target\classes\com\sys\pojo\apply\ApplyButie.class], file [E:\zhubao\target\classes\com\sys\pojo\apply\ApplyChange.class], file [E:\zhubao\target\classes\com\sys\pojo\apply\ApplyFamilyHouse.class], file [E:\zhubao\target\classes\com\sys\pojo\apply\ApplyFamilyHouseChange.class], file [E:\zhubao\target\classes\com\sys\pojo\apply\ApplyFamilyMember.class], file [E:\zhubao\target\classes\com\sys\pojo\apply\ApplyForForeign.class], file [E:\zhubao\target\classes\com\sys\pojo\apply\ApplyForgraDuate.class], file [E:\zhubao\target\classes\com\sys\pojo\apply\ApplyNs.class], file [E:\zhubao\target\classes\com\sys\pojo\apply\ApplyUnit.class], file [E:\zhubao\target\classes\com\sys\pojo\apply\Approve.class], file [E:\zhubao\target\classes\com\sys\pojo\apply\ApproveRecord.class], file [E:\zhubao\target\classes\com\sys\pojo\apply\ContractTemplateFillingDataPojo.class], file [E:\zhubao\target\classes\com\sys\pojo\ApplyUserinfo.class], file [E:\zhubao\target\classes\com\sys\pojo\ApplyUserInfoForm.class], file [E:\zhubao\target\classes\com\sys\pojo\ArticleInfo.class], file [E:\zhubao\target\classes\com\sys\pojo\blagsh\Blgsh.class], file [E:\zhubao\target\classes\com\sys\pojo\blagsh\BliveGongS.class], file [E:\zhubao\target\classes\com\sys\pojo\blagsh\BliveGongsDetail.class], file [E:\zhubao\target\classes\com\sys\pojo\BuidInfo.class], file [E:\zhubao\target\classes\com\sys\pojo\ColumnInfo.class], file [E:\zhubao\target\classes\com\sys\pojo\contract\Contract.class], file [E:\zhubao\target\classes\com\sys\pojo\contract\ContractDetail.class], file [E:\zhubao\target\classes\com\sys\pojo\contract\ContractTemplate.class], file [E:\zhubao\target\classes\com\sys\pojo\contract\ContractUserPojo.class], file [E:\zhubao\target\classes\com\sys\pojo\Excel\ExcelBean.class], file [E:\zhubao\target\classes\com\sys\pojo\extend\DataGridResult.class], file [E:\zhubao\target\classes\com\sys\pojo\FactMapping.class], file [E:\zhubao\target\classes\com\sys\pojo\HisRent.class], file [E:\zhubao\target\classes\com\sys\pojo\Holiday.class], file [E:\zhubao\target\classes\com\sys\pojo\HomeUserInfo.class], file [E:\zhubao\target\classes\com\sys\pojo\ImageInfo.class], file [E:\zhubao\target\classes\com\sys\pojo\ItemCodeInfo.class], file [E:\zhubao\target\classes\com\sys\pojo\ListNumber.class], file [E:\zhubao\target\classes\com\sys\pojo\lotnum\LotNum.class], file [E:\zhubao\target\classes\com\sys\pojo\MenuInfo.class], file [E:\zhubao\target\classes\com\sys\pojo\MenuRoleInfo.class], file [E:\zhubao\target\classes\com\sys\pojo\Message.class], file [E:\zhubao\target\classes\com\sys\pojo\PageInfo.class], file [E:\zhubao\target\classes\com\sys\pojo\Parm.class], file [E:\zhubao\target\classes\com\sys\pojo\ParmItem.class], file [E:\zhubao\target\classes\com\sys\pojo\QxInfo.class], file [E:\zhubao\target\classes\com\sys\pojo\QxRoleInfo.class], file [E:\zhubao\target\classes\com\sys\pojo\report\ReportPojo.class], file [E:\zhubao\target\classes\com\sys\pojo\RoleInfo.class], file [E:\zhubao\target\classes\com\sys\pojo\serialnum\SerialNumHead.class], file [E:\zhubao\target\classes\com\sys\pojo\serialnum\SerialNumLine.class], file [E:\zhubao\target\classes\com\sys\pojo\SourceHouse.class], file [E:\zhubao\target\classes\com\sys\pojo\UserInfo.class], file [E:\zhubao\target\classes\com\sys\pojo\UserRoleInfo.class], file [E:\zhubao\target\classes\com\sys\pojo\UserTask.class], file [E:\zhubao\target\classes\com\sys\pojo\Volelearc.class], file [E:\zhubao\target\classes\com\sys\pojo\VolelearcDtl.class], file [E:\zhubao\target\classes\com\sys\service\act\ActGroupEntityService.class], file [E:\zhubao\target\classes\com\sys\service\act\ActGroupEntityServiceFactory.class], file [E:\zhubao\target\classes\com\sys\service\act\ActUserEntityService.class], file [E:\zhubao\target\classes\com\sys\service\act\ActUserEntityServiceFactory.class], file [E:\zhubao\target\classes\com\sys\service\AnnexFileService.class], file [E:\zhubao\target\classes\com\sys\service\apply\ApplyButieService.class], file [E:\zhubao\target\classes\com\sys\service\apply\ApplyChangeService.class], file [E:\zhubao\target\classes\com\sys\service\apply\ApplyFamilyMemberService.class], file [E:\zhubao\target\classes\com\sys\service\apply\ApplyForForeignService.class], file [E:\zhubao\target\classes\com\sys\service\apply\ApplyForgraDuateService.class], file [E:\zhubao\target\classes\com\sys\service\apply\ApplyNsService.class], file [E:\zhubao\target\classes\com\sys\service\apply\ApplyService.class], file [E:\zhubao\target\classes\com\sys\service\apply\ApplyUnitService.class], file [E:\zhubao\target\classes\com\sys\service\apply\ApplyUserInfoFormService.class], file [E:\zhubao\target\classes\com\sys\service\apply\ApproveRecordService.class], file [E:\zhubao\target\classes\com\sys\service\apply\ApproveService.class], file [E:\zhubao\target\classes\com\sys\service\ApplyUserinfoService.class], file [E:\zhubao\target\classes\com\sys\service\BaseService.class], file [E:\zhubao\target\classes\com\sys\service\blags\BlgshService.class], file [E:\zhubao\target\classes\com\sys\service\blags\BliveGongSService.class], file [E:\zhubao\target\classes\com\sys\service\BuidInfoService.class], file [E:\zhubao\target\classes\com\sys\service\common\MessageAndFormService.class], file [E:\zhubao\target\classes\com\sys\service\ContractDetailService.class], file [E:\zhubao\target\classes\com\sys\service\ContractTemplateService.class], file [E:\zhubao\target\classes\com\sys\service\FactMappingService.class], file [E:\zhubao\target\classes\com\sys\service\FlowService.class], file [E:\zhubao\target\classes\com\sys\service\HisRentService.class], file [E:\zhubao\target\classes\com\sys\service\home\ArticleInfoService.class], file [E:\zhubao\target\classes\com\sys\service\home\ColumnInfoService.class], file [E:\zhubao\target\classes\com\sys\service\home\FileFtpService.class], file [E:\zhubao\target\classes\com\sys\service\HomeUserInfoService.class], file [E:\zhubao\target\classes\com\sys\service\ImageInfoService.class], file [E:\zhubao\target\classes\com\sys\service\ItemCodeInfoService.class], file [E:\zhubao\target\classes\com\sys\service\ListNumberService.class], file [E:\zhubao\target\classes\com\sys\service\lotnum\LotNumService.class], file [E:\zhubao\target\classes\com\sys\service\MenuInfoService.class], file [E:\zhubao\target\classes\com\sys\service\MenuRoleService.class], file [E:\zhubao\target\classes\com\sys\service\MessageService.class], file [E:\zhubao\target\classes\com\sys\service\MyTaskService.class], file [E:\zhubao\target\classes\com\sys\service\ParmItemService.class], file [E:\zhubao\target\classes\com\sys\service\ParmService.class], file [E:\zhubao\target\classes\com\sys\service\QxInfoService.class], file [E:\zhubao\target\classes\com\sys\service\report\LowSecurityReportService.class], file [E:\zhubao\target\classes\com\sys\service\RoleInfoService.class], file [E:\zhubao\target\classes\com\sys\service\schedule\MIMSJob.class], file [E:\zhubao\target\classes\com\sys\service\schedule\ScheduleJobDomain.class], file [E:\zhubao\target\classes\com\sys\service\schedule\ScheduleJobService.class], file [E:\zhubao\target\classes\com\sys\service\serialnum\SerialNumService.class], file [E:\zhubao\target\classes\com\sys\service\SourceHouseService.class], file [E:\zhubao\target\classes\com\sys\service\SysExcelInfoService.class], file [E:\zhubao\target\classes\com\sys\service\sysma\HolidayService.class], file [E:\zhubao\target\classes\com\sys\service\UserInfoService.class], file [E:\zhubao\target\classes\com\sys\service\UserRoleInfoService.class], file [E:\zhubao\target\classes\com\sys\service\UserTaskService.class], file [E:\zhubao\target\classes\com\sys\service\VolelearcDtlService.class], file [E:\zhubao\target\classes\com\sys\service\VolelearcService.class], file [E:\zhubao\target\classes\com\sys\shiro\KickoutSessionControlFilter.class], file [E:\zhubao\target\classes\com\sys\shiro\MyRealm.class], file [E:\zhubao\target\classes\com\sys\shiro\RememberMeFilter.class], file [E:\zhubao\target\classes\com\sys\shiro\ShiroUtils.class]]
  2019-01-28 17:55:26,384 [main] DEBUG - Identified candidate component class: file [E:\zhubao\target\classes\com\sys\common\BatchUtil.class]
  2019-01-28 17:55:26,390 [main] DEBUG - Identified candidate component class: file [E:\zhubao\target\classes\com\sys\common\DynamicallyGeneratedWordUtil.class]
  2019-01-28 17:55:26,405 [main] DEBUG - Identified candidate component class: file [E:\zhubao\target\classes\com\sys\common\SendPhoneCodeUtil.class]
  2019-01-28 17:55:26,567 [main] DEBUG - Identified candidate component class: file [E:\zhubao\target\classes\com\sys\service\act\ActGroupEntityService.class]
  2019-01-28 17:55:26,568 [main] DEBUG - Identified candidate component class: file [E:\zhubao\target\classes\com\sys\service\act\ActUserEntityService.class]
  2019-01-28 17:55:26,569 [main] DEBUG - Identified candidate component class: file [E:\zhubao\target\classes\com\sys\service\AnnexFileService.class]
  2019-01-28 17:55:26,570 [main] DEBUG - Identified candidate component class: file [E:\zhubao\target\classes\com\sys\service\apply\ApplyButieService.class]
  2019-01-28 17:55:26,571 [main] DEBUG - Identified candidate component class: file [E:\zhubao\target\classes\com\sys\service\apply\ApplyChangeService.class]
  2019-01-28 17:55:26,571 [main] DEBUG - Identified candidate component class: file [E:\zhubao\target\classes\com\sys\service\apply\ApplyFamilyMemberService.class]
  2019-01-28 17:55:26,573 [main] DEBUG - Identified candidate component class: file [E:\zhubao\target\classes\com\sys\service\apply\ApplyForForeignService.class]
  2019-01-28 17:55:26,574 [main] DEBUG - Identified candidate component class: file [E:\zhubao\target\classes\com\sys\service\apply\ApplyForgraDuateService.class]
  2019-01-28 17:55:26,579 [main] DEBUG - Identified candidate component class: file [E:\zhubao\target\classes\com\sys\service\apply\ApplyNsService.class]
  2019-01-28 17:55:26,580 [main] DEBUG - Identified candidate component class: file [E:\zhubao\target\classes\com\sys\service\apply\ApplyService.class]
  2019-01-28 17:55:26,581 [main] DEBUG - Identified candidate component class: file [E:\zhubao\target\classes\com\sys\service\apply\ApplyUnitService.class]
  2019-01-28 17:55:26,582 [main] DEBUG - Identified candidate component class: file [E:\zhubao\target\classes\com\sys\service\apply\ApplyUserInfoFormService.class]
  2019-01-28 17:55:26,585 [main] DEBUG - Identified candidate component class: file [E:\zhubao\target\classes\com\sys\service\apply\ApproveRecordService.class]
  2019-01-28 17:55:26,587 [main] DEBUG - Identified candidate component class: file [E:\zhubao\target\classes\com\sys\service\apply\ApproveService.class]
  2019-01-28 17:55:26,589 [main] DEBUG - Identified candidate component class: file [E:\zhubao\target\classes\com\sys\service\ApplyUserinfoService.class]
  2019-01-28 17:55:26,591 [main] DEBUG - Identified candidate component class: file [E:\zhubao\target\classes\com\sys\service\blags\BlgshService.class]
  2019-01-28 17:55:26,594 [main] DEBUG - Identified candidate component class: file [E:\zhubao\target\classes\com\sys\service\blags\BliveGongSService.class]
  2019-01-28 17:55:26,598 [main] DEBUG - Identified candidate component class: file [E:\zhubao\target\classes\com\sys\service\BuidInfoService.class]
  2019-01-28 17:55:26,600 [main] DEBUG - Identified candidate component class: file [E:\zhubao\target\classes\com\sys\service\common\MessageAndFormService.class]
  2019-01-28 17:55:26,602 [main] DEBUG - Identified candidate component class: file [E:\zhubao\target\classes\com\sys\service\ContractDetailService.class]
  2019-01-28 17:55:26,604 [main] DEBUG - Identified candidate component class: file [E:\zhubao\target\classes\com\sys\service\ContractTemplateService.class]
  2019-01-28 17:55:26,605 [main] DEBUG - Identified candidate component class: file [E:\zhubao\target\classes\com\sys\service\FactMappingService.class]
  2019-01-28 17:55:26,606 [main] DEBUG - Identified candidate component class: file [E:\zhubao\target\classes\com\sys\service\FlowService.class]
  2019-01-28 17:55:26,607 [main] DEBUG - Identified candidate component class: file [E:\zhubao\target\classes\com\sys\service\HisRentService.class]
  2019-01-28 17:55:26,609 [main] DEBUG - Identified candidate component class: file [E:\zhubao\target\classes\com\sys\service\home\ArticleInfoService.class]
  2019-01-28 17:55:26,610 [main] DEBUG - Identified candidate component class: file [E:\zhubao\target\classes\com\sys\service\home\ColumnInfoService.class]
  2019-01-28 17:55:26,610 [main] DEBUG - Identified candidate component class: file [E:\zhubao\target\classes\com\sys\service\home\FileFtpService.class]
  2019-01-28 17:55:26,611 [main] DEBUG - Identified candidate component class: file [E:\zhubao\target\classes\com\sys\service\HomeUserInfoService.class]
  2019-01-28 17:55:26,612 [main] DEBUG - Identified candidate component class: file [E:\zhubao\target\classes\com\sys\service\ImageInfoService.class]
  2019-01-28 17:55:26,613 [main] DEBUG - Identified candidate component class: file [E:\zhubao\target\classes\com\sys\service\ItemCodeInfoService.class]
  2019-01-28 17:55:26,614 [main] DEBUG - Identified candidate component class: file [E:\zhubao\target\classes\com\sys\service\ListNumberService.class]
  2019-01-28 17:55:26,616 [main] DEBUG - Identified candidate component class: file [E:\zhubao\target\classes\com\sys\service\lotnum\LotNumService.class]
  2019-01-28 17:55:26,616 [main] DEBUG - Identified candidate component class: file [E:\zhubao\target\classes\com\sys\service\MenuInfoService.class]
  2019-01-28 17:55:26,617 [main] DEBUG - Identified candidate component class: file [E:\zhubao\target\classes\com\sys\service\MenuRoleService.class]
  2019-01-28 17:55:26,618 [main] DEBUG - Identified candidate component class: file [E:\zhubao\target\classes\com\sys\service\MessageService.class]
  2019-01-28 17:55:26,619 [main] DEBUG - Identified candidate component class: file [E:\zhubao\target\classes\com\sys\service\MyTaskService.class]
  2019-01-28 17:55:26,620 [main] DEBUG - Identified candidate component class: file [E:\zhubao\target\classes\com\sys\service\ParmItemService.class]
  2019-01-28 17:55:26,621 [main] DEBUG - Identified candidate component class: file [E:\zhubao\target\classes\com\sys\service\ParmService.class]
  2019-01-28 17:55:26,622 [main] DEBUG - Identified candidate component class: file [E:\zhubao\target\classes\com\sys\service\QxInfoService.class]
  2019-01-28 17:55:26,626 [main] DEBUG - Identified candidate component class: file [E:\zhubao\target\classes\com\sys\service\report\LowSecurityReportService.class]
  2019-01-28 17:55:26,627 [main] DEBUG - Identified candidate component class: file [E:\zhubao\target\classes\com\sys\service\RoleInfoService.class]
  2019-01-28 17:55:26,629 [main] DEBUG - Identified candidate component class: file [E:\zhubao\target\classes\com\sys\service\schedule\ScheduleJobService.class]
  2019-01-28 17:55:26,630 [main] DEBUG - Identified candidate component class: file [E:\zhubao\target\classes\com\sys\service\serialnum\SerialNumService.class]
  2019-01-28 17:55:26,631 [main] DEBUG - Identified candidate component class: file [E:\zhubao\target\classes\com\sys\service\SourceHouseService.class]
  2019-01-28 17:55:26,632 [main] DEBUG - Identified candidate component class: file [E:\zhubao\target\classes\com\sys\service\SysExcelInfoService.class]
  2019-01-28 17:55:26,633 [main] DEBUG - Identified candidate component class: file [E:\zhubao\target\classes\com\sys\service\sysma\HolidayService.class]
  2019-01-28 17:55:26,634 [main] DEBUG - Identified candidate component class: file [E:\zhubao\target\classes\com\sys\service\UserInfoService.class]
  2019-01-28 17:55:26,635 [main] DEBUG - Identified candidate component class: file [E:\zhubao\target\classes\com\sys\service\UserRoleInfoService.class]
  2019-01-28 17:55:26,636 [main] DEBUG - Identified candidate component class: file [E:\zhubao\target\classes\com\sys\service\UserTaskService.class]
  2019-01-28 17:55:26,637 [main] DEBUG - Identified candidate component class: file [E:\zhubao\target\classes\com\sys\service\VolelearcDtlService.class]
  2019-01-28 17:55:26,638 [main] DEBUG - Identified candidate component class: file [E:\zhubao\target\classes\com\sys\service\VolelearcService.class]
  2019-01-28 17:55:26,644 [main] INFO  - Loading XML bean definitions from class path resource [spring-ehcache.xml]
  2019-01-28 17:55:26,647 [main] DEBUG - Using JAXP provider [com.sun.org.apache.xerces.internal.jaxp.DocumentBuilderFactoryImpl]
  2019-01-28 17:55:26,649 [main] DEBUG - Found XML schema [http://www.springframework.org/schema/beans/spring-beans-4.2.xsd] in classpath: org/springframework/beans/factory/xml/spring-beans-4.2.xsd
  2019-01-28 17:55:26,657 [main] DEBUG - Found XML schema [http://www.springframework.org/schema/cache/spring-cache-4.2.xsd] in classpath: org/springframework/cache/config/spring-cache-4.2.xsd
  2019-01-28 17:55:26,660 [main] DEBUG - Found XML schema [http://www.springframework.org/schema/tool/spring-tool-4.2.xsd] in classpath: org/springframework/beans/factory/xml/spring-tool-4.2.xsd
  2019-01-28 17:55:26,663 [main] DEBUG - Loading bean definitions
  2019-01-28 17:55:26,671 [main] DEBUG - Loaded 5 bean definitions from location pattern [classpath:spring-ehcache.xml]
  2019-01-28 17:55:26,671 [main] DEBUG - Imported 5 bean definitions from URL location [classpath:spring-ehcache.xml]
  2019-01-28 17:55:26,672 [main] INFO  - Loading XML bean definitions from class path resource [activiti-context.xml]
  2019-01-28 17:55:26,677 [main] DEBUG - Using JAXP provider [com.sun.org.apache.xerces.internal.jaxp.DocumentBuilderFactoryImpl]
  2019-01-28 17:55:26,679 [main] DEBUG - Found XML schema [http://www.springframework.org/schema/beans/spring-beans.xsd] in classpath: org/springframework/beans/factory/xml/spring-beans-4.3.xsd
  2019-01-28 17:55:26,693 [main] DEBUG - Loading bean definitions
  2019-01-28 17:55:26,694 [main] DEBUG - Neither XML 'id' nor 'name' specified - using generated bean name [com.sys.service.act.ActUserEntityServiceFactory#24876a7e]
  2019-01-28 17:55:26,695 [main] DEBUG - Neither XML 'id' nor 'name' specified - using generated bean name [com.sys.service.act.ActGroupEntityServiceFactory#1625789b]
  2019-01-28 17:55:26,696 [main] DEBUG - Loaded 10 bean definitions from location pattern [classpath:activiti-context.xml]
  2019-01-28 17:55:26,697 [main] DEBUG - Imported 10 bean definitions from URL location [classpath:activiti-context.xml]
  2019-01-28 17:55:26,697 [main] DEBUG - Loaded 85 bean definitions from location pattern [src/main/resources/applicationContext.xml]
  2019-01-28 17:55:26,697 [main] INFO  - Loading XML bean definitions from file [E:\zhubao\src\main\resources\spring-mvc.xml]
  2019-01-28 17:55:26,703 [main] DEBUG - Using JAXP provider [com.sun.org.apache.xerces.internal.jaxp.DocumentBuilderFactoryImpl]
  2019-01-28 17:55:26,704 [main] DEBUG - Found XML schema [http://www.springframework.org/schema/beans/spring-beans-4.0.xsd] in classpath: org/springframework/beans/factory/xml/spring-beans-4.0.xsd
  2019-01-28 17:55:26,712 [main] DEBUG - Found XML schema [http://www.springframework.org/schema/mvc/spring-mvc.xsd] in classpath: org/springframework/web/servlet/config/spring-mvc-4.3.xsd
  2019-01-28 17:55:26,716 [main] DEBUG - Found XML schema [http://www.springframework.org/schema/tool/spring-tool-4.3.xsd] in classpath: org/springframework/beans/factory/xml/spring-tool-4.3.xsd
  2019-01-28 17:55:26,724 [main] DEBUG - Found XML schema [http://www.springframework.org/schema/context/spring-context-4.0.xsd] in classpath: org/springframework/context/config/spring-context-4.0.xsd
  2019-01-28 17:55:26,728 [main] DEBUG - Loading bean definitions
  2019-01-28 17:55:26,729 [main] DEBUG - Overriding bean definition for bean 'mvcContentNegotiationManager' with an equivalent definition: replacing [Root bean: class [org.springframework.web.accept.ContentNegotiationManagerFactoryBean]; scope=; abstract=false; lazyInit=false; autowireMode=0; dependencyCheck=0; autowireCandidate=true; primary=false; factoryBeanName=null; factoryMethodName=null; initMethodName=null; destroyMethodName=null] with [Root bean: class [org.springframework.web.accept.ContentNegotiationManagerFactoryBean]; scope=; abstract=false; lazyInit=false; autowireMode=0; dependencyCheck=0; autowireCandidate=true; primary=false; factoryBeanName=null; factoryMethodName=null; initMethodName=null; destroyMethodName=null]
  2019-01-28 17:55:26,730 [main] INFO  - Overriding bean definition for bean 'org.springframework.web.servlet.mvc.method.annotation.RequestMappingHandlerMapping' with a different definition: replacing [Root bean: class [org.springframework.web.servlet.mvc.method.annotation.RequestMappingHandlerMapping]; scope=; abstract=false; lazyInit=false; autowireMode=0; dependencyCheck=0; autowireCandidate=true; primary=false; factoryBeanName=null; factoryMethodName=null; initMethodName=null; destroyMethodName=null] with [Root bean: class [org.springframework.web.servlet.mvc.method.annotation.RequestMappingHandlerMapping]; scope=; abstract=false; lazyInit=false; autowireMode=0; dependencyCheck=0; autowireCandidate=true; primary=false; factoryBeanName=null; factoryMethodName=null; initMethodName=null; destroyMethodName=null]
  2019-01-28 17:55:26,730 [main] DEBUG - Neither XML 'id' nor 'name' specified - using generated bean name [java.text.SimpleDateFormat#457a5b2d]
  2019-01-28 17:55:26,731 [main] DEBUG - Neither XML 'id' nor 'name' specified - using generated bean name [com.sys.common.dataconver.CustomObjectMapper#79d7035]
  2019-01-28 17:55:26,731 [main] DEBUG - Neither XML 'id' nor 'name' specified - using generated bean name [org.springframework.http.converter.json.MappingJackson2HttpMessageConverter#0]
  2019-01-28 17:55:26,732 [main] INFO  - Overriding bean definition for bean 'org.springframework.web.servlet.mvc.method.annotation.RequestMappingHandlerAdapter' with a different definition: replacing [Root bean: class [org.springframework.web.servlet.mvc.method.annotation.RequestMappingHandlerAdapter]; scope=; abstract=false; lazyInit=false; autowireMode=0; dependencyCheck=0; autowireCandidate=true; primary=false; factoryBeanName=null; factoryMethodName=null; initMethodName=null; destroyMethodName=null] with [Root bean: class [org.springframework.web.servlet.mvc.method.annotation.RequestMappingHandlerAdapter]; scope=; abstract=false; lazyInit=false; autowireMode=0; dependencyCheck=0; autowireCandidate=true; primary=false; factoryBeanName=null; factoryMethodName=null; initMethodName=null; destroyMethodName=null]
  2019-01-28 17:55:26,732 [main] INFO  - Overriding bean definition for bean 'mvcUriComponentsContributor' with a different definition: replacing [Root bean: class [org.springframework.web.servlet.config.AnnotationDrivenBeanDefinitionParser$CompositeUriComponentsContributorFactoryBean]; scope=; abstract=false; lazyInit=false; autowireMode=0; dependencyCheck=0; autowireCandidate=true; primary=false; factoryBeanName=null; factoryMethodName=null; initMethodName=null; destroyMethodName=null] with [Root bean: class [org.springframework.web.servlet.config.AnnotationDrivenBeanDefinitionParser$CompositeUriComponentsContributorFactoryBean]; scope=; abstract=false; lazyInit=false; autowireMode=0; dependencyCheck=0; autowireCandidate=true; primary=false; factoryBeanName=null; factoryMethodName=null; initMethodName=null; destroyMethodName=null]
  2019-01-28 17:55:26,733 [main] DEBUG - Neither XML 'id' nor 'name' specified - using generated bean name [com.sys.handler.UserLoginHandlerInterceptor#0]
  2019-01-28 17:55:26,736 [main] DEBUG - Resolved classpath location [com/sys/controller/] to resources [URL [file:/E:/zhubao/target/classes/com/sys/controller/]]
  2019-01-28 17:55:26,736 [main] DEBUG - Looking for matching resources in directory tree [E:\zhubao\target\classes\com\sys\controller]
  2019-01-28 17:55:26,737 [main] DEBUG - Searching directory [E:\zhubao\target\classes\com\sys\controller] for files matching pattern [E:/zhubao/target/classes/com/sys/controller/**/*.class]
  2019-01-28 17:55:26,738 [main] DEBUG - Searching directory [E:\zhubao\target\classes\com\sys\controller\app] for files matching pattern [E:/zhubao/target/classes/com/sys/controller/**/*.class]
  2019-01-28 17:55:26,739 [main] DEBUG - Searching directory [E:\zhubao\target\classes\com\sys\controller\apply] for files matching pattern [E:/zhubao/target/classes/com/sys/controller/**/*.class]
  2019-01-28 17:55:26,740 [main] DEBUG - Searching directory [E:\zhubao\target\classes\com\sys\controller\blgsh] for files matching pattern [E:/zhubao/target/classes/com/sys/controller/**/*.class]
  2019-01-28 17:55:26,742 [main] DEBUG - Searching directory [E:\zhubao\target\classes\com\sys\controller\home] for files matching pattern [E:/zhubao/target/classes/com/sys/controller/**/*.class]
  2019-01-28 17:55:26,743 [main] DEBUG - Searching directory [E:\zhubao\target\classes\com\sys\controller\house] for files matching pattern [E:/zhubao/target/classes/com/sys/controller/**/*.class]
  2019-01-28 17:55:26,744 [main] DEBUG - Searching directory [E:\zhubao\target\classes\com\sys\controller\lotnum] for files matching pattern [E:/zhubao/target/classes/com/sys/controller/**/*.class]
  2019-01-28 17:55:26,744 [main] DEBUG - Searching directory [E:\zhubao\target\classes\com\sys\controller\message] for files matching pattern [E:/zhubao/target/classes/com/sys/controller/**/*.class]
  2019-01-28 17:55:26,745 [main] DEBUG - Searching directory [E:\zhubao\target\classes\com\sys\controller\report] for files matching pattern [E:/zhubao/target/classes/com/sys/controller/**/*.class]
  2019-01-28 17:55:26,746 [main] DEBUG - Searching directory [E:\zhubao\target\classes\com\sys\controller\sysma] for files matching pattern [E:/zhubao/target/classes/com/sys/controller/**/*.class]
  2019-01-28 17:55:26,748 [main] DEBUG - Searching directory [E:\zhubao\target\classes\com\sys\controller\task] for files matching pattern [E:/zhubao/target/classes/com/sys/controller/**/*.class]
  2019-01-28 17:55:26,749 [main] DEBUG - Searching directory [E:\zhubao\target\classes\com\sys\controller\ueditor] for files matching pattern [E:/zhubao/target/classes/com/sys/controller/**/*.class]
  2019-01-28 17:55:26,751 [main] DEBUG - Resolved location pattern [classpath*:com/sys/controller/**/*.class] to resources [file [E:\zhubao\target\classes\com\sys\controller\app\AppApplyController.class], file [E:\zhubao\target\classes\com\sys\controller\app\AppController.class], file [E:\zhubao\target\classes\com\sys\controller\app\AppLoginController.class], file [E:\zhubao\target\classes\com\sys\controller\apply\ApplyButieController.class], file [E:\zhubao\target\classes\com\sys\controller\apply\ApplyChangeController.class], file [E:\zhubao\target\classes\com\sys\controller\apply\ApplyController.class], file [E:\zhubao\target\classes\com\sys\controller\apply\ApplyForForeginController.class], file [E:\zhubao\target\classes\com\sys\controller\apply\ApplyForgraDuateController.class], file [E:\zhubao\target\classes\com\sys\controller\apply\ApplyNsController.class], file [E:\zhubao\target\classes\com\sys\controller\apply\ApplyTypeController.class], file [E:\zhubao\target\classes\com\sys\controller\apply\ApplyUserInfoFormController.class], file [E:\zhubao\target\classes\com\sys\controller\apply\ApproveController.class], file [E:\zhubao\target\classes\com\sys\controller\ApplyUserinfoController.class], file [E:\zhubao\target\classes\com\sys\controller\blgsh\BlgshController.class], file [E:\zhubao\target\classes\com\sys\controller\blgsh\BliveGongSController.class], file [E:\zhubao\target\classes\com\sys\controller\ContractDetailController.class], file [E:\zhubao\target\classes\com\sys\controller\ContractTemplateController.class], file [E:\zhubao\target\classes\com\sys\controller\ExportExcelController.class], file [E:\zhubao\target\classes\com\sys\controller\FileController.class], file [E:\zhubao\target\classes\com\sys\controller\home\ArticleInfoController.class], file [E:\zhubao\target\classes\com\sys\controller\home\ColumnInfoController.class], file [E:\zhubao\target\classes\com\sys\controller\home\FileFtpController.class], file [E:\zhubao\target\classes\com\sys\controller\home\HomeUserInfoController.class], file [E:\zhubao\target\classes\com\sys\controller\home\PageColumnController.class], file [E:\zhubao\target\classes\com\sys\controller\house\BuidInfoController.class], file [E:\zhubao\target\classes\com\sys\controller\house\FactMappingController.class], file [E:\zhubao\target\classes\com\sys\controller\house\HisRentController.class], file [E:\zhubao\target\classes\com\sys\controller\house\ItemCodeInfoController.class], file [E:\zhubao\target\classes\com\sys\controller\house\SourceHouseController.class], file [E:\zhubao\target\classes\com\sys\controller\ImageInfoController.class], file [E:\zhubao\target\classes\com\sys\controller\LoginController.class], file [E:\zhubao\target\classes\com\sys\controller\lotnum\LotNumMaController.class], file [E:\zhubao\target\classes\com\sys\controller\message\MessageController.class], file [E:\zhubao\target\classes\com\sys\controller\PathController.class], file [E:\zhubao\target\classes\com\sys\controller\report\LowSecurityReportController.class], file [E:\zhubao\target\classes\com\sys\controller\sysma\FlowController.class], file [E:\zhubao\target\classes\com\sys\controller\sysma\HolidayController.class], file [E:\zhubao\target\classes\com\sys\controller\sysma\MenuInfoController.class], file [E:\zhubao\target\classes\com\sys\controller\sysma\MenuRoleController.class], file [E:\zhubao\target\classes\com\sys\controller\sysma\ParmController.class], file [E:\zhubao\target\classes\com\sys\controller\sysma\ParmItemController.class], file [E:\zhubao\target\classes\com\sys\controller\sysma\QxInfoController.class], file [E:\zhubao\target\classes\com\sys\controller\sysma\RoleInfoController.class], file [E:\zhubao\target\classes\com\sys\controller\sysma\UserInfoController.class], file [E:\zhubao\target\classes\com\sys\controller\sysma\UserRoleInfoController.class], file [E:\zhubao\target\classes\com\sys\controller\task\TaskController$1.class], file [E:\zhubao\target\classes\com\sys\controller\task\TaskController.class], file [E:\zhubao\target\classes\com\sys\controller\task\TaskNsController.class], file [E:\zhubao\target\classes\com\sys\controller\TestController.class], file [E:\zhubao\target\classes\com\sys\controller\ueditor\UploadController.class], file [E:\zhubao\target\classes\com\sys\controller\VolelearcController.class]]
  2019-01-28 17:55:26,753 [main] DEBUG - Identified candidate component class: file [E:\zhubao\target\classes\com\sys\controller\app\AppApplyController.class]
  2019-01-28 17:55:26,755 [main] DEBUG - Identified candidate component class: file [E:\zhubao\target\classes\com\sys\controller\app\AppController.class]
  2019-01-28 17:55:26,757 [main] DEBUG - Identified candidate component class: file [E:\zhubao\target\classes\com\sys\controller\app\AppLoginController.class]
  2019-01-28 17:55:26,758 [main] DEBUG - Identified candidate component class: file [E:\zhubao\target\classes\com\sys\controller\apply\ApplyButieController.class]
  2019-01-28 17:55:26,769 [main] DEBUG - Identified candidate component class: file [E:\zhubao\target\classes\com\sys\controller\apply\ApplyChangeController.class]
  2019-01-28 17:55:26,771 [main] DEBUG - Identified candidate component class: file [E:\zhubao\target\classes\com\sys\controller\apply\ApplyController.class]
  2019-01-28 17:55:26,772 [main] DEBUG - Identified candidate component class: file [E:\zhubao\target\classes\com\sys\controller\apply\ApplyForForeginController.class]
  2019-01-28 17:55:26,773 [main] DEBUG - Identified candidate component class: file [E:\zhubao\target\classes\com\sys\controller\apply\ApplyForgraDuateController.class]
  2019-01-28 17:55:26,775 [main] DEBUG - Identified candidate component class: file [E:\zhubao\target\classes\com\sys\controller\apply\ApplyNsController.class]
  2019-01-28 17:55:26,778 [main] DEBUG - Identified candidate component class: file [E:\zhubao\target\classes\com\sys\controller\apply\ApplyTypeController.class]
  2019-01-28 17:55:26,780 [main] DEBUG - Identified candidate component class: file [E:\zhubao\target\classes\com\sys\controller\apply\ApplyUserInfoFormController.class]
  2019-01-28 17:55:26,838 [main] DEBUG - Identified candidate component class: file [E:\zhubao\target\classes\com\sys\controller\apply\ApproveController.class]
  2019-01-28 17:55:26,841 [main] DEBUG - Identified candidate component class: file [E:\zhubao\target\classes\com\sys\controller\ApplyUserinfoController.class]
  2019-01-28 17:55:26,842 [main] DEBUG - Identified candidate component class: file [E:\zhubao\target\classes\com\sys\controller\blgsh\BlgshController.class]
  2019-01-28 17:55:26,844 [main] DEBUG - Identified candidate component class: file [E:\zhubao\target\classes\com\sys\controller\blgsh\BliveGongSController.class]
  2019-01-28 17:55:26,845 [main] DEBUG - Identified candidate component class: file [E:\zhubao\target\classes\com\sys\controller\ContractDetailController.class]
  2019-01-28 17:55:26,847 [main] DEBUG - Identified candidate component class: file [E:\zhubao\target\classes\com\sys\controller\ContractTemplateController.class]
  2019-01-28 17:55:26,848 [main] DEBUG - Identified candidate component class: file [E:\zhubao\target\classes\com\sys\controller\ExportExcelController.class]
  2019-01-28 17:55:26,849 [main] DEBUG - Identified candidate component class: file [E:\zhubao\target\classes\com\sys\controller\FileController.class]
  2019-01-28 17:55:26,860 [main] DEBUG - Identified candidate component class: file [E:\zhubao\target\classes\com\sys\controller\home\ArticleInfoController.class]
  2019-01-28 17:55:26,861 [main] DEBUG - Identified candidate component class: file [E:\zhubao\target\classes\com\sys\controller\home\ColumnInfoController.class]
  2019-01-28 17:55:26,863 [main] DEBUG - Identified candidate component class: file [E:\zhubao\target\classes\com\sys\controller\home\FileFtpController.class]
  2019-01-28 17:55:26,863 [main] DEBUG - Identified candidate component class: file [E:\zhubao\target\classes\com\sys\controller\home\HomeUserInfoController.class]
  2019-01-28 17:55:26,864 [main] DEBUG - Identified candidate component class: file [E:\zhubao\target\classes\com\sys\controller\home\PageColumnController.class]
  2019-01-28 17:55:26,865 [main] DEBUG - Identified candidate component class: file [E:\zhubao\target\classes\com\sys\controller\house\BuidInfoController.class]
  2019-01-28 17:55:26,867 [main] DEBUG - Identified candidate component class: file [E:\zhubao\target\classes\com\sys\controller\house\FactMappingController.class]
  2019-01-28 17:55:26,868 [main] DEBUG - Identified candidate component class: file [E:\zhubao\target\classes\com\sys\controller\house\HisRentController.class]
  2019-01-28 17:55:26,869 [main] DEBUG - Identified candidate component class: file [E:\zhubao\target\classes\com\sys\controller\house\ItemCodeInfoController.class]
  2019-01-28 17:55:26,870 [main] DEBUG - Identified candidate component class: file [E:\zhubao\target\classes\com\sys\controller\house\SourceHouseController.class]
  2019-01-28 17:55:26,872 [main] DEBUG - Identified candidate component class: file [E:\zhubao\target\classes\com\sys\controller\ImageInfoController.class]
  2019-01-28 17:55:26,873 [main] DEBUG - Identified candidate component class: file [E:\zhubao\target\classes\com\sys\controller\LoginController.class]
  2019-01-28 17:55:26,876 [main] DEBUG - Identified candidate component class: file [E:\zhubao\target\classes\com\sys\controller\lotnum\LotNumMaController.class]
  2019-01-28 17:55:26,888 [main] DEBUG - Identified candidate component class: file [E:\zhubao\target\classes\com\sys\controller\message\MessageController.class]
  2019-01-28 17:55:26,891 [main] DEBUG - Identified candidate component class: file [E:\zhubao\target\classes\com\sys\controller\PathController.class]
  2019-01-28 17:55:26,893 [main] DEBUG - Identified candidate component class: file [E:\zhubao\target\classes\com\sys\controller\report\LowSecurityReportController.class]
  2019-01-28 17:55:26,894 [main] DEBUG - Identified candidate component class: file [E:\zhubao\target\classes\com\sys\controller\sysma\FlowController.class]
  2019-01-28 17:55:26,899 [main] DEBUG - Identified candidate component class: file [E:\zhubao\target\classes\com\sys\controller\sysma\HolidayController.class]
  2019-01-28 17:55:26,901 [main] DEBUG - Identified candidate component class: file [E:\zhubao\target\classes\com\sys\controller\sysma\MenuInfoController.class]
  2019-01-28 17:55:26,903 [main] DEBUG - Identified candidate component class: file [E:\zhubao\target\classes\com\sys\controller\sysma\MenuRoleController.class]
  2019-01-28 17:55:26,905 [main] DEBUG - Identified candidate component class: file [E:\zhubao\target\classes\com\sys\controller\sysma\ParmController.class]
  2019-01-28 17:55:26,906 [main] DEBUG - Identified candidate component class: file [E:\zhubao\target\classes\com\sys\controller\sysma\ParmItemController.class]
  2019-01-28 17:55:26,908 [main] DEBUG - Identified candidate component class: file [E:\zhubao\target\classes\com\sys\controller\sysma\QxInfoController.class]
  2019-01-28 17:55:26,909 [main] DEBUG - Identified candidate component class: file [E:\zhubao\target\classes\com\sys\controller\sysma\RoleInfoController.class]
  2019-01-28 17:55:26,911 [main] DEBUG - Identified candidate component class: file [E:\zhubao\target\classes\com\sys\controller\sysma\UserInfoController.class]
  2019-01-28 17:55:26,912 [main] DEBUG - Identified candidate component class: file [E:\zhubao\target\classes\com\sys\controller\sysma\UserRoleInfoController.class]
  2019-01-28 17:55:26,919 [main] DEBUG - Identified candidate component class: file [E:\zhubao\target\classes\com\sys\controller\task\TaskController.class]
  2019-01-28 17:55:26,921 [main] DEBUG - Identified candidate component class: file [E:\zhubao\target\classes\com\sys\controller\task\TaskNsController.class]
  2019-01-28 17:55:26,923 [main] DEBUG - Identified candidate component class: file [E:\zhubao\target\classes\com\sys\controller\TestController.class]
  2019-01-28 17:55:26,924 [main] DEBUG - Identified candidate component class: file [E:\zhubao\target\classes\com\sys\controller\ueditor\UploadController.class]
  2019-01-28 17:55:26,928 [main] DEBUG - Identified candidate component class: file [E:\zhubao\target\classes\com\sys\controller\VolelearcController.class]
  2019-01-28 17:55:26,932 [main] DEBUG - Loaded 74 bean definitions from location pattern [src/main/resources/spring-mvc.xml]
  2019-01-28 17:55:26,932 [main] DEBUG - Bean factory for org.springframework.context.support.FileSystemXmlApplicationContext@1c30cb85: org.springframework.beans.factory.support.DefaultListableBeanFactory@39832280: defining beans [propertyConfigurer,dataSource,sqlSessionFactory,org.mybatis.spring.mapper.MapperScannerConfigurer#0,transactionManager,org.springframework.scheduling.quartz.SchedulerFactoryBean#0,txAdvice,org.springframework.aop.config.internalAutoProxyCreator,serviceOperation,org.springframework.aop.support.DefaultBeanFactoryPointcutAdvisor#0,batchutil,dynamicallyGeneratedWordUtil,sendPhoneCodeUtil,actGroupEntityService,actUserEntityService,annexFileService,applyButieService,applyChangeService,applyFamilyMemberService,applyForForeignService,applyForgraDuateService,applyNsService,applyService,applyUnitService,applyUserInfoFormService,approveRecordService,approveService,applyUserinfoService,blgshService,bliveGongSService,buidInfoService,messageAndFormService,contractDetailService,contractTemplateService,factMappingService,flowService,hisRentService,articleInfoService,columnInfoService,fileFtpService,homeUserInfoService,imageInfoService,itemCodeInfoService,listNumberService,lotNumService,menuInfoService,menuRoleService,messageService,myTaskService,parmItemService,parmService,qxInfoService,lowSecurityReportService,roleInfoService,scheduleJobService,serialNumService,sourceHouseService,sysExcelInfoService,holidayService,userInfoService,userRoleInfoService,userTaskService,volelearcDtlService,volelearcService,org.springframework.context.annotation.internalConfigurationAnnotationProcessor,org.springframework.context.annotation.internalAutowiredAnnotationProcessor,org.springframework.context.annotation.internalRequiredAnnotationProcessor,org.springframework.context.annotation.internalCommonAnnotationProcessor,org.springframework.context.event.internalEventListenerProcessor,org.springframework.context.event.internalEventListenerFactory,org.springframework.cache.annotation.AnnotationCacheOperationSource#0,org.springframework.cache.interceptor.CacheInterceptor#0,org.springframework.cache.config.internalCacheAdvisor,cacheManager1,ehcache,objectMapper,processEngineConfiguration,processEngine,repositoryService,runtimeService,taskService,historyService,managementService,identityService,formService,mvcContentNegotiationManager,org.springframework.web.servlet.mvc.method.annotation.RequestMappingHandlerMapping,mvcCorsConfigurations,org.springframework.format.support.FormattingConversionServiceFactoryBean#0,org.springframework.web.servlet.mvc.method.annotation.RequestMappingHandlerAdapter,mvcUriComponentsContributor,org.springframework.web.servlet.handler.MappedInterceptor#0,org.springframework.web.servlet.mvc.method.annotation.ExceptionHandlerExceptionResolver#0,org.springframework.web.servlet.mvc.annotation.ResponseStatusExceptionResolver#0,org.springframework.web.servlet.mvc.support.DefaultHandlerExceptionResolver#0,org.springframework.web.servlet.handler.BeanNameUrlHandlerMapping,org.springframework.web.servlet.mvc.HttpRequestHandlerAdapter,org.springframework.web.servlet.mvc.SimpleControllerHandlerAdapter,org.springframework.format.support.FormattingConversionServiceFactoryBean#1,org.springframework.web.servlet.handler.MappedInterceptor#1,org.springframework.web.servlet.mvc.method.annotation.ExceptionHandlerExceptionResolver#1,org.springframework.web.servlet.mvc.annotation.ResponseStatusExceptionResolver#1,org.springframework.web.servlet.mvc.support.DefaultHandlerExceptionResolver#1,viewResolver,org.springframework.web.servlet.handler.MappedInterceptor#2,multipartResolver,stringHttpMessageConverter,appApplyController,appController,appLoginController,applyButieController,applyChangeController,applyController,applyForForeginController,applyForgraDuateController,applyNsController,applyTypeController,applyUserInfoFormController,approveController,applyUserinfoController,blgshController,bliveGongSController,contractDetailController,contractTemplateController,exportExcelController,fileController,articleInfoController,columnInfoController,fileFtpController,homeUserInfoController,pageColumnController,buidInfoController,factMappingController,hisRentController,itemCodeInfoController,sourceHouseController,imageInfoController,loginController,lotNumMaController,messageController,pathController,lowSecurityReportController,flowController,holidayController,menuInfoController,menuRoleController,parmController,parmItemController,qxInfoController,roleInfoController,userInfoController,userRoleInfoController,taskController,taskNsController,testController,uploadController,volelearcController,org.springframework.web.servlet.resource.DefaultServletHttpRequestHandler#0,org.springframework.web.servlet.handler.SimpleUrlHandlerMapping#0]; root of factory hierarchy
  2019-01-28 17:55:26,936 [main] DEBUG - Creating shared instance of singleton bean 'org.springframework.context.annotation.internalConfigurationAnnotationProcessor'
  2019-01-28 17:55:26,937 [main] DEBUG - Creating instance of bean 'org.springframework.context.annotation.internalConfigurationAnnotationProcessor'
  2019-01-28 17:55:26,937 [main] DEBUG - Eagerly caching bean 'org.springframework.context.annotation.internalConfigurationAnnotationProcessor' to allow for resolving potential circular references
  2019-01-28 17:55:26,937 [main] DEBUG - Finished creating instance of bean 'org.springframework.context.annotation.internalConfigurationAnnotationProcessor'
  2019-01-28 17:55:27,188 [main] DEBUG - Creating shared instance of singleton bean 'org.mybatis.spring.mapper.MapperScannerConfigurer#0'
  2019-01-28 17:55:27,188 [main] DEBUG - Creating instance of bean 'org.mybatis.spring.mapper.MapperScannerConfigurer#0'
  2019-01-28 17:55:27,190 [main] DEBUG - Eagerly caching bean 'org.mybatis.spring.mapper.MapperScannerConfigurer#0' to allow for resolving potential circular references
  2019-01-28 17:55:27,195 [main] DEBUG - Invoking afterPropertiesSet() on bean with name 'org.mybatis.spring.mapper.MapperScannerConfigurer#0'
  2019-01-28 17:55:27,196 [main] DEBUG - Finished creating instance of bean 'org.mybatis.spring.mapper.MapperScannerConfigurer#0'
  2019-01-28 17:55:27,196 [main] DEBUG - Adding [systemProperties] PropertySource with lowest search precedence
  2019-01-28 17:55:27,196 [main] DEBUG - Adding [systemEnvironment] PropertySource with lowest search precedence
  2019-01-28 17:55:27,197 [main] DEBUG - Initialized StandardEnvironment with PropertySources [systemProperties,systemEnvironment]
  2019-01-28 17:55:27,197 [main] DEBUG - Resolved classpath location [com/sys/mapper/] to resources [URL [file:/E:/zhubao/target/classes/com/sys/mapper/]]
  2019-01-28 17:55:27,198 [main] DEBUG - Looking for matching resources in directory tree [E:\zhubao\target\classes\com\sys\mapper]
  2019-01-28 17:55:27,198 [main] DEBUG - Searching directory [E:\zhubao\target\classes\com\sys\mapper] for files matching pattern [E:/zhubao/target/classes/com/sys/mapper/**/*.class]
  2019-01-28 17:55:27,199 [main] DEBUG - Searching directory [E:\zhubao\target\classes\com\sys\mapper\apply] for files matching pattern [E:/zhubao/target/classes/com/sys/mapper/**/*.class]
  2019-01-28 17:55:27,201 [main] DEBUG - Searching directory [E:\zhubao\target\classes\com\sys\mapper\blagsh] for files matching pattern [E:/zhubao/target/classes/com/sys/mapper/**/*.class]
  2019-01-28 17:55:27,202 [main] DEBUG - Searching directory [E:\zhubao\target\classes\com\sys\mapper\contract] for files matching pattern [E:/zhubao/target/classes/com/sys/mapper/**/*.class]
  2019-01-28 17:55:27,204 [main] DEBUG - Searching directory [E:\zhubao\target\classes\com\sys\mapper\lotnum] for files matching pattern [E:/zhubao/target/classes/com/sys/mapper/**/*.class]
  2019-01-28 17:55:27,206 [main] DEBUG - Searching directory [E:\zhubao\target\classes\com\sys\mapper\report] for files matching pattern [E:/zhubao/target/classes/com/sys/mapper/**/*.class]
  2019-01-28 17:55:27,207 [main] DEBUG - Searching directory [E:\zhubao\target\classes\com\sys\mapper\serialnum] for files matching pattern [E:/zhubao/target/classes/com/sys/mapper/**/*.class]
  2019-01-28 17:55:27,208 [main] DEBUG - Searching directory [E:\zhubao\target\classes\com\sys\mapper\xml] for files matching pattern [E:/zhubao/target/classes/com/sys/mapper/**/*.class]
  2019-01-28 17:55:27,209 [main] DEBUG - Searching directory [E:\zhubao\target\classes\com\sys\mapper\xml\apply] for files matching pattern [E:/zhubao/target/classes/com/sys/mapper/**/*.class]
  2019-01-28 17:55:27,211 [main] DEBUG - Searching directory [E:\zhubao\target\classes\com\sys\mapper\xml\blagsh] for files matching pattern [E:/zhubao/target/classes/com/sys/mapper/**/*.class]
  2019-01-28 17:55:27,212 [main] DEBUG - Searching directory [E:\zhubao\target\classes\com\sys\mapper\xml\contract] for files matching pattern [E:/zhubao/target/classes/com/sys/mapper/**/*.class]
  2019-01-28 17:55:27,215 [main] DEBUG - Searching directory [E:\zhubao\target\classes\com\sys\mapper\xml\lotnum] for files matching pattern [E:/zhubao/target/classes/com/sys/mapper/**/*.class]
  2019-01-28 17:55:27,216 [main] DEBUG - Searching directory [E:\zhubao\target\classes\com\sys\mapper\xml\report] for files matching pattern [E:/zhubao/target/classes/com/sys/mapper/**/*.class]
  2019-01-28 17:55:27,217 [main] DEBUG - Searching directory [E:\zhubao\target\classes\com\sys\mapper\xml\serialnum] for files matching pattern [E:/zhubao/target/classes/com/sys/mapper/**/*.class]
  2019-01-28 17:55:27,219 [main] DEBUG - Resolved location pattern [classpath*:com/sys/mapper/**/*.class] to resources [file [E:\zhubao\target\classes\com\sys\mapper\AnnexFileMapper.class], file [E:\zhubao\target\classes\com\sys\mapper\apply\ApplyButieMapper.class], file [E:\zhubao\target\classes\com\sys\mapper\apply\ApplyChangeMapper.class], file [E:\zhubao\target\classes\com\sys\mapper\apply\ApplyFamilyHouseChangeMapper.class], file [E:\zhubao\target\classes\com\sys\mapper\apply\ApplyFamilyHouseMapper.class], file [E:\zhubao\target\classes\com\sys\mapper\apply\ApplyFamilyMemberMapper.class], file [E:\zhubao\target\classes\com\sys\mapper\apply\ApplyForForeignMapper.class], file [E:\zhubao\target\classes\com\sys\mapper\apply\ApplyForgraDuateMapper.class], file [E:\zhubao\target\classes\com\sys\mapper\apply\ApplyMapper.class], file [E:\zhubao\target\classes\com\sys\mapper\apply\ApplyNsMapper.class], file [E:\zhubao\target\classes\com\sys\mapper\apply\ApplyUnitMapper.class], file [E:\zhubao\target\classes\com\sys\mapper\apply\ApproveMapper.class], file [E:\zhubao\target\classes\com\sys\mapper\apply\ApproveRecordMapper.class], file [E:\zhubao\target\classes\com\sys\mapper\ApplyUserInfoFormMapper.class], file [E:\zhubao\target\classes\com\sys\mapper\ApplyUserinfoMapper.class], file [E:\zhubao\target\classes\com\sys\mapper\ArticleInfoMapper.class], file [E:\zhubao\target\classes\com\sys\mapper\blagsh\BlgshMapper.class], file [E:\zhubao\target\classes\com\sys\mapper\blagsh\BliveGongsDetailMapper.class], file [E:\zhubao\target\classes\com\sys\mapper\blagsh\BliveGongSMapper.class], file [E:\zhubao\target\classes\com\sys\mapper\BuidInfoMapper.class], file [E:\zhubao\target\classes\com\sys\mapper\ColumnInfoMapper.class], file [E:\zhubao\target\classes\com\sys\mapper\contract\ContractDetailMapper.class], file [E:\zhubao\target\classes\com\sys\mapper\contract\ContractMapper.class], file [E:\zhubao\target\classes\com\sys\mapper\contract\ContractTemplateMapper.class], file [E:\zhubao\target\classes\com\sys\mapper\ExcelMapper.class], file [E:\zhubao\target\classes\com\sys\mapper\FactMappingMapper.class], file [E:\zhubao\target\classes\com\sys\mapper\HisRentMapper.class], file [E:\zhubao\target\classes\com\sys\mapper\HolidayMapper.class], file [E:\zhubao\target\classes\com\sys\mapper\HomeUserInfoMapper.class], file [E:\zhubao\target\classes\com\sys\mapper\ImageInfoMapper.class], file [E:\zhubao\target\classes\com\sys\mapper\IMapper.class], file [E:\zhubao\target\classes\com\sys\mapper\ItemCodeInfoMapper.class], file [E:\zhubao\target\classes\com\sys\mapper\ListNumberMapper.class], file [E:\zhubao\target\classes\com\sys\mapper\lotnum\LotNumMapper.class], file [E:\zhubao\target\classes\com\sys\mapper\MenuInfoMapper.class], file [E:\zhubao\target\classes\com\sys\mapper\MenuRoleInfoMapper.class], file [E:\zhubao\target\classes\com\sys\mapper\MessageMapper.class], file [E:\zhubao\target\classes\com\sys\mapper\ParmItemMapper.class], file [E:\zhubao\target\classes\com\sys\mapper\ParmMapper.class], file [E:\zhubao\target\classes\com\sys\mapper\QxInfoMapper.class], file [E:\zhubao\target\classes\com\sys\mapper\QxRoleInfoMapper.class], file [E:\zhubao\target\classes\com\sys\mapper\report\LowSecurityReportMapper.class], file [E:\zhubao\target\classes\com\sys\mapper\RoleInfoMapper.class], file [E:\zhubao\target\classes\com\sys\mapper\serialnum\SerialNumHeadMapper.class], file [E:\zhubao\target\classes\com\sys\mapper\serialnum\SerialNumLineMapper.class], file [E:\zhubao\target\classes\com\sys\mapper\SourceHouseMapper.class], file [E:\zhubao\target\classes\com\sys\mapper\UserInfoMapper.class], file [E:\zhubao\target\classes\com\sys\mapper\UserRoleInfoMapper.class], file [E:\zhubao\target\classes\com\sys\mapper\UserTaskMapper.class], file [E:\zhubao\target\classes\com\sys\mapper\VolelearcDtlMapper.class], file [E:\zhubao\target\classes\com\sys\mapper\VolelearcMapper.class]]
  2019-01-28 17:55:27,221 [main] DEBUG - Identified candidate component class: file [E:\zhubao\target\classes\com\sys\mapper\AnnexFileMapper.class]
  2019-01-28 17:55:27,221 [main] DEBUG - Identified candidate component class: file [E:\zhubao\target\classes\com\sys\mapper\apply\ApplyButieMapper.class]
  2019-01-28 17:55:27,222 [main] DEBUG - Identified candidate component class: file [E:\zhubao\target\classes\com\sys\mapper\apply\ApplyChangeMapper.class]
  2019-01-28 17:55:27,223 [main] DEBUG - Identified candidate component class: file [E:\zhubao\target\classes\com\sys\mapper\apply\ApplyFamilyHouseChangeMapper.class]
  2019-01-28 17:55:27,223 [main] DEBUG - Identified candidate component class: file [E:\zhubao\target\classes\com\sys\mapper\apply\ApplyFamilyHouseMapper.class]
  2019-01-28 17:55:27,224 [main] DEBUG - Identified candidate component class: file [E:\zhubao\target\classes\com\sys\mapper\apply\ApplyFamilyMemberMapper.class]
  2019-01-28 17:55:27,225 [main] DEBUG - Identified candidate component class: file [E:\zhubao\target\classes\com\sys\mapper\apply\ApplyForForeignMapper.class]
  2019-01-28 17:55:27,225 [main] DEBUG - Identified candidate component class: file [E:\zhubao\target\classes\com\sys\mapper\apply\ApplyForgraDuateMapper.class]
  2019-01-28 17:55:27,226 [main] DEBUG - Identified candidate component class: file [E:\zhubao\target\classes\com\sys\mapper\apply\ApplyMapper.class]
  2019-01-28 17:55:27,226 [main] DEBUG - Identified candidate component class: file [E:\zhubao\target\classes\com\sys\mapper\apply\ApplyNsMapper.class]
  2019-01-28 17:55:27,227 [main] DEBUG - Identified candidate component class: file [E:\zhubao\target\classes\com\sys\mapper\apply\ApplyUnitMapper.class]
  2019-01-28 17:55:27,227 [main] DEBUG - Identified candidate component class: file [E:\zhubao\target\classes\com\sys\mapper\apply\ApproveMapper.class]
  2019-01-28 17:55:27,228 [main] DEBUG - Identified candidate component class: file [E:\zhubao\target\classes\com\sys\mapper\apply\ApproveRecordMapper.class]
  2019-01-28 17:55:27,228 [main] DEBUG - Identified candidate component class: file [E:\zhubao\target\classes\com\sys\mapper\ApplyUserInfoFormMapper.class]
  2019-01-28 17:55:27,229 [main] DEBUG - Identified candidate component class: file [E:\zhubao\target\classes\com\sys\mapper\ApplyUserinfoMapper.class]
  2019-01-28 17:55:27,229 [main] DEBUG - Identified candidate component class: file [E:\zhubao\target\classes\com\sys\mapper\ArticleInfoMapper.class]
  2019-01-28 17:55:27,230 [main] DEBUG - Identified candidate component class: file [E:\zhubao\target\classes\com\sys\mapper\blagsh\BlgshMapper.class]
  2019-01-28 17:55:27,230 [main] DEBUG - Identified candidate component class: file [E:\zhubao\target\classes\com\sys\mapper\blagsh\BliveGongsDetailMapper.class]
  2019-01-28 17:55:27,231 [main] DEBUG - Identified candidate component class: file [E:\zhubao\target\classes\com\sys\mapper\blagsh\BliveGongSMapper.class]
  2019-01-28 17:55:27,231 [main] DEBUG - Identified candidate component class: file [E:\zhubao\target\classes\com\sys\mapper\BuidInfoMapper.class]
  2019-01-28 17:55:27,232 [main] DEBUG - Identified candidate component class: file [E:\zhubao\target\classes\com\sys\mapper\ColumnInfoMapper.class]
  2019-01-28 17:55:27,232 [main] DEBUG - Identified candidate component class: file [E:\zhubao\target\classes\com\sys\mapper\contract\ContractDetailMapper.class]
  2019-01-28 17:55:27,233 [main] DEBUG - Identified candidate component class: file [E:\zhubao\target\classes\com\sys\mapper\contract\ContractMapper.class]
  2019-01-28 17:55:27,233 [main] DEBUG - Identified candidate component class: file [E:\zhubao\target\classes\com\sys\mapper\contract\ContractTemplateMapper.class]
  2019-01-28 17:55:27,234 [main] DEBUG - Identified candidate component class: file [E:\zhubao\target\classes\com\sys\mapper\ExcelMapper.class]
  2019-01-28 17:55:27,234 [main] DEBUG - Identified candidate component class: file [E:\zhubao\target\classes\com\sys\mapper\FactMappingMapper.class]
  2019-01-28 17:55:27,235 [main] DEBUG - Identified candidate component class: file [E:\zhubao\target\classes\com\sys\mapper\HisRentMapper.class]
  2019-01-28 17:55:27,235 [main] DEBUG - Identified candidate component class: file [E:\zhubao\target\classes\com\sys\mapper\HolidayMapper.class]
  2019-01-28 17:55:27,236 [main] DEBUG - Identified candidate component class: file [E:\zhubao\target\classes\com\sys\mapper\HomeUserInfoMapper.class]
  2019-01-28 17:55:27,237 [main] DEBUG - Identified candidate component class: file [E:\zhubao\target\classes\com\sys\mapper\ImageInfoMapper.class]
  2019-01-28 17:55:27,237 [main] DEBUG - Identified candidate component class: file [E:\zhubao\target\classes\com\sys\mapper\IMapper.class]
  2019-01-28 17:55:27,238 [main] DEBUG - Identified candidate component class: file [E:\zhubao\target\classes\com\sys\mapper\ItemCodeInfoMapper.class]
  2019-01-28 17:55:27,238 [main] DEBUG - Identified candidate component class: file [E:\zhubao\target\classes\com\sys\mapper\ListNumberMapper.class]
  2019-01-28 17:55:27,238 [main] DEBUG - Identified candidate component class: file [E:\zhubao\target\classes\com\sys\mapper\lotnum\LotNumMapper.class]
  2019-01-28 17:55:27,239 [main] DEBUG - Identified candidate component class: file [E:\zhubao\target\classes\com\sys\mapper\MenuInfoMapper.class]
  2019-01-28 17:55:27,240 [main] DEBUG - Identified candidate component class: file [E:\zhubao\target\classes\com\sys\mapper\MenuRoleInfoMapper.class]
  2019-01-28 17:55:27,240 [main] DEBUG - Identified candidate component class: file [E:\zhubao\target\classes\com\sys\mapper\MessageMapper.class]
  2019-01-28 17:55:27,241 [main] DEBUG - Identified candidate component class: file [E:\zhubao\target\classes\com\sys\mapper\ParmItemMapper.class]
  2019-01-28 17:55:27,241 [main] DEBUG - Identified candidate component class: file [E:\zhubao\target\classes\com\sys\mapper\ParmMapper.class]
  2019-01-28 17:55:27,242 [main] DEBUG - Identified candidate component class: file [E:\zhubao\target\classes\com\sys\mapper\QxInfoMapper.class]
  2019-01-28 17:55:27,242 [main] DEBUG - Identified candidate component class: file [E:\zhubao\target\classes\com\sys\mapper\QxRoleInfoMapper.class]
  2019-01-28 17:55:27,243 [main] DEBUG - Identified candidate component class: file [E:\zhubao\target\classes\com\sys\mapper\report\LowSecurityReportMapper.class]
  2019-01-28 17:55:27,243 [main] DEBUG - Identified candidate component class: file [E:\zhubao\target\classes\com\sys\mapper\RoleInfoMapper.class]
  2019-01-28 17:55:27,244 [main] DEBUG - Identified candidate component class: file [E:\zhubao\target\classes\com\sys\mapper\serialnum\SerialNumHeadMapper.class]
  2019-01-28 17:55:27,244 [main] DEBUG - Identified candidate component class: file [E:\zhubao\target\classes\com\sys\mapper\serialnum\SerialNumLineMapper.class]
  2019-01-28 17:55:27,245 [main] DEBUG - Identified candidate component class: file [E:\zhubao\target\classes\com\sys\mapper\SourceHouseMapper.class]
  2019-01-28 17:55:27,245 [main] DEBUG - Identified candidate component class: file [E:\zhubao\target\classes\com\sys\mapper\UserInfoMapper.class]
  2019-01-28 17:55:27,245 [main] DEBUG - Identified candidate component class: file [E:\zhubao\target\classes\com\sys\mapper\UserRoleInfoMapper.class]
  2019-01-28 17:55:27,246 [main] DEBUG - Identified candidate component class: file [E:\zhubao\target\classes\com\sys\mapper\UserTaskMapper.class]
  2019-01-28 17:55:27,246 [main] DEBUG - Identified candidate component class: file [E:\zhubao\target\classes\com\sys\mapper\VolelearcDtlMapper.class]
  2019-01-28 17:55:27,247 [main] DEBUG - Identified candidate component class: file [E:\zhubao\target\classes\com\sys\mapper\VolelearcMapper.class]
  2019-01-28 17:55:27,248 [main] DEBUG - Creating MapperFactoryBean with name 'annexFileMapper' and 'com.sys.mapper.AnnexFileMapper' mapperInterface
  2019-01-28 17:55:27,248 [main] DEBUG - Creating MapperFactoryBean with name 'applyButieMapper' and 'com.sys.mapper.apply.ApplyButieMapper' mapperInterface
  2019-01-28 17:55:27,248 [main] DEBUG - Creating MapperFactoryBean with name 'applyChangeMapper' and 'com.sys.mapper.apply.ApplyChangeMapper' mapperInterface
  2019-01-28 17:55:27,248 [main] DEBUG - Creating MapperFactoryBean with name 'applyFamilyHouseChangeMapper' and 'com.sys.mapper.apply.ApplyFamilyHouseChangeMapper' mapperInterface
  2019-01-28 17:55:27,248 [main] DEBUG - Creating MapperFactoryBean with name 'applyFamilyHouseMapper' and 'com.sys.mapper.apply.ApplyFamilyHouseMapper' mapperInterface
  2019-01-28 17:55:27,249 [main] DEBUG - Creating MapperFactoryBean with name 'applyFamilyMemberMapper' and 'com.sys.mapper.apply.ApplyFamilyMemberMapper' mapperInterface
  2019-01-28 17:55:27,249 [main] DEBUG - Creating MapperFactoryBean with name 'applyForForeignMapper' and 'com.sys.mapper.apply.ApplyForForeignMapper' mapperInterface
  2019-01-28 17:55:27,249 [main] DEBUG - Creating MapperFactoryBean with name 'applyForgraDuateMapper' and 'com.sys.mapper.apply.ApplyForgraDuateMapper' mapperInterface
  2019-01-28 17:55:27,249 [main] DEBUG - Creating MapperFactoryBean with name 'applyMapper' and 'com.sys.mapper.apply.ApplyMapper' mapperInterface
  2019-01-28 17:55:27,249 [main] DEBUG - Creating MapperFactoryBean with name 'applyNsMapper' and 'com.sys.mapper.apply.ApplyNsMapper' mapperInterface
  2019-01-28 17:55:27,250 [main] DEBUG - Creating MapperFactoryBean with name 'applyUnitMapper' and 'com.sys.mapper.apply.ApplyUnitMapper' mapperInterface
  2019-01-28 17:55:27,250 [main] DEBUG - Creating MapperFactoryBean with name 'approveMapper' and 'com.sys.mapper.apply.ApproveMapper' mapperInterface
  2019-01-28 17:55:27,250 [main] DEBUG - Creating MapperFactoryBean with name 'approveRecordMapper' and 'com.sys.mapper.apply.ApproveRecordMapper' mapperInterface
  2019-01-28 17:55:27,250 [main] DEBUG - Creating MapperFactoryBean with name 'applyUserInfoFormMapper' and 'com.sys.mapper.ApplyUserInfoFormMapper' mapperInterface
  2019-01-28 17:55:27,250 [main] DEBUG - Creating MapperFactoryBean with name 'applyUserinfoMapper' and 'com.sys.mapper.ApplyUserinfoMapper' mapperInterface
  2019-01-28 17:55:27,250 [main] DEBUG - Creating MapperFactoryBean with name 'articleInfoMapper' and 'com.sys.mapper.ArticleInfoMapper' mapperInterface
  2019-01-28 17:55:27,251 [main] DEBUG - Creating MapperFactoryBean with name 'blgshMapper' and 'com.sys.mapper.blagsh.BlgshMapper' mapperInterface
  2019-01-28 17:55:27,251 [main] DEBUG - Creating MapperFactoryBean with name 'bliveGongsDetailMapper' and 'com.sys.mapper.blagsh.BliveGongsDetailMapper' mapperInterface
  2019-01-28 17:55:27,251 [main] DEBUG - Creating MapperFactoryBean with name 'bliveGongSMapper' and 'com.sys.mapper.blagsh.BliveGongSMapper' mapperInterface
  2019-01-28 17:55:27,251 [main] DEBUG - Creating MapperFactoryBean with name 'buidInfoMapper' and 'com.sys.mapper.BuidInfoMapper' mapperInterface
  2019-01-28 17:55:27,251 [main] DEBUG - Creating MapperFactoryBean with name 'columnInfoMapper' and 'com.sys.mapper.ColumnInfoMapper' mapperInterface
  2019-01-28 17:55:27,251 [main] DEBUG - Creating MapperFactoryBean with name 'contractDetailMapper' and 'com.sys.mapper.contract.ContractDetailMapper' mapperInterface
  2019-01-28 17:55:27,252 [main] DEBUG - Creating MapperFactoryBean with name 'contractMapper' and 'com.sys.mapper.contract.ContractMapper' mapperInterface
  2019-01-28 17:55:27,252 [main] DEBUG - Creating MapperFactoryBean with name 'contractTemplateMapper' and 'com.sys.mapper.contract.ContractTemplateMapper' mapperInterface
  2019-01-28 17:55:27,252 [main] DEBUG - Creating MapperFactoryBean with name 'excelMapper' and 'com.sys.mapper.ExcelMapper' mapperInterface
  2019-01-28 17:55:27,253 [main] DEBUG - Creating MapperFactoryBean with name 'factMappingMapper' and 'com.sys.mapper.FactMappingMapper' mapperInterface
  2019-01-28 17:55:27,253 [main] DEBUG - Creating MapperFactoryBean with name 'hisRentMapper' and 'com.sys.mapper.HisRentMapper' mapperInterface
  2019-01-28 17:55:27,253 [main] DEBUG - Creating MapperFactoryBean with name 'holidayMapper' and 'com.sys.mapper.HolidayMapper' mapperInterface
  2019-01-28 17:55:27,253 [main] DEBUG - Creating MapperFactoryBean with name 'homeUserInfoMapper' and 'com.sys.mapper.HomeUserInfoMapper' mapperInterface
  2019-01-28 17:55:27,253 [main] DEBUG - Creating MapperFactoryBean with name 'imageInfoMapper' and 'com.sys.mapper.ImageInfoMapper' mapperInterface
  2019-01-28 17:55:27,253 [main] DEBUG - Creating MapperFactoryBean with name 'IMapper' and 'com.sys.mapper.IMapper' mapperInterface
  2019-01-28 17:55:27,254 [main] DEBUG - Creating MapperFactoryBean with name 'itemCodeInfoMapper' and 'com.sys.mapper.ItemCodeInfoMapper' mapperInterface
  2019-01-28 17:55:27,254 [main] DEBUG - Creating MapperFactoryBean with name 'listNumberMapper' and 'com.sys.mapper.ListNumberMapper' mapperInterface
  2019-01-28 17:55:27,254 [main] DEBUG - Creating MapperFactoryBean with name 'lotNumMapper' and 'com.sys.mapper.lotnum.LotNumMapper' mapperInterface
  2019-01-28 17:55:27,254 [main] DEBUG - Creating MapperFactoryBean with name 'menuInfoMapper' and 'com.sys.mapper.MenuInfoMapper' mapperInterface
  2019-01-28 17:55:27,254 [main] DEBUG - Creating MapperFactoryBean with name 'menuRoleInfoMapper' and 'com.sys.mapper.MenuRoleInfoMapper' mapperInterface
  2019-01-28 17:55:27,255 [main] DEBUG - Creating MapperFactoryBean with name 'messageMapper' and 'com.sys.mapper.MessageMapper' mapperInterface
  2019-01-28 17:55:27,257 [main] DEBUG - Creating MapperFactoryBean with name 'parmItemMapper' and 'com.sys.mapper.ParmItemMapper' mapperInterface
  2019-01-28 17:55:27,257 [main] DEBUG - Creating MapperFactoryBean with name 'parmMapper' and 'com.sys.mapper.ParmMapper' mapperInterface
  2019-01-28 17:55:27,257 [main] DEBUG - Creating MapperFactoryBean with name 'qxInfoMapper' and 'com.sys.mapper.QxInfoMapper' mapperInterface
  2019-01-28 17:55:27,258 [main] DEBUG - Creating MapperFactoryBean with name 'qxRoleInfoMapper' and 'com.sys.mapper.QxRoleInfoMapper' mapperInterface
  2019-01-28 17:55:27,258 [main] DEBUG - Creating MapperFactoryBean with name 'lowSecurityReportMapper' and 'com.sys.mapper.report.LowSecurityReportMapper' mapperInterface
  2019-01-28 17:55:27,258 [main] DEBUG - Creating MapperFactoryBean with name 'roleInfoMapper' and 'com.sys.mapper.RoleInfoMapper' mapperInterface
  2019-01-28 17:55:27,258 [main] DEBUG - Creating MapperFactoryBean with name 'serialNumHeadMapper' and 'com.sys.mapper.serialnum.SerialNumHeadMapper' mapperInterface
  2019-01-28 17:55:27,259 [main] DEBUG - Creating MapperFactoryBean with name 'serialNumLineMapper' and 'com.sys.mapper.serialnum.SerialNumLineMapper' mapperInterface
  2019-01-28 17:55:27,259 [main] DEBUG - Creating MapperFactoryBean with name 'sourceHouseMapper' and 'com.sys.mapper.SourceHouseMapper' mapperInterface
  2019-01-28 17:55:27,259 [main] DEBUG - Creating MapperFactoryBean with name 'userInfoMapper' and 'com.sys.mapper.UserInfoMapper' mapperInterface
  2019-01-28 17:55:27,259 [main] DEBUG - Creating MapperFactoryBean with name 'userRoleInfoMapper' and 'com.sys.mapper.UserRoleInfoMapper' mapperInterface
  2019-01-28 17:55:27,259 [main] DEBUG - Creating MapperFactoryBean with name 'userTaskMapper' and 'com.sys.mapper.UserTaskMapper' mapperInterface
  2019-01-28 17:55:27,259 [main] DEBUG - Creating MapperFactoryBean with name 'volelearcDtlMapper' and 'com.sys.mapper.VolelearcDtlMapper' mapperInterface
  2019-01-28 17:55:27,259 [main] DEBUG - Creating MapperFactoryBean with name 'volelearcMapper' and 'com.sys.mapper.VolelearcMapper' mapperInterface
  2019-01-28 17:55:27,261 [main] DEBUG - Creating shared instance of singleton bean 'propertyConfigurer'
  2019-01-28 17:55:27,261 [main] DEBUG - Creating instance of bean 'propertyConfigurer'
  2019-01-28 17:55:27,262 [main] DEBUG - Eagerly caching bean 'propertyConfigurer' to allow for resolving potential circular references
  2019-01-28 17:55:27,266 [main] DEBUG - Resolved classpath location [jdbc.properties] to resources [URL [file:/E:/zhubao/target/classes/jdbc.properties]]
  2019-01-28 17:55:27,267 [main] DEBUG - Finished creating instance of bean 'propertyConfigurer'
  2019-01-28 17:55:27,267 [main] DEBUG - Loading properties file from URL [file:/E:/zhubao/target/classes/jdbc.properties]
  2019-01-28 17:55:27,272 [main] DEBUG - Creating shared instance of singleton bean 'org.springframework.context.annotation.internalAutowiredAnnotationProcessor'
  2019-01-28 17:55:27,272 [main] DEBUG - Creating instance of bean 'org.springframework.context.annotation.internalAutowiredAnnotationProcessor'
  2019-01-28 17:55:27,274 [main] DEBUG - Eagerly caching bean 'org.springframework.context.annotation.internalAutowiredAnnotationProcessor' to allow for resolving potential circular references
  2019-01-28 17:55:27,278 [main] DEBUG - Finished creating instance of bean 'org.springframework.context.annotation.internalAutowiredAnnotationProcessor'
  2019-01-28 17:55:27,278 [main] DEBUG - Creating shared instance of singleton bean 'org.springframework.context.annotation.internalRequiredAnnotationProcessor'
  2019-01-28 17:55:27,279 [main] DEBUG - Creating instance of bean 'org.springframework.context.annotation.internalRequiredAnnotationProcessor'
  2019-01-28 17:55:27,279 [main] DEBUG - Eagerly caching bean 'org.springframework.context.annotation.internalRequiredAnnotationProcessor' to allow for resolving potential circular references
  2019-01-28 17:55:27,283 [main] DEBUG - Finished creating instance of bean 'org.springframework.context.annotation.internalRequiredAnnotationProcessor'
  2019-01-28 17:55:27,283 [main] DEBUG - Creating shared instance of singleton bean 'org.springframework.context.annotation.internalCommonAnnotationProcessor'
  2019-01-28 17:55:27,284 [main] DEBUG - Creating instance of bean 'org.springframework.context.annotation.internalCommonAnnotationProcessor'
  2019-01-28 17:55:27,284 [main] DEBUG - Eagerly caching bean 'org.springframework.context.annotation.internalCommonAnnotationProcessor' to allow for resolving potential circular references
  2019-01-28 17:55:27,290 [main] DEBUG - Finished creating instance of bean 'org.springframework.context.annotation.internalCommonAnnotationProcessor'
  2019-01-28 17:55:27,291 [main] DEBUG - Creating shared instance of singleton bean 'org.springframework.aop.config.internalAutoProxyCreator'
  2019-01-28 17:55:27,291 [main] DEBUG - Creating instance of bean 'org.springframework.aop.config.internalAutoProxyCreator'
  2019-01-28 17:55:27,292 [main] DEBUG - Eagerly caching bean 'org.springframework.aop.config.internalAutoProxyCreator' to allow for resolving potential circular references
  2019-01-28 17:55:27,297 [main] DEBUG - Finished creating instance of bean 'org.springframework.aop.config.internalAutoProxyCreator'
  2019-01-28 17:55:27,297 [main] DEBUG - Unable to locate MessageSource with name 'messageSource': using default [org.springframework.context.support.DelegatingMessageSource@19662208]
  2019-01-28 17:55:27,297 [main] DEBUG - Unable to locate ApplicationEventMulticaster with name 'applicationEventMulticaster': using default [org.springframework.context.event.SimpleApplicationEventMulticaster@216c22ce]
  2019-01-28 17:55:27,300 [main] DEBUG - Pre-instantiating singletons in org.springframework.beans.factory.support.DefaultListableBeanFactory@39832280: defining beans [propertyConfigurer,dataSource,sqlSessionFactory,org.mybatis.spring.mapper.MapperScannerConfigurer#0,transactionManager,org.springframework.scheduling.quartz.SchedulerFactoryBean#0,txAdvice,org.springframework.aop.config.internalAutoProxyCreator,serviceOperation,org.springframework.aop.support.DefaultBeanFactoryPointcutAdvisor#0,batchutil,dynamicallyGeneratedWordUtil,sendPhoneCodeUtil,actGroupEntityService,actUserEntityService,annexFileService,applyButieService,applyChangeService,applyFamilyMemberService,applyForForeignService,applyForgraDuateService,applyNsService,applyService,applyUnitService,applyUserInfoFormService,approveRecordService,approveService,applyUserinfoService,blgshService,bliveGongSService,buidInfoService,messageAndFormService,contractDetailService,contractTemplateService,factMappingService,flowService,hisRentService,articleInfoService,columnInfoService,fileFtpService,homeUserInfoService,imageInfoService,itemCodeInfoService,listNumberService,lotNumService,menuInfoService,menuRoleService,messageService,myTaskService,parmItemService,parmService,qxInfoService,lowSecurityReportService,roleInfoService,scheduleJobService,serialNumService,sourceHouseService,sysExcelInfoService,holidayService,userInfoService,userRoleInfoService,userTaskService,volelearcDtlService,volelearcService,org.springframework.context.annotation.internalConfigurationAnnotationProcessor,org.springframework.context.annotation.internalAutowiredAnnotationProcessor,org.springframework.context.annotation.internalRequiredAnnotationProcessor,org.springframework.context.annotation.internalCommonAnnotationProcessor,org.springframework.context.event.internalEventListenerProcessor,org.springframework.context.event.internalEventListenerFactory,org.springframework.cache.annotation.AnnotationCacheOperationSource#0,org.springframework.cache.interceptor.CacheInterceptor#0,org.springframework.cache.config.internalCacheAdvisor,cacheManager1,ehcache,objectMapper,processEngineConfiguration,processEngine,repositoryService,runtimeService,taskService,historyService,managementService,identityService,formService,mvcContentNegotiationManager,org.springframework.web.servlet.mvc.method.annotation.RequestMappingHandlerMapping,mvcCorsConfigurations,org.springframework.format.support.FormattingConversionServiceFactoryBean#0,org.springframework.web.servlet.mvc.method.annotation.RequestMappingHandlerAdapter,mvcUriComponentsContributor,org.springframework.web.servlet.handler.MappedInterceptor#0,org.springframework.web.servlet.mvc.method.annotation.ExceptionHandlerExceptionResolver#0,org.springframework.web.servlet.mvc.annotation.ResponseStatusExceptionResolver#0,org.springframework.web.servlet.mvc.support.DefaultHandlerExceptionResolver#0,org.springframework.web.servlet.handler.BeanNameUrlHandlerMapping,org.springframework.web.servlet.mvc.HttpRequestHandlerAdapter,org.springframework.web.servlet.mvc.SimpleControllerHandlerAdapter,org.springframework.format.support.FormattingConversionServiceFactoryBean#1,org.springframework.web.servlet.handler.MappedInterceptor#1,org.springframework.web.servlet.mvc.method.annotation.ExceptionHandlerExceptionResolver#1,org.springframework.web.servlet.mvc.annotation.ResponseStatusExceptionResolver#1,org.springframework.web.servlet.mvc.support.DefaultHandlerExceptionResolver#1,viewResolver,org.springframework.web.servlet.handler.MappedInterceptor#2,multipartResolver,stringHttpMessageConverter,appApplyController,appController,appLoginController,applyButieController,applyChangeController,applyController,applyForForeginController,applyForgraDuateController,applyNsController,applyTypeController,applyUserInfoFormController,approveController,applyUserinfoController,blgshController,bliveGongSController,contractDetailController,contractTemplateController,exportExcelController,fileController,articleInfoController,columnInfoController,fileFtpController,homeUserInfoController,pageColumnController,buidInfoController,factMappingController,hisRentController,itemCodeInfoController,sourceHouseController,imageInfoController,loginController,lotNumMaController,messageController,pathController,lowSecurityReportController,flowController,holidayController,menuInfoController,menuRoleController,parmController,parmItemController,qxInfoController,roleInfoController,userInfoController,userRoleInfoController,taskController,taskNsController,testController,uploadController,volelearcController,org.springframework.web.servlet.resource.DefaultServletHttpRequestHandler#0,org.springframework.web.servlet.handler.SimpleUrlHandlerMapping#0,annexFileMapper,applyButieMapper,applyChangeMapper,applyFamilyHouseChangeMapper,applyFamilyHouseMapper,applyFamilyMemberMapper,applyForForeignMapper,applyForgraDuateMapper,applyMapper,applyNsMapper,applyUnitMapper,approveMapper,approveRecordMapper,applyUserInfoFormMapper,applyUserinfoMapper,articleInfoMapper,blgshMapper,bliveGongsDetailMapper,bliveGongSMapper,buidInfoMapper,columnInfoMapper,contractDetailMapper,contractMapper,contractTemplateMapper,excelMapper,factMappingMapper,hisRentMapper,holidayMapper,homeUserInfoMapper,imageInfoMapper,IMapper,itemCodeInfoMapper,listNumberMapper,lotNumMapper,menuInfoMapper,menuRoleInfoMapper,messageMapper,parmItemMapper,parmMapper,qxInfoMapper,qxRoleInfoMapper,lowSecurityReportMapper,roleInfoMapper,serialNumHeadMapper,serialNumLineMapper,sourceHouseMapper,userInfoMapper,userRoleInfoMapper,userTaskMapper,volelearcDtlMapper,volelearcMapper]; root of factory hierarchy
  2019-01-28 17:55:27,300 [main] DEBUG - Returning cached instance of singleton bean 'propertyConfigurer'
  2019-01-28 17:55:27,301 [main] DEBUG - Creating shared instance of singleton bean 'dataSource'
  2019-01-28 17:55:27,301 [main] DEBUG - Creating instance of bean 'dataSource'
  2019-01-28 17:55:27,302 [main] DEBUG - Creating shared instance of singleton bean 'org.springframework.aop.support.DefaultBeanFactoryPointcutAdvisor#0'
  2019-01-28 17:55:27,302 [main] DEBUG - Creating instance of bean 'org.springframework.aop.support.DefaultBeanFactoryPointcutAdvisor#0'
  2019-01-28 17:55:27,302 [main] DEBUG - Eagerly caching bean 'org.springframework.aop.support.DefaultBeanFactoryPointcutAdvisor#0' to allow for resolving potential circular references
  2019-01-28 17:55:27,306 [main] DEBUG - Creating instance of bean 'serviceOperation'
  2019-01-28 17:55:27,312 [main] DEBUG - Finished creating instance of bean 'serviceOperation'
  2019-01-28 17:55:27,312 [main] DEBUG - Finished creating instance of bean 'org.springframework.aop.support.DefaultBeanFactoryPointcutAdvisor#0'
  2019-01-28 17:55:27,313 [main] DEBUG - Creating shared instance of singleton bean 'org.springframework.cache.config.internalCacheAdvisor'
  2019-01-28 17:55:27,313 [main] DEBUG - Creating instance of bean 'org.springframework.cache.config.internalCacheAdvisor'
  2019-01-28 17:55:27,313 [main] DEBUG - Eagerly caching bean 'org.springframework.cache.config.internalCacheAdvisor' to allow for resolving potential circular references
  2019-01-28 17:55:27,318 [main] DEBUG - Creating shared instance of singleton bean 'org.springframework.cache.annotation.AnnotationCacheOperationSource#0'
  2019-01-28 17:55:27,331 [main] DEBUG - Creating instance of bean 'org.springframework.cache.annotation.AnnotationCacheOperationSource#0'
  2019-01-28 17:55:27,331 [main] DEBUG - Returning cached instance of singleton bean 'org.springframework.aop.support.DefaultBeanFactoryPointcutAdvisor#0'
  2019-01-28 17:55:27,331 [main] DEBUG - Skipping currently created advisor 'org.springframework.cache.config.internalCacheAdvisor'
  2019-01-28 17:55:27,341 [main] DEBUG - Eagerly caching bean 'org.springframework.cache.annotation.AnnotationCacheOperationSource#0' to allow for resolving potential circular references
  2019-01-28 17:55:27,344 [main] DEBUG - Returning cached instance of singleton bean 'org.springframework.aop.support.DefaultBeanFactoryPointcutAdvisor#0'
  2019-01-28 17:55:27,344 [main] DEBUG - Skipping currently created advisor 'org.springframework.cache.config.internalCacheAdvisor'
  2019-01-28 17:55:27,345 [main] DEBUG - Returning cached instance of singleton bean 'org.springframework.aop.support.DefaultBeanFactoryPointcutAdvisor#0'
  2019-01-28 17:55:27,345 [main] DEBUG - Skipping currently created advisor 'org.springframework.cache.config.internalCacheAdvisor'
  2019-01-28 17:55:27,349 [main] DEBUG - Finished creating instance of bean 'org.springframework.cache.annotation.AnnotationCacheOperationSource#0'
  2019-01-28 17:55:27,350 [main] DEBUG - Finished creating instance of bean 'org.springframework.cache.config.internalCacheAdvisor'
  2019-01-28 17:55:27,352 [main] DEBUG - Eagerly caching bean 'dataSource' to allow for resolving potential circular references
  2019-01-28 17:55:27,390 [main] DEBUG - Invoking init method  'init' on bean with name 'dataSource'
  2019-01-28 17:55:27,392 [main] ERROR - invalid oracle validationQuery. SELECT 'x', may should be : SELECT 'x' FROM DUAL
  2019-01-28 17:55:28,572 [main] INFO  - {dataSource-2} inited
  2019-01-28 17:55:28,572 [main] DEBUG - Returning cached instance of singleton bean 'org.springframework.aop.support.DefaultBeanFactoryPointcutAdvisor#0'
  2019-01-28 17:55:28,572 [main] DEBUG - Returning cached instance of singleton bean 'org.springframework.cache.config.internalCacheAdvisor'
  2019-01-28 17:55:28,573 [main] DEBUG - Returning cached instance of singleton bean 'org.springframework.aop.support.DefaultBeanFactoryPointcutAdvisor#0'
  2019-01-28 17:55:28,573 [main] DEBUG - Returning cached instance of singleton bean 'org.springframework.cache.config.internalCacheAdvisor'
  2019-01-28 17:55:28,617 [main] DEBUG - Finished creating instance of bean 'dataSource'
  2019-01-28 17:55:28,618 [main] DEBUG - Creating shared instance of singleton bean 'sqlSessionFactory'
  2019-01-28 17:55:28,618 [main] DEBUG - Creating instance of bean 'sqlSessionFactory'
  2019-01-28 17:55:28,618 [main] DEBUG - Returning cached instance of singleton bean 'org.springframework.aop.support.DefaultBeanFactoryPointcutAdvisor#0'
  2019-01-28 17:55:28,618 [main] DEBUG - Returning cached instance of singleton bean 'org.springframework.cache.config.internalCacheAdvisor'
  2019-01-28 17:55:28,618 [main] DEBUG - Eagerly caching bean 'sqlSessionFactory' to allow for resolving potential circular references
  2019-01-28 17:55:28,621 [main] DEBUG - Returning cached instance of singleton bean 'dataSource'
  2019-01-28 17:55:28,622 [main] DEBUG - Looking for matching resources in directory tree [E:\zhubao\target\classes\com\sys\mapper]
  2019-01-28 17:55:28,622 [main] DEBUG - Searching directory [E:\zhubao\target\classes\com\sys\mapper] for files matching pattern [E:/zhubao/target/classes/com/sys/mapper/**/*.xml]
  2019-01-28 17:55:28,623 [main] DEBUG - Searching directory [E:\zhubao\target\classes\com\sys\mapper\apply] for files matching pattern [E:/zhubao/target/classes/com/sys/mapper/**/*.xml]
  2019-01-28 17:55:28,624 [main] DEBUG - Searching directory [E:\zhubao\target\classes\com\sys\mapper\blagsh] for files matching pattern [E:/zhubao/target/classes/com/sys/mapper/**/*.xml]
  2019-01-28 17:55:28,625 [main] DEBUG - Searching directory [E:\zhubao\target\classes\com\sys\mapper\contract] for files matching pattern [E:/zhubao/target/classes/com/sys/mapper/**/*.xml]
  2019-01-28 17:55:28,626 [main] DEBUG - Searching directory [E:\zhubao\target\classes\com\sys\mapper\lotnum] for files matching pattern [E:/zhubao/target/classes/com/sys/mapper/**/*.xml]
  2019-01-28 17:55:28,627 [main] DEBUG - Searching directory [E:\zhubao\target\classes\com\sys\mapper\report] for files matching pattern [E:/zhubao/target/classes/com/sys/mapper/**/*.xml]
  2019-01-28 17:55:28,627 [main] DEBUG - Searching directory [E:\zhubao\target\classes\com\sys\mapper\serialnum] for files matching pattern [E:/zhubao/target/classes/com/sys/mapper/**/*.xml]
  2019-01-28 17:55:28,628 [main] DEBUG - Searching directory [E:\zhubao\target\classes\com\sys\mapper\xml] for files matching pattern [E:/zhubao/target/classes/com/sys/mapper/**/*.xml]
  2019-01-28 17:55:28,629 [main] DEBUG - Searching directory [E:\zhubao\target\classes\com\sys\mapper\xml\apply] for files matching pattern [E:/zhubao/target/classes/com/sys/mapper/**/*.xml]
  2019-01-28 17:55:28,631 [main] DEBUG - Searching directory [E:\zhubao\target\classes\com\sys\mapper\xml\blagsh] for files matching pattern [E:/zhubao/target/classes/com/sys/mapper/**/*.xml]
  2019-01-28 17:55:28,632 [main] DEBUG - Searching directory [E:\zhubao\target\classes\com\sys\mapper\xml\contract] for files matching pattern [E:/zhubao/target/classes/com/sys/mapper/**/*.xml]
  2019-01-28 17:55:28,633 [main] DEBUG - Searching directory [E:\zhubao\target\classes\com\sys\mapper\xml\lotnum] for files matching pattern [E:/zhubao/target/classes/com/sys/mapper/**/*.xml]
  2019-01-28 17:55:28,634 [main] DEBUG - Searching directory [E:\zhubao\target\classes\com\sys\mapper\xml\report] for files matching pattern [E:/zhubao/target/classes/com/sys/mapper/**/*.xml]
  2019-01-28 17:55:28,635 [main] DEBUG - Searching directory [E:\zhubao\target\classes\com\sys\mapper\xml\serialnum] for files matching pattern [E:/zhubao/target/classes/com/sys/mapper/**/*.xml]
  2019-01-28 17:55:28,636 [main] DEBUG - Resolved location pattern [classpath:com/sys/mapper/**/*.xml] to resources [file [E:\zhubao\target\classes\com\sys\mapper\xml\AnnexFileMapper.xml], file [E:\zhubao\target\classes\com\sys\mapper\xml\apply\ApplyButieMapper.xml], file [E:\zhubao\target\classes\com\sys\mapper\xml\apply\ApplyChangeMapper.xml], file [E:\zhubao\target\classes\com\sys\mapper\xml\apply\ApplyFamilyHouseChangeMapper.xml], file [E:\zhubao\target\classes\com\sys\mapper\xml\apply\ApplyFamilyHouseMapper.xml], file [E:\zhubao\target\classes\com\sys\mapper\xml\apply\ApplyFamilyMemberMapper.xml], file [E:\zhubao\target\classes\com\sys\mapper\xml\apply\ApplyForForeignMapper.xml], file [E:\zhubao\target\classes\com\sys\mapper\xml\apply\ApplyForgraDuateMapper.xml], file [E:\zhubao\target\classes\com\sys\mapper\xml\apply\ApplyMapper.xml], file [E:\zhubao\target\classes\com\sys\mapper\xml\apply\ApplyNsMapper.xml], file [E:\zhubao\target\classes\com\sys\mapper\xml\apply\ApplyUnitMapper.xml], file [E:\zhubao\target\classes\com\sys\mapper\xml\apply\ApplyUserInfoFormMapper.xml], file [E:\zhubao\target\classes\com\sys\mapper\xml\apply\ApproveRecordMapper.xml], file [E:\zhubao\target\classes\com\sys\mapper\xml\ApplyUserinfoMapper.xml], file [E:\zhubao\target\classes\com\sys\mapper\xml\ApproveMapper.xml], file [E:\zhubao\target\classes\com\sys\mapper\xml\ArticleInfoMapper.xml], file [E:\zhubao\target\classes\com\sys\mapper\xml\blagsh\BlgshMapper.xml], file [E:\zhubao\target\classes\com\sys\mapper\xml\blagsh\BliveGongsDetailMapper.xml], file [E:\zhubao\target\classes\com\sys\mapper\xml\blagsh\BliveGongSMapper.xml], file [E:\zhubao\target\classes\com\sys\mapper\xml\BuidInfoMapper.xml], file [E:\zhubao\target\classes\com\sys\mapper\xml\ColumnInfoMapper.xml], file [E:\zhubao\target\classes\com\sys\mapper\xml\contract\ContractDetailMapper.xml], file [E:\zhubao\target\classes\com\sys\mapper\xml\contract\ContractMapper.xml], file [E:\zhubao\target\classes\com\sys\mapper\xml\contract\ContractTemplateMapper.xml], file [E:\zhubao\target\classes\com\sys\mapper\xml\ExcelMapper.xml], file [E:\zhubao\target\classes\com\sys\mapper\xml\FactMappingMapper.xml], file [E:\zhubao\target\classes\com\sys\mapper\xml\HisRentMapper.xml], file [E:\zhubao\target\classes\com\sys\mapper\xml\HolidayMapper.xml], file [E:\zhubao\target\classes\com\sys\mapper\xml\HomeUserInfoMapper.xml], file [E:\zhubao\target\classes\com\sys\mapper\xml\ImageInfoMapper.xml], file [E:\zhubao\target\classes\com\sys\mapper\xml\ItemCodeInfoMapper.xml], file [E:\zhubao\target\classes\com\sys\mapper\xml\ListNumberMapper.xml], file [E:\zhubao\target\classes\com\sys\mapper\xml\lotnum\LotNumMapper.xml], file [E:\zhubao\target\classes\com\sys\mapper\xml\MenuInfoMapper.xml], file [E:\zhubao\target\classes\com\sys\mapper\xml\MenuRoleInfoMapper.xml], file [E:\zhubao\target\classes\com\sys\mapper\xml\MessageMapper.xml], file [E:\zhubao\target\classes\com\sys\mapper\xml\ParmItemMapper.xml], file [E:\zhubao\target\classes\com\sys\mapper\xml\ParmMapper.xml], file [E:\zhubao\target\classes\com\sys\mapper\xml\QxInfoMapper.xml], file [E:\zhubao\target\classes\com\sys\mapper\xml\QxRoleInfoMapper.xml], file [E:\zhubao\target\classes\com\sys\mapper\xml\report\LowSecurityReportMapper.xml], file [E:\zhubao\target\classes\com\sys\mapper\xml\RoleInfoMapper.xml], file [E:\zhubao\target\classes\com\sys\mapper\xml\serialnum\SerialNumHeadMapper.xml], file [E:\zhubao\target\classes\com\sys\mapper\xml\serialnum\SerialNumLineMapper.xml], file [E:\zhubao\target\classes\com\sys\mapper\xml\SourceHouseMapper.xml], file [E:\zhubao\target\classes\com\sys\mapper\xml\UserInfoMapper.xml], file [E:\zhubao\target\classes\com\sys\mapper\xml\UserRoleInfoMapper.xml], file [E:\zhubao\target\classes\com\sys\mapper\xml\UserTask.xml], file [E:\zhubao\target\classes\com\sys\mapper\xml\VolelearcDtlMapper.xml], file [E:\zhubao\target\classes\com\sys\mapper\xml\VolelearcMapper.xml]]
  2019-01-28 17:55:28,661 [main] DEBUG - Invoking afterPropertiesSet() on bean with name 'sqlSessionFactory'
  2019-01-28 17:55:28,667 [main] DEBUG - Find JAR URL: file:/E:/zhubao/target/classes/com/sys/pojo
  2019-01-28 17:55:28,667 [main] DEBUG - Not a JAR: file:/E:/zhubao/target/classes/com/sys/pojo
  2019-01-28 17:55:28,671 [main] DEBUG - Reader entry: AnnexFile.class
  2019-01-28 17:55:28,672 [main] DEBUG - Reader entry: apply
  2019-01-28 17:55:28,672 [main] DEBUG - Reader entry: ApplyUserinfo.class
  2019-01-28 17:55:28,673 [main] DEBUG - Reader entry: ApplyUserInfoForm.class
  2019-01-28 17:55:28,674 [main] DEBUG - Reader entry: ArticleInfo.class
  2019-01-28 17:55:28,674 [main] DEBUG - Reader entry: blagsh
  2019-01-28 17:55:28,675 [main] DEBUG - Reader entry: BuidInfo.class
  2019-01-28 17:55:28,675 [main] DEBUG - Reader entry: ColumnInfo.class
  2019-01-28 17:55:28,676 [main] DEBUG - Reader entry: contract
  2019-01-28 17:55:28,677 [main] DEBUG - Reader entry: Excel
  2019-01-28 17:55:28,677 [main] DEBUG - Reader entry: extend
  2019-01-28 17:55:28,678 [main] DEBUG - Reader entry: FactMapping.class
  2019-01-28 17:55:28,678 [main] DEBUG - Reader entry: HisRent.class
  2019-01-28 17:55:28,679 [main] DEBUG - Reader entry: Holiday.class
  2019-01-28 17:55:28,679 [main] DEBUG - Reader entry: HomeUserInfo.class
  2019-01-28 17:55:28,680 [main] DEBUG - Reader entry: ImageInfo.class
  2019-01-28 17:55:28,681 [main] DEBUG - Reader entry: ItemCodeInfo.class
  2019-01-28 17:55:28,681 [main] DEBUG - Reader entry: ListNumber.class
  2019-01-28 17:55:28,682 [main] DEBUG - Reader entry: lotnum
  2019-01-28 17:55:28,682 [main] DEBUG - Reader entry: MenuInfo.class
  2019-01-28 17:55:28,683 [main] DEBUG - Reader entry: MenuRoleInfo.class
  2019-01-28 17:55:28,683 [main] DEBUG - Reader entry: Message.class
  2019-01-28 17:55:28,684 [main] DEBUG - Reader entry: PageInfo.class
  2019-01-28 17:55:28,685 [main] DEBUG - Reader entry: Parm.class
  2019-01-28 17:55:28,685 [main] DEBUG - Reader entry: ParmItem.class
  2019-01-28 17:55:28,686 [main] DEBUG - Reader entry: QxInfo.class
  2019-01-28 17:55:28,686 [main] DEBUG - Reader entry: QxRoleInfo.class
  2019-01-28 17:55:28,687 [main] DEBUG - Reader entry: report
  2019-01-28 17:55:28,687 [main] DEBUG - Reader entry: RoleInfo.class
  2019-01-28 17:55:28,688 [main] DEBUG - Reader entry: serialnum
  2019-01-28 17:55:28,689 [main] DEBUG - Reader entry: SourceHouse.class
  2019-01-28 17:55:28,689 [main] DEBUG - Reader entry: UserInfo.class
  2019-01-28 17:55:28,690 [main] DEBUG - Reader entry: UserRoleInfo.class
  2019-01-28 17:55:28,690 [main] DEBUG - Reader entry: UserTask.class
  2019-01-28 17:55:28,691 [main] DEBUG - Reader entry: Volelearc.class
  2019-01-28 17:55:28,692 [main] DEBUG - Reader entry: VolelearcDtl.class
  2019-01-28 17:55:28,693 [main] DEBUG - Listing file:/E:/zhubao/target/classes/com/sys/pojo
  2019-01-28 17:55:28,693 [main] DEBUG - Find JAR URL: file:/E:/zhubao/target/classes/com/sys/pojo/AnnexFile.class
  2019-01-28 17:55:28,693 [main] DEBUG - Not a JAR: file:/E:/zhubao/target/classes/com/sys/pojo/AnnexFile.class
  2019-01-28 17:55:28,694 [main] DEBUG - Reader entry: 漱壕&amp#0;&amp#0;&amp#0;2&amp#0;<
  2019-01-28 17:55:28,694 [main] DEBUG - Find JAR URL: file:/E:/zhubao/target/classes/com/sys/pojo/apply
  2019-01-28 17:55:28,695 [main] DEBUG - Not a JAR: file:/E:/zhubao/target/classes/com/sys/pojo/apply
  2019-01-28 17:55:28,696 [main] DEBUG - Reader entry: Apply.class
  2019-01-28 17:55:28,696 [main] DEBUG - Reader entry: ApplyButie.class
  2019-01-28 17:55:28,697 [main] DEBUG - Reader entry: ApplyChange.class
  2019-01-28 17:55:28,698 [main] DEBUG - Reader entry: ApplyFamilyHouse.class
  2019-01-28 17:55:28,698 [main] DEBUG - Reader entry: ApplyFamilyHouseChange.class
  2019-01-28 17:55:28,699 [main] DEBUG - Reader entry: ApplyFamilyMember.class
  2019-01-28 17:55:28,700 [main] DEBUG - Reader entry: ApplyForForeign.class
  2019-01-28 17:55:28,701 [main] DEBUG - Reader entry: ApplyForgraDuate.class
  2019-01-28 17:55:28,701 [main] DEBUG - Reader entry: ApplyNs.class
  2019-01-28 17:55:28,702 [main] DEBUG - Reader entry: ApplyUnit.class
  2019-01-28 17:55:28,703 [main] DEBUG - Reader entry: Approve.class
  2019-01-28 17:55:28,704 [main] DEBUG - Reader entry: ApproveRecord.class
  2019-01-28 17:55:28,704 [main] DEBUG - Reader entry: ContractTemplateFillingDataPojo.class
  2019-01-28 17:55:28,705 [main] DEBUG - Listing file:/E:/zhubao/target/classes/com/sys/pojo/apply
  2019-01-28 17:55:28,705 [main] DEBUG - Find JAR URL: file:/E:/zhubao/target/classes/com/sys/pojo/apply/Apply.class
  2019-01-28 17:55:28,706 [main] DEBUG - Not a JAR: file:/E:/zhubao/target/classes/com/sys/pojo/apply/Apply.class
  2019-01-28 17:55:28,707 [main] DEBUG - Reader entry: 漱壕&amp#0;&amp#0;&amp#0;2&amp#1;O
  2019-01-28 17:55:28,708 [main] DEBUG - Find JAR URL: file:/E:/zhubao/target/classes/com/sys/pojo/apply/ApplyButie.class
  2019-01-28 17:55:28,708 [main] DEBUG - Not a JAR: file:/E:/zhubao/target/classes/com/sys/pojo/apply/ApplyButie.class
  2019-01-28 17:55:28,709 [main] DEBUG - Reader entry: 漱壕&amp#0;&amp#0;&amp#0;2&amp#1;?
  2019-01-28 17:55:28,710 [main] DEBUG - Find JAR URL: file:/E:/zhubao/target/classes/com/sys/pojo/apply/ApplyChange.class
  2019-01-28 17:55:28,713 [main] DEBUG - Not a JAR: file:/E:/zhubao/target/classes/com/sys/pojo/apply/ApplyChange.class
  2019-01-28 17:55:28,714 [main] DEBUG - Reader entry: 漱壕&amp#0;&amp#0;&amp#0;2&amp#0;[
  2019-01-28 17:55:28,715 [main] DEBUG - Find JAR URL: file:/E:/zhubao/target/classes/com/sys/pojo/apply/ApplyFamilyHouse.class
  2019-01-28 17:55:28,715 [main] DEBUG - Not a JAR: file:/E:/zhubao/target/classes/com/sys/pojo/apply/ApplyFamilyHouse.class
  2019-01-28 17:55:28,716 [main] DEBUG - Reader entry: 漱壕&amp#0;&amp#0;&amp#0;2&amp#0;P
  2019-01-28 17:55:28,717 [main] DEBUG - Find JAR URL: file:/E:/zhubao/target/classes/com/sys/pojo/apply/ApplyFamilyHouseChange.class
  2019-01-28 17:55:28,717 [main] DEBUG - Not a JAR: file:/E:/zhubao/target/classes/com/sys/pojo/apply/ApplyFamilyHouseChange.class
  2019-01-28 17:55:28,718 [main] DEBUG - Reader entry: 漱壕&amp#0;&amp#0;&amp#0;2&amp#0;Z
  2019-01-28 17:55:28,718 [main] DEBUG - Find JAR URL: file:/E:/zhubao/target/classes/com/sys/pojo/apply/ApplyFamilyMember.class
  2019-01-28 17:55:28,718 [main] DEBUG - Not a JAR: file:/E:/zhubao/target/classes/com/sys/pojo/apply/ApplyFamilyMember.class
  2019-01-28 17:55:28,719 [main] DEBUG - Reader entry: 漱壕&amp#0;&amp#0;&amp#0;2&amp#0;?
  2019-01-28 17:55:28,720 [main] DEBUG - Find JAR URL: file:/E:/zhubao/target/classes/com/sys/pojo/apply/ApplyForForeign.class
  2019-01-28 17:55:28,720 [main] DEBUG - Not a JAR: file:/E:/zhubao/target/classes/com/sys/pojo/apply/ApplyForForeign.class
  2019-01-28 17:55:28,721 [main] DEBUG - Reader entry: 漱壕&amp#0;&amp#0;&amp#0;2&amp#1;!
  2019-01-28 17:55:28,722 [main] DEBUG - Find JAR URL: file:/E:/zhubao/target/classes/com/sys/pojo/apply/ApplyForgraDuate.class
  2019-01-28 17:55:28,722 [main] DEBUG - Not a JAR: file:/E:/zhubao/target/classes/com/sys/pojo/apply/ApplyForgraDuate.class
  2019-01-28 17:55:28,723 [main] DEBUG - Reader entry: 漱壕&amp#0;&amp#0;&amp#0;2&amp#1;4
  2019-01-28 17:55:28,724 [main] DEBUG - Find JAR URL: file:/E:/zhubao/target/classes/com/sys/pojo/apply/ApplyNs.class
  2019-01-28 17:55:28,724 [main] DEBUG - Not a JAR: file:/E:/zhubao/target/classes/com/sys/pojo/apply/ApplyNs.class
  2019-01-28 17:55:28,725 [main] DEBUG - Reader entry: 漱壕&amp#0;&amp#0;&amp#0;2&amp#1;&amp#31;
  2019-01-28 17:55:28,726 [main] DEBUG - Find JAR URL: file:/E:/zhubao/target/classes/com/sys/pojo/apply/ApplyUnit.class
  2019-01-28 17:55:28,726 [main] DEBUG - Not a JAR: file:/E:/zhubao/target/classes/com/sys/pojo/apply/ApplyUnit.class
  2019-01-28 17:55:28,729 [main] DEBUG - Reader entry: 漱壕&amp#0;&amp#0;&amp#0;2&amp#0;C
  2019-01-28 17:55:28,729 [main] DEBUG - Find JAR URL: file:/E:/zhubao/target/classes/com/sys/pojo/apply/Approve.class
  2019-01-28 17:55:28,730 [main] DEBUG - Not a JAR: file:/E:/zhubao/target/classes/com/sys/pojo/apply/Approve.class
  2019-01-28 17:55:28,730 [main] DEBUG - Reader entry: 漱壕&amp#0;&amp#0;&amp#0;2&amp#0;?
  2019-01-28 17:55:28,731 [main] DEBUG - Find JAR URL: file:/E:/zhubao/target/classes/com/sys/pojo/apply/ApproveRecord.class
  2019-01-28 17:55:28,731 [main] DEBUG - Not a JAR: file:/E:/zhubao/target/classes/com/sys/pojo/apply/ApproveRecord.class
  2019-01-28 17:55:28,732 [main] DEBUG - Reader entry: 漱壕&amp#0;&amp#0;&amp#0;2&amp#0;d
  2019-01-28 17:55:28,733 [main] DEBUG - Find JAR URL: file:/E:/zhubao/target/classes/com/sys/pojo/apply/ContractTemplateFillingDataPojo.class
  2019-01-28 17:55:28,733 [main] DEBUG - Not a JAR: file:/E:/zhubao/target/classes/com/sys/pojo/apply/ContractTemplateFillingDataPojo.class
  2019-01-28 17:55:28,734 [main] DEBUG - Reader entry: 漱壕&amp#0;&amp#0;&amp#0;2&amp#1;l
  2019-01-28 17:55:28,735 [main] DEBUG - Find JAR URL: file:/E:/zhubao/target/classes/com/sys/pojo/ApplyUserinfo.class
  2019-01-28 17:55:28,735 [main] DEBUG - Not a JAR: file:/E:/zhubao/target/classes/com/sys/pojo/ApplyUserinfo.class
  2019-01-28 17:55:28,736 [main] DEBUG - Reader entry: 漱壕&amp#0;&amp#0;&amp#0;2&amp#0;?
  2019-01-28 17:55:28,736 [main] DEBUG - Find JAR URL: file:/E:/zhubao/target/classes/com/sys/pojo/ApplyUserInfoForm.class
  2019-01-28 17:55:28,737 [main] DEBUG - Not a JAR: file:/E:/zhubao/target/classes/com/sys/pojo/ApplyUserInfoForm.class
  2019-01-28 17:55:28,737 [main] DEBUG - Reader entry: 漱壕&amp#0;&amp#0;&amp#0;2&amp#0;9
  2019-01-28 17:55:28,738 [main] DEBUG - Find JAR URL: file:/E:/zhubao/target/classes/com/sys/pojo/ArticleInfo.class
  2019-01-28 17:55:28,738 [main] DEBUG - Not a JAR: file:/E:/zhubao/target/classes/com/sys/pojo/ArticleInfo.class
  2019-01-28 17:55:28,739 [main] DEBUG - Reader entry: 漱壕&amp#0;&amp#0;&amp#0;2&amp#0;?
  2019-01-28 17:55:28,739 [main] DEBUG - Find JAR URL: file:/E:/zhubao/target/classes/com/sys/pojo/blagsh
  2019-01-28 17:55:28,740 [main] DEBUG - Not a JAR: file:/E:/zhubao/target/classes/com/sys/pojo/blagsh
  2019-01-28 17:55:28,741 [main] DEBUG - Reader entry: Blgsh.class
  2019-01-28 17:55:28,741 [main] DEBUG - Reader entry: BliveGongS.class
  2019-01-28 17:55:28,742 [main] DEBUG - Reader entry: BliveGongsDetail.class
  2019-01-28 17:55:28,742 [main] DEBUG - Listing file:/E:/zhubao/target/classes/com/sys/pojo/blagsh
  2019-01-28 17:55:28,743 [main] DEBUG - Find JAR URL: file:/E:/zhubao/target/classes/com/sys/pojo/blagsh/Blgsh.class
  2019-01-28 17:55:28,743 [main] DEBUG - Not a JAR: file:/E:/zhubao/target/classes/com/sys/pojo/blagsh/Blgsh.class
  2019-01-28 17:55:28,744 [main] DEBUG - Reader entry: 漱壕&amp#0;&amp#0;&amp#0;2&amp#0;F
  2019-01-28 17:55:28,744 [main] DEBUG - Find JAR URL: file:/E:/zhubao/target/classes/com/sys/pojo/blagsh/BliveGongS.class
  2019-01-28 17:55:28,745 [main] DEBUG - Not a JAR: file:/E:/zhubao/target/classes/com/sys/pojo/blagsh/BliveGongS.class
  2019-01-28 17:55:28,745 [main] DEBUG - Reader entry: 漱壕&amp#0;&amp#0;&amp#0;2&amp#0;?
  2019-01-28 17:55:28,746 [main] DEBUG - Find JAR URL: file:/E:/zhubao/target/classes/com/sys/pojo/blagsh/BliveGongsDetail.class
  2019-01-28 17:55:28,746 [main] DEBUG - Not a JAR: file:/E:/zhubao/target/classes/com/sys/pojo/blagsh/BliveGongsDetail.class
  2019-01-28 17:55:28,747 [main] DEBUG - Reader entry: 漱壕&amp#0;&amp#0;&amp#0;2&amp#0;4
  2019-01-28 17:55:28,748 [main] DEBUG - Find JAR URL: file:/E:/zhubao/target/classes/com/sys/pojo/BuidInfo.class
  2019-01-28 17:55:28,748 [main] DEBUG - Not a JAR: file:/E:/zhubao/target/classes/com/sys/pojo/BuidInfo.class
  2019-01-28 17:55:28,749 [main] DEBUG - Reader entry: 漱壕&amp#0;&amp#0;&amp#0;2&amp#1;&amp#18;
  2019-01-28 17:55:28,750 [main] DEBUG - Find JAR URL: file:/E:/zhubao/target/classes/com/sys/pojo/ColumnInfo.class
  2019-01-28 17:55:28,750 [main] DEBUG - Not a JAR: file:/E:/zhubao/target/classes/com/sys/pojo/ColumnInfo.class
  2019-01-28 17:55:28,751 [main] DEBUG - Reader entry: 漱壕&amp#0;&amp#0;&amp#0;2&amp#0;?
  2019-01-28 17:55:28,751 [main] DEBUG - Find JAR URL: file:/E:/zhubao/target/classes/com/sys/pojo/contract
  2019-01-28 17:55:28,752 [main] DEBUG - Not a JAR: file:/E:/zhubao/target/classes/com/sys/pojo/contract
  2019-01-28 17:55:28,754 [main] DEBUG - Reader entry: Contract.class
  2019-01-28 17:55:28,755 [main] DEBUG - Reader entry: ContractDetail.class
  2019-01-28 17:55:28,756 [main] DEBUG - Reader entry: ContractTemplate.class
  2019-01-28 17:55:28,756 [main] DEBUG - Reader entry: ContractUserPojo.class
  2019-01-28 17:55:28,757 [main] DEBUG - Listing file:/E:/zhubao/target/classes/com/sys/pojo/contract
  2019-01-28 17:55:28,757 [main] DEBUG - Find JAR URL: file:/E:/zhubao/target/classes/com/sys/pojo/contract/Contract.class
  2019-01-28 17:55:28,758 [main] DEBUG - Not a JAR: file:/E:/zhubao/target/classes/com/sys/pojo/contract/Contract.class
  2019-01-28 17:55:28,759 [main] DEBUG - Reader entry: 漱壕&amp#0;&amp#0;&amp#0;2&amp#1;?
  2019-01-28 17:55:28,759 [main] DEBUG - Find JAR URL: file:/E:/zhubao/target/classes/com/sys/pojo/contract/ContractDetail.class
  2019-01-28 17:55:28,760 [main] DEBUG - Not a JAR: file:/E:/zhubao/target/classes/com/sys/pojo/contract/ContractDetail.class
  2019-01-28 17:55:28,761 [main] DEBUG - Reader entry: 漱壕&amp#0;&amp#0;&amp#0;2&amp#0;?
  2019-01-28 17:55:28,761 [main] DEBUG - Find JAR URL: file:/E:/zhubao/target/classes/com/sys/pojo/contract/ContractTemplate.class
  2019-01-28 17:55:28,762 [main] DEBUG - Not a JAR: file:/E:/zhubao/target/classes/com/sys/pojo/contract/ContractTemplate.class
  2019-01-28 17:55:28,762 [main] DEBUG - Reader entry: 漱壕&amp#0;&amp#0;&amp#0;2&amp#0;e
  2019-01-28 17:55:28,763 [main] DEBUG - Find JAR URL: file:/E:/zhubao/target/classes/com/sys/pojo/contract/ContractUserPojo.class
  2019-01-28 17:55:28,763 [main] DEBUG - Not a JAR: file:/E:/zhubao/target/classes/com/sys/pojo/contract/ContractUserPojo.class
  2019-01-28 17:55:28,764 [main] DEBUG - Reader entry: 漱壕&amp#0;&amp#0;&amp#0;2&amp#0;?
  2019-01-28 17:55:28,765 [main] DEBUG - Find JAR URL: file:/E:/zhubao/target/classes/com/sys/pojo/Excel
  2019-01-28 17:55:28,765 [main] DEBUG - Not a JAR: file:/E:/zhubao/target/classes/com/sys/pojo/Excel
  2019-01-28 17:55:28,766 [main] DEBUG - Reader entry: ExcelBean.class
  2019-01-28 17:55:28,767 [main] DEBUG - Listing file:/E:/zhubao/target/classes/com/sys/pojo/Excel
  2019-01-28 17:55:28,767 [main] DEBUG - Find JAR URL: file:/E:/zhubao/target/classes/com/sys/pojo/Excel/ExcelBean.class
  2019-01-28 17:55:28,767 [main] DEBUG - Not a JAR: file:/E:/zhubao/target/classes/com/sys/pojo/Excel/ExcelBean.class
  2019-01-28 17:55:28,768 [main] DEBUG - Reader entry: 漱壕&amp#0;&amp#0;&amp#0;2&amp#0;/
  2019-01-28 17:55:28,769 [main] DEBUG - Find JAR URL: file:/E:/zhubao/target/classes/com/sys/pojo/extend
  2019-01-28 17:55:28,769 [main] DEBUG - Not a JAR: file:/E:/zhubao/target/classes/com/sys/pojo/extend
  2019-01-28 17:55:28,770 [main] DEBUG - Reader entry: DataGridResult.class
  2019-01-28 17:55:28,771 [main] DEBUG - Listing file:/E:/zhubao/target/classes/com/sys/pojo/extend
  2019-01-28 17:55:28,771 [main] DEBUG - Find JAR URL: file:/E:/zhubao/target/classes/com/sys/pojo/extend/DataGridResult.class
  2019-01-28 17:55:28,771 [main] DEBUG - Not a JAR: file:/E:/zhubao/target/classes/com/sys/pojo/extend/DataGridResult.class
  2019-01-28 17:55:28,772 [main] DEBUG - Reader entry: 漱壕&amp#0;&amp#0;&amp#0;2&amp#0;'
  2019-01-28 17:55:28,773 [main] DEBUG - Find JAR URL: file:/E:/zhubao/target/classes/com/sys/pojo/FactMapping.class
  2019-01-28 17:55:28,773 [main] DEBUG - Not a JAR: file:/E:/zhubao/target/classes/com/sys/pojo/FactMapping.class
  2019-01-28 17:55:28,774 [main] DEBUG - Reader entry: 漱壕&amp#0;&amp#0;&amp#0;2&amp#1;#
  2019-01-28 17:55:28,775 [main] DEBUG - Find JAR URL: file:/E:/zhubao/target/classes/com/sys/pojo/HisRent.class
  2019-01-28 17:55:28,775 [main] DEBUG - Not a JAR: file:/E:/zhubao/target/classes/com/sys/pojo/HisRent.class
  2019-01-28 17:55:28,776 [main] DEBUG - Reader entry: 漱壕&amp#0;&amp#0;&amp#0;2&amp#0;M
  2019-01-28 17:55:28,776 [main] DEBUG - Find JAR URL: file:/E:/zhubao/target/classes/com/sys/pojo/Holiday.class
  2019-01-28 17:55:28,777 [main] DEBUG - Not a JAR: file:/E:/zhubao/target/classes/com/sys/pojo/Holiday.class
  2019-01-28 17:55:28,777 [main] DEBUG - Reader entry: 漱壕&amp#0;&amp#0;&amp#0;2&amp#0;P
  2019-01-28 17:55:28,778 [main] DEBUG - Find JAR URL: file:/E:/zhubao/target/classes/com/sys/pojo/HomeUserInfo.class
  2019-01-28 17:55:28,778 [main] DEBUG - Not a JAR: file:/E:/zhubao/target/classes/com/sys/pojo/HomeUserInfo.class
  2019-01-28 17:55:28,779 [main] DEBUG - Reader entry: 漱壕&amp#0;&amp#0;&amp#0;2&amp#0;V
  2019-01-28 17:55:28,779 [main] DEBUG - Find JAR URL: file:/E:/zhubao/target/classes/com/sys/pojo/ImageInfo.class
  2019-01-28 17:55:28,780 [main] DEBUG - Not a JAR: file:/E:/zhubao/target/classes/com/sys/pojo/ImageInfo.class
  2019-01-28 17:55:28,780 [main] DEBUG - Reader entry: 漱壕&amp#0;&amp#0;&amp#0;2&amp#0;g
  2019-01-28 17:55:28,781 [main] DEBUG - Find JAR URL: file:/E:/zhubao/target/classes/com/sys/pojo/ItemCodeInfo.class
  2019-01-28 17:55:28,781 [main] DEBUG - Not a JAR: file:/E:/zhubao/target/classes/com/sys/pojo/ItemCodeInfo.class
  2019-01-28 17:55:28,782 [main] DEBUG - Reader entry: 漱壕&amp#0;&amp#0;&amp#0;2&amp#0;?
  2019-01-28 17:55:28,782 [main] DEBUG - Find JAR URL: file:/E:/zhubao/target/classes/com/sys/pojo/ListNumber.class
  2019-01-28 17:55:28,783 [main] DEBUG - Not a JAR: file:/E:/zhubao/target/classes/com/sys/pojo/ListNumber.class
  2019-01-28 17:55:28,784 [main] DEBUG - Reader entry: 漱壕&amp#0;&amp#0;&amp#0;2&amp#0;2
  2019-01-28 17:55:28,784 [main] DEBUG - Find JAR URL: file:/E:/zhubao/target/classes/com/sys/pojo/lotnum
  2019-01-28 17:55:28,785 [main] DEBUG - Not a JAR: file:/E:/zhubao/target/classes/com/sys/pojo/lotnum
  2019-01-28 17:55:28,786 [main] DEBUG - Reader entry: LotNum.class
  2019-01-28 17:55:28,786 [main] DEBUG - Listing file:/E:/zhubao/target/classes/com/sys/pojo/lotnum
  2019-01-28 17:55:28,787 [main] DEBUG - Find JAR URL: file:/E:/zhubao/target/classes/com/sys/pojo/lotnum/LotNum.class
  2019-01-28 17:55:28,787 [main] DEBUG - Not a JAR: file:/E:/zhubao/target/classes/com/sys/pojo/lotnum/LotNum.class
  2019-01-28 17:55:28,788 [main] DEBUG - Reader entry: 漱壕&amp#0;&amp#0;&amp#0;2&amp#0;K
  2019-01-28 17:55:28,788 [main] DEBUG - Find JAR URL: file:/E:/zhubao/target/classes/com/sys/pojo/MenuInfo.class
  2019-01-28 17:55:28,788 [main] DEBUG - Not a JAR: file:/E:/zhubao/target/classes/com/sys/pojo/MenuInfo.class
  2019-01-28 17:55:28,789 [main] DEBUG - Reader entry: 漱壕&amp#0;&amp#0;&amp#0;2&amp#0;h
  2019-01-28 17:55:28,790 [main] DEBUG - Find JAR URL: file:/E:/zhubao/target/classes/com/sys/pojo/MenuRoleInfo.class
  2019-01-28 17:55:28,790 [main] DEBUG - Not a JAR: file:/E:/zhubao/target/classes/com/sys/pojo/MenuRoleInfo.class
  2019-01-28 17:55:28,791 [main] DEBUG - Reader entry: 漱壕&amp#0;&amp#0;&amp#0;2&amp#0;*
  2019-01-28 17:55:28,791 [main] DEBUG - Find JAR URL: file:/E:/zhubao/target/classes/com/sys/pojo/Message.class
  2019-01-28 17:55:28,792 [main] DEBUG - Not a JAR: file:/E:/zhubao/target/classes/com/sys/pojo/Message.class
  2019-01-28 17:55:28,792 [main] DEBUG - Reader entry: 漱壕&amp#0;&amp#0;&amp#0;2&amp#0;[
  2019-01-28 17:55:28,793 [main] DEBUG - Find JAR URL: file:/E:/zhubao/target/classes/com/sys/pojo/PageInfo.class
  2019-01-28 17:55:28,793 [main] DEBUG - Not a JAR: file:/E:/zhubao/target/classes/com/sys/pojo/PageInfo.class
  2019-01-28 17:55:28,794 [main] DEBUG - Reader entry: 漱壕&amp#0;&amp#0;&amp#0;2&amp#0;@
  2019-01-28 17:55:28,794 [main] DEBUG - Find JAR URL: file:/E:/zhubao/target/classes/com/sys/pojo/Parm.class
  2019-01-28 17:55:28,795 [main] DEBUG - Not a JAR: file:/E:/zhubao/target/classes/com/sys/pojo/Parm.class
  2019-01-28 17:55:28,795 [main] DEBUG - Reader entry: 漱壕&amp#0;&amp#0;&amp#0;2&amp#0;7
  2019-01-28 17:55:28,796 [main] DEBUG - Find JAR URL: file:/E:/zhubao/target/classes/com/sys/pojo/ParmItem.class
  2019-01-28 17:55:28,796 [main] DEBUG - Not a JAR: file:/E:/zhubao/target/classes/com/sys/pojo/ParmItem.class
  2019-01-28 17:55:28,797 [main] DEBUG - Reader entry: 漱壕&amp#0;&amp#0;&amp#0;2&amp#0;c
  2019-01-28 17:55:28,797 [main] DEBUG - Find JAR URL: file:/E:/zhubao/target/classes/com/sys/pojo/QxInfo.class
  2019-01-28 17:55:28,798 [main] DEBUG - Not a JAR: file:/E:/zhubao/target/classes/com/sys/pojo/QxInfo.class
  2019-01-28 17:55:28,799 [main] DEBUG - Reader entry: 漱壕&amp#0;&amp#0;&amp#0;2&amp#0;?
  2019-01-28 17:55:28,800 [main] DEBUG - Find JAR URL: file:/E:/zhubao/target/classes/com/sys/pojo/QxRoleInfo.class
  2019-01-28 17:55:28,800 [main] DEBUG - Not a JAR: file:/E:/zhubao/target/classes/com/sys/pojo/QxRoleInfo.class
  2019-01-28 17:55:28,801 [main] DEBUG - Reader entry: 漱壕&amp#0;&amp#0;&amp#0;2&amp#0;*
  2019-01-28 17:55:28,801 [main] DEBUG - Find JAR URL: file:/E:/zhubao/target/classes/com/sys/pojo/report
  2019-01-28 17:55:28,801 [main] DEBUG - Not a JAR: file:/E:/zhubao/target/classes/com/sys/pojo/report
  2019-01-28 17:55:28,802 [main] DEBUG - Reader entry: ReportPojo.class
  2019-01-28 17:55:28,803 [main] DEBUG - Listing file:/E:/zhubao/target/classes/com/sys/pojo/report
  2019-01-28 17:55:28,803 [main] DEBUG - Find JAR URL: file:/E:/zhubao/target/classes/com/sys/pojo/report/ReportPojo.class
  2019-01-28 17:55:28,804 [main] DEBUG - Not a JAR: file:/E:/zhubao/target/classes/com/sys/pojo/report/ReportPojo.class
  2019-01-28 17:55:28,805 [main] DEBUG - Reader entry: 漱壕&amp#0;&amp#0;&amp#0;2&amp#0;?
  2019-01-28 17:55:28,805 [main] DEBUG - Find JAR URL: file:/E:/zhubao/target/classes/com/sys/pojo/RoleInfo.class
  2019-01-28 17:55:28,805 [main] DEBUG - Not a JAR: file:/E:/zhubao/target/classes/com/sys/pojo/RoleInfo.class
  2019-01-28 17:55:28,806 [main] DEBUG - Reader entry: 漱壕&amp#0;&amp#0;&amp#0;2&amp#0;/
  2019-01-28 17:55:28,807 [main] DEBUG - Find JAR URL: file:/E:/zhubao/target/classes/com/sys/pojo/serialnum
  2019-01-28 17:55:28,807 [main] DEBUG - Not a JAR: file:/E:/zhubao/target/classes/com/sys/pojo/serialnum
  2019-01-28 17:55:28,808 [main] DEBUG - Reader entry: SerialNumHead.class
  2019-01-28 17:55:28,808 [main] DEBUG - Reader entry: SerialNumLine.class
  2019-01-28 17:55:28,809 [main] DEBUG - Listing file:/E:/zhubao/target/classes/com/sys/pojo/serialnum
  2019-01-28 17:55:28,809 [main] DEBUG - Find JAR URL: file:/E:/zhubao/target/classes/com/sys/pojo/serialnum/SerialNumHead.class
  2019-01-28 17:55:28,810 [main] DEBUG - Not a JAR: file:/E:/zhubao/target/classes/com/sys/pojo/serialnum/SerialNumHead.class
  2019-01-28 17:55:28,810 [main] DEBUG - Reader entry: 漱壕&amp#0;&amp#0;&amp#0;2&amp#0;p
  2019-01-28 17:55:28,811 [main] DEBUG - Find JAR URL: file:/E:/zhubao/target/classes/com/sys/pojo/serialnum/SerialNumLine.class
  2019-01-28 17:55:28,811 [main] DEBUG - Not a JAR: file:/E:/zhubao/target/classes/com/sys/pojo/serialnum/SerialNumLine.class
  2019-01-28 17:55:28,812 [main] DEBUG - Reader entry: 漱壕&amp#0;&amp#0;&amp#0;2&amp#0;h
  2019-01-28 17:55:28,812 [main] DEBUG - Find JAR URL: file:/E:/zhubao/target/classes/com/sys/pojo/SourceHouse.class
  2019-01-28 17:55:28,813 [main] DEBUG - Not a JAR: file:/E:/zhubao/target/classes/com/sys/pojo/SourceHouse.class
  2019-01-28 17:55:28,813 [main] DEBUG - Reader entry: 漱壕&amp#0;&amp#0;&amp#0;2&amp#0;Z
  2019-01-28 17:55:28,814 [main] DEBUG - Find JAR URL: file:/E:/zhubao/target/classes/com/sys/pojo/UserInfo.class
  2019-01-28 17:55:28,815 [main] DEBUG - Not a JAR: file:/E:/zhubao/target/classes/com/sys/pojo/UserInfo.class
  2019-01-28 17:55:28,816 [main] DEBUG - Reader entry: 漱壕&amp#0;&amp#0;&amp#0;2&amp#0;s
  2019-01-28 17:55:28,816 [main] DEBUG - Find JAR URL: file:/E:/zhubao/target/classes/com/sys/pojo/UserRoleInfo.class
  2019-01-28 17:55:28,816 [main] DEBUG - Not a JAR: file:/E:/zhubao/target/classes/com/sys/pojo/UserRoleInfo.class
  2019-01-28 17:55:28,817 [main] DEBUG - Reader entry: 漱壕&amp#0;&amp#0;&amp#0;2&amp#0;2
  2019-01-28 17:55:28,818 [main] DEBUG - Find JAR URL: file:/E:/zhubao/target/classes/com/sys/pojo/UserTask.class
  2019-01-28 17:55:28,818 [main] DEBUG - Not a JAR: file:/E:/zhubao/target/classes/com/sys/pojo/UserTask.class
  2019-01-28 17:55:28,818 [main] DEBUG - Reader entry: 漱壕&amp#0;&amp#0;&amp#0;2&amp#0;9
  2019-01-28 17:55:28,819 [main] DEBUG - Find JAR URL: file:/E:/zhubao/target/classes/com/sys/pojo/Volelearc.class
  2019-01-28 17:55:28,819 [main] DEBUG - Not a JAR: file:/E:/zhubao/target/classes/com/sys/pojo/Volelearc.class
  2019-01-28 17:55:28,820 [main] DEBUG - Reader entry: 漱壕&amp#0;&amp#0;&amp#0;2&amp#0;S
  2019-01-28 17:55:28,820 [main] DEBUG - Find JAR URL: file:/E:/zhubao/target/classes/com/sys/pojo/VolelearcDtl.class
  2019-01-28 17:55:28,821 [main] DEBUG - Not a JAR: file:/E:/zhubao/target/classes/com/sys/pojo/VolelearcDtl.class
  2019-01-28 17:55:28,821 [main] DEBUG - Reader entry: 漱壕&amp#0;&amp#0;&amp#0;2&amp#0;I
  2019-01-28 17:55:28,822 [main] DEBUG - Checking to see if class com.sys.pojo.AnnexFile matches criteria [is assignable to Object]
  2019-01-28 17:55:28,822 [main] DEBUG - Checking to see if class com.sys.pojo.apply.Apply matches criteria [is assignable to Object]
  2019-01-28 17:55:28,822 [main] DEBUG - Checking to see if class com.sys.pojo.apply.ApplyButie matches criteria [is assignable to Object]
  2019-01-28 17:55:28,822 [main] DEBUG - Checking to see if class com.sys.pojo.apply.ApplyChange matches criteria [is assignable to Object]
  2019-01-28 17:55:28,822 [main] DEBUG - Checking to see if class com.sys.pojo.apply.ApplyFamilyHouse matches criteria [is assignable to Object]
  2019-01-28 17:55:28,823 [main] DEBUG - Checking to see if class com.sys.pojo.apply.ApplyFamilyHouseChange matches criteria [is assignable to Object]
  2019-01-28 17:55:28,823 [main] DEBUG - Checking to see if class com.sys.pojo.apply.ApplyFamilyMember matches criteria [is assignable to Object]
  2019-01-28 17:55:28,823 [main] DEBUG - Checking to see if class com.sys.pojo.apply.ApplyForForeign matches criteria [is assignable to Object]
  2019-01-28 17:55:28,823 [main] DEBUG - Checking to see if class com.sys.pojo.apply.ApplyForgraDuate matches criteria [is assignable to Object]
  2019-01-28 17:55:28,824 [main] DEBUG - Checking to see if class com.sys.pojo.apply.ApplyNs matches criteria [is assignable to Object]
  2019-01-28 17:55:28,824 [main] DEBUG - Checking to see if class com.sys.pojo.apply.ApplyUnit matches criteria [is assignable to Object]
  2019-01-28 17:55:28,824 [main] DEBUG - Checking to see if class com.sys.pojo.apply.Approve matches criteria [is assignable to Object]
  2019-01-28 17:55:28,824 [main] DEBUG - Checking to see if class com.sys.pojo.apply.ApproveRecord matches criteria [is assignable to Object]
  2019-01-28 17:55:28,824 [main] DEBUG - Checking to see if class com.sys.pojo.apply.ContractTemplateFillingDataPojo matches criteria [is assignable to Object]
  2019-01-28 17:55:28,825 [main] DEBUG - Checking to see if class com.sys.pojo.ApplyUserinfo matches criteria [is assignable to Object]
  2019-01-28 17:55:28,825 [main] DEBUG - Checking to see if class com.sys.pojo.ApplyUserInfoForm matches criteria [is assignable to Object]
  2019-01-28 17:55:28,825 [main] DEBUG - Checking to see if class com.sys.pojo.ArticleInfo matches criteria [is assignable to Object]
  2019-01-28 17:55:28,825 [main] DEBUG - Checking to see if class com.sys.pojo.blagsh.Blgsh matches criteria [is assignable to Object]
  2019-01-28 17:55:28,825 [main] DEBUG - Checking to see if class com.sys.pojo.blagsh.BliveGongS matches criteria [is assignable to Object]
  2019-01-28 17:55:28,826 [main] DEBUG - Checking to see if class com.sys.pojo.blagsh.BliveGongsDetail matches criteria [is assignable to Object]
  2019-01-28 17:55:28,826 [main] DEBUG - Checking to see if class com.sys.pojo.BuidInfo matches criteria [is assignable to Object]
  2019-01-28 17:55:28,826 [main] DEBUG - Checking to see if class com.sys.pojo.ColumnInfo matches criteria [is assignable to Object]
  2019-01-28 17:55:28,826 [main] DEBUG - Checking to see if class com.sys.pojo.contract.Contract matches criteria [is assignable to Object]
  2019-01-28 17:55:28,827 [main] DEBUG - Checking to see if class com.sys.pojo.contract.ContractDetail matches criteria [is assignable to Object]
  2019-01-28 17:55:28,827 [main] DEBUG - Checking to see if class com.sys.pojo.contract.ContractTemplate matches criteria [is assignable to Object]
  2019-01-28 17:55:28,827 [main] DEBUG - Checking to see if class com.sys.pojo.contract.ContractUserPojo matches criteria [is assignable to Object]
  2019-01-28 17:55:28,827 [main] DEBUG - Checking to see if class com.sys.pojo.Excel.ExcelBean matches criteria [is assignable to Object]
  2019-01-28 17:55:28,827 [main] DEBUG - Checking to see if class com.sys.pojo.extend.DataGridResult matches criteria [is assignable to Object]
  2019-01-28 17:55:28,828 [main] DEBUG - Checking to see if class com.sys.pojo.FactMapping matches criteria [is assignable to Object]
  2019-01-28 17:55:28,828 [main] DEBUG - Checking to see if class com.sys.pojo.HisRent matches criteria [is assignable to Object]
  2019-01-28 17:55:28,828 [main] DEBUG - Checking to see if class com.sys.pojo.Holiday matches criteria [is assignable to Object]
  2019-01-28 17:55:28,828 [main] DEBUG - Checking to see if class com.sys.pojo.HomeUserInfo matches criteria [is assignable to Object]
  2019-01-28 17:55:28,829 [main] DEBUG - Checking to see if class com.sys.pojo.ImageInfo matches criteria [is assignable to Object]
  2019-01-28 17:55:28,829 [main] DEBUG - Checking to see if class com.sys.pojo.ItemCodeInfo matches criteria [is assignable to Object]
  2019-01-28 17:55:28,829 [main] DEBUG - Checking to see if class com.sys.pojo.ListNumber matches criteria [is assignable to Object]
  2019-01-28 17:55:28,829 [main] DEBUG - Checking to see if class com.sys.pojo.lotnum.LotNum matches criteria [is assignable to Object]
  2019-01-28 17:55:28,829 [main] DEBUG - Checking to see if class com.sys.pojo.MenuInfo matches criteria [is assignable to Object]
  2019-01-28 17:55:28,830 [main] DEBUG - Checking to see if class com.sys.pojo.MenuRoleInfo matches criteria [is assignable to Object]
  2019-01-28 17:55:28,830 [main] DEBUG - Checking to see if class com.sys.pojo.Message matches criteria [is assignable to Object]
  2019-01-28 17:55:28,830 [main] DEBUG - Checking to see if class com.sys.pojo.PageInfo matches criteria [is assignable to Object]
  2019-01-28 17:55:28,830 [main] DEBUG - Checking to see if class com.sys.pojo.Parm matches criteria [is assignable to Object]
  2019-01-28 17:55:28,831 [main] DEBUG - Checking to see if class com.sys.pojo.ParmItem matches criteria [is assignable to Object]
  2019-01-28 17:55:28,831 [main] DEBUG - Checking to see if class com.sys.pojo.QxInfo matches criteria [is assignable to Object]
  2019-01-28 17:55:28,831 [main] DEBUG - Checking to see if class com.sys.pojo.QxRoleInfo matches criteria [is assignable to Object]
  2019-01-28 17:55:28,831 [main] DEBUG - Checking to see if class com.sys.pojo.report.ReportPojo matches criteria [is assignable to Object]
  2019-01-28 17:55:28,831 [main] DEBUG - Checking to see if class com.sys.pojo.RoleInfo matches criteria [is assignable to Object]
  2019-01-28 17:55:28,832 [main] DEBUG - Checking to see if class com.sys.pojo.serialnum.SerialNumHead matches criteria [is assignable to Object]
  2019-01-28 17:55:28,832 [main] DEBUG - Checking to see if class com.sys.pojo.serialnum.SerialNumLine matches criteria [is assignable to Object]
  2019-01-28 17:55:28,833 [main] DEBUG - Checking to see if class com.sys.pojo.SourceHouse matches criteria [is assignable to Object]
  2019-01-28 17:55:28,833 [main] DEBUG - Checking to see if class com.sys.pojo.UserInfo matches criteria [is assignable to Object]
  2019-01-28 17:55:28,833 [main] DEBUG - Checking to see if class com.sys.pojo.UserRoleInfo matches criteria [is assignable to Object]
  2019-01-28 17:55:28,833 [main] DEBUG - Checking to see if class com.sys.pojo.UserTask matches criteria [is assignable to Object]
  2019-01-28 17:55:28,833 [main] DEBUG - Checking to see if class com.sys.pojo.Volelearc matches criteria [is assignable to Object]
  2019-01-28 17:55:28,834 [main] DEBUG - Checking to see if class com.sys.pojo.VolelearcDtl matches criteria [is assignable to Object]
  Logging initialized using 'class org.apache.ibatis.logging.stdout.StdOutImpl' adapter.
2019-01-28 17:55:28,835 [main] DEBUG - Parsed configuration file: 'class path resource [mybatis-config.xml]'
  2019-01-28 17:55:28,851 [main] DEBUG - Parsed mapper file: 'file [E:\zhubao\target\classes\com\sys\mapper\xml\AnnexFileMapper.xml]'
  2019-01-28 17:55:28,866 [main] DEBUG - Parsed mapper file: 'file [E:\zhubao\target\classes\com\sys\mapper\xml\apply\ApplyButieMapper.xml]'
  2019-01-28 17:55:28,874 [main] DEBUG - Parsed mapper file: 'file [E:\zhubao\target\classes\com\sys\mapper\xml\apply\ApplyChangeMapper.xml]'
  2019-01-28 17:55:28,880 [main] DEBUG - Parsed mapper file: 'file [E:\zhubao\target\classes\com\sys\mapper\xml\apply\ApplyFamilyHouseChangeMapper.xml]'
  2019-01-28 17:55:28,887 [main] DEBUG - Parsed mapper file: 'file [E:\zhubao\target\classes\com\sys\mapper\xml\apply\ApplyFamilyHouseMapper.xml]'
  2019-01-28 17:55:28,896 [main] DEBUG - Parsed mapper file: 'file [E:\zhubao\target\classes\com\sys\mapper\xml\apply\ApplyFamilyMemberMapper.xml]'
  2019-01-28 17:55:28,914 [main] DEBUG - Parsed mapper file: 'file [E:\zhubao\target\classes\com\sys\mapper\xml\apply\ApplyForForeignMapper.xml]'
  2019-01-28 17:55:28,925 [main] DEBUG - Parsed mapper file: 'file [E:\zhubao\target\classes\com\sys\mapper\xml\apply\ApplyForgraDuateMapper.xml]'
  2019-01-28 17:55:28,936 [main] DEBUG - Parsed mapper file: 'file [E:\zhubao\target\classes\com\sys\mapper\xml\apply\ApplyMapper.xml]'
  2019-01-28 17:55:28,947 [main] DEBUG - Parsed mapper file: 'file [E:\zhubao\target\classes\com\sys\mapper\xml\apply\ApplyNsMapper.xml]'
  2019-01-28 17:55:28,955 [main] DEBUG - Parsed mapper file: 'file [E:\zhubao\target\classes\com\sys\mapper\xml\apply\ApplyUnitMapper.xml]'
  2019-01-28 17:55:28,966 [main] DEBUG - Parsed mapper file: 'file [E:\zhubao\target\classes\com\sys\mapper\xml\apply\ApplyUserInfoFormMapper.xml]'
  2019-01-28 17:55:28,976 [main] DEBUG - Parsed mapper file: 'file [E:\zhubao\target\classes\com\sys\mapper\xml\apply\ApproveRecordMapper.xml]'
  2019-01-28 17:55:28,983 [main] DEBUG - Parsed mapper file: 'file [E:\zhubao\target\classes\com\sys\mapper\xml\ApplyUserinfoMapper.xml]'
  2019-01-28 17:55:29,008 [main] DEBUG - Parsed mapper file: 'file [E:\zhubao\target\classes\com\sys\mapper\xml\ApproveMapper.xml]'
  2019-01-28 17:55:29,019 [main] DEBUG - Parsed mapper file: 'file [E:\zhubao\target\classes\com\sys\mapper\xml\ArticleInfoMapper.xml]'
  2019-01-28 17:55:29,026 [main] DEBUG - Parsed mapper file: 'file [E:\zhubao\target\classes\com\sys\mapper\xml\blagsh\BlgshMapper.xml]'
  2019-01-28 17:55:29,035 [main] DEBUG - Parsed mapper file: 'file [E:\zhubao\target\classes\com\sys\mapper\xml\blagsh\BliveGongsDetailMapper.xml]'
  2019-01-28 17:55:29,044 [main] DEBUG - Parsed mapper file: 'file [E:\zhubao\target\classes\com\sys\mapper\xml\blagsh\BliveGongSMapper.xml]'
  2019-01-28 17:55:29,056 [main] DEBUG - Parsed mapper file: 'file [E:\zhubao\target\classes\com\sys\mapper\xml\BuidInfoMapper.xml]'
  2019-01-28 17:55:29,064 [main] DEBUG - Parsed mapper file: 'file [E:\zhubao\target\classes\com\sys\mapper\xml\ColumnInfoMapper.xml]'
  2019-01-28 17:55:29,073 [main] DEBUG - Parsed mapper file: 'file [E:\zhubao\target\classes\com\sys\mapper\xml\contract\ContractDetailMapper.xml]'
  2019-01-28 17:55:29,091 [main] DEBUG - Parsed mapper file: 'file [E:\zhubao\target\classes\com\sys\mapper\xml\contract\ContractMapper.xml]'
  2019-01-28 17:55:29,097 [main] DEBUG - Parsed mapper file: 'file [E:\zhubao\target\classes\com\sys\mapper\xml\contract\ContractTemplateMapper.xml]'
  2019-01-28 17:55:29,104 [main] DEBUG - Parsed mapper file: 'file [E:\zhubao\target\classes\com\sys\mapper\xml\ExcelMapper.xml]'
  2019-01-28 17:55:29,120 [main] DEBUG - Parsed mapper file: 'file [E:\zhubao\target\classes\com\sys\mapper\xml\FactMappingMapper.xml]'
  2019-01-28 17:55:29,128 [main] DEBUG - Parsed mapper file: 'file [E:\zhubao\target\classes\com\sys\mapper\xml\HisRentMapper.xml]'
  2019-01-28 17:55:29,136 [main] DEBUG - Parsed mapper file: 'file [E:\zhubao\target\classes\com\sys\mapper\xml\HolidayMapper.xml]'
  2019-01-28 17:55:29,142 [main] DEBUG - Parsed mapper file: 'file [E:\zhubao\target\classes\com\sys\mapper\xml\HomeUserInfoMapper.xml]'
  2019-01-28 17:55:29,150 [main] DEBUG - Parsed mapper file: 'file [E:\zhubao\target\classes\com\sys\mapper\xml\ImageInfoMapper.xml]'
  2019-01-28 17:55:29,158 [main] DEBUG - Parsed mapper file: 'file [E:\zhubao\target\classes\com\sys\mapper\xml\ItemCodeInfoMapper.xml]'
  2019-01-28 17:55:29,164 [main] DEBUG - Parsed mapper file: 'file [E:\zhubao\target\classes\com\sys\mapper\xml\ListNumberMapper.xml]'
  2019-01-28 17:55:29,224 [main] DEBUG - Parsed mapper file: 'file [E:\zhubao\target\classes\com\sys\mapper\xml\lotnum\LotNumMapper.xml]'
  2019-01-28 17:55:29,243 [main] DEBUG - Parsed mapper file: 'file [E:\zhubao\target\classes\com\sys\mapper\xml\MenuInfoMapper.xml]'
  2019-01-28 17:55:29,251 [main] DEBUG - Parsed mapper file: 'file [E:\zhubao\target\classes\com\sys\mapper\xml\MenuRoleInfoMapper.xml]'
  2019-01-28 17:55:29,258 [main] DEBUG - Parsed mapper file: 'file [E:\zhubao\target\classes\com\sys\mapper\xml\MessageMapper.xml]'
  2019-01-28 17:55:29,270 [main] DEBUG - Parsed mapper file: 'file [E:\zhubao\target\classes\com\sys\mapper\xml\ParmItemMapper.xml]'
  2019-01-28 17:55:29,289 [main] DEBUG - Parsed mapper file: 'file [E:\zhubao\target\classes\com\sys\mapper\xml\ParmMapper.xml]'
  2019-01-28 17:55:29,296 [main] DEBUG - Parsed mapper file: 'file [E:\zhubao\target\classes\com\sys\mapper\xml\QxInfoMapper.xml]'
  2019-01-28 17:55:29,302 [main] DEBUG - Parsed mapper file: 'file [E:\zhubao\target\classes\com\sys\mapper\xml\QxRoleInfoMapper.xml]'
  2019-01-28 17:55:29,310 [main] DEBUG - Parsed mapper file: 'file [E:\zhubao\target\classes\com\sys\mapper\xml\report\LowSecurityReportMapper.xml]'
  2019-01-28 17:55:29,317 [main] DEBUG - Parsed mapper file: 'file [E:\zhubao\target\classes\com\sys\mapper\xml\RoleInfoMapper.xml]'
  2019-01-28 17:55:29,325 [main] DEBUG - Parsed mapper file: 'file [E:\zhubao\target\classes\com\sys\mapper\xml\serialnum\SerialNumHeadMapper.xml]'
  2019-01-28 17:55:29,334 [main] DEBUG - Parsed mapper file: 'file [E:\zhubao\target\classes\com\sys\mapper\xml\serialnum\SerialNumLineMapper.xml]'
  2019-01-28 17:55:29,345 [main] DEBUG - Parsed mapper file: 'file [E:\zhubao\target\classes\com\sys\mapper\xml\SourceHouseMapper.xml]'
  2019-01-28 17:55:29,353 [main] DEBUG - Parsed mapper file: 'file [E:\zhubao\target\classes\com\sys\mapper\xml\UserInfoMapper.xml]'
  2019-01-28 17:55:29,362 [main] DEBUG - Parsed mapper file: 'file [E:\zhubao\target\classes\com\sys\mapper\xml\UserRoleInfoMapper.xml]'
  2019-01-28 17:55:29,368 [main] DEBUG - Parsed mapper file: 'file [E:\zhubao\target\classes\com\sys\mapper\xml\UserTask.xml]'
  2019-01-28 17:55:29,375 [main] DEBUG - Parsed mapper file: 'file [E:\zhubao\target\classes\com\sys\mapper\xml\VolelearcDtlMapper.xml]'
  2019-01-28 17:55:29,382 [main] DEBUG - Parsed mapper file: 'file [E:\zhubao\target\classes\com\sys\mapper\xml\VolelearcMapper.xml]'
  2019-01-28 17:55:29,383 [main] DEBUG - Returning cached instance of singleton bean 'org.springframework.aop.support.DefaultBeanFactoryPointcutAdvisor#0'
  2019-01-28 17:55:29,384 [main] DEBUG - Returning cached instance of singleton bean 'org.springframework.cache.config.internalCacheAdvisor'
  2019-01-28 17:55:29,384 [main] DEBUG - Returning cached instance of singleton bean 'org.springframework.aop.support.DefaultBeanFactoryPointcutAdvisor#0'
  2019-01-28 17:55:29,384 [main] DEBUG - Returning cached instance of singleton bean 'org.springframework.cache.config.internalCacheAdvisor'
  2019-01-28 17:55:29,387 [main] DEBUG - Finished creating instance of bean 'sqlSessionFactory'
  2019-01-28 17:55:29,388 [main] DEBUG - Returning cached instance of singleton bean 'org.mybatis.spring.mapper.MapperScannerConfigurer#0'
  2019-01-28 17:55:29,388 [main] DEBUG - Creating shared instance of singleton bean 'transactionManager'
  2019-01-28 17:55:29,388 [main] DEBUG - Creating instance of bean 'transactionManager'
  2019-01-28 17:55:29,389 [main] DEBUG - Returning cached instance of singleton bean 'org.springframework.aop.support.DefaultBeanFactoryPointcutAdvisor#0'
  2019-01-28 17:55:29,389 [main] DEBUG - Returning cached instance of singleton bean 'org.springframework.cache.config.internalCacheAdvisor'
  2019-01-28 17:55:29,391 [main] DEBUG - Eagerly caching bean 'transactionManager' to allow for resolving potential circular references
  2019-01-28 17:55:29,396 [main] DEBUG - Returning cached instance of singleton bean 'dataSource'
  2019-01-28 17:55:29,396 [main] DEBUG - Invoking afterPropertiesSet() on bean with name 'transactionManager'
  2019-01-28 17:55:29,397 [main] DEBUG - Returning cached instance of singleton bean 'org.springframework.aop.support.DefaultBeanFactoryPointcutAdvisor#0'
  2019-01-28 17:55:29,397 [main] DEBUG - Returning cached instance of singleton bean 'org.springframework.cache.config.internalCacheAdvisor'
  2019-01-28 17:55:29,397 [main] DEBUG - Returning cached instance of singleton bean 'org.springframework.aop.support.DefaultBeanFactoryPointcutAdvisor#0'
  2019-01-28 17:55:29,398 [main] DEBUG - Returning cached instance of singleton bean 'org.springframework.cache.config.internalCacheAdvisor'
  2019-01-28 17:55:29,402 [main] DEBUG - Finished creating instance of bean 'transactionManager'
  2019-01-28 17:55:29,402 [main] DEBUG - Creating shared instance of singleton bean 'org.springframework.scheduling.quartz.SchedulerFactoryBean#0'
  2019-01-28 17:55:29,403 [main] DEBUG - Creating instance of bean 'org.springframework.scheduling.quartz.SchedulerFactoryBean#0'
  2019-01-28 17:55:29,403 [main] DEBUG - Returning cached instance of singleton bean 'org.springframework.aop.support.DefaultBeanFactoryPointcutAdvisor#0'
  2019-01-28 17:55:29,403 [main] DEBUG - Returning cached instance of singleton bean 'org.springframework.cache.config.internalCacheAdvisor'
  2019-01-28 17:55:29,404 [main] DEBUG - Eagerly caching bean 'org.springframework.scheduling.quartz.SchedulerFactoryBean#0' to allow for resolving potential circular references
  2019-01-28 17:55:29,414 [main] DEBUG - Invoking afterPropertiesSet() on bean with name 'org.springframework.scheduling.quartz.SchedulerFactoryBean#0'
  2019-01-28 17:55:29,414 [main] INFO  - Using default implementation for ThreadExecutor
  2019-01-28 17:55:29,417 [main] INFO  - Initialized Scheduler Signaller of type: class org.quartz.core.SchedulerSignalerImpl
  2019-01-28 17:55:29,417 [main] INFO  - Quartz Scheduler v.2.2.1 created.
  2019-01-28 17:55:29,418 [main] INFO  - RAMJobStore initialized.
  2019-01-28 17:55:29,418 [main] INFO  - Scheduler meta-data: Quartz Scheduler (v2.2.1) 'org.springframework.scheduling.quartz.SchedulerFactoryBean#0' with instanceId 'NON_CLUSTERED'
  Scheduler class: 'org.quartz.core.QuartzScheduler' - running locally.
  NOT STARTED.
  Currently in standby mode.
  Number of jobs executed: 0
  Using thread pool 'org.quartz.simpl.SimpleThreadPool' - with 10 threads.
  Using job-store 'org.quartz.simpl.RAMJobStore' - which does not support persistence. and is not clustered.

  2019-01-28 17:55:29,418 [main] INFO  - Quartz scheduler 'org.springframework.scheduling.quartz.SchedulerFactoryBean#0' initialized from an externally provided properties instance.
  2019-01-28 17:55:29,418 [main] INFO  - Quartz scheduler version: 2.2.1
  2019-01-28 17:55:29,418 [main] INFO  - JobFactory set to: org.springframework.scheduling.quartz.AdaptableJobFactory@4f5f474c
  2019-01-28 17:55:29,419 [main] DEBUG - Returning cached instance of singleton bean 'org.springframework.aop.support.DefaultBeanFactoryPointcutAdvisor#0'
  2019-01-28 17:55:29,419 [main] DEBUG - Returning cached instance of singleton bean 'org.springframework.cache.config.internalCacheAdvisor'
  2019-01-28 17:55:29,419 [main] DEBUG - Returning cached instance of singleton bean 'org.springframework.aop.support.DefaultBeanFactoryPointcutAdvisor#0'
  2019-01-28 17:55:29,419 [main] DEBUG - Returning cached instance of singleton bean 'org.springframework.cache.config.internalCacheAdvisor'
  2019-01-28 17:55:29,423 [main] DEBUG - Finished creating instance of bean 'org.springframework.scheduling.quartz.SchedulerFactoryBean#0'
  2019-01-28 17:55:29,423 [main] DEBUG - Creating shared instance of singleton bean 'txAdvice'
  2019-01-28 17:55:29,424 [main] DEBUG - Creating instance of bean 'txAdvice'
  2019-01-28 17:55:29,424 [main] DEBUG - Eagerly caching bean 'txAdvice' to allow for resolving potential circular references
  2019-01-28 17:55:29,429 [main] DEBUG - Returning cached instance of singleton bean 'transactionManager'
  2019-01-28 17:55:29,429 [main] DEBUG - Creating instance of bean '(inner bean)#58a3d521'
  2019-01-28 17:55:29,429 [main] DEBUG - Returning cached instance of singleton bean 'org.springframework.aop.support.DefaultBeanFactoryPointcutAdvisor#0'
  2019-01-28 17:55:29,430 [main] DEBUG - Returning cached instance of singleton bean 'org.springframework.cache.config.internalCacheAdvisor'
  2019-01-28 17:55:29,433 [main] DEBUG - Adding transactional method [insert*] with attribute [PROPAGATION_REQUIRED,ISOLATION_DEFAULT,-java.lang.Exception]
  2019-01-28 17:55:29,433 [main] DEBUG - Adding transactional method [update*] with attribute [PROPAGATION_REQUIRED,ISOLATION_DEFAULT,-java.lang.Exception]
  2019-01-28 17:55:29,434 [main] DEBUG - Adding transactional method [edit*] with attribute [PROPAGATION_REQUIRED,ISOLATION_DEFAULT,-java.lang.Exception]
  2019-01-28 17:55:29,434 [main] DEBUG - Adding transactional method [save*] with attribute [PROPAGATION_REQUIRED,ISOLATION_DEFAULT,-java.lang.Exception]
  2019-01-28 17:55:29,434 [main] DEBUG - Adding transactional method [add*] with attribute [PROPAGATION_REQUIRED,ISOLATION_DEFAULT,-java.lang.Exception]
  2019-01-28 17:55:29,434 [main] DEBUG - Adding transactional method [new*] with attribute [PROPAGATION_REQUIRED,ISOLATION_DEFAULT,-java.lang.Exception]
  2019-01-28 17:55:29,434 [main] DEBUG - Adding transactional method [set*] with attribute [PROPAGATION_REQUIRED,ISOLATION_DEFAULT,-java.lang.Exception]
  2019-01-28 17:55:29,435 [main] DEBUG - Adding transactional method [remove*] with attribute [PROPAGATION_REQUIRED,ISOLATION_DEFAULT,-java.lang.Exception]
  2019-01-28 17:55:29,435 [main] DEBUG - Adding transactional method [delete*] with attribute [PROPAGATION_REQUIRED,ISOLATION_DEFAULT,-java.lang.Exception]
  2019-01-28 17:55:29,435 [main] DEBUG - Adding transactional method [change*] with attribute [PROPAGATION_REQUIRED,ISOLATION_DEFAULT,-java.lang.Exception]
  2019-01-28 17:55:29,435 [main] DEBUG - Adding transactional method [check*] with attribute [PROPAGATION_REQUIRED,ISOLATION_DEFAULT,-java.lang.Exception]
  2019-01-28 17:55:29,436 [main] DEBUG - Adding transactional method [get*] with attribute [PROPAGATION_REQUIRED,ISOLATION_DEFAULT,readOnly]
  2019-01-28 17:55:29,436 [main] DEBUG - Adding transactional method [find*] with attribute [PROPAGATION_REQUIRED,ISOLATION_DEFAULT,readOnly]
  2019-01-28 17:55:29,436 [main] DEBUG - Adding transactional method [load*] with attribute [PROPAGATION_REQUIRED,ISOLATION_DEFAULT,readOnly]
  2019-01-28 17:55:29,436 [main] DEBUG - Adding transactional method [select*] with attribute [PROPAGATION_REQUIRED,ISOLATION_DEFAULT,readOnly]
  2019-01-28 17:55:29,437 [main] DEBUG - Returning cached instance of singleton bean 'org.springframework.aop.support.DefaultBeanFactoryPointcutAdvisor#0'
  2019-01-28 17:55:29,437 [main] DEBUG - Returning cached instance of singleton bean 'org.springframework.cache.config.internalCacheAdvisor'
  2019-01-28 17:55:29,437 [main] DEBUG - Returning cached instance of singleton bean 'org.springframework.aop.support.DefaultBeanFactoryPointcutAdvisor#0'
  2019-01-28 17:55:29,437 [main] DEBUG - Returning cached instance of singleton bean 'org.springframework.cache.config.internalCacheAdvisor'
  2019-01-28 17:55:29,438 [main] DEBUG - Finished creating instance of bean '(inner bean)#58a3d521'
  2019-01-28 17:55:29,439 [main] DEBUG - Invoking afterPropertiesSet() on bean with name 'txAdvice'
  2019-01-28 17:55:29,439 [main] DEBUG - Finished creating instance of bean 'txAdvice'
  2019-01-28 17:55:29,439 [main] DEBUG - Returning cached instance of singleton bean 'org.springframework.aop.config.internalAutoProxyCreator'
  2019-01-28 17:55:29,439 [main] DEBUG - Returning cached instance of singleton bean 'org.springframework.aop.support.DefaultBeanFactoryPointcutAdvisor#0'
  2019-01-28 17:55:29,440 [main] DEBUG - Creating shared instance of singleton bean 'batchutil'
  2019-01-28 17:55:29,440 [main] DEBUG - Creating instance of bean 'batchutil'
  2019-01-28 17:55:29,440 [main] DEBUG - Returning cached instance of singleton bean 'org.springframework.aop.support.DefaultBeanFactoryPointcutAdvisor#0'
  2019-01-28 17:55:29,440 [main] DEBUG - Returning cached instance of singleton bean 'org.springframework.cache.config.internalCacheAdvisor'
  2019-01-28 17:55:29,441 [main] DEBUG - Registered injected element on class [com.sys.common.BatchUtil]: ResourceElement for private org.apache.ibatis.session.defaults.DefaultSqlSessionFactory com.sys.common.BatchUtil.sqlSessionFactory
  2019-01-28 17:55:29,441 [main] DEBUG - Eagerly caching bean 'batchutil' to allow for resolving potential circular references
  2019-01-28 17:55:29,441 [main] DEBUG - Processing injected element of bean 'batchutil': ResourceElement for private org.apache.ibatis.session.defaults.DefaultSqlSessionFactory com.sys.common.BatchUtil.sqlSessionFactory
  2019-01-28 17:55:29,442 [main] DEBUG - Returning cached instance of singleton bean 'sqlSessionFactory'
  2019-01-28 17:55:29,442 [main] DEBUG - Returning cached instance of singleton bean 'org.springframework.aop.support.DefaultBeanFactoryPointcutAdvisor#0'
  2019-01-28 17:55:29,442 [main] DEBUG - Returning cached instance of singleton bean 'org.springframework.cache.config.internalCacheAdvisor'
  2019-01-28 17:55:29,442 [main] DEBUG - Returning cached instance of singleton bean 'org.springframework.aop.support.DefaultBeanFactoryPointcutAdvisor#0'
  2019-01-28 17:55:29,443 [main] DEBUG - Returning cached instance of singleton bean 'org.springframework.cache.config.internalCacheAdvisor'
  2019-01-28 17:55:29,444 [main] DEBUG - Returning cached instance of singleton bean 'org.springframework.aop.support.DefaultBeanFactoryPointcutAdvisor#0'
  2019-01-28 17:55:29,444 [main] DEBUG - Returning cached instance of singleton bean 'org.springframework.cache.config.internalCacheAdvisor'
  2019-01-28 17:55:29,445 [main] DEBUG - Returning cached instance of singleton bean 'org.springframework.aop.support.DefaultBeanFactoryPointcutAdvisor#0'
  2019-01-28 17:55:29,445 [main] DEBUG - Returning cached instance of singleton bean 'org.springframework.cache.config.internalCacheAdvisor'
  2019-01-28 17:55:29,445 [main] DEBUG - Finished creating instance of bean 'batchutil'
  2019-01-28 17:55:29,446 [main] DEBUG - Creating shared instance of singleton bean 'dynamicallyGeneratedWordUtil'
  2019-01-28 17:55:29,446 [main] DEBUG - Creating instance of bean 'dynamicallyGeneratedWordUtil'
  2019-01-28 17:55:29,446 [main] DEBUG - Returning cached instance of singleton bean 'org.springframework.aop.support.DefaultBeanFactoryPointcutAdvisor#0'
  2019-01-28 17:55:29,446 [main] DEBUG - Returning cached instance of singleton bean 'org.springframework.cache.config.internalCacheAdvisor'
  2019-01-28 17:55:29,447 [main] DEBUG - Eagerly caching bean 'dynamicallyGeneratedWordUtil' to allow for resolving potential circular references
  2019-01-28 17:55:29,447 [main] DEBUG - Returning cached instance of singleton bean 'org.springframework.aop.support.DefaultBeanFactoryPointcutAdvisor#0'
  2019-01-28 17:55:29,448 [main] DEBUG - Returning cached instance of singleton bean 'org.springframework.cache.config.internalCacheAdvisor'
  2019-01-28 17:55:29,448 [main] DEBUG - Returning cached instance of singleton bean 'org.springframework.aop.support.DefaultBeanFactoryPointcutAdvisor#0'
  2019-01-28 17:55:29,448 [main] DEBUG - Returning cached instance of singleton bean 'org.springframework.cache.config.internalCacheAdvisor'
  2019-01-28 17:55:29,449 [main] DEBUG - Finished creating instance of bean 'dynamicallyGeneratedWordUtil'
  2019-01-28 17:55:29,449 [main] DEBUG - Creating shared instance of singleton bean 'sendPhoneCodeUtil'
  2019-01-28 17:55:29,449 [main] DEBUG - Creating instance of bean 'sendPhoneCodeUtil'
  2019-01-28 17:55:29,449 [main] DEBUG - Returning cached instance of singleton bean 'org.springframework.aop.support.DefaultBeanFactoryPointcutAdvisor#0'
  2019-01-28 17:55:29,449 [main] DEBUG - Returning cached instance of singleton bean 'org.springframework.cache.config.internalCacheAdvisor'
  2019-01-28 17:55:29,450 [main] DEBUG - Eagerly caching bean 'sendPhoneCodeUtil' to allow for resolving potential circular references
  2019-01-28 17:55:29,450 [main] DEBUG - Returning cached instance of singleton bean 'org.springframework.aop.support.DefaultBeanFactoryPointcutAdvisor#0'
  2019-01-28 17:55:29,450 [main] DEBUG - Returning cached instance of singleton bean 'org.springframework.cache.config.internalCacheAdvisor'
  2019-01-28 17:55:29,451 [main] DEBUG - Returning cached instance of singleton bean 'org.springframework.aop.support.DefaultBeanFactoryPointcutAdvisor#0'
  2019-01-28 17:55:29,451 [main] DEBUG - Returning cached instance of singleton bean 'org.springframework.cache.config.internalCacheAdvisor'
  2019-01-28 17:55:29,452 [main] DEBUG - Finished creating instance of bean 'sendPhoneCodeUtil'
  2019-01-28 17:55:29,452 [main] DEBUG - Creating shared instance of singleton bean 'actGroupEntityService'
  2019-01-28 17:55:29,452 [main] DEBUG - Creating instance of bean 'actGroupEntityService'
  2019-01-28 17:55:29,452 [main] DEBUG - Returning cached instance of singleton bean 'org.springframework.aop.support.DefaultBeanFactoryPointcutAdvisor#0'
  2019-01-28 17:55:29,453 [main] DEBUG - Returning cached instance of singleton bean 'org.springframework.cache.config.internalCacheAdvisor'
  2019-01-28 17:55:29,453 [main] DEBUG - Registered injected element on class [com.sys.service.act.ActGroupEntityService]: AutowiredFieldElement for private com.sys.mapper.UserInfoMapper com.sys.service.act.ActGroupEntityService.userInfoMapper
  2019-01-28 17:55:29,453 [main] DEBUG - Registered injected element on class [com.sys.service.act.ActGroupEntityService]: AutowiredFieldElement for private com.sys.mapper.RoleInfoMapper com.sys.service.act.ActGroupEntityService.roleInfoMapper
  2019-01-28 17:55:29,454 [main] DEBUG - Eagerly caching bean 'actGroupEntityService' to allow for resolving potential circular references
  2019-01-28 17:55:29,456 [main] DEBUG - Processing injected element of bean 'actGroupEntityService': AutowiredFieldElement for private com.sys.mapper.UserInfoMapper com.sys.service.act.ActGroupEntityService.userInfoMapper
  2019-01-28 17:55:29,456 [main] DEBUG - Returning cached instance of singleton bean 'org.springframework.aop.support.DefaultBeanFactoryPointcutAdvisor#0'
  2019-01-28 17:55:29,457 [main] DEBUG - Returning cached instance of singleton bean 'org.springframework.cache.config.internalCacheAdvisor'
  2019-01-28 17:55:29,457 [main] DEBUG - Returning cached instance of singleton bean 'org.springframework.aop.support.DefaultBeanFactoryPointcutAdvisor#0'
  2019-01-28 17:55:29,458 [main] DEBUG - Returning cached instance of singleton bean 'org.springframework.cache.config.internalCacheAdvisor'
  2019-01-28 17:55:29,459 [main] DEBUG - Returning cached instance of singleton bean 'org.springframework.aop.support.DefaultBeanFactoryPointcutAdvisor#0'
  2019-01-28 17:55:29,460 [main] DEBUG - Returning cached instance of singleton bean 'org.springframework.cache.config.internalCacheAdvisor'
  2019-01-28 17:55:29,460 [main] DEBUG - Returning cached instance of singleton bean 'org.springframework.aop.support.DefaultBeanFactoryPointcutAdvisor#0'
  2019-01-28 17:55:29,460 [main] DEBUG - Returning cached instance of singleton bean 'org.springframework.cache.config.internalCacheAdvisor'
  2019-01-28 17:55:29,461 [main] DEBUG - Returning cached instance of singleton bean 'org.springframework.aop.support.DefaultBeanFactoryPointcutAdvisor#0'
  2019-01-28 17:55:29,461 [main] DEBUG - Returning cached instance of singleton bean 'org.springframework.cache.config.internalCacheAdvisor'
  2019-01-28 17:55:29,461 [main] DEBUG - Returning cached instance of singleton bean 'org.springframework.aop.support.DefaultBeanFactoryPointcutAdvisor#0'
  2019-01-28 17:55:29,462 [main] DEBUG - Returning cached instance of singleton bean 'org.springframework.cache.config.internalCacheAdvisor'
  2019-01-28 17:55:29,462 [main] DEBUG - Returning cached instance of singleton bean 'org.springframework.aop.support.DefaultBeanFactoryPointcutAdvisor#0'
  2019-01-28 17:55:29,462 [main] DEBUG - Returning cached instance of singleton bean 'org.springframework.cache.config.internalCacheAdvisor'
  2019-01-28 17:55:29,464 [main] DEBUG - Returning cached instance of singleton bean 'org.springframework.aop.support.DefaultBeanFactoryPointcutAdvisor#0'
  2019-01-28 17:55:29,465 [main] DEBUG - Returning cached instance of singleton bean 'org.springframework.cache.config.internalCacheAdvisor'
  2019-01-28 17:55:29,465 [main] DEBUG - Returning cached instance of singleton bean 'org.springframework.aop.support.DefaultBeanFactoryPointcutAdvisor#0'
  2019-01-28 17:55:29,466 [main] DEBUG - Returning cached instance of singleton bean 'org.springframework.cache.config.internalCacheAdvisor'
  2019-01-28 17:55:29,466 [main] DEBUG - Returning cached instance of singleton bean 'org.springframework.aop.support.DefaultBeanFactoryPointcutAdvisor#0'
  2019-01-28 17:55:29,467 [main] DEBUG - Returning cached instance of singleton bean 'org.springframework.cache.config.internalCacheAdvisor'
  2019-01-28 17:55:29,468 [main] DEBUG - Returning cached instance of singleton bean 'org.springframework.aop.support.DefaultBeanFactoryPointcutAdvisor#0'
  2019-01-28 17:55:29,468 [main] DEBUG - Returning cached instance of singleton bean 'org.springframework.cache.config.internalCacheAdvisor'
  2019-01-28 17:55:29,469 [main] DEBUG - Returning cached instance of singleton bean 'org.springframework.aop.support.DefaultBeanFactoryPointcutAdvisor#0'
  2019-01-28 17:55:29,470 [main] DEBUG - Returning cached instance of singleton bean 'org.springframework.cache.config.internalCacheAdvisor'
  2019-01-28 17:55:29,471 [main] DEBUG - Returning cached instance of singleton bean 'org.springframework.aop.support.DefaultBeanFactoryPointcutAdvisor#0'
  2019-01-28 17:55:29,471 [main] DEBUG - Returning cached instance of singleton bean 'org.springframework.cache.config.internalCacheAdvisor'
  2019-01-28 17:55:29,472 [main] DEBUG - Returning cached instance of singleton bean 'org.springframework.aop.support.DefaultBeanFactoryPointcutAdvisor#0'
  2019-01-28 17:55:29,472 [main] DEBUG - Returning cached instance of singleton bean 'org.springframework.cache.config.internalCacheAdvisor'
  2019-01-28 17:55:29,473 [main] DEBUG - Returning cached instance of singleton bean 'org.springframework.aop.support.DefaultBeanFactoryPointcutAdvisor#0'
  2019-01-28 17:55:29,473 [main] DEBUG - Returning cached instance of singleton bean 'org.springframework.cache.config.internalCacheAdvisor'
  2019-01-28 17:55:29,476 [main] DEBUG - Returning cached instance of singleton bean 'org.springframework.aop.support.DefaultBeanFactoryPointcutAdvisor#0'
  2019-01-28 17:55:29,476 [main] DEBUG - Returning cached instance of singleton bean 'org.springframework.cache.config.internalCacheAdvisor'
  2019-01-28 17:55:29,477 [main] DEBUG - Returning cached instance of singleton bean 'org.springframework.aop.support.DefaultBeanFactoryPointcutAdvisor#0'
  2019-01-28 17:55:29,477 [main] DEBUG - Returning cached instance of singleton bean 'org.springframework.cache.config.internalCacheAdvisor'
  2019-01-28 17:55:29,478 [main] DEBUG - Returning cached instance of singleton bean 'org.springframework.aop.support.DefaultBeanFactoryPointcutAdvisor#0'
  2019-01-28 17:55:29,478 [main] DEBUG - Returning cached instance of singleton bean 'org.springframework.cache.config.internalCacheAdvisor'
  2019-01-28 17:55:29,478 [main] DEBUG - Returning cached instance of singleton bean 'org.springframework.aop.support.DefaultBeanFactoryPointcutAdvisor#0'
  2019-01-28 17:55:29,479 [main] DEBUG - Returning cached instance of singleton bean 'org.springframework.cache.config.internalCacheAdvisor'
  2019-01-28 17:55:29,479 [main] DEBUG - Returning cached instance of singleton bean 'org.springframework.aop.support.DefaultBeanFactoryPointcutAdvisor#0'
  2019-01-28 17:55:29,480 [main] DEBUG - Returning cached instance of singleton bean 'org.springframework.cache.config.internalCacheAdvisor'
  2019-01-28 17:55:29,480 [main] DEBUG - Returning cached instance of singleton bean 'org.springframework.aop.support.DefaultBeanFactoryPointcutAdvisor#0'
  2019-01-28 17:55:29,481 [main] DEBUG - Returning cached instance of singleton bean 'org.springframework.cache.config.internalCacheAdvisor'
  2019-01-28 17:55:29,481 [main] DEBUG - Returning cached instance of singleton bean 'org.springframework.aop.support.DefaultBeanFactoryPointcutAdvisor#0'
  2019-01-28 17:55:29,482 [main] DEBUG - Returning cached instance of singleton bean 'org.springframework.cache.config.internalCacheAdvisor'
  2019-01-28 17:55:29,483 [main] DEBUG - Returning cached instance of singleton bean 'org.springframework.aop.support.DefaultBeanFactoryPointcutAdvisor#0'
  2019-01-28 17:55:29,483 [main] DEBUG - Returning cached instance of singleton bean 'org.springframework.cache.config.internalCacheAdvisor'
  2019-01-28 17:55:29,484 [main] DEBUG - Returning cached instance of singleton bean 'org.springframework.aop.support.DefaultBeanFactoryPointcutAdvisor#0'
  2019-01-28 17:55:29,484 [main] DEBUG - Returning cached instance of singleton bean 'org.springframework.cache.config.internalCacheAdvisor'
  2019-01-28 17:55:29,485 [main] DEBUG - Returning cached instance of singleton bean 'org.springframework.aop.support.DefaultBeanFactoryPointcutAdvisor#0'
  2019-01-28 17:55:29,485 [main] DEBUG - Returning cached instance of singleton bean 'org.springframework.cache.config.internalCacheAdvisor'
  2019-01-28 17:55:29,486 [main] DEBUG - Returning cached instance of singleton bean 'org.springframework.aop.support.DefaultBeanFactoryPointcutAdvisor#0'
  2019-01-28 17:55:29,487 [main] DEBUG - Returning cached instance of singleton bean 'org.springframework.cache.config.internalCacheAdvisor'
  2019-01-28 17:55:29,488 [main] DEBUG - Returning cached instance of singleton bean 'org.springframework.aop.support.DefaultBeanFactoryPointcutAdvisor#0'
  2019-01-28 17:55:29,488 [main] DEBUG - Returning cached instance of singleton bean 'org.springframework.cache.config.internalCacheAdvisor'
  2019-01-28 17:55:29,489 [main] DEBUG - Returning cached instance of singleton bean 'org.springframework.aop.support.DefaultBeanFactoryPointcutAdvisor#0'
  2019-01-28 17:55:29,489 [main] DEBUG - Returning cached instance of singleton bean 'org.springframework.cache.config.internalCacheAdvisor'
  2019-01-28 17:55:29,490 [main] DEBUG - Returning cached instance of singleton bean 'org.springframework.aop.support.DefaultBeanFactoryPointcutAdvisor#0'
  2019-01-28 17:55:29,490 [main] DEBUG - Returning cached instance of singleton bean 'org.springframework.cache.config.internalCacheAdvisor'
  2019-01-28 17:55:29,491 [main] DEBUG - Returning cached instance of singleton bean 'org.springframework.aop.support.DefaultBeanFactoryPointcutAdvisor#0'
  2019-01-28 17:55:29,491 [main] DEBUG - Returning cached instance of singleton bean 'org.springframework.cache.config.internalCacheAdvisor'
  2019-01-28 17:55:29,492 [main] DEBUG - Returning cached instance of singleton bean 'org.springframework.aop.support.DefaultBeanFactoryPointcutAdvisor#0'
  2019-01-28 17:55:29,492 [main] DEBUG - Returning cached instance of singleton bean 'org.springframework.cache.config.internalCacheAdvisor'
  2019-01-28 17:55:29,493 [main] DEBUG - Returning cached instance of singleton bean 'org.springframework.aop.support.DefaultBeanFactoryPointcutAdvisor#0'
  2019-01-28 17:55:29,494 [main] DEBUG - Returning cached instance of singleton bean 'org.springframework.cache.config.internalCacheAdvisor'
  2019-01-28 17:55:29,494 [main] DEBUG - Returning cached instance of singleton bean 'org.springframework.aop.support.DefaultBeanFactoryPointcutAdvisor#0'
  2019-01-28 17:55:29,495 [main] DEBUG - Returning cached instance of singleton bean 'org.springframework.cache.config.internalCacheAdvisor'
  2019-01-28 17:55:29,496 [main] DEBUG - Returning cached instance of singleton bean 'org.springframework.aop.support.DefaultBeanFactoryPointcutAdvisor#0'
  2019-01-28 17:55:29,496 [main] DEBUG - Returning cached instance of singleton bean 'org.springframework.cache.config.internalCacheAdvisor'
  2019-01-28 17:55:29,497 [main] DEBUG - Returning cached instance of singleton bean 'org.springframework.aop.support.DefaultBeanFactoryPointcutAdvisor#0'
  2019-01-28 17:55:29,497 [main] DEBUG - Returning cached instance of singleton bean 'org.springframework.cache.config.internalCacheAdvisor'
  2019-01-28 17:55:29,498 [main] DEBUG - Returning cached instance of singleton bean 'org.springframework.aop.support.DefaultBeanFactoryPointcutAdvisor#0'
  2019-01-28 17:55:29,498 [main] DEBUG - Returning cached instance of singleton bean 'org.springframework.cache.config.internalCacheAdvisor'
  2019-01-28 17:55:29,499 [main] DEBUG - Returning cached instance of singleton bean 'org.springframework.aop.support.DefaultBeanFactoryPointcutAdvisor#0'
  2019-01-28 17:55:29,499 [main] DEBUG - Returning cached instance of singleton bean 'org.springframework.cache.config.internalCacheAdvisor'
  2019-01-28 17:55:29,500 [main] DEBUG - Returning cached instance of singleton bean 'org.springframework.aop.support.DefaultBeanFactoryPointcutAdvisor#0'
  2019-01-28 17:55:29,500 [main] DEBUG - Returning cached instance of singleton bean 'org.springframework.cache.config.internalCacheAdvisor'
  2019-01-28 17:55:29,501 [main] DEBUG - Returning cached instance of singleton bean 'org.springframework.aop.support.DefaultBeanFactoryPointcutAdvisor#0'
  2019-01-28 17:55:29,501 [main] DEBUG - Returning cached instance of singleton bean 'org.springframework.cache.config.internalCacheAdvisor'
  2019-01-28 17:55:29,502 [main] DEBUG - Returning cached instance of singleton bean 'org.springframework.aop.support.DefaultBeanFactoryPointcutAdvisor#0'
  2019-01-28 17:55:29,502 [main] DEBUG - Returning cached instance of singleton bean 'org.springframework.cache.config.internalCacheAdvisor'
  2019-01-28 17:55:29,503 [main] DEBUG - Returning cached instance of singleton bean 'org.springframework.aop.support.DefaultBeanFactoryPointcutAdvisor#0'
  2019-01-28 17:55:29,504 [main] DEBUG - Returning cached instance of singleton bean 'org.springframework.cache.config.internalCacheAdvisor'
  2019-01-28 17:55:29,505 [main] DEBUG - Returning cached instance of singleton bean 'org.springframework.aop.support.DefaultBeanFactoryPointcutAdvisor#0'
  2019-01-28 17:55:29,505 [main] DEBUG - Returning cached instance of singleton bean 'org.springframework.cache.config.internalCacheAdvisor'
  2019-01-28 17:55:29,506 [main] DEBUG - Returning cached instance of singleton bean 'org.springframework.aop.support.DefaultBeanFactoryPointcutAdvisor#0'
  2019-01-28 17:55:29,506 [main] DEBUG - Returning cached instance of singleton bean 'org.springframework.cache.config.internalCacheAdvisor'
  2019-01-28 17:55:29,507 [main] DEBUG - Returning cached instance of singleton bean 'org.springframework.aop.support.DefaultBeanFactoryPointcutAdvisor#0'
  2019-01-28 17:55:29,508 [main] DEBUG - Returning cached instance of singleton bean 'org.springframework.cache.config.internalCacheAdvisor'
  2019-01-28 17:55:29,508 [main] DEBUG - Returning cached instance of singleton bean 'org.springframework.aop.support.DefaultBeanFactoryPointcutAdvisor#0'
  2019-01-28 17:55:29,509 [main] DEBUG - Returning cached instance of singleton bean 'org.springframework.cache.config.internalCacheAdvisor'
  2019-01-28 17:55:29,509 [main] DEBUG - Returning cached instance of singleton bean 'org.springframework.aop.support.DefaultBeanFactoryPointcutAdvisor#0'
  2019-01-28 17:55:29,510 [main] DEBUG - Returning cached instance of singleton bean 'org.springframework.cache.config.internalCacheAdvisor'
  2019-01-28 17:55:29,510 [main] DEBUG - Returning cached instance of singleton bean 'org.springframework.aop.support.DefaultBeanFactoryPointcutAdvisor#0'
  2019-01-28 17:55:29,511 [main] DEBUG - Returning cached instance of singleton bean 'org.springframework.cache.config.internalCacheAdvisor'
  2019-01-28 17:55:29,511 [main] DEBUG - Returning cached instance of singleton bean 'org.springframework.aop.support.DefaultBeanFactoryPointcutAdvisor#0'
  2019-01-28 17:55:29,512 [main] DEBUG - Returning cached instance of singleton bean 'org.springframework.cache.config.internalCacheAdvisor'
  2019-01-28 17:55:29,512 [main] DEBUG - Returning cached instance of singleton bean 'org.springframework.aop.support.DefaultBeanFactoryPointcutAdvisor#0'
  2019-01-28 17:55:29,512 [main] DEBUG - Returning cached instance of singleton bean 'org.springframework.cache.config.internalCacheAdvisor'
  2019-01-28 17:55:29,513 [main] DEBUG - Returning cached instance of singleton bean 'org.springframework.aop.support.DefaultBeanFactoryPointcutAdvisor#0'
  2019-01-28 17:55:29,513 [main] DEBUG - Returning cached instance of singleton bean 'org.springframework.cache.config.internalCacheAdvisor'
  2019-01-28 17:55:29,514 [main] DEBUG - Returning cached instance of singleton bean 'org.springframework.aop.support.DefaultBeanFactoryPointcutAdvisor#0'
  2019-01-28 17:55:29,514 [main] DEBUG - Returning cached instance of singleton bean 'org.springframework.cache.config.internalCacheAdvisor'
  2019-01-28 17:55:29,515 [main] DEBUG - Returning cached instance of singleton bean 'org.springframework.aop.support.DefaultBeanFactoryPointcutAdvisor#0'
  2019-01-28 17:55:29,515 [main] DEBUG - Returning cached instance of singleton bean 'org.springframework.cache.config.internalCacheAdvisor'
  2019-01-28 17:55:29,516 [main] DEBUG - Returning cached instance of singleton bean 'org.springframework.aop.support.DefaultBeanFactoryPointcutAdvisor#0'
  2019-01-28 17:55:29,516 [main] DEBUG - Returning cached instance of singleton bean 'org.springframework.cache.config.internalCacheAdvisor'
  2019-01-28 17:55:29,516 [main] DEBUG - Returning cached instance of singleton bean 'org.springframework.aop.support.DefaultBeanFactoryPointcutAdvisor#0'
  2019-01-28 17:55:29,517 [main] DEBUG - Returning cached instance of singleton bean 'org.springframework.cache.config.internalCacheAdvisor'
  2019-01-28 17:55:29,518 [main] DEBUG - Returning cached instance of singleton bean 'org.springframework.aop.support.DefaultBeanFactoryPointcutAdvisor#0'
  2019-01-28 17:55:29,519 [main] DEBUG - Returning cached instance of singleton bean 'org.springframework.cache.config.internalCacheAdvisor'
  2019-01-28 17:55:29,519 [main] DEBUG - Returning cached instance of singleton bean 'org.springframework.aop.support.DefaultBeanFactoryPointcutAdvisor#0'
  2019-01-28 17:55:29,520 [main] DEBUG - Returning cached instance of singleton bean 'org.springframework.cache.config.internalCacheAdvisor'
  2019-01-28 17:55:29,520 [main] DEBUG - Returning cached instance of singleton bean 'org.springframework.aop.support.DefaultBeanFactoryPointcutAdvisor#0'
  2019-01-28 17:55:29,521 [main] DEBUG - Returning cached instance of singleton bean 'org.springframework.cache.config.internalCacheAdvisor'
  2019-01-28 17:55:29,521 [main] DEBUG - Creating shared instance of singleton bean 'userInfoMapper'
  2019-01-28 17:55:29,522 [main] DEBUG - Creating instance of bean 'userInfoMapper'
  2019-01-28 17:55:29,522 [main] DEBUG - Returning cached instance of singleton bean 'org.springframework.aop.support.DefaultBeanFactoryPointcutAdvisor#0'
  2019-01-28 17:55:29,522 [main] DEBUG - Returning cached instance of singleton bean 'org.springframework.cache.config.internalCacheAdvisor'
  2019-01-28 17:55:29,522 [main] DEBUG - Eagerly caching bean 'userInfoMapper' to allow for resolving potential circular references
  2019-01-28 17:55:29,525 [main] DEBUG - Returning cached instance of singleton bean 'sqlSessionFactory'
  2019-01-28 17:55:29,526 [main] DEBUG - Invoking afterPropertiesSet() on bean with name 'userInfoMapper'
  2019-01-28 17:55:29,526 [main] DEBUG - Returning cached instance of singleton bean 'org.springframework.aop.support.DefaultBeanFactoryPointcutAdvisor#0'
  2019-01-28 17:55:29,526 [main] DEBUG - Returning cached instance of singleton bean 'org.springframework.cache.config.internalCacheAdvisor'
  2019-01-28 17:55:29,526 [main] DEBUG - Returning cached instance of singleton bean 'org.springframework.aop.support.DefaultBeanFactoryPointcutAdvisor#0'
  2019-01-28 17:55:29,526 [main] DEBUG - Returning cached instance of singleton bean 'org.springframework.cache.config.internalCacheAdvisor'
  2019-01-28 17:55:29,531 [main] DEBUG - Finished creating instance of bean 'userInfoMapper'
  2019-01-28 17:55:29,531 [main] DEBUG - Returning cached instance of singleton bean 'org.springframework.aop.support.DefaultBeanFactoryPointcutAdvisor#0'
  2019-01-28 17:55:29,532 [main] DEBUG - Returning cached instance of singleton bean 'org.springframework.cache.config.internalCacheAdvisor'
  2019-01-28 17:55:29,532 [main] DEBUG - Returning cached instance of singleton bean 'org.springframework.aop.support.DefaultBeanFactoryPointcutAdvisor#0'
  2019-01-28 17:55:29,532 [main] DEBUG - Returning cached instance of singleton bean 'org.springframework.cache.config.internalCacheAdvisor'
  2019-01-28 17:55:29,536 [main] DEBUG - Autowiring by type from bean name 'actGroupEntityService' to bean named 'userInfoMapper'
  2019-01-28 17:55:29,536 [main] DEBUG - Processing injected element of bean 'actGroupEntityService': AutowiredFieldElement for private com.sys.mapper.RoleInfoMapper com.sys.service.act.ActGroupEntityService.roleInfoMapper
  2019-01-28 17:55:29,537 [main] DEBUG - Creating shared instance of singleton bean 'roleInfoMapper'
  2019-01-28 17:55:29,537 [main] DEBUG - Creating instance of bean 'roleInfoMapper'
  2019-01-28 17:55:29,538 [main] DEBUG - Returning cached instance of singleton bean 'org.springframework.aop.support.DefaultBeanFactoryPointcutAdvisor#0'
  2019-01-28 17:55:29,538 [main] DEBUG - Returning cached instance of singleton bean 'org.springframework.cache.config.internalCacheAdvisor'
  2019-01-28 17:55:29,538 [main] DEBUG - Eagerly caching bean 'roleInfoMapper' to allow for resolving potential circular references
  2019-01-28 17:55:29,539 [main] DEBUG - Returning cached instance of singleton bean 'sqlSessionFactory'
  2019-01-28 17:55:29,539 [main] DEBUG - Invoking afterPropertiesSet() on bean with name 'roleInfoMapper'
  2019-01-28 17:55:29,539 [main] DEBUG - Returning cached instance of singleton bean 'org.springframework.aop.support.DefaultBeanFactoryPointcutAdvisor#0'
  2019-01-28 17:55:29,549 [main] DEBUG - Returning cached instance of singleton bean 'org.springframework.cache.config.internalCacheAdvisor'
  2019-01-28 17:55:29,549 [main] DEBUG - Returning cached instance of singleton bean 'org.springframework.aop.support.DefaultBeanFactoryPointcutAdvisor#0'
  2019-01-28 17:55:29,550 [main] DEBUG - Returning cached instance of singleton bean 'org.springframework.cache.config.internalCacheAdvisor'
  2019-01-28 17:55:29,550 [main] DEBUG - Finished creating instance of bean 'roleInfoMapper'
  2019-01-28 17:55:29,551 [main] DEBUG - Returning cached instance of singleton bean 'org.springframework.aop.support.DefaultBeanFactoryPointcutAdvisor#0'
  2019-01-28 17:55:29,551 [main] DEBUG - Returning cached instance of singleton bean 'org.springframework.cache.config.internalCacheAdvisor'
  2019-01-28 17:55:29,551 [main] DEBUG - Returning cached instance of singleton bean 'org.springframework.aop.support.DefaultBeanFactoryPointcutAdvisor#0'
  2019-01-28 17:55:29,552 [main] DEBUG - Returning cached instance of singleton bean 'org.springframework.cache.config.internalCacheAdvisor'
  2019-01-28 17:55:29,554 [main] DEBUG - Autowiring by type from bean name 'actGroupEntityService' to bean named 'roleInfoMapper'
  2019-01-28 17:55:29,556 [main] DEBUG - Returning cached instance of singleton bean 'org.springframework.aop.support.DefaultBeanFactoryPointcutAdvisor#0'
  2019-01-28 17:55:29,556 [main] DEBUG - Returning cached instance of singleton bean 'org.springframework.cache.config.internalCacheAdvisor'
  2019-01-28 17:55:29,557 [main] DEBUG - Returning cached instance of singleton bean 'org.springframework.aop.support.DefaultBeanFactoryPointcutAdvisor#0'
  2019-01-28 17:55:29,557 [main] DEBUG - Returning cached instance of singleton bean 'org.springframework.cache.config.internalCacheAdvisor'
  2019-01-28 17:55:29,559 [main] DEBUG - Returning cached instance of singleton bean 'txAdvice'
  2019-01-28 17:55:29,560 [main] DEBUG - Creating implicit proxy for bean 'actGroupEntityService' with 0 common interceptors and 2 specific interceptors
  2019-01-28 17:55:29,560 [main] DEBUG - Creating CGLIB proxy: target source is SingletonTargetSource for target object [com.sys.service.act.ActGroupEntityService@3a40bb52]
  2019-01-28 17:55:29,560 [main] DEBUG - Finished creating instance of bean 'actGroupEntityService'
  2019-01-28 17:55:29,561 [main] DEBUG - Creating shared instance of singleton bean 'actUserEntityService'
  2019-01-28 17:55:29,561 [main] DEBUG - Creating instance of bean 'actUserEntityService'
  2019-01-28 17:55:29,561 [main] DEBUG - Returning cached instance of singleton bean 'org.springframework.aop.support.DefaultBeanFactoryPointcutAdvisor#0'
  2019-01-28 17:55:29,561 [main] DEBUG - Returning cached instance of singleton bean 'org.springframework.cache.config.internalCacheAdvisor'
  2019-01-28 17:55:29,562 [main] DEBUG - Registered injected element on class [com.sys.service.act.ActUserEntityService]: AutowiredFieldElement for private com.sys.mapper.UserInfoMapper com.sys.service.act.ActUserEntityService.userInfoMapper
  2019-01-28 17:55:29,562 [main] DEBUG - Registered injected element on class [com.sys.service.act.ActUserEntityService]: AutowiredFieldElement for private com.sys.mapper.RoleInfoMapper com.sys.service.act.ActUserEntityService.roleInfoMapper
  2019-01-28 17:55:29,562 [main] DEBUG - Eagerly caching bean 'actUserEntityService' to allow for resolving potential circular references
  2019-01-28 17:55:29,565 [main] DEBUG - Processing injected element of bean 'actUserEntityService': AutowiredFieldElement for private com.sys.mapper.UserInfoMapper com.sys.service.act.ActUserEntityService.userInfoMapper
  2019-01-28 17:55:29,565 [main] DEBUG - Returning cached instance of singleton bean 'userInfoMapper'
  2019-01-28 17:55:29,566 [main] DEBUG - Autowiring by type from bean name 'actUserEntityService' to bean named 'userInfoMapper'
  2019-01-28 17:55:29,566 [main] DEBUG - Processing injected element of bean 'actUserEntityService': AutowiredFieldElement for private com.sys.mapper.RoleInfoMapper com.sys.service.act.ActUserEntityService.roleInfoMapper
  2019-01-28 17:55:29,566 [main] DEBUG - Returning cached instance of singleton bean 'roleInfoMapper'
  2019-01-28 17:55:29,566 [main] DEBUG - Autowiring by type from bean name 'actUserEntityService' to bean named 'roleInfoMapper'
  2019-01-28 17:55:29,567 [main] DEBUG - Returning cached instance of singleton bean 'org.springframework.aop.support.DefaultBeanFactoryPointcutAdvisor#0'
  2019-01-28 17:55:29,567 [main] DEBUG - Returning cached instance of singleton bean 'org.springframework.cache.config.internalCacheAdvisor'
  2019-01-28 17:55:29,567 [main] DEBUG - Returning cached instance of singleton bean 'org.springframework.aop.support.DefaultBeanFactoryPointcutAdvisor#0'
  2019-01-28 17:55:29,568 [main] DEBUG - Returning cached instance of singleton bean 'org.springframework.cache.config.internalCacheAdvisor'
  2019-01-28 17:55:29,571 [main] DEBUG - Creating implicit proxy for bean 'actUserEntityService' with 0 common interceptors and 2 specific interceptors
  2019-01-28 17:55:29,571 [main] DEBUG - Creating CGLIB proxy: target source is SingletonTargetSource for target object [com.sys.service.act.ActUserEntityService@17ec335a]
  2019-01-28 17:55:29,572 [main] DEBUG - Finished creating instance of bean 'actUserEntityService'
  2019-01-28 17:55:29,572 [main] DEBUG - Creating shared instance of singleton bean 'annexFileService'
  2019-01-28 17:55:29,572 [main] DEBUG - Creating instance of bean 'annexFileService'
  2019-01-28 17:55:29,573 [main] DEBUG - Returning cached instance of singleton bean 'org.springframework.aop.support.DefaultBeanFactoryPointcutAdvisor#0'
  2019-01-28 17:55:29,573 [main] DEBUG - Returning cached instance of singleton bean 'org.springframework.cache.config.internalCacheAdvisor'
  2019-01-28 17:55:29,573 [main] DEBUG - Registered injected element on class [com.sys.service.AnnexFileService]: AutowiredFieldElement for private com.sys.mapper.IMapper com.sys.service.BaseService.mapper
  2019-01-28 17:55:29,573 [main] DEBUG - Registered injected element on class [com.sys.service.AnnexFileService]: AutowiredFieldElement for private com.sys.mapper.AnnexFileMapper com.sys.service.AnnexFileService.annexFileMapper
  2019-01-28 17:55:29,574 [main] DEBUG - Eagerly caching bean 'annexFileService' to allow for resolving potential circular references
  2019-01-28 17:55:29,574 [main] DEBUG - Processing injected element of bean 'annexFileService': AutowiredFieldElement for private com.sys.mapper.IMapper com.sys.service.BaseService.mapper
  2019-01-28 17:55:29,578 [main] DEBUG - Creating shared instance of singleton bean 'annexFileMapper'
  2019-01-28 17:55:29,578 [main] DEBUG - Creating instance of bean 'annexFileMapper'
  2019-01-28 17:55:29,578 [main] DEBUG - Returning cached instance of singleton bean 'org.springframework.aop.support.DefaultBeanFactoryPointcutAdvisor#0'
  2019-01-28 17:55:29,579 [main] DEBUG - Returning cached instance of singleton bean 'org.springframework.cache.config.internalCacheAdvisor'
  2019-01-28 17:55:29,579 [main] DEBUG - Eagerly caching bean 'annexFileMapper' to allow for resolving potential circular references
  2019-01-28 17:55:29,579 [main] DEBUG - Returning cached instance of singleton bean 'sqlSessionFactory'
  2019-01-28 17:55:29,580 [main] DEBUG - Invoking afterPropertiesSet() on bean with name 'annexFileMapper'
  2019-01-28 17:55:29,580 [main] DEBUG - Returning cached instance of singleton bean 'org.springframework.aop.support.DefaultBeanFactoryPointcutAdvisor#0'
  2019-01-28 17:55:29,580 [main] DEBUG - Returning cached instance of singleton bean 'org.springframework.cache.config.internalCacheAdvisor'
  2019-01-28 17:55:29,580 [main] DEBUG - Returning cached instance of singleton bean 'org.springframework.aop.support.DefaultBeanFactoryPointcutAdvisor#0'
  2019-01-28 17:55:29,581 [main] DEBUG - Returning cached instance of singleton bean 'org.springframework.cache.config.internalCacheAdvisor'
  2019-01-28 17:55:29,581 [main] DEBUG - Finished creating instance of bean 'annexFileMapper'
  2019-01-28 17:55:29,581 [main] DEBUG - Returning cached instance of singleton bean 'org.springframework.aop.support.DefaultBeanFactoryPointcutAdvisor#0'
  2019-01-28 17:55:29,582 [main] DEBUG - Returning cached instance of singleton bean 'org.springframework.cache.config.internalCacheAdvisor'
  2019-01-28 17:55:29,582 [main] DEBUG - Returning cached instance of singleton bean 'org.springframework.aop.support.DefaultBeanFactoryPointcutAdvisor#0'
  2019-01-28 17:55:29,582 [main] DEBUG - Returning cached instance of singleton bean 'org.springframework.cache.config.internalCacheAdvisor'
  2019-01-28 17:55:29,584 [main] DEBUG - Autowiring by type from bean name 'annexFileService' to bean named 'annexFileMapper'
  2019-01-28 17:55:29,584 [main] DEBUG - Processing injected element of bean 'annexFileService': AutowiredFieldElement for private com.sys.mapper.AnnexFileMapper com.sys.service.AnnexFileService.annexFileMapper
  2019-01-28 17:55:29,585 [main] DEBUG - Returning cached instance of singleton bean 'annexFileMapper'
  2019-01-28 17:55:29,585 [main] DEBUG - Autowiring by type from bean name 'annexFileService' to bean named 'annexFileMapper'
  2019-01-28 17:55:29,586 [main] DEBUG - Returning cached instance of singleton bean 'org.springframework.aop.support.DefaultBeanFactoryPointcutAdvisor#0'
  2019-01-28 17:55:29,586 [main] DEBUG - Returning cached instance of singleton bean 'org.springframework.cache.config.internalCacheAdvisor'
  2019-01-28 17:55:29,586 [main] DEBUG - Returning cached instance of singleton bean 'org.springframework.aop.support.DefaultBeanFactoryPointcutAdvisor#0'
  2019-01-28 17:55:29,586 [main] DEBUG - Returning cached instance of singleton bean 'org.springframework.cache.config.internalCacheAdvisor'
  2019-01-28 17:55:29,587 [main] DEBUG - Creating implicit proxy for bean 'annexFileService' with 0 common interceptors and 2 specific interceptors
  2019-01-28 17:55:29,588 [main] DEBUG - Creating CGLIB proxy: target source is SingletonTargetSource for target object [com.sys.service.AnnexFileService@7841bd30]
  2019-01-28 17:55:29,588 [main] DEBUG - Finished creating instance of bean 'annexFileService'
  2019-01-28 17:55:29,588 [main] DEBUG - Creating shared instance of singleton bean 'applyButieService'
  2019-01-28 17:55:29,588 [main] DEBUG - Creating instance of bean 'applyButieService'
  2019-01-28 17:55:29,589 [main] DEBUG - Returning cached instance of singleton bean 'org.springframework.aop.support.DefaultBeanFactoryPointcutAdvisor#0'
  2019-01-28 17:55:29,589 [main] DEBUG - Returning cached instance of singleton bean 'org.springframework.cache.config.internalCacheAdvisor'
  2019-01-28 17:55:29,589 [main] DEBUG - Registered injected element on class [com.sys.service.apply.ApplyButieService]: AutowiredFieldElement for private com.sys.mapper.IMapper com.sys.service.BaseService.mapper
  2019-01-28 17:55:29,590 [main] DEBUG - Registered injected element on class [com.sys.service.apply.ApplyButieService]: AutowiredFieldElement for private com.sys.service.ListNumberService com.sys.service.apply.ApplyButieService.listNumberService
  2019-01-28 17:55:29,590 [main] DEBUG - Registered injected element on class [com.sys.service.apply.ApplyButieService]: AutowiredFieldElement for private com.sys.mapper.apply.ApplyFamilyMemberMapper com.sys.service.apply.ApplyButieService.applyFamilyMemberMapper
  2019-01-28 17:55:29,590 [main] DEBUG - Registered injected element on class [com.sys.service.apply.ApplyButieService]: AutowiredFieldElement for private com.sys.mapper.apply.ApplyFamilyHouseMapper com.sys.service.apply.ApplyButieService.applyFamilyHouseMapper
  2019-01-28 17:55:29,590 [main] DEBUG - Registered injected element on class [com.sys.service.apply.ApplyButieService]: AutowiredFieldElement for private com.sys.service.FlowService com.sys.service.apply.ApplyButieService.flowService
  2019-01-28 17:55:29,590 [main] DEBUG - Registered injected element on class [com.sys.service.apply.ApplyButieService]: AutowiredFieldElement for private com.sys.mapper.apply.ApproveMapper com.sys.service.apply.ApplyButieService.approveMapper
  2019-01-28 17:55:29,591 [main] DEBUG - Registered injected element on class [com.sys.service.apply.ApplyButieService]: AutowiredFieldElement for private com.sys.mapper.apply.ApplyButieMapper com.sys.service.apply.ApplyButieService.applyButieMapper
  2019-01-28 17:55:29,591 [main] DEBUG - Registered injected element on class [com.sys.service.apply.ApplyButieService]: AutowiredFieldElement for private com.sys.common.BatchUtil com.sys.service.apply.ApplyButieService.batchUtil
  2019-01-28 17:55:29,591 [main] DEBUG - Registered injected element on class [com.sys.service.apply.ApplyButieService]: AutowiredFieldElement for private com.sys.mapper.apply.ApplyFamilyHouseChangeMapper com.sys.service.apply.ApplyButieService.applyFamilyHouseChangeMapper
  2019-01-28 17:55:29,591 [main] DEBUG - Registered injected element on class [com.sys.service.apply.ApplyButieService]: AutowiredFieldElement for private org.activiti.engine.RuntimeService com.sys.service.apply.ApplyButieService.runtimeService
  2019-01-28 17:55:29,591 [main] DEBUG - Registered injected element on class [com.sys.service.apply.ApplyButieService]: AutowiredFieldElement for private com.sys.mapper.VolelearcDtlMapper com.sys.service.apply.ApplyButieService.volelearcDtlMapper
  2019-01-28 17:55:29,592 [main] DEBUG - Registered injected element on class [com.sys.service.apply.ApplyButieService]: AutowiredFieldElement for private com.sys.mapper.VolelearcMapper com.sys.service.apply.ApplyButieService.volelearcMapper
  2019-01-28 17:55:29,592 [main] DEBUG - Registered injected element on class [com.sys.service.apply.ApplyButieService]: AutowiredFieldElement for private com.sys.mapper.apply.ApplyUnitMapper com.sys.service.apply.ApplyButieService.applyUnitMapper
  2019-01-28 17:55:29,592 [main] DEBUG - Eagerly caching bean 'applyButieService' to allow for resolving potential circular references
  2019-01-28 17:55:29,592 [main] DEBUG - Processing injected element of bean 'applyButieService': AutowiredFieldElement for private com.sys.mapper.IMapper com.sys.service.BaseService.mapper
  2019-01-28 17:55:29,593 [main] DEBUG - Creating shared instance of singleton bean 'applyButieMapper'
  2019-01-28 17:55:29,594 [main] DEBUG - Creating instance of bean 'applyButieMapper'
  2019-01-28 17:55:29,594 [main] DEBUG - Returning cached instance of singleton bean 'org.springframework.aop.support.DefaultBeanFactoryPointcutAdvisor#0'
  2019-01-28 17:55:29,594 [main] DEBUG - Returning cached instance of singleton bean 'org.springframework.cache.config.internalCacheAdvisor'
  2019-01-28 17:55:29,595 [main] DEBUG - Eagerly caching bean 'applyButieMapper' to allow for resolving potential circular references
  2019-01-28 17:55:29,595 [main] DEBUG - Returning cached instance of singleton bean 'sqlSessionFactory'
  2019-01-28 17:55:29,596 [main] DEBUG - Invoking afterPropertiesSet() on bean with name 'applyButieMapper'
  2019-01-28 17:55:29,596 [main] DEBUG - Returning cached instance of singleton bean 'org.springframework.aop.support.DefaultBeanFactoryPointcutAdvisor#0'
  2019-01-28 17:55:29,596 [main] DEBUG - Returning cached instance of singleton bean 'org.springframework.cache.config.internalCacheAdvisor'
  2019-01-28 17:55:29,596 [main] DEBUG - Returning cached instance of singleton bean 'org.springframework.aop.support.DefaultBeanFactoryPointcutAdvisor#0'
  2019-01-28 17:55:29,597 [main] DEBUG - Returning cached instance of singleton bean 'org.springframework.cache.config.internalCacheAdvisor'
  2019-01-28 17:55:29,597 [main] DEBUG - Finished creating instance of bean 'applyButieMapper'
  2019-01-28 17:55:29,597 [main] DEBUG - Returning cached instance of singleton bean 'org.springframework.aop.support.DefaultBeanFactoryPointcutAdvisor#0'
  2019-01-28 17:55:29,598 [main] DEBUG - Returning cached instance of singleton bean 'org.springframework.cache.config.internalCacheAdvisor'
  2019-01-28 17:55:29,598 [main] DEBUG - Returning cached instance of singleton bean 'org.springframework.aop.support.DefaultBeanFactoryPointcutAdvisor#0'
  2019-01-28 17:55:29,598 [main] DEBUG - Returning cached instance of singleton bean 'org.springframework.cache.config.internalCacheAdvisor'
  2019-01-28 17:55:29,600 [main] DEBUG - Autowiring by type from bean name 'applyButieService' to bean named 'applyButieMapper'
  2019-01-28 17:55:29,600 [main] DEBUG - Processing injected element of bean 'applyButieService': AutowiredFieldElement for private com.sys.service.ListNumberService com.sys.service.apply.ApplyButieService.listNumberService
  2019-01-28 17:55:29,601 [main] DEBUG - Creating shared instance of singleton bean 'listNumberService'
  2019-01-28 17:55:29,602 [main] DEBUG - Creating instance of bean 'listNumberService'
  2019-01-28 17:55:29,602 [main] DEBUG - Returning cached instance of singleton bean 'org.springframework.aop.support.DefaultBeanFactoryPointcutAdvisor#0'
  2019-01-28 17:55:29,602 [main] DEBUG - Returning cached instance of singleton bean 'org.springframework.cache.config.internalCacheAdvisor'
  2019-01-28 17:55:29,604 [main] DEBUG - Registered injected element on class [com.sys.service.ListNumberService]: AutowiredFieldElement for private com.sys.mapper.IMapper com.sys.service.BaseService.mapper
  2019-01-28 17:55:29,604 [main] DEBUG - Registered injected element on class [com.sys.service.ListNumberService]: AutowiredFieldElement for private com.sys.mapper.ListNumberMapper com.sys.service.ListNumberService.listNumberMapper
  2019-01-28 17:55:29,604 [main] DEBUG - Eagerly caching bean 'listNumberService' to allow for resolving potential circular references
  2019-01-28 17:55:29,605 [main] DEBUG - Processing injected element of bean 'listNumberService': AutowiredFieldElement for private com.sys.mapper.IMapper com.sys.service.BaseService.mapper
  2019-01-28 17:55:29,606 [main] DEBUG - Creating shared instance of singleton bean 'listNumberMapper'
  2019-01-28 17:55:29,606 [main] DEBUG - Creating instance of bean 'listNumberMapper'
  2019-01-28 17:55:29,606 [main] DEBUG - Returning cached instance of singleton bean 'org.springframework.aop.support.DefaultBeanFactoryPointcutAdvisor#0'
  2019-01-28 17:55:29,607 [main] DEBUG - Returning cached instance of singleton bean 'org.springframework.cache.config.internalCacheAdvisor'
  2019-01-28 17:55:29,607 [main] DEBUG - Eagerly caching bean 'listNumberMapper' to allow for resolving potential circular references
  2019-01-28 17:55:29,608 [main] DEBUG - Returning cached instance of singleton bean 'sqlSessionFactory'
  2019-01-28 17:55:29,608 [main] DEBUG - Invoking afterPropertiesSet() on bean with name 'listNumberMapper'
  2019-01-28 17:55:29,609 [main] DEBUG - Returning cached instance of singleton bean 'org.springframework.aop.support.DefaultBeanFactoryPointcutAdvisor#0'
  2019-01-28 17:55:29,609 [main] DEBUG - Returning cached instance of singleton bean 'org.springframework.cache.config.internalCacheAdvisor'
  2019-01-28 17:55:29,609 [main] DEBUG - Returning cached instance of singleton bean 'org.springframework.aop.support.DefaultBeanFactoryPointcutAdvisor#0'
  2019-01-28 17:55:29,609 [main] DEBUG - Returning cached instance of singleton bean 'org.springframework.cache.config.internalCacheAdvisor'
  2019-01-28 17:55:29,610 [main] DEBUG - Finished creating instance of bean 'listNumberMapper'
  2019-01-28 17:55:29,611 [main] DEBUG - Returning cached instance of singleton bean 'org.springframework.aop.support.DefaultBeanFactoryPointcutAdvisor#0'
  2019-01-28 17:55:29,611 [main] DEBUG - Returning cached instance of singleton bean 'org.springframework.cache.config.internalCacheAdvisor'
  2019-01-28 17:55:29,612 [main] DEBUG - Returning cached instance of singleton bean 'org.springframework.aop.support.DefaultBeanFactoryPointcutAdvisor#0'
  2019-01-28 17:55:29,612 [main] DEBUG - Returning cached instance of singleton bean 'org.springframework.cache.config.internalCacheAdvisor'
  2019-01-28 17:55:29,613 [main] DEBUG - Autowiring by type from bean name 'listNumberService' to bean named 'listNumberMapper'
  2019-01-28 17:55:29,614 [main] DEBUG - Processing injected element of bean 'listNumberService': AutowiredFieldElement for private com.sys.mapper.ListNumberMapper com.sys.service.ListNumberService.listNumberMapper
  2019-01-28 17:55:29,615 [main] DEBUG - Returning cached instance of singleton bean 'listNumberMapper'
  2019-01-28 17:55:29,615 [main] DEBUG - Autowiring by type from bean name 'listNumberService' to bean named 'listNumberMapper'
  2019-01-28 17:55:29,616 [main] DEBUG - Returning cached instance of singleton bean 'org.springframework.aop.support.DefaultBeanFactoryPointcutAdvisor#0'
  2019-01-28 17:55:29,616 [main] DEBUG - Returning cached instance of singleton bean 'org.springframework.cache.config.internalCacheAdvisor'
  2019-01-28 17:55:29,616 [main] DEBUG - Returning cached instance of singleton bean 'org.springframework.aop.support.DefaultBeanFactoryPointcutAdvisor#0'
  2019-01-28 17:55:29,617 [main] DEBUG - Returning cached instance of singleton bean 'org.springframework.cache.config.internalCacheAdvisor'
  2019-01-28 17:55:29,617 [main] DEBUG - Creating implicit proxy for bean 'listNumberService' with 0 common interceptors and 2 specific interceptors
  2019-01-28 17:55:29,618 [main] DEBUG - Creating CGLIB proxy: target source is SingletonTargetSource for target object [com.sys.service.ListNumberService@477523ba]
  2019-01-28 17:55:29,618 [main] DEBUG - Finished creating instance of bean 'listNumberService'
  2019-01-28 17:55:29,618 [main] DEBUG - Autowiring by type from bean name 'applyButieService' to bean named 'listNumberService'
  2019-01-28 17:55:29,619 [main] DEBUG - Processing injected element of bean 'applyButieService': AutowiredFieldElement for private com.sys.mapper.apply.ApplyFamilyMemberMapper com.sys.service.apply.ApplyButieService.applyFamilyMemberMapper
  2019-01-28 17:55:29,620 [main] DEBUG - Creating shared instance of singleton bean 'applyFamilyMemberMapper'
  2019-01-28 17:55:29,620 [main] DEBUG - Creating instance of bean 'applyFamilyMemberMapper'
  2019-01-28 17:55:29,620 [main] DEBUG - Returning cached instance of singleton bean 'org.springframework.aop.support.DefaultBeanFactoryPointcutAdvisor#0'
  2019-01-28 17:55:29,621 [main] DEBUG - Returning cached instance of singleton bean 'org.springframework.cache.config.internalCacheAdvisor'
  2019-01-28 17:55:29,621 [main] DEBUG - Eagerly caching bean 'applyFamilyMemberMapper' to allow for resolving potential circular references
  2019-01-28 17:55:29,621 [main] DEBUG - Returning cached instance of singleton bean 'sqlSessionFactory'
  2019-01-28 17:55:29,622 [main] DEBUG - Invoking afterPropertiesSet() on bean with name 'applyFamilyMemberMapper'
  2019-01-28 17:55:29,622 [main] DEBUG - Returning cached instance of singleton bean 'org.springframework.aop.support.DefaultBeanFactoryPointcutAdvisor#0'
  2019-01-28 17:55:29,622 [main] DEBUG - Returning cached instance of singleton bean 'org.springframework.cache.config.internalCacheAdvisor'
  2019-01-28 17:55:29,623 [main] DEBUG - Returning cached instance of singleton bean 'org.springframework.aop.support.DefaultBeanFactoryPointcutAdvisor#0'
  2019-01-28 17:55:29,623 [main] DEBUG - Returning cached instance of singleton bean 'org.springframework.cache.config.internalCacheAdvisor'
  2019-01-28 17:55:29,623 [main] DEBUG - Finished creating instance of bean 'applyFamilyMemberMapper'
  2019-01-28 17:55:29,624 [main] DEBUG - Returning cached instance of singleton bean 'org.springframework.aop.support.DefaultBeanFactoryPointcutAdvisor#0'
  2019-01-28 17:55:29,624 [main] DEBUG - Returning cached instance of singleton bean 'org.springframework.cache.config.internalCacheAdvisor'
  2019-01-28 17:55:29,624 [main] DEBUG - Returning cached instance of singleton bean 'org.springframework.aop.support.DefaultBeanFactoryPointcutAdvisor#0'
  2019-01-28 17:55:29,624 [main] DEBUG - Returning cached instance of singleton bean 'org.springframework.cache.config.internalCacheAdvisor'
  2019-01-28 17:55:29,626 [main] DEBUG - Autowiring by type from bean name 'applyButieService' to bean named 'applyFamilyMemberMapper'
  2019-01-28 17:55:29,627 [main] DEBUG - Processing injected element of bean 'applyButieService': AutowiredFieldElement for private com.sys.mapper.apply.ApplyFamilyHouseMapper com.sys.service.apply.ApplyButieService.applyFamilyHouseMapper
  2019-01-28 17:55:29,628 [main] DEBUG - Creating shared instance of singleton bean 'applyFamilyHouseMapper'
  2019-01-28 17:55:29,629 [main] DEBUG - Creating instance of bean 'applyFamilyHouseMapper'
  2019-01-28 17:55:29,629 [main] DEBUG - Returning cached instance of singleton bean 'org.springframework.aop.support.DefaultBeanFactoryPointcutAdvisor#0'
  2019-01-28 17:55:29,629 [main] DEBUG - Returning cached instance of singleton bean 'org.springframework.cache.config.internalCacheAdvisor'
  2019-01-28 17:55:29,629 [main] DEBUG - Eagerly caching bean 'applyFamilyHouseMapper' to allow for resolving potential circular references
  2019-01-28 17:55:29,630 [main] DEBUG - Returning cached instance of singleton bean 'sqlSessionFactory'
  2019-01-28 17:55:29,630 [main] DEBUG - Invoking afterPropertiesSet() on bean with name 'applyFamilyHouseMapper'
  2019-01-28 17:55:29,631 [main] DEBUG - Returning cached instance of singleton bean 'org.springframework.aop.support.DefaultBeanFactoryPointcutAdvisor#0'
  2019-01-28 17:55:29,631 [main] DEBUG - Returning cached instance of singleton bean 'org.springframework.cache.config.internalCacheAdvisor'
  2019-01-28 17:55:29,631 [main] DEBUG - Returning cached instance of singleton bean 'org.springframework.aop.support.DefaultBeanFactoryPointcutAdvisor#0'
  2019-01-28 17:55:29,632 [main] DEBUG - Returning cached instance of singleton bean 'org.springframework.cache.config.internalCacheAdvisor'
  2019-01-28 17:55:29,632 [main] DEBUG - Finished creating instance of bean 'applyFamilyHouseMapper'
  2019-01-28 17:55:29,633 [main] DEBUG - Returning cached instance of singleton bean 'org.springframework.aop.support.DefaultBeanFactoryPointcutAdvisor#0'
  2019-01-28 17:55:29,633 [main] DEBUG - Returning cached instance of singleton bean 'org.springframework.cache.config.internalCacheAdvisor'
  2019-01-28 17:55:29,634 [main] DEBUG - Returning cached instance of singleton bean 'org.springframework.aop.support.DefaultBeanFactoryPointcutAdvisor#0'
  2019-01-28 17:55:29,634 [main] DEBUG - Returning cached instance of singleton bean 'org.springframework.cache.config.internalCacheAdvisor'
  2019-01-28 17:55:29,635 [main] DEBUG - Autowiring by type from bean name 'applyButieService' to bean named 'applyFamilyHouseMapper'
  2019-01-28 17:55:29,636 [main] DEBUG - Processing injected element of bean 'applyButieService': AutowiredFieldElement for private com.sys.service.FlowService com.sys.service.apply.ApplyButieService.flowService
  2019-01-28 17:55:29,636 [main] DEBUG - Creating shared instance of singleton bean 'flowService'
  2019-01-28 17:55:29,637 [main] DEBUG - Creating instance of bean 'flowService'
  2019-01-28 17:55:29,637 [main] DEBUG - Returning cached instance of singleton bean 'org.springframework.aop.support.DefaultBeanFactoryPointcutAdvisor#0'
  2019-01-28 17:55:29,637 [main] DEBUG - Returning cached instance of singleton bean 'org.springframework.cache.config.internalCacheAdvisor'
  2019-01-28 17:55:29,638 [main] DEBUG - Registered injected element on class [com.sys.service.FlowService]: AutowiredFieldElement for private org.activiti.engine.TaskService com.sys.service.FlowService.taskService
  2019-01-28 17:55:29,638 [main] DEBUG - Registered injected element on class [com.sys.service.FlowService]: AutowiredFieldElement for private com.sys.service.UserTaskService com.sys.service.FlowService.userTaskService
  2019-01-28 17:55:29,638 [main] DEBUG - Registered injected element on class [com.sys.service.FlowService]: AutowiredFieldElement for private org.activiti.engine.HistoryService com.sys.service.FlowService.historyService
  2019-01-28 17:55:29,639 [main] DEBUG - Registered injected element on class [com.sys.service.FlowService]: AutowiredFieldElement for private org.activiti.engine.RuntimeService com.sys.service.FlowService.runtimeService
  2019-01-28 17:55:29,639 [main] DEBUG - Registered injected element on class [com.sys.service.FlowService]: AutowiredFieldElement for private org.activiti.engine.RepositoryService com.sys.service.FlowService.repositoryService
  2019-01-28 17:55:29,639 [main] DEBUG - Eagerly caching bean 'flowService' to allow for resolving potential circular references
  2019-01-28 17:55:29,640 [main] DEBUG - Processing injected element of bean 'flowService': AutowiredFieldElement for private org.activiti.engine.TaskService com.sys.service.FlowService.taskService
  2019-01-28 17:55:29,641 [main] DEBUG - Creating shared instance of singleton bean 'taskService'
  2019-01-28 17:55:29,641 [main] DEBUG - Creating instance of bean 'taskService'
  2019-01-28 17:55:29,642 [main] DEBUG - Returning cached instance of singleton bean 'org.springframework.aop.support.DefaultBeanFactoryPointcutAdvisor#0'
  2019-01-28 17:55:29,642 [main] DEBUG - Returning cached instance of singleton bean 'org.springframework.cache.config.internalCacheAdvisor'
  2019-01-28 17:55:29,642 [main] DEBUG - Creating shared instance of singleton bean 'processEngine'
  2019-01-28 17:55:29,643 [main] DEBUG - Creating instance of bean 'processEngine'
  2019-01-28 17:55:29,643 [main] DEBUG - Returning cached instance of singleton bean 'org.springframework.aop.support.DefaultBeanFactoryPointcutAdvisor#0'
  2019-01-28 17:55:29,643 [main] DEBUG - Returning cached instance of singleton bean 'org.springframework.cache.config.internalCacheAdvisor'
  2019-01-28 17:55:29,644 [main] DEBUG - Eagerly caching bean 'processEngine' to allow for resolving potential circular references
  2019-01-28 17:55:29,648 [main] DEBUG - Creating shared instance of singleton bean 'processEngineConfiguration'
  2019-01-28 17:55:29,649 [main] DEBUG - Creating instance of bean 'processEngineConfiguration'
  2019-01-28 17:55:29,649 [main] DEBUG - Returning cached instance of singleton bean 'org.springframework.aop.support.DefaultBeanFactoryPointcutAdvisor#0'
  2019-01-28 17:55:29,650 [main] DEBUG - Returning cached instance of singleton bean 'org.springframework.cache.config.internalCacheAdvisor'
  2019-01-28 17:55:29,652 [main] DEBUG - Eagerly caching bean 'processEngineConfiguration' to allow for resolving potential circular references
  2019-01-28 17:55:29,682 [main] DEBUG - Returning cached instance of singleton bean 'dataSource'
  2019-01-28 17:55:29,683 [main] DEBUG - Returning cached instance of singleton bean 'transactionManager'
  2019-01-28 17:55:29,684 [main] DEBUG - Creating instance of bean 'com.sys.service.act.ActUserEntityServiceFactory#24876a7e'
  2019-01-28 17:55:29,684 [main] DEBUG - Returning cached instance of singleton bean 'org.springframework.aop.support.DefaultBeanFactoryPointcutAdvisor#0'
  2019-01-28 17:55:29,685 [main] DEBUG - Returning cached instance of singleton bean 'org.springframework.cache.config.internalCacheAdvisor'
  2019-01-28 17:55:29,686 [main] DEBUG - Registered injected element on class [com.sys.service.act.ActUserEntityServiceFactory]: AutowiredFieldElement for private com.sys.service.act.ActUserEntityService com.sys.service.act.ActUserEntityServiceFactory.actUserEntityService
  2019-01-28 17:55:29,689 [main] DEBUG - Processing injected element of bean 'com.sys.service.act.ActUserEntityServiceFactory#24876a7e': AutowiredFieldElement for private com.sys.service.act.ActUserEntityService com.sys.service.act.ActUserEntityServiceFactory.actUserEntityService
  2019-01-28 17:55:29,693 [main] DEBUG - Returning cached instance of singleton bean 'actUserEntityService'
  2019-01-28 17:55:29,694 [main] DEBUG - Autowiring by type from bean name 'com.sys.service.act.ActUserEntityServiceFactory#24876a7e' to bean named 'actUserEntityService'
  2019-01-28 17:55:29,695 [main] DEBUG - Returning cached instance of singleton bean 'org.springframework.aop.support.DefaultBeanFactoryPointcutAdvisor#0'
  2019-01-28 17:55:29,695 [main] DEBUG - Returning cached instance of singleton bean 'org.springframework.cache.config.internalCacheAdvisor'
  2019-01-28 17:55:29,696 [main] DEBUG - Returning cached instance of singleton bean 'org.springframework.aop.support.DefaultBeanFactoryPointcutAdvisor#0'
  2019-01-28 17:55:29,696 [main] DEBUG - Returning cached instance of singleton bean 'org.springframework.cache.config.internalCacheAdvisor'
  2019-01-28 17:55:29,697 [main] DEBUG - Creating implicit proxy for bean 'com.sys.service.act.ActUserEntityServiceFactory#24876a7e' with 0 common interceptors and 2 specific interceptors
  2019-01-28 17:55:29,698 [main] DEBUG - Creating CGLIB proxy: target source is SingletonTargetSource for target object [com.sys.service.act.ActUserEntityServiceFactory@46bb0bdf]
  2019-01-28 17:55:29,698 [main] DEBUG - Finished creating instance of bean 'com.sys.service.act.ActUserEntityServiceFactory#24876a7e'
  2019-01-28 17:55:29,698 [main] DEBUG - Creating instance of bean 'com.sys.service.act.ActGroupEntityServiceFactory#1625789b'
  2019-01-28 17:55:29,699 [main] DEBUG - Returning cached instance of singleton bean 'org.springframework.aop.support.DefaultBeanFactoryPointcutAdvisor#0'
  2019-01-28 17:55:29,699 [main] DEBUG - Returning cached instance of singleton bean 'org.springframework.cache.config.internalCacheAdvisor'
  2019-01-28 17:55:29,700 [main] DEBUG - Registered injected element on class [com.sys.service.act.ActGroupEntityServiceFactory]: AutowiredFieldElement for private com.sys.service.act.ActGroupEntityService com.sys.service.act.ActGroupEntityServiceFactory.actGroupEntityService
  2019-01-28 17:55:29,705 [main] DEBUG - Processing injected element of bean 'com.sys.service.act.ActGroupEntityServiceFactory#1625789b': AutowiredFieldElement for private com.sys.service.act.ActGroupEntityService com.sys.service.act.ActGroupEntityServiceFactory.actGroupEntityService
  2019-01-28 17:55:29,707 [main] DEBUG - Returning cached instance of singleton bean 'actGroupEntityService'
  2019-01-28 17:55:29,707 [main] DEBUG - Autowiring by type from bean name 'com.sys.service.act.ActGroupEntityServiceFactory#1625789b' to bean named 'actGroupEntityService'
  2019-01-28 17:55:29,708 [main] DEBUG - Returning cached instance of singleton bean 'org.springframework.aop.support.DefaultBeanFactoryPointcutAdvisor#0'
  2019-01-28 17:55:29,708 [main] DEBUG - Returning cached instance of singleton bean 'org.springframework.cache.config.internalCacheAdvisor'
  2019-01-28 17:55:29,711 [main] DEBUG - Returning cached instance of singleton bean 'org.springframework.aop.support.DefaultBeanFactoryPointcutAdvisor#0'
  2019-01-28 17:55:29,711 [main] DEBUG - Returning cached instance of singleton bean 'org.springframework.cache.config.internalCacheAdvisor'
  2019-01-28 17:55:29,713 [main] DEBUG - Creating implicit proxy for bean 'com.sys.service.act.ActGroupEntityServiceFactory#1625789b' with 0 common interceptors and 2 specific interceptors
  2019-01-28 17:55:29,713 [main] DEBUG - Creating CGLIB proxy: target source is SingletonTargetSource for target object [com.sys.service.act.ActGroupEntityServiceFactory@1c84d80a]
  2019-01-28 17:55:29,714 [main] DEBUG - Finished creating instance of bean 'com.sys.service.act.ActGroupEntityServiceFactory#1625789b'
  2019-01-28 17:55:29,715 [main] DEBUG - Returning cached instance of singleton bean 'org.springframework.aop.support.DefaultBeanFactoryPointcutAdvisor#0'
  2019-01-28 17:55:29,715 [main] DEBUG - Returning cached instance of singleton bean 'org.springframework.cache.config.internalCacheAdvisor'
  2019-01-28 17:55:29,716 [main] DEBUG - Returning cached instance of singleton bean 'org.springframework.aop.support.DefaultBeanFactoryPointcutAdvisor#0'
  2019-01-28 17:55:29,716 [main] DEBUG - Returning cached instance of singleton bean 'org.springframework.cache.config.internalCacheAdvisor'
  2019-01-28 17:55:29,743 [main] DEBUG - Finished creating instance of bean 'processEngineConfiguration'
  2019-01-28 17:55:29,745 [main] DEBUG - Returning cached instance of singleton bean 'org.springframework.aop.support.DefaultBeanFactoryPointcutAdvisor#0'
  2019-01-28 17:55:29,746 [main] DEBUG - Returning cached instance of singleton bean 'org.springframework.cache.config.internalCacheAdvisor'
  2019-01-28 17:55:29,746 [main] DEBUG - Returning cached instance of singleton bean 'org.springframework.aop.support.DefaultBeanFactoryPointcutAdvisor#0'
  2019-01-28 17:55:29,749 [main] DEBUG - Returning cached instance of singleton bean 'org.springframework.cache.config.internalCacheAdvisor'
  2019-01-28 17:55:29,752 [main] DEBUG - Finished creating instance of bean 'processEngine'
  2019-01-28 17:55:30,221 [main] DEBUG - Creating new transaction with name [com.sys.service.act.ActUserEntityServiceFactory.getSessionType]: PROPAGATION_REQUIRED,ISOLATION_DEFAULT,readOnly
  2019-01-28 17:55:30,222 [main] DEBUG - Acquired Connection [com.alibaba.druid.proxy.jdbc.ConnectionProxyImpl@6cc48a17] for JDBC transaction
  2019-01-28 17:55:30,223 [main] DEBUG - Setting JDBC Connection [com.alibaba.druid.proxy.jdbc.ConnectionProxyImpl@6cc48a17] read-only
  2019-01-28 17:55:30,223 [main] DEBUG - Switching JDBC Connection [com.alibaba.druid.proxy.jdbc.ConnectionProxyImpl@6cc48a17] to manual commit
  2019-01-28 17:55:30,224 [main] DEBUG - Initiating transaction commit
  2019-01-28 17:55:30,224 [main] DEBUG - Committing JDBC transaction on Connection [com.alibaba.druid.proxy.jdbc.ConnectionProxyImpl@6cc48a17]
  2019-01-28 17:55:30,227 [main] DEBUG - Resetting read-only flag of JDBC Connection [com.alibaba.druid.proxy.jdbc.ConnectionProxyImpl@6cc48a17]
  2019-01-28 17:55:30,228 [main] DEBUG - Releasing JDBC Connection [com.alibaba.druid.proxy.jdbc.ConnectionProxyImpl@6cc48a17] after transaction
  2019-01-28 17:55:30,228 [main] DEBUG - Returning JDBC Connection to DataSource
  2019-01-28 17:55:30,229 [main] DEBUG - Creating new transaction with name [com.sys.service.act.ActGroupEntityServiceFactory.getSessionType]: PROPAGATION_REQUIRED,ISOLATION_DEFAULT,readOnly
  2019-01-28 17:55:30,229 [main] DEBUG - Acquired Connection [com.alibaba.druid.proxy.jdbc.ConnectionProxyImpl@6cc48a17] for JDBC transaction
  2019-01-28 17:55:30,230 [main] DEBUG - Setting JDBC Connection [com.alibaba.druid.proxy.jdbc.ConnectionProxyImpl@6cc48a17] read-only
  2019-01-28 17:55:30,230 [main] DEBUG - Switching JDBC Connection [com.alibaba.druid.proxy.jdbc.ConnectionProxyImpl@6cc48a17] to manual commit
  2019-01-28 17:55:30,231 [main] DEBUG - Initiating transaction commit
  2019-01-28 17:55:30,231 [main] DEBUG - Committing JDBC transaction on Connection [com.alibaba.druid.proxy.jdbc.ConnectionProxyImpl@6cc48a17]
  2019-01-28 17:55:30,233 [main] DEBUG - Resetting read-only flag of JDBC Connection [com.alibaba.druid.proxy.jdbc.ConnectionProxyImpl@6cc48a17]
  2019-01-28 17:55:30,233 [main] DEBUG - Releasing JDBC Connection [com.alibaba.druid.proxy.jdbc.ConnectionProxyImpl@6cc48a17] after transaction
  2019-01-28 17:55:30,234 [main] DEBUG - Returning JDBC Connection to DataSource
  2019-01-28 17:55:30,234 [main] DEBUG - 

  2019-01-28 17:55:30,234 [main] DEBUG - --- starting SchemaOperationsProcessEngineBuild --------------------------------------------------------
  2019-01-28 17:55:30,235 [main] DEBUG - Running command with propagation NOT_SUPPORTED
  Opening JDBC Connection
2019-01-28 17:55:30,235 [main] DEBUG - Fetching JDBC Connection from DataSource
  2019-01-28 17:55:30,235 [main] DEBUG - Registering transaction synchronization for JDBC Connection
  ==>  Preparing: select * from ACT_GE_PROPERTY where NAME_ = ? 
==> Parameters: schema.version(String)
<==    Columns: NAME_, VALUE_, REV_
<==        Row: schema.version, 5.22.0.0, 1
<==      Total: 1
2019-01-28 17:55:30,243 [main] DEBUG - {conn-110001, pstmt-120000} enter cache
  2019-01-28 17:55:30,249 [main] DEBUG - flush summary: 0 insert, 0 update, 0 delete.
  2019-01-28 17:55:30,250 [main] DEBUG - now executing flush...
  Closing JDBC Connection [Transaction-aware proxy for target Connection [com.alibaba.druid.proxy.jdbc.ConnectionProxyImpl@6cc48a17]]
2019-01-28 17:55:30,251 [main] DEBUG - Returning JDBC Connection to DataSource
  2019-01-28 17:55:30,251 [main] DEBUG - --- SchemaOperationsProcessEngineBuild finished --------------------------------------------------------
  2019-01-28 17:55:30,251 [main] DEBUG - 

  2019-01-28 17:55:30,252 [main] INFO  - ProcessEngine default created
  2019-01-28 17:55:30,252 [main] DEBUG - Returning cached instance of singleton bean 'org.springframework.aop.support.DefaultBeanFactoryPointcutAdvisor#0'
  2019-01-28 17:55:30,252 [main] DEBUG - Returning cached instance of singleton bean 'org.springframework.cache.config.internalCacheAdvisor'
  2019-01-28 17:55:30,253 [main] DEBUG - Returning cached instance of singleton bean 'org.springframework.aop.support.DefaultBeanFactoryPointcutAdvisor#0'
  2019-01-28 17:55:30,253 [main] DEBUG - Returning cached instance of singleton bean 'org.springframework.cache.config.internalCacheAdvisor'
  2019-01-28 17:55:30,255 [main] DEBUG - Eagerly caching bean 'taskService' to allow for resolving potential circular references
  2019-01-28 17:55:30,258 [main] DEBUG - Returning cached instance of singleton bean 'org.springframework.aop.support.DefaultBeanFactoryPointcutAdvisor#0'
  2019-01-28 17:55:30,258 [main] DEBUG - Returning cached instance of singleton bean 'org.springframework.cache.config.internalCacheAdvisor'
  2019-01-28 17:55:30,259 [main] DEBUG - Returning cached instance of singleton bean 'org.springframework.aop.support.DefaultBeanFactoryPointcutAdvisor#0'
  2019-01-28 17:55:30,259 [main] DEBUG - Returning cached instance of singleton bean 'org.springframework.cache.config.internalCacheAdvisor'
  2019-01-28 17:55:30,268 [main] DEBUG - Finished creating instance of bean 'taskService'
  2019-01-28 17:55:30,268 [main] DEBUG - Autowiring by type from bean name 'flowService' to bean named 'taskService'
  2019-01-28 17:55:30,269 [main] DEBUG - Processing injected element of bean 'flowService': AutowiredFieldElement for private com.sys.service.UserTaskService com.sys.service.FlowService.userTaskService
  2019-01-28 17:55:30,270 [main] DEBUG - Creating shared instance of singleton bean 'userTaskService'
  2019-01-28 17:55:30,270 [main] DEBUG - Creating instance of bean 'userTaskService'
  2019-01-28 17:55:30,271 [main] DEBUG - Returning cached instance of singleton bean 'org.springframework.aop.support.DefaultBeanFactoryPointcutAdvisor#0'
  2019-01-28 17:55:30,271 [main] DEBUG - Returning cached instance of singleton bean 'org.springframework.cache.config.internalCacheAdvisor'
  2019-01-28 17:55:30,271 [main] DEBUG - Registered injected element on class [com.sys.service.UserTaskService]: ResourceElement for private com.sys.mapper.UserTaskMapper com.sys.service.UserTaskService.userTaskDao
  2019-01-28 17:55:30,272 [main] DEBUG - Registered injected element on class [com.sys.service.UserTaskService]: ResourceElement for private com.sys.common.BatchUtil com.sys.service.UserTaskService.batchUtil
  2019-01-28 17:55:30,272 [main] DEBUG - Eagerly caching bean 'userTaskService' to allow for resolving potential circular references
  2019-01-28 17:55:30,272 [main] DEBUG - Processing injected element of bean 'userTaskService': ResourceElement for private com.sys.mapper.UserTaskMapper com.sys.service.UserTaskService.userTaskDao
  2019-01-28 17:55:30,273 [main] DEBUG - Creating shared instance of singleton bean 'userTaskMapper'
  2019-01-28 17:55:30,274 [main] DEBUG - Creating instance of bean 'userTaskMapper'
  2019-01-28 17:55:30,274 [main] DEBUG - Returning cached instance of singleton bean 'org.springframework.aop.support.DefaultBeanFactoryPointcutAdvisor#0'
  2019-01-28 17:55:30,275 [main] DEBUG - Returning cached instance of singleton bean 'org.springframework.cache.config.internalCacheAdvisor'
  2019-01-28 17:55:30,275 [main] DEBUG - Eagerly caching bean 'userTaskMapper' to allow for resolving potential circular references
  2019-01-28 17:55:30,275 [main] DEBUG - Returning cached instance of singleton bean 'sqlSessionFactory'
  2019-01-28 17:55:30,276 [main] DEBUG - Invoking afterPropertiesSet() on bean with name 'userTaskMapper'
  2019-01-28 17:55:30,276 [main] DEBUG - Returning cached instance of singleton bean 'org.springframework.aop.support.DefaultBeanFactoryPointcutAdvisor#0'
  2019-01-28 17:55:30,277 [main] DEBUG - Returning cached instance of singleton bean 'org.springframework.cache.config.internalCacheAdvisor'
  2019-01-28 17:55:30,277 [main] DEBUG - Returning cached instance of singleton bean 'org.springframework.aop.support.DefaultBeanFactoryPointcutAdvisor#0'
  2019-01-28 17:55:30,278 [main] DEBUG - Returning cached instance of singleton bean 'org.springframework.cache.config.internalCacheAdvisor'
  2019-01-28 17:55:30,278 [main] DEBUG - Finished creating instance of bean 'userTaskMapper'
  2019-01-28 17:55:30,279 [main] DEBUG - Returning cached instance of singleton bean 'org.springframework.aop.support.DefaultBeanFactoryPointcutAdvisor#0'
  2019-01-28 17:55:30,279 [main] DEBUG - Returning cached instance of singleton bean 'org.springframework.cache.config.internalCacheAdvisor'
  2019-01-28 17:55:30,279 [main] DEBUG - Returning cached instance of singleton bean 'org.springframework.aop.support.DefaultBeanFactoryPointcutAdvisor#0'
  2019-01-28 17:55:30,280 [main] DEBUG - Returning cached instance of singleton bean 'org.springframework.cache.config.internalCacheAdvisor'
  2019-01-28 17:55:30,281 [main] DEBUG - Processing injected element of bean 'userTaskService': ResourceElement for private com.sys.common.BatchUtil com.sys.service.UserTaskService.batchUtil
  2019-01-28 17:55:30,283 [main] DEBUG - Returning cached instance of singleton bean 'batchutil'
  2019-01-28 17:55:30,283 [main] DEBUG - Returning cached instance of singleton bean 'org.springframework.aop.support.DefaultBeanFactoryPointcutAdvisor#0'
  2019-01-28 17:55:30,283 [main] DEBUG - Returning cached instance of singleton bean 'org.springframework.cache.config.internalCacheAdvisor'
  2019-01-28 17:55:30,284 [main] DEBUG - Returning cached instance of singleton bean 'org.springframework.aop.support.DefaultBeanFactoryPointcutAdvisor#0'
  2019-01-28 17:55:30,284 [main] DEBUG - Returning cached instance of singleton bean 'org.springframework.cache.config.internalCacheAdvisor'
  2019-01-28 17:55:30,285 [main] DEBUG - Creating implicit proxy for bean 'userTaskService' with 0 common interceptors and 2 specific interceptors
  2019-01-28 17:55:30,285 [main] DEBUG - Creating CGLIB proxy: target source is SingletonTargetSource for target object [com.sys.service.UserTaskService@646d810b]
  2019-01-28 17:55:30,286 [main] DEBUG - Finished creating instance of bean 'userTaskService'
  2019-01-28 17:55:30,286 [main] DEBUG - Autowiring by type from bean name 'flowService' to bean named 'userTaskService'
  2019-01-28 17:55:30,286 [main] DEBUG - Processing injected element of bean 'flowService': AutowiredFieldElement for private org.activiti.engine.HistoryService com.sys.service.FlowService.historyService
  2019-01-28 17:55:30,287 [main] DEBUG - Creating shared instance of singleton bean 'historyService'
  2019-01-28 17:55:30,288 [main] DEBUG - Creating instance of bean 'historyService'
  2019-01-28 17:55:30,288 [main] DEBUG - Returning cached instance of singleton bean 'org.springframework.aop.support.DefaultBeanFactoryPointcutAdvisor#0'
  2019-01-28 17:55:30,289 [main] DEBUG - Returning cached instance of singleton bean 'org.springframework.cache.config.internalCacheAdvisor'
  2019-01-28 17:55:30,289 [main] DEBUG - Returning cached instance of singleton bean 'processEngine'
  2019-01-28 17:55:30,289 [main] DEBUG - Eagerly caching bean 'historyService' to allow for resolving potential circular references
  2019-01-28 17:55:30,291 [main] DEBUG - Returning cached instance of singleton bean 'org.springframework.aop.support.DefaultBeanFactoryPointcutAdvisor#0'
  2019-01-28 17:55:30,292 [main] DEBUG - Returning cached instance of singleton bean 'org.springframework.cache.config.internalCacheAdvisor'
  2019-01-28 17:55:30,292 [main] DEBUG - Returning cached instance of singleton bean 'org.springframework.aop.support.DefaultBeanFactoryPointcutAdvisor#0'
  2019-01-28 17:55:30,292 [main] DEBUG - Returning cached instance of singleton bean 'org.springframework.cache.config.internalCacheAdvisor'
  2019-01-28 17:55:30,294 [main] DEBUG - Finished creating instance of bean 'historyService'
  2019-01-28 17:55:30,295 [main] DEBUG - Autowiring by type from bean name 'flowService' to bean named 'historyService'
  2019-01-28 17:55:30,295 [main] DEBUG - Processing injected element of bean 'flowService': AutowiredFieldElement for private org.activiti.engine.RuntimeService com.sys.service.FlowService.runtimeService
  2019-01-28 17:55:30,296 [main] DEBUG - Creating shared instance of singleton bean 'runtimeService'
  2019-01-28 17:55:30,296 [main] DEBUG - Creating instance of bean 'runtimeService'
  2019-01-28 17:55:30,297 [main] DEBUG - Returning cached instance of singleton bean 'org.springframework.aop.support.DefaultBeanFactoryPointcutAdvisor#0'
  2019-01-28 17:55:30,297 [main] DEBUG - Returning cached instance of singleton bean 'org.springframework.cache.config.internalCacheAdvisor'
  2019-01-28 17:55:30,297 [main] DEBUG - Returning cached instance of singleton bean 'processEngine'
  2019-01-28 17:55:30,298 [main] DEBUG - Eagerly caching bean 'runtimeService' to allow for resolving potential circular references
  2019-01-28 17:55:30,301 [main] DEBUG - Returning cached instance of singleton bean 'org.springframework.aop.support.DefaultBeanFactoryPointcutAdvisor#0'
  2019-01-28 17:55:30,302 [main] DEBUG - Returning cached instance of singleton bean 'org.springframework.cache.config.internalCacheAdvisor'
  2019-01-28 17:55:30,303 [main] DEBUG - Returning cached instance of singleton bean 'org.springframework.aop.support.DefaultBeanFactoryPointcutAdvisor#0'
  2019-01-28 17:55:30,303 [main] DEBUG - Returning cached instance of singleton bean 'org.springframework.cache.config.internalCacheAdvisor'
  2019-01-28 17:55:30,317 [main] DEBUG - Finished creating instance of bean 'runtimeService'
  2019-01-28 17:55:30,318 [main] DEBUG - Autowiring by type from bean name 'flowService' to bean named 'runtimeService'
  2019-01-28 17:55:30,318 [main] DEBUG - Processing injected element of bean 'flowService': AutowiredFieldElement for private org.activiti.engine.RepositoryService com.sys.service.FlowService.repositoryService
  2019-01-28 17:55:30,319 [main] DEBUG - Creating shared instance of singleton bean 'repositoryService'
  2019-01-28 17:55:30,319 [main] DEBUG - Creating instance of bean 'repositoryService'
  2019-01-28 17:55:30,320 [main] DEBUG - Returning cached instance of singleton bean 'org.springframework.aop.support.DefaultBeanFactoryPointcutAdvisor#0'
  2019-01-28 17:55:30,320 [main] DEBUG - Returning cached instance of singleton bean 'org.springframework.cache.config.internalCacheAdvisor'
  2019-01-28 17:55:30,321 [main] DEBUG - Returning cached instance of singleton bean 'processEngine'
  2019-01-28 17:55:30,321 [main] DEBUG - Eagerly caching bean 'repositoryService' to allow for resolving potential circular references
  2019-01-28 17:55:30,323 [main] DEBUG - Returning cached instance of singleton bean 'org.springframework.aop.support.DefaultBeanFactoryPointcutAdvisor#0'
  2019-01-28 17:55:30,324 [main] DEBUG - Returning cached instance of singleton bean 'org.springframework.cache.config.internalCacheAdvisor'
  2019-01-28 17:55:30,324 [main] DEBUG - Returning cached instance of singleton bean 'org.springframework.aop.support.DefaultBeanFactoryPointcutAdvisor#0'
  2019-01-28 17:55:30,325 [main] DEBUG - Returning cached instance of singleton bean 'org.springframework.cache.config.internalCacheAdvisor'
  2019-01-28 17:55:30,330 [main] DEBUG - Finished creating instance of bean 'repositoryService'
  2019-01-28 17:55:30,330 [main] DEBUG - Autowiring by type from bean name 'flowService' to bean named 'repositoryService'
  2019-01-28 17:55:30,331 [main] DEBUG - Returning cached instance of singleton bean 'org.springframework.aop.support.DefaultBeanFactoryPointcutAdvisor#0'
  2019-01-28 17:55:30,331 [main] DEBUG - Returning cached instance of singleton bean 'org.springframework.cache.config.internalCacheAdvisor'
  2019-01-28 17:55:30,331 [main] DEBUG - Returning cached instance of singleton bean 'org.springframework.aop.support.DefaultBeanFactoryPointcutAdvisor#0'
  2019-01-28 17:55:30,332 [main] DEBUG - Returning cached instance of singleton bean 'org.springframework.cache.config.internalCacheAdvisor'
  2019-01-28 17:55:30,332 [main] DEBUG - Creating implicit proxy for bean 'flowService' with 0 common interceptors and 2 specific interceptors
  2019-01-28 17:55:30,333 [main] DEBUG - Creating CGLIB proxy: target source is SingletonTargetSource for target object [com.sys.service.FlowService@73a845cb]
  2019-01-28 17:55:30,334 [main] DEBUG - Finished creating instance of bean 'flowService'
  2019-01-28 17:55:30,334 [main] DEBUG - Autowiring by type from bean name 'applyButieService' to bean named 'flowService'
  2019-01-28 17:55:30,334 [main] DEBUG - Processing injected element of bean 'applyButieService': AutowiredFieldElement for private com.sys.mapper.apply.ApproveMapper com.sys.service.apply.ApplyButieService.approveMapper
  2019-01-28 17:55:30,335 [main] DEBUG - Creating shared instance of singleton bean 'approveMapper'
  2019-01-28 17:55:30,336 [main] DEBUG - Creating instance of bean 'approveMapper'
  2019-01-28 17:55:30,336 [main] DEBUG - Returning cached instance of singleton bean 'org.springframework.aop.support.DefaultBeanFactoryPointcutAdvisor#0'
  2019-01-28 17:55:30,337 [main] DEBUG - Returning cached instance of singleton bean 'org.springframework.cache.config.internalCacheAdvisor'
  2019-01-28 17:55:30,337 [main] DEBUG - Eagerly caching bean 'approveMapper' to allow for resolving potential circular references
  2019-01-28 17:55:30,337 [main] DEBUG - Returning cached instance of singleton bean 'sqlSessionFactory'
  2019-01-28 17:55:30,338 [main] DEBUG - Invoking afterPropertiesSet() on bean with name 'approveMapper'
  2019-01-28 17:55:30,338 [main] DEBUG - Returning cached instance of singleton bean 'org.springframework.aop.support.DefaultBeanFactoryPointcutAdvisor#0'
  2019-01-28 17:55:30,338 [main] DEBUG - Returning cached instance of singleton bean 'org.springframework.cache.config.internalCacheAdvisor'
  2019-01-28 17:55:30,339 [main] DEBUG - Returning cached instance of singleton bean 'org.springframework.aop.support.DefaultBeanFactoryPointcutAdvisor#0'
  2019-01-28 17:55:30,339 [main] DEBUG - Returning cached instance of singleton bean 'org.springframework.cache.config.internalCacheAdvisor'
  2019-01-28 17:55:30,339 [main] DEBUG - Finished creating instance of bean 'approveMapper'
  2019-01-28 17:55:30,340 [main] DEBUG - Returning cached instance of singleton bean 'org.springframework.aop.support.DefaultBeanFactoryPointcutAdvisor#0'
  2019-01-28 17:55:30,340 [main] DEBUG - Returning cached instance of singleton bean 'org.springframework.cache.config.internalCacheAdvisor'
  2019-01-28 17:55:30,340 [main] DEBUG - Returning cached instance of singleton bean 'org.springframework.aop.support.DefaultBeanFactoryPointcutAdvisor#0'
  2019-01-28 17:55:30,340 [main] DEBUG - Returning cached instance of singleton bean 'org.springframework.cache.config.internalCacheAdvisor'
  2019-01-28 17:55:30,345 [main] DEBUG - Autowiring by type from bean name 'applyButieService' to bean named 'approveMapper'
  2019-01-28 17:55:30,345 [main] DEBUG - Processing injected element of bean 'applyButieService': AutowiredFieldElement for private com.sys.mapper.apply.ApplyButieMapper com.sys.service.apply.ApplyButieService.applyButieMapper
  2019-01-28 17:55:30,346 [main] DEBUG - Returning cached instance of singleton bean 'applyButieMapper'
  2019-01-28 17:55:30,347 [main] DEBUG - Autowiring by type from bean name 'applyButieService' to bean named 'applyButieMapper'
  2019-01-28 17:55:30,347 [main] DEBUG - Processing injected element of bean 'applyButieService': AutowiredFieldElement for private com.sys.common.BatchUtil com.sys.service.apply.ApplyButieService.batchUtil
  2019-01-28 17:55:30,348 [main] DEBUG - Returning cached instance of singleton bean 'batchutil'
  2019-01-28 17:55:30,348 [main] DEBUG - Autowiring by type from bean name 'applyButieService' to bean named 'batchutil'
  2019-01-28 17:55:30,348 [main] DEBUG - Processing injected element of bean 'applyButieService': AutowiredFieldElement for private com.sys.mapper.apply.ApplyFamilyHouseChangeMapper com.sys.service.apply.ApplyButieService.applyFamilyHouseChangeMapper
  2019-01-28 17:55:30,349 [main] DEBUG - Creating shared instance of singleton bean 'applyFamilyHouseChangeMapper'
  2019-01-28 17:55:30,350 [main] DEBUG - Creating instance of bean 'applyFamilyHouseChangeMapper'
  2019-01-28 17:55:30,350 [main] DEBUG - Returning cached instance of singleton bean 'org.springframework.aop.support.DefaultBeanFactoryPointcutAdvisor#0'
  2019-01-28 17:55:30,350 [main] DEBUG - Returning cached instance of singleton bean 'org.springframework.cache.config.internalCacheAdvisor'
  2019-01-28 17:55:30,350 [main] DEBUG - Eagerly caching bean 'applyFamilyHouseChangeMapper' to allow for resolving potential circular references
  2019-01-28 17:55:30,351 [main] DEBUG - Returning cached instance of singleton bean 'sqlSessionFactory'
  2019-01-28 17:55:30,351 [main] DEBUG - Invoking afterPropertiesSet() on bean with name 'applyFamilyHouseChangeMapper'
  2019-01-28 17:55:30,351 [main] DEBUG - Returning cached instance of singleton bean 'org.springframework.aop.support.DefaultBeanFactoryPointcutAdvisor#0'
  2019-01-28 17:55:30,352 [main] DEBUG - Returning cached instance of singleton bean 'org.springframework.cache.config.internalCacheAdvisor'
  2019-01-28 17:55:30,352 [main] DEBUG - Returning cached instance of singleton bean 'org.springframework.aop.support.DefaultBeanFactoryPointcutAdvisor#0'
  2019-01-28 17:55:30,352 [main] DEBUG - Returning cached instance of singleton bean 'org.springframework.cache.config.internalCacheAdvisor'
  2019-01-28 17:55:30,353 [main] DEBUG - Finished creating instance of bean 'applyFamilyHouseChangeMapper'
  2019-01-28 17:55:30,353 [main] DEBUG - Returning cached instance of singleton bean 'org.springframework.aop.support.DefaultBeanFactoryPointcutAdvisor#0'
  2019-01-28 17:55:30,353 [main] DEBUG - Returning cached instance of singleton bean 'org.springframework.cache.config.internalCacheAdvisor'
  2019-01-28 17:55:30,354 [main] DEBUG - Returning cached instance of singleton bean 'org.springframework.aop.support.DefaultBeanFactoryPointcutAdvisor#0'
  2019-01-28 17:55:30,354 [main] DEBUG - Returning cached instance of singleton bean 'org.springframework.cache.config.internalCacheAdvisor'
  2019-01-28 17:55:30,355 [main] DEBUG - Autowiring by type from bean name 'applyButieService' to bean named 'applyFamilyHouseChangeMapper'
  2019-01-28 17:55:30,356 [main] DEBUG - Processing injected element of bean 'applyButieService': AutowiredFieldElement for private org.activiti.engine.RuntimeService com.sys.service.apply.ApplyButieService.runtimeService
  2019-01-28 17:55:30,356 [main] DEBUG - Returning cached instance of singleton bean 'runtimeService'
  2019-01-28 17:55:30,356 [main] DEBUG - Autowiring by type from bean name 'applyButieService' to bean named 'runtimeService'
  2019-01-28 17:55:30,357 [main] DEBUG - Processing injected element of bean 'applyButieService': AutowiredFieldElement for private com.sys.mapper.VolelearcDtlMapper com.sys.service.apply.ApplyButieService.volelearcDtlMapper
  2019-01-28 17:55:30,358 [main] DEBUG - Creating shared instance of singleton bean 'volelearcDtlMapper'
  2019-01-28 17:55:30,358 [main] DEBUG - Creating instance of bean 'volelearcDtlMapper'
  2019-01-28 17:55:30,358 [main] DEBUG - Returning cached instance of singleton bean 'org.springframework.aop.support.DefaultBeanFactoryPointcutAdvisor#0'
  2019-01-28 17:55:30,358 [main] DEBUG - Returning cached instance of singleton bean 'org.springframework.cache.config.internalCacheAdvisor'
  2019-01-28 17:55:30,359 [main] DEBUG - Eagerly caching bean 'volelearcDtlMapper' to allow for resolving potential circular references
  2019-01-28 17:55:30,359 [main] DEBUG - Returning cached instance of singleton bean 'sqlSessionFactory'
  2019-01-28 17:55:30,360 [main] DEBUG - Invoking afterPropertiesSet() on bean with name 'volelearcDtlMapper'
  2019-01-28 17:55:30,360 [main] DEBUG - Returning cached instance of singleton bean 'org.springframework.aop.support.DefaultBeanFactoryPointcutAdvisor#0'
  2019-01-28 17:55:30,360 [main] DEBUG - Returning cached instance of singleton bean 'org.springframework.cache.config.internalCacheAdvisor'
  2019-01-28 17:55:30,361 [main] DEBUG - Returning cached instance of singleton bean 'org.springframework.aop.support.DefaultBeanFactoryPointcutAdvisor#0'
  2019-01-28 17:55:30,361 [main] DEBUG - Returning cached instance of singleton bean 'org.springframework.cache.config.internalCacheAdvisor'
  2019-01-28 17:55:30,361 [main] DEBUG - Finished creating instance of bean 'volelearcDtlMapper'
  2019-01-28 17:55:30,362 [main] DEBUG - Returning cached instance of singleton bean 'org.springframework.aop.support.DefaultBeanFactoryPointcutAdvisor#0'
  2019-01-28 17:55:30,362 [main] DEBUG - Returning cached instance of singleton bean 'org.springframework.cache.config.internalCacheAdvisor'
  2019-01-28 17:55:30,362 [main] DEBUG - Returning cached instance of singleton bean 'org.springframework.aop.support.DefaultBeanFactoryPointcutAdvisor#0'
  2019-01-28 17:55:30,362 [main] DEBUG - Returning cached instance of singleton bean 'org.springframework.cache.config.internalCacheAdvisor'
  2019-01-28 17:55:30,364 [main] DEBUG - Autowiring by type from bean name 'applyButieService' to bean named 'volelearcDtlMapper'
  2019-01-28 17:55:30,364 [main] DEBUG - Processing injected element of bean 'applyButieService': AutowiredFieldElement for private com.sys.mapper.VolelearcMapper com.sys.service.apply.ApplyButieService.volelearcMapper
  2019-01-28 17:55:30,365 [main] DEBUG - Creating shared instance of singleton bean 'volelearcMapper'
  2019-01-28 17:55:30,366 [main] DEBUG - Creating instance of bean 'volelearcMapper'
  2019-01-28 17:55:30,366 [main] DEBUG - Returning cached instance of singleton bean 'org.springframework.aop.support.DefaultBeanFactoryPointcutAdvisor#0'
  2019-01-28 17:55:30,366 [main] DEBUG - Returning cached instance of singleton bean 'org.springframework.cache.config.internalCacheAdvisor'
  2019-01-28 17:55:30,367 [main] DEBUG - Eagerly caching bean 'volelearcMapper' to allow for resolving potential circular references
  2019-01-28 17:55:30,367 [main] DEBUG - Returning cached instance of singleton bean 'sqlSessionFactory'
  2019-01-28 17:55:30,367 [main] DEBUG - Invoking afterPropertiesSet() on bean with name 'volelearcMapper'
  2019-01-28 17:55:30,368 [main] DEBUG - Returning cached instance of singleton bean 'org.springframework.aop.support.DefaultBeanFactoryPointcutAdvisor#0'
  2019-01-28 17:55:30,368 [main] DEBUG - Returning cached instance of singleton bean 'org.springframework.cache.config.internalCacheAdvisor'
  2019-01-28 17:55:30,368 [main] DEBUG - Returning cached instance of singleton bean 'org.springframework.aop.support.DefaultBeanFactoryPointcutAdvisor#0'
  2019-01-28 17:55:30,368 [main] DEBUG - Returning cached instance of singleton bean 'org.springframework.cache.config.internalCacheAdvisor'
  2019-01-28 17:55:30,369 [main] DEBUG - Finished creating instance of bean 'volelearcMapper'
  2019-01-28 17:55:30,369 [main] DEBUG - Returning cached instance of singleton bean 'org.springframework.aop.support.DefaultBeanFactoryPointcutAdvisor#0'
  2019-01-28 17:55:30,370 [main] DEBUG - Returning cached instance of singleton bean 'org.springframework.cache.config.internalCacheAdvisor'
  2019-01-28 17:55:30,370 [main] DEBUG - Returning cached instance of singleton bean 'org.springframework.aop.support.DefaultBeanFactoryPointcutAdvisor#0'
  2019-01-28 17:55:30,370 [main] DEBUG - Returning cached instance of singleton bean 'org.springframework.cache.config.internalCacheAdvisor'
  2019-01-28 17:55:30,371 [main] DEBUG - Autowiring by type from bean name 'applyButieService' to bean named 'volelearcMapper'
  2019-01-28 17:55:30,372 [main] DEBUG - Processing injected element of bean 'applyButieService': AutowiredFieldElement for private com.sys.mapper.apply.ApplyUnitMapper com.sys.service.apply.ApplyButieService.applyUnitMapper
  2019-01-28 17:55:30,373 [main] DEBUG - Creating shared instance of singleton bean 'applyUnitMapper'
  2019-01-28 17:55:30,373 [main] DEBUG - Creating instance of bean 'applyUnitMapper'
  2019-01-28 17:55:30,373 [main] DEBUG - Returning cached instance of singleton bean 'org.springframework.aop.support.DefaultBeanFactoryPointcutAdvisor#0'
  2019-01-28 17:55:30,373 [main] DEBUG - Returning cached instance of singleton bean 'org.springframework.cache.config.internalCacheAdvisor'
  2019-01-28 17:55:30,374 [main] DEBUG - Eagerly caching bean 'applyUnitMapper' to allow for resolving potential circular references
  2019-01-28 17:55:30,374 [main] DEBUG - Returning cached instance of singleton bean 'sqlSessionFactory'
  2019-01-28 17:55:30,374 [main] DEBUG - Invoking afterPropertiesSet() on bean with name 'applyUnitMapper'
  2019-01-28 17:55:30,375 [main] DEBUG - Returning cached instance of singleton bean 'org.springframework.aop.support.DefaultBeanFactoryPointcutAdvisor#0'
  2019-01-28 17:55:30,375 [main] DEBUG - Returning cached instance of singleton bean 'org.springframework.cache.config.internalCacheAdvisor'
  2019-01-28 17:55:30,375 [main] DEBUG - Returning cached instance of singleton bean 'org.springframework.aop.support.DefaultBeanFactoryPointcutAdvisor#0'
  2019-01-28 17:55:30,375 [main] DEBUG - Returning cached instance of singleton bean 'org.springframework.cache.config.internalCacheAdvisor'
  2019-01-28 17:55:30,376 [main] DEBUG - Finished creating instance of bean 'applyUnitMapper'
  2019-01-28 17:55:30,376 [main] DEBUG - Returning cached instance of singleton bean 'org.springframework.aop.support.DefaultBeanFactoryPointcutAdvisor#0'
  2019-01-28 17:55:30,376 [main] DEBUG - Returning cached instance of singleton bean 'org.springframework.cache.config.internalCacheAdvisor'
  2019-01-28 17:55:30,377 [main] DEBUG - Returning cached instance of singleton bean 'org.springframework.aop.support.DefaultBeanFactoryPointcutAdvisor#0'
  2019-01-28 17:55:30,377 [main] DEBUG - Returning cached instance of singleton bean 'org.springframework.cache.config.internalCacheAdvisor'
  2019-01-28 17:55:30,378 [main] DEBUG - Autowiring by type from bean name 'applyButieService' to bean named 'applyUnitMapper'
  2019-01-28 17:55:30,378 [main] DEBUG - Returning cached instance of singleton bean 'org.springframework.aop.support.DefaultBeanFactoryPointcutAdvisor#0'
  2019-01-28 17:55:30,379 [main] DEBUG - Returning cached instance of singleton bean 'org.springframework.cache.config.internalCacheAdvisor'
  2019-01-28 17:55:30,379 [main] DEBUG - Returning cached instance of singleton bean 'org.springframework.aop.support.DefaultBeanFactoryPointcutAdvisor#0'
  2019-01-28 17:55:30,379 [main] DEBUG - Returning cached instance of singleton bean 'org.springframework.cache.config.internalCacheAdvisor'
  2019-01-28 17:55:30,380 [main] DEBUG - Creating implicit proxy for bean 'applyButieService' with 0 common interceptors and 2 specific interceptors
  2019-01-28 17:55:30,380 [main] DEBUG - Creating CGLIB proxy: target source is SingletonTargetSource for target object [com.sys.service.apply.ApplyButieService@7911cc15]
  2019-01-28 17:55:30,381 [main] DEBUG - Finished creating instance of bean 'applyButieService'
  2019-01-28 17:55:30,381 [main] DEBUG - Creating shared instance of singleton bean 'applyChangeService'
  2019-01-28 17:55:30,381 [main] DEBUG - Creating instance of bean 'applyChangeService'
  2019-01-28 17:55:30,382 [main] DEBUG - Returning cached instance of singleton bean 'org.springframework.aop.support.DefaultBeanFactoryPointcutAdvisor#0'
  2019-01-28 17:55:30,382 [main] DEBUG - Returning cached instance of singleton bean 'org.springframework.cache.config.internalCacheAdvisor'
  2019-01-28 17:55:30,382 [main] DEBUG - Registered injected element on class [com.sys.service.apply.ApplyChangeService]: AutowiredFieldElement for private com.sys.mapper.IMapper com.sys.service.BaseService.mapper
  2019-01-28 17:55:30,382 [main] DEBUG - Registered injected element on class [com.sys.service.apply.ApplyChangeService]: AutowiredFieldElement for private com.sys.mapper.apply.ApplyChangeMapper com.sys.service.apply.ApplyChangeService.applyChangeMapper
  2019-01-28 17:55:30,383 [main] DEBUG - Eagerly caching bean 'applyChangeService' to allow for resolving potential circular references
  2019-01-28 17:55:30,383 [main] DEBUG - Processing injected element of bean 'applyChangeService': AutowiredFieldElement for private com.sys.mapper.IMapper com.sys.service.BaseService.mapper
  2019-01-28 17:55:30,385 [main] DEBUG - Creating shared instance of singleton bean 'applyChangeMapper'
  2019-01-28 17:55:30,385 [main] DEBUG - Creating instance of bean 'applyChangeMapper'
  2019-01-28 17:55:30,386 [main] DEBUG - Returning cached instance of singleton bean 'org.springframework.aop.support.DefaultBeanFactoryPointcutAdvisor#0'
  2019-01-28 17:55:30,386 [main] DEBUG - Returning cached instance of singleton bean 'org.springframework.cache.config.internalCacheAdvisor'
  2019-01-28 17:55:30,386 [main] DEBUG - Eagerly caching bean 'applyChangeMapper' to allow for resolving potential circular references
  2019-01-28 17:55:30,387 [main] DEBUG - Returning cached instance of singleton bean 'sqlSessionFactory'
  2019-01-28 17:55:30,387 [main] DEBUG - Invoking afterPropertiesSet() on bean with name 'applyChangeMapper'
  2019-01-28 17:55:30,387 [main] DEBUG - Returning cached instance of singleton bean 'org.springframework.aop.support.DefaultBeanFactoryPointcutAdvisor#0'
  2019-01-28 17:55:30,388 [main] DEBUG - Returning cached instance of singleton bean 'org.springframework.cache.config.internalCacheAdvisor'
  2019-01-28 17:55:30,388 [main] DEBUG - Returning cached instance of singleton bean 'org.springframework.aop.support.DefaultBeanFactoryPointcutAdvisor#0'
  2019-01-28 17:55:30,389 [main] DEBUG - Returning cached instance of singleton bean 'org.springframework.cache.config.internalCacheAdvisor'
  2019-01-28 17:55:30,389 [main] DEBUG - Finished creating instance of bean 'applyChangeMapper'
  2019-01-28 17:55:30,390 [main] DEBUG - Returning cached instance of singleton bean 'org.springframework.aop.support.DefaultBeanFactoryPointcutAdvisor#0'
  2019-01-28 17:55:30,390 [main] DEBUG - Returning cached instance of singleton bean 'org.springframework.cache.config.internalCacheAdvisor'
  2019-01-28 17:55:30,390 [main] DEBUG - Returning cached instance of singleton bean 'org.springframework.aop.support.DefaultBeanFactoryPointcutAdvisor#0'
  2019-01-28 17:55:30,391 [main] DEBUG - Returning cached instance of singleton bean 'org.springframework.cache.config.internalCacheAdvisor'
  2019-01-28 17:55:30,392 [main] DEBUG - Autowiring by type from bean name 'applyChangeService' to bean named 'applyChangeMapper'
  2019-01-28 17:55:30,393 [main] DEBUG - Processing injected element of bean 'applyChangeService': AutowiredFieldElement for private com.sys.mapper.apply.ApplyChangeMapper com.sys.service.apply.ApplyChangeService.applyChangeMapper
  2019-01-28 17:55:30,394 [main] DEBUG - Returning cached instance of singleton bean 'applyChangeMapper'
  2019-01-28 17:55:30,394 [main] DEBUG - Autowiring by type from bean name 'applyChangeService' to bean named 'applyChangeMapper'
  2019-01-28 17:55:30,394 [main] DEBUG - Returning cached instance of singleton bean 'org.springframework.aop.support.DefaultBeanFactoryPointcutAdvisor#0'
  2019-01-28 17:55:30,395 [main] DEBUG - Returning cached instance of singleton bean 'org.springframework.cache.config.internalCacheAdvisor'
  2019-01-28 17:55:30,395 [main] DEBUG - Returning cached instance of singleton bean 'org.springframework.aop.support.DefaultBeanFactoryPointcutAdvisor#0'
  2019-01-28 17:55:30,395 [main] DEBUG - Returning cached instance of singleton bean 'org.springframework.cache.config.internalCacheAdvisor'
  2019-01-28 17:55:30,396 [main] DEBUG - Creating implicit proxy for bean 'applyChangeService' with 0 common interceptors and 2 specific interceptors
  2019-01-28 17:55:30,396 [main] DEBUG - Creating CGLIB proxy: target source is SingletonTargetSource for target object [com.sys.service.apply.ApplyChangeService@242ff747]
  2019-01-28 17:55:30,397 [main] DEBUG - Finished creating instance of bean 'applyChangeService'
  2019-01-28 17:55:30,397 [main] DEBUG - Creating shared instance of singleton bean 'applyFamilyMemberService'
  2019-01-28 17:55:30,397 [main] DEBUG - Creating instance of bean 'applyFamilyMemberService'
  2019-01-28 17:55:30,398 [main] DEBUG - Returning cached instance of singleton bean 'org.springframework.aop.support.DefaultBeanFactoryPointcutAdvisor#0'
  2019-01-28 17:55:30,398 [main] DEBUG - Returning cached instance of singleton bean 'org.springframework.cache.config.internalCacheAdvisor'
  2019-01-28 17:55:30,398 [main] DEBUG - Registered injected element on class [com.sys.service.apply.ApplyFamilyMemberService]: AutowiredFieldElement for private com.sys.mapper.IMapper com.sys.service.BaseService.mapper
  2019-01-28 17:55:30,398 [main] DEBUG - Registered injected element on class [com.sys.service.apply.ApplyFamilyMemberService]: AutowiredFieldElement for private com.sys.mapper.apply.ApplyFamilyMemberMapper com.sys.service.apply.ApplyFamilyMemberService.applyFamilyMemberMapper
  2019-01-28 17:55:30,399 [main] DEBUG - Eagerly caching bean 'applyFamilyMemberService' to allow for resolving potential circular references
  2019-01-28 17:55:30,399 [main] DEBUG - Processing injected element of bean 'applyFamilyMemberService': AutowiredFieldElement for private com.sys.mapper.IMapper com.sys.service.BaseService.mapper
  2019-01-28 17:55:30,400 [main] DEBUG - Returning cached instance of singleton bean 'applyFamilyMemberMapper'
  2019-01-28 17:55:30,401 [main] DEBUG - Autowiring by type from bean name 'applyFamilyMemberService' to bean named 'applyFamilyMemberMapper'
  2019-01-28 17:55:30,401 [main] DEBUG - Processing injected element of bean 'applyFamilyMemberService': AutowiredFieldElement for private com.sys.mapper.apply.ApplyFamilyMemberMapper com.sys.service.apply.ApplyFamilyMemberService.applyFamilyMemberMapper
  2019-01-28 17:55:30,401 [main] DEBUG - Returning cached instance of singleton bean 'applyFamilyMemberMapper'
  2019-01-28 17:55:30,401 [main] DEBUG - Autowiring by type from bean name 'applyFamilyMemberService' to bean named 'applyFamilyMemberMapper'
  2019-01-28 17:55:30,402 [main] DEBUG - Returning cached instance of singleton bean 'org.springframework.aop.support.DefaultBeanFactoryPointcutAdvisor#0'
  2019-01-28 17:55:30,402 [main] DEBUG - Returning cached instance of singleton bean 'org.springframework.cache.config.internalCacheAdvisor'
  2019-01-28 17:55:30,402 [main] DEBUG - Returning cached instance of singleton bean 'org.springframework.aop.support.DefaultBeanFactoryPointcutAdvisor#0'
  2019-01-28 17:55:30,402 [main] DEBUG - Returning cached instance of singleton bean 'org.springframework.cache.config.internalCacheAdvisor'
  2019-01-28 17:55:30,429 [main] DEBUG - Creating implicit proxy for bean 'applyFamilyMemberService' with 0 common interceptors and 2 specific interceptors
  2019-01-28 17:55:30,430 [main] DEBUG - Creating CGLIB proxy: target source is SingletonTargetSource for target object [com.sys.service.apply.ApplyFamilyMemberService@77324a58]
  2019-01-28 17:55:30,430 [main] DEBUG - Finished creating instance of bean 'applyFamilyMemberService'
  2019-01-28 17:55:30,431 [main] DEBUG - Creating shared instance of singleton bean 'applyForForeignService'
  2019-01-28 17:55:30,431 [main] DEBUG - Creating instance of bean 'applyForForeignService'
  2019-01-28 17:55:30,431 [main] DEBUG - Returning cached instance of singleton bean 'org.springframework.aop.support.DefaultBeanFactoryPointcutAdvisor#0'
  2019-01-28 17:55:30,431 [main] DEBUG - Returning cached instance of singleton bean 'org.springframework.cache.config.internalCacheAdvisor'
  2019-01-28 17:55:30,432 [main] DEBUG - Registered injected element on class [com.sys.service.apply.ApplyForForeignService]: AutowiredFieldElement for private com.sys.mapper.IMapper com.sys.service.BaseService.mapper
  2019-01-28 17:55:30,432 [main] DEBUG - Registered injected element on class [com.sys.service.apply.ApplyForForeignService]: AutowiredFieldElement for private com.sys.service.ListNumberService com.sys.service.apply.ApplyForForeignService.listNumberService
  2019-01-28 17:55:30,432 [main] DEBUG - Registered injected element on class [com.sys.service.apply.ApplyForForeignService]: AutowiredFieldElement for private com.sys.mapper.apply.ApplyFamilyMemberMapper com.sys.service.apply.ApplyForForeignService.applyFamilyMemberMapper
  2019-01-28 17:55:30,433 [main] DEBUG - Registered injected element on class [com.sys.service.apply.ApplyForForeignService]: AutowiredFieldElement for private com.sys.mapper.apply.ApplyFamilyHouseMapper com.sys.service.apply.ApplyForForeignService.applyFamilyHouseMapper
  2019-01-28 17:55:30,433 [main] DEBUG - Registered injected element on class [com.sys.service.apply.ApplyForForeignService]: AutowiredFieldElement for private com.sys.service.FlowService com.sys.service.apply.ApplyForForeignService.flowService
  2019-01-28 17:55:30,433 [main] DEBUG - Registered injected element on class [com.sys.service.apply.ApplyForForeignService]: AutowiredFieldElement for private com.sys.mapper.apply.ApproveMapper com.sys.service.apply.ApplyForForeignService.approveMapper
  2019-01-28 17:55:30,433 [main] DEBUG - Registered injected element on class [com.sys.service.apply.ApplyForForeignService]: AutowiredFieldElement for private com.sys.mapper.apply.ApplyForForeignMapper com.sys.service.apply.ApplyForForeignService.applyForForeignMapper
  2019-01-28 17:55:30,433 [main] DEBUG - Registered injected element on class [com.sys.service.apply.ApplyForForeignService]: AutowiredFieldElement for private com.sys.mapper.VolelearcDtlMapper com.sys.service.apply.ApplyForForeignService.volelearcDtlMapper
  2019-01-28 17:55:30,434 [main] DEBUG - Registered injected element on class [com.sys.service.apply.ApplyForForeignService]: AutowiredFieldElement for private com.sys.mapper.VolelearcMapper com.sys.service.apply.ApplyForForeignService.volelearcMapper
  2019-01-28 17:55:30,434 [main] DEBUG - Registered injected element on class [com.sys.service.apply.ApplyForForeignService]: AutowiredFieldElement for private com.sys.mapper.apply.ApplyUnitMapper com.sys.service.apply.ApplyForForeignService.applyUnitMapper
  2019-01-28 17:55:30,434 [main] DEBUG - Registered injected element on class [com.sys.service.apply.ApplyForForeignService]: AutowiredFieldElement for private com.sys.common.BatchUtil com.sys.service.apply.ApplyForForeignService.batchUtil
  2019-01-28 17:55:30,434 [main] DEBUG - Registered injected element on class [com.sys.service.apply.ApplyForForeignService]: AutowiredFieldElement for private org.activiti.engine.RuntimeService com.sys.service.apply.ApplyForForeignService.runtimeService
  2019-01-28 17:55:30,435 [main] DEBUG - Registered injected element on class [com.sys.service.apply.ApplyForForeignService]: AutowiredFieldElement for private org.activiti.engine.HistoryService com.sys.service.apply.ApplyForForeignService.historyService
  2019-01-28 17:55:30,435 [main] DEBUG - Eagerly caching bean 'applyForForeignService' to allow for resolving potential circular references
  2019-01-28 17:55:30,435 [main] DEBUG - Processing injected element of bean 'applyForForeignService': AutowiredFieldElement for private com.sys.mapper.IMapper com.sys.service.BaseService.mapper
  2019-01-28 17:55:30,437 [main] DEBUG - Creating shared instance of singleton bean 'applyForForeignMapper'
  2019-01-28 17:55:30,437 [main] DEBUG - Creating instance of bean 'applyForForeignMapper'
  2019-01-28 17:55:30,438 [main] DEBUG - Returning cached instance of singleton bean 'org.springframework.aop.support.DefaultBeanFactoryPointcutAdvisor#0'
  2019-01-28 17:55:30,438 [main] DEBUG - Returning cached instance of singleton bean 'org.springframework.cache.config.internalCacheAdvisor'
  2019-01-28 17:55:30,438 [main] DEBUG - Eagerly caching bean 'applyForForeignMapper' to allow for resolving potential circular references
  2019-01-28 17:55:30,439 [main] DEBUG - Returning cached instance of singleton bean 'sqlSessionFactory'
  2019-01-28 17:55:30,439 [main] DEBUG - Invoking afterPropertiesSet() on bean with name 'applyForForeignMapper'
  2019-01-28 17:55:30,439 [main] DEBUG - Returning cached instance of singleton bean 'org.springframework.aop.support.DefaultBeanFactoryPointcutAdvisor#0'
  2019-01-28 17:55:30,440 [main] DEBUG - Returning cached instance of singleton bean 'org.springframework.cache.config.internalCacheAdvisor'
  2019-01-28 17:55:30,440 [main] DEBUG - Returning cached instance of singleton bean 'org.springframework.aop.support.DefaultBeanFactoryPointcutAdvisor#0'
  2019-01-28 17:55:30,440 [main] DEBUG - Returning cached instance of singleton bean 'org.springframework.cache.config.internalCacheAdvisor'
  2019-01-28 17:55:30,441 [main] DEBUG - Finished creating instance of bean 'applyForForeignMapper'
  2019-01-28 17:55:30,441 [main] DEBUG - Returning cached instance of singleton bean 'org.springframework.aop.support.DefaultBeanFactoryPointcutAdvisor#0'
  2019-01-28 17:55:30,442 [main] DEBUG - Returning cached instance of singleton bean 'org.springframework.cache.config.internalCacheAdvisor'
  2019-01-28 17:55:30,442 [main] DEBUG - Returning cached instance of singleton bean 'org.springframework.aop.support.DefaultBeanFactoryPointcutAdvisor#0'
  2019-01-28 17:55:30,442 [main] DEBUG - Returning cached instance of singleton bean 'org.springframework.cache.config.internalCacheAdvisor'
  2019-01-28 17:55:30,444 [main] DEBUG - Autowiring by type from bean name 'applyForForeignService' to bean named 'applyForForeignMapper'
  2019-01-28 17:55:30,445 [main] DEBUG - Processing injected element of bean 'applyForForeignService': AutowiredFieldElement for private com.sys.service.ListNumberService com.sys.service.apply.ApplyForForeignService.listNumberService
  2019-01-28 17:55:30,445 [main] DEBUG - Returning cached instance of singleton bean 'listNumberService'
  2019-01-28 17:55:30,445 [main] DEBUG - Autowiring by type from bean name 'applyForForeignService' to bean named 'listNumberService'
  2019-01-28 17:55:30,445 [main] DEBUG - Processing injected element of bean 'applyForForeignService': AutowiredFieldElement for private com.sys.mapper.apply.ApplyFamilyMemberMapper com.sys.service.apply.ApplyForForeignService.applyFamilyMemberMapper
  2019-01-28 17:55:30,446 [main] DEBUG - Returning cached instance of singleton bean 'applyFamilyMemberMapper'
  2019-01-28 17:55:30,446 [main] DEBUG - Autowiring by type from bean name 'applyForForeignService' to bean named 'applyFamilyMemberMapper'
  2019-01-28 17:55:30,446 [main] DEBUG - Processing injected element of bean 'applyForForeignService': AutowiredFieldElement for private com.sys.mapper.apply.ApplyFamilyHouseMapper com.sys.service.apply.ApplyForForeignService.applyFamilyHouseMapper
  2019-01-28 17:55:30,447 [main] DEBUG - Returning cached instance of singleton bean 'applyFamilyHouseMapper'
  2019-01-28 17:55:30,447 [main] DEBUG - Autowiring by type from bean name 'applyForForeignService' to bean named 'applyFamilyHouseMapper'
  2019-01-28 17:55:30,447 [main] DEBUG - Processing injected element of bean 'applyForForeignService': AutowiredFieldElement for private com.sys.service.FlowService com.sys.service.apply.ApplyForForeignService.flowService
  2019-01-28 17:55:30,447 [main] DEBUG - Returning cached instance of singleton bean 'flowService'
  2019-01-28 17:55:30,448 [main] DEBUG - Autowiring by type from bean name 'applyForForeignService' to bean named 'flowService'
  2019-01-28 17:55:30,448 [main] DEBUG - Processing injected element of bean 'applyForForeignService': AutowiredFieldElement for private com.sys.mapper.apply.ApproveMapper com.sys.service.apply.ApplyForForeignService.approveMapper
  2019-01-28 17:55:30,448 [main] DEBUG - Returning cached instance of singleton bean 'approveMapper'
  2019-01-28 17:55:30,448 [main] DEBUG - Autowiring by type from bean name 'applyForForeignService' to bean named 'approveMapper'
  2019-01-28 17:55:30,449 [main] DEBUG - Processing injected element of bean 'applyForForeignService': AutowiredFieldElement for private com.sys.mapper.apply.ApplyForForeignMapper com.sys.service.apply.ApplyForForeignService.applyForForeignMapper
  2019-01-28 17:55:30,450 [main] DEBUG - Returning cached instance of singleton bean 'applyForForeignMapper'
  2019-01-28 17:55:30,450 [main] DEBUG - Autowiring by type from bean name 'applyForForeignService' to bean named 'applyForForeignMapper'
  2019-01-28 17:55:30,450 [main] DEBUG - Processing injected element of bean 'applyForForeignService': AutowiredFieldElement for private com.sys.mapper.VolelearcDtlMapper com.sys.service.apply.ApplyForForeignService.volelearcDtlMapper
  2019-01-28 17:55:30,450 [main] DEBUG - Returning cached instance of singleton bean 'volelearcDtlMapper'
  2019-01-28 17:55:30,451 [main] DEBUG - Autowiring by type from bean name 'applyForForeignService' to bean named 'volelearcDtlMapper'
  2019-01-28 17:55:30,451 [main] DEBUG - Processing injected element of bean 'applyForForeignService': AutowiredFieldElement for private com.sys.mapper.VolelearcMapper com.sys.service.apply.ApplyForForeignService.volelearcMapper
  2019-01-28 17:55:30,451 [main] DEBUG - Returning cached instance of singleton bean 'volelearcMapper'
  2019-01-28 17:55:30,451 [main] DEBUG - Autowiring by type from bean name 'applyForForeignService' to bean named 'volelearcMapper'
  2019-01-28 17:55:30,452 [main] DEBUG - Processing injected element of bean 'applyForForeignService': AutowiredFieldElement for private com.sys.mapper.apply.ApplyUnitMapper com.sys.service.apply.ApplyForForeignService.applyUnitMapper
  2019-01-28 17:55:30,453 [main] DEBUG - Returning cached instance of singleton bean 'applyUnitMapper'
  2019-01-28 17:55:30,453 [main] DEBUG - Autowiring by type from bean name 'applyForForeignService' to bean named 'applyUnitMapper'
  2019-01-28 17:55:30,453 [main] DEBUG - Processing injected element of bean 'applyForForeignService': AutowiredFieldElement for private com.sys.common.BatchUtil com.sys.service.apply.ApplyForForeignService.batchUtil
  2019-01-28 17:55:30,453 [main] DEBUG - Returning cached instance of singleton bean 'batchutil'
  2019-01-28 17:55:30,454 [main] DEBUG - Autowiring by type from bean name 'applyForForeignService' to bean named 'batchutil'
  2019-01-28 17:55:30,454 [main] DEBUG - Processing injected element of bean 'applyForForeignService': AutowiredFieldElement for private org.activiti.engine.RuntimeService com.sys.service.apply.ApplyForForeignService.runtimeService
  2019-01-28 17:55:30,454 [main] DEBUG - Returning cached instance of singleton bean 'runtimeService'
  2019-01-28 17:55:30,455 [main] DEBUG - Autowiring by type from bean name 'applyForForeignService' to bean named 'runtimeService'
  2019-01-28 17:55:30,455 [main] DEBUG - Processing injected element of bean 'applyForForeignService': AutowiredFieldElement for private org.activiti.engine.HistoryService com.sys.service.apply.ApplyForForeignService.historyService
  2019-01-28 17:55:30,455 [main] DEBUG - Returning cached instance of singleton bean 'historyService'
  2019-01-28 17:55:30,455 [main] DEBUG - Autowiring by type from bean name 'applyForForeignService' to bean named 'historyService'
  2019-01-28 17:55:30,456 [main] DEBUG - Returning cached instance of singleton bean 'org.springframework.aop.support.DefaultBeanFactoryPointcutAdvisor#0'
  2019-01-28 17:55:30,456 [main] DEBUG - Returning cached instance of singleton bean 'org.springframework.cache.config.internalCacheAdvisor'
  2019-01-28 17:55:30,456 [main] DEBUG - Returning cached instance of singleton bean 'org.springframework.aop.support.DefaultBeanFactoryPointcutAdvisor#0'
  2019-01-28 17:55:30,456 [main] DEBUG - Returning cached instance of singleton bean 'org.springframework.cache.config.internalCacheAdvisor'
  2019-01-28 17:55:30,457 [main] DEBUG - Creating implicit proxy for bean 'applyForForeignService' with 0 common interceptors and 2 specific interceptors
  2019-01-28 17:55:30,458 [main] DEBUG - Creating CGLIB proxy: target source is SingletonTargetSource for target object [com.sys.service.apply.ApplyForForeignService@1ea930eb]
  2019-01-28 17:55:30,458 [main] DEBUG - Finished creating instance of bean 'applyForForeignService'
  2019-01-28 17:55:30,459 [main] DEBUG - Creating shared instance of singleton bean 'applyForgraDuateService'
  2019-01-28 17:55:30,459 [main] DEBUG - Creating instance of bean 'applyForgraDuateService'
  2019-01-28 17:55:30,459 [main] DEBUG - Returning cached instance of singleton bean 'org.springframework.aop.support.DefaultBeanFactoryPointcutAdvisor#0'
  2019-01-28 17:55:30,459 [main] DEBUG - Returning cached instance of singleton bean 'org.springframework.cache.config.internalCacheAdvisor'
  2019-01-28 17:55:30,460 [main] DEBUG - Registered injected element on class [com.sys.service.apply.ApplyForgraDuateService]: AutowiredFieldElement for private com.sys.mapper.IMapper com.sys.service.BaseService.mapper
  2019-01-28 17:55:30,460 [main] DEBUG - Registered injected element on class [com.sys.service.apply.ApplyForgraDuateService]: AutowiredFieldElement for private com.sys.service.ListNumberService com.sys.service.apply.ApplyForgraDuateService.listNumberService
  2019-01-28 17:55:30,460 [main] DEBUG - Registered injected element on class [com.sys.service.apply.ApplyForgraDuateService]: AutowiredFieldElement for private com.sys.mapper.apply.ApplyFamilyMemberMapper com.sys.service.apply.ApplyForgraDuateService.applyFamilyMemberMapper
  2019-01-28 17:55:30,461 [main] DEBUG - Registered injected element on class [com.sys.service.apply.ApplyForgraDuateService]: AutowiredFieldElement for private com.sys.mapper.apply.ApplyFamilyHouseMapper com.sys.service.apply.ApplyForgraDuateService.applyFamilyHouseMapper
  2019-01-28 17:55:30,461 [main] DEBUG - Registered injected element on class [com.sys.service.apply.ApplyForgraDuateService]: AutowiredFieldElement for private com.sys.service.FlowService com.sys.service.apply.ApplyForgraDuateService.flowService
  2019-01-28 17:55:30,461 [main] DEBUG - Registered injected element on class [com.sys.service.apply.ApplyForgraDuateService]: AutowiredFieldElement for private com.sys.mapper.apply.ApproveMapper com.sys.service.apply.ApplyForgraDuateService.approveMapper
  2019-01-28 17:55:30,461 [main] DEBUG - Registered injected element on class [com.sys.service.apply.ApplyForgraDuateService]: AutowiredFieldElement for private com.sys.mapper.apply.ApplyForgraDuateMapper com.sys.service.apply.ApplyForgraDuateService.applyForgraDuateMapper
  2019-01-28 17:55:30,461 [main] DEBUG - Registered injected element on class [com.sys.service.apply.ApplyForgraDuateService]: AutowiredFieldElement for private com.sys.common.BatchUtil com.sys.service.apply.ApplyForgraDuateService.batchUtil
  2019-01-28 17:55:30,462 [main] DEBUG - Registered injected element on class [com.sys.service.apply.ApplyForgraDuateService]: AutowiredFieldElement for private com.sys.mapper.apply.ApplyUnitMapper com.sys.service.apply.ApplyForgraDuateService.applyUnitMapper
  2019-01-28 17:55:30,462 [main] DEBUG - Registered injected element on class [com.sys.service.apply.ApplyForgraDuateService]: AutowiredFieldElement for private com.sys.mapper.VolelearcDtlMapper com.sys.service.apply.ApplyForgraDuateService.volelearcDtlMapper
  2019-01-28 17:55:30,462 [main] DEBUG - Registered injected element on class [com.sys.service.apply.ApplyForgraDuateService]: AutowiredFieldElement for private com.sys.mapper.VolelearcMapper com.sys.service.apply.ApplyForgraDuateService.volelearcMapper
  2019-01-28 17:55:30,462 [main] DEBUG - Registered injected element on class [com.sys.service.apply.ApplyForgraDuateService]: AutowiredFieldElement for private org.activiti.engine.RuntimeService com.sys.service.apply.ApplyForgraDuateService.runtimeService
  2019-01-28 17:55:30,462 [main] DEBUG - Eagerly caching bean 'applyForgraDuateService' to allow for resolving potential circular references
  2019-01-28 17:55:30,463 [main] DEBUG - Processing injected element of bean 'applyForgraDuateService': AutowiredFieldElement for private com.sys.mapper.IMapper com.sys.service.BaseService.mapper
  2019-01-28 17:55:30,464 [main] DEBUG - Creating shared instance of singleton bean 'applyForgraDuateMapper'
  2019-01-28 17:55:30,464 [main] DEBUG - Creating instance of bean 'applyForgraDuateMapper'
  2019-01-28 17:55:30,464 [main] DEBUG - Returning cached instance of singleton bean 'org.springframework.aop.support.DefaultBeanFactoryPointcutAdvisor#0'
  2019-01-28 17:55:30,465 [main] DEBUG - Returning cached instance of singleton bean 'org.springframework.cache.config.internalCacheAdvisor'
  2019-01-28 17:55:30,466 [main] DEBUG - Eagerly caching bean 'applyForgraDuateMapper' to allow for resolving potential circular references
  2019-01-28 17:55:30,466 [main] DEBUG - Returning cached instance of singleton bean 'sqlSessionFactory'
  2019-01-28 17:55:30,466 [main] DEBUG - Invoking afterPropertiesSet() on bean with name 'applyForgraDuateMapper'
  2019-01-28 17:55:30,467 [main] DEBUG - Returning cached instance of singleton bean 'org.springframework.aop.support.DefaultBeanFactoryPointcutAdvisor#0'
  2019-01-28 17:55:30,467 [main] DEBUG - Returning cached instance of singleton bean 'org.springframework.cache.config.internalCacheAdvisor'
  2019-01-28 17:55:30,467 [main] DEBUG - Returning cached instance of singleton bean 'org.springframework.aop.support.DefaultBeanFactoryPointcutAdvisor#0'
  2019-01-28 17:55:30,467 [main] DEBUG - Returning cached instance of singleton bean 'org.springframework.cache.config.internalCacheAdvisor'
  2019-01-28 17:55:30,468 [main] DEBUG - Finished creating instance of bean 'applyForgraDuateMapper'
  2019-01-28 17:55:30,468 [main] DEBUG - Returning cached instance of singleton bean 'org.springframework.aop.support.DefaultBeanFactoryPointcutAdvisor#0'
  2019-01-28 17:55:30,468 [main] DEBUG - Returning cached instance of singleton bean 'org.springframework.cache.config.internalCacheAdvisor'
  2019-01-28 17:55:30,469 [main] DEBUG - Returning cached instance of singleton bean 'org.springframework.aop.support.DefaultBeanFactoryPointcutAdvisor#0'
  2019-01-28 17:55:30,469 [main] DEBUG - Returning cached instance of singleton bean 'org.springframework.cache.config.internalCacheAdvisor'
  2019-01-28 17:55:30,470 [main] DEBUG - Autowiring by type from bean name 'applyForgraDuateService' to bean named 'applyForgraDuateMapper'
  2019-01-28 17:55:30,471 [main] DEBUG - Processing injected element of bean 'applyForgraDuateService': AutowiredFieldElement for private com.sys.service.ListNumberService com.sys.service.apply.ApplyForgraDuateService.listNumberService
  2019-01-28 17:55:30,471 [main] DEBUG - Returning cached instance of singleton bean 'listNumberService'
  2019-01-28 17:55:30,471 [main] DEBUG - Autowiring by type from bean name 'applyForgraDuateService' to bean named 'listNumberService'
  2019-01-28 17:55:30,472 [main] DEBUG - Processing injected element of bean 'applyForgraDuateService': AutowiredFieldElement for private com.sys.mapper.apply.ApplyFamilyMemberMapper com.sys.service.apply.ApplyForgraDuateService.applyFamilyMemberMapper
  2019-01-28 17:55:30,472 [main] DEBUG - Returning cached instance of singleton bean 'applyFamilyMemberMapper'
  2019-01-28 17:55:30,472 [main] DEBUG - Autowiring by type from bean name 'applyForgraDuateService' to bean named 'applyFamilyMemberMapper'
  2019-01-28 17:55:30,472 [main] DEBUG - Processing injected element of bean 'applyForgraDuateService': AutowiredFieldElement for private com.sys.mapper.apply.ApplyFamilyHouseMapper com.sys.service.apply.ApplyForgraDuateService.applyFamilyHouseMapper
  2019-01-28 17:55:30,473 [main] DEBUG - Returning cached instance of singleton bean 'applyFamilyHouseMapper'
  2019-01-28 17:55:30,473 [main] DEBUG - Autowiring by type from bean name 'applyForgraDuateService' to bean named 'applyFamilyHouseMapper'
  2019-01-28 17:55:30,473 [main] DEBUG - Processing injected element of bean 'applyForgraDuateService': AutowiredFieldElement for private com.sys.service.FlowService com.sys.service.apply.ApplyForgraDuateService.flowService
  2019-01-28 17:55:30,473 [main] DEBUG - Returning cached instance of singleton bean 'flowService'
  2019-01-28 17:55:30,474 [main] DEBUG - Autowiring by type from bean name 'applyForgraDuateService' to bean named 'flowService'
  2019-01-28 17:55:30,474 [main] DEBUG - Processing injected element of bean 'applyForgraDuateService': AutowiredFieldElement for private com.sys.mapper.apply.ApproveMapper com.sys.service.apply.ApplyForgraDuateService.approveMapper
  2019-01-28 17:55:30,474 [main] DEBUG - Returning cached instance of singleton bean 'approveMapper'
  2019-01-28 17:55:30,474 [main] DEBUG - Autowiring by type from bean name 'applyForgraDuateService' to bean named 'approveMapper'
  2019-01-28 17:55:30,475 [main] DEBUG - Processing injected element of bean 'applyForgraDuateService': AutowiredFieldElement for private com.sys.mapper.apply.ApplyForgraDuateMapper com.sys.service.apply.ApplyForgraDuateService.applyForgraDuateMapper
  2019-01-28 17:55:30,475 [main] DEBUG - Returning cached instance of singleton bean 'applyForgraDuateMapper'
  2019-01-28 17:55:30,476 [main] DEBUG - Autowiring by type from bean name 'applyForgraDuateService' to bean named 'applyForgraDuateMapper'
  2019-01-28 17:55:30,476 [main] DEBUG - Processing injected element of bean 'applyForgraDuateService': AutowiredFieldElement for private com.sys.common.BatchUtil com.sys.service.apply.ApplyForgraDuateService.batchUtil
  2019-01-28 17:55:30,476 [main] DEBUG - Returning cached instance of singleton bean 'batchutil'
  2019-01-28 17:55:30,477 [main] DEBUG - Autowiring by type from bean name 'applyForgraDuateService' to bean named 'batchutil'
  2019-01-28 17:55:30,477 [main] DEBUG - Processing injected element of bean 'applyForgraDuateService': AutowiredFieldElement for private com.sys.mapper.apply.ApplyUnitMapper com.sys.service.apply.ApplyForgraDuateService.applyUnitMapper
  2019-01-28 17:55:30,477 [main] DEBUG - Returning cached instance of singleton bean 'applyUnitMapper'
  2019-01-28 17:55:30,477 [main] DEBUG - Autowiring by type from bean name 'applyForgraDuateService' to bean named 'applyUnitMapper'
  2019-01-28 17:55:30,477 [main] DEBUG - Processing injected element of bean 'applyForgraDuateService': AutowiredFieldElement for private com.sys.mapper.VolelearcDtlMapper com.sys.service.apply.ApplyForgraDuateService.volelearcDtlMapper
  2019-01-28 17:55:30,478 [main] DEBUG - Returning cached instance of singleton bean 'volelearcDtlMapper'
  2019-01-28 17:55:30,478 [main] DEBUG - Autowiring by type from bean name 'applyForgraDuateService' to bean named 'volelearcDtlMapper'
  2019-01-28 17:55:30,478 [main] DEBUG - Processing injected element of bean 'applyForgraDuateService': AutowiredFieldElement for private com.sys.mapper.VolelearcMapper com.sys.service.apply.ApplyForgraDuateService.volelearcMapper
  2019-01-28 17:55:30,478 [main] DEBUG - Returning cached instance of singleton bean 'volelearcMapper'
  2019-01-28 17:55:30,479 [main] DEBUG - Autowiring by type from bean name 'applyForgraDuateService' to bean named 'volelearcMapper'
  2019-01-28 17:55:30,479 [main] DEBUG - Processing injected element of bean 'applyForgraDuateService': AutowiredFieldElement for private org.activiti.engine.RuntimeService com.sys.service.apply.ApplyForgraDuateService.runtimeService
  2019-01-28 17:55:30,480 [main] DEBUG - Returning cached instance of singleton bean 'runtimeService'
  2019-01-28 17:55:30,480 [main] DEBUG - Autowiring by type from bean name 'applyForgraDuateService' to bean named 'runtimeService'
  2019-01-28 17:55:30,480 [main] DEBUG - Returning cached instance of singleton bean 'org.springframework.aop.support.DefaultBeanFactoryPointcutAdvisor#0'
  2019-01-28 17:55:30,480 [main] DEBUG - Returning cached instance of singleton bean 'org.springframework.cache.config.internalCacheAdvisor'
  2019-01-28 17:55:30,481 [main] DEBUG - Returning cached instance of singleton bean 'org.springframework.aop.support.DefaultBeanFactoryPointcutAdvisor#0'
  2019-01-28 17:55:30,481 [main] DEBUG - Returning cached instance of singleton bean 'org.springframework.cache.config.internalCacheAdvisor'
  2019-01-28 17:55:30,482 [main] DEBUG - Creating implicit proxy for bean 'applyForgraDuateService' with 0 common interceptors and 2 specific interceptors
  2019-01-28 17:55:30,483 [main] DEBUG - Creating CGLIB proxy: target source is SingletonTargetSource for target object [com.sys.service.apply.ApplyForgraDuateService@ef86c72]
  2019-01-28 17:55:30,483 [main] DEBUG - Finished creating instance of bean 'applyForgraDuateService'
  2019-01-28 17:55:30,483 [main] DEBUG - Creating shared instance of singleton bean 'applyNsService'
  2019-01-28 17:55:30,484 [main] DEBUG - Creating instance of bean 'applyNsService'
  2019-01-28 17:55:30,484 [main] DEBUG - Returning cached instance of singleton bean 'org.springframework.aop.support.DefaultBeanFactoryPointcutAdvisor#0'
  2019-01-28 17:55:30,484 [main] DEBUG - Returning cached instance of singleton bean 'org.springframework.cache.config.internalCacheAdvisor'
  2019-01-28 17:55:30,485 [main] DEBUG - Registered injected element on class [com.sys.service.apply.ApplyNsService]: AutowiredFieldElement for private com.sys.mapper.IMapper com.sys.service.BaseService.mapper
  2019-01-28 17:55:30,485 [main] DEBUG - Registered injected element on class [com.sys.service.apply.ApplyNsService]: AutowiredFieldElement for private com.sys.service.ListNumberService com.sys.service.apply.ApplyNsService.listNumberService
  2019-01-28 17:55:30,485 [main] DEBUG - Registered injected element on class [com.sys.service.apply.ApplyNsService]: AutowiredFieldElement for private com.sys.common.BatchUtil com.sys.service.apply.ApplyNsService.batchUtil
  2019-01-28 17:55:30,486 [main] DEBUG - Registered injected element on class [com.sys.service.apply.ApplyNsService]: AutowiredFieldElement for private com.sys.mapper.apply.ApplyFamilyHouseChangeMapper com.sys.service.apply.ApplyNsService.applyFamilyHouseChangeMapper
  2019-01-28 17:55:30,486 [main] DEBUG - Registered injected element on class [com.sys.service.apply.ApplyNsService]: AutowiredFieldElement for private com.sys.service.FlowService com.sys.service.apply.ApplyNsService.flowService
  2019-01-28 17:55:30,487 [main] DEBUG - Registered injected element on class [com.sys.service.apply.ApplyNsService]: AutowiredFieldElement for private com.sys.mapper.apply.ApproveMapper com.sys.service.apply.ApplyNsService.approveMapper
  2019-01-28 17:55:30,487 [main] DEBUG - Registered injected element on class [com.sys.service.apply.ApplyNsService]: AutowiredFieldElement for private com.sys.mapper.apply.ApplyMapper com.sys.service.apply.ApplyNsService.applyMapper
  2019-01-28 17:55:30,487 [main] DEBUG - Registered injected element on class [com.sys.service.apply.ApplyNsService]: AutowiredFieldElement for private com.sys.mapper.apply.ApplyFamilyMemberMapper com.sys.service.apply.ApplyNsService.applyFamilyMemberMapper
  2019-01-28 17:55:30,487 [main] DEBUG - Registered injected element on class [com.sys.service.apply.ApplyNsService]: AutowiredFieldElement for private com.sys.mapper.apply.ApplyFamilyHouseMapper com.sys.service.apply.ApplyNsService.applyFamilyHouseMapper
  2019-01-28 17:55:30,488 [main] DEBUG - Registered injected element on class [com.sys.service.apply.ApplyNsService]: AutowiredFieldElement for private org.activiti.engine.RuntimeService com.sys.service.apply.ApplyNsService.runtimeService
  2019-01-28 17:55:30,488 [main] DEBUG - Registered injected element on class [com.sys.service.apply.ApplyNsService]: AutowiredFieldElement for public com.sys.mapper.apply.ApplyNsMapper com.sys.service.apply.ApplyNsService.applyNsMapper
  2019-01-28 17:55:30,488 [main] DEBUG - Registered injected element on class [com.sys.service.apply.ApplyNsService]: AutowiredFieldElement for public com.sys.mapper.apply.ApplyUnitMapper com.sys.service.apply.ApplyNsService.applyUnitMapper
  2019-01-28 17:55:30,488 [main] DEBUG - Registered injected element on class [com.sys.service.apply.ApplyNsService]: AutowiredFieldElement for private com.sys.mapper.VolelearcDtlMapper com.sys.service.apply.ApplyNsService.volelearcDtlMapper
  2019-01-28 17:55:30,488 [main] DEBUG - Registered injected element on class [com.sys.service.apply.ApplyNsService]: AutowiredFieldElement for private com.sys.mapper.VolelearcMapper com.sys.service.apply.ApplyNsService.volelearcMapper
  2019-01-28 17:55:30,489 [main] DEBUG - Eagerly caching bean 'applyNsService' to allow for resolving potential circular references
  2019-01-28 17:55:30,489 [main] DEBUG - Processing injected element of bean 'applyNsService': AutowiredFieldElement for private com.sys.mapper.IMapper com.sys.service.BaseService.mapper
  2019-01-28 17:55:30,491 [main] DEBUG - Creating shared instance of singleton bean 'applyNsMapper'
  2019-01-28 17:55:30,491 [main] DEBUG - Creating instance of bean 'applyNsMapper'
  2019-01-28 17:55:30,491 [main] DEBUG - Returning cached instance of singleton bean 'org.springframework.aop.support.DefaultBeanFactoryPointcutAdvisor#0'
  2019-01-28 17:55:30,492 [main] DEBUG - Returning cached instance of singleton bean 'org.springframework.cache.config.internalCacheAdvisor'
  2019-01-28 17:55:30,492 [main] DEBUG - Eagerly caching bean 'applyNsMapper' to allow for resolving potential circular references
  2019-01-28 17:55:30,492 [main] DEBUG - Returning cached instance of singleton bean 'sqlSessionFactory'
  2019-01-28 17:55:30,493 [main] DEBUG - Invoking afterPropertiesSet() on bean with name 'applyNsMapper'
  2019-01-28 17:55:30,493 [main] DEBUG - Returning cached instance of singleton bean 'org.springframework.aop.support.DefaultBeanFactoryPointcutAdvisor#0'
  2019-01-28 17:55:30,493 [main] DEBUG - Returning cached instance of singleton bean 'org.springframework.cache.config.internalCacheAdvisor'
  2019-01-28 17:55:30,494 [main] DEBUG - Returning cached instance of singleton bean 'org.springframework.aop.support.DefaultBeanFactoryPointcutAdvisor#0'
  2019-01-28 17:55:30,494 [main] DEBUG - Returning cached instance of singleton bean 'org.springframework.cache.config.internalCacheAdvisor'
  2019-01-28 17:55:30,495 [main] DEBUG - Finished creating instance of bean 'applyNsMapper'
  2019-01-28 17:55:30,495 [main] DEBUG - Returning cached instance of singleton bean 'org.springframework.aop.support.DefaultBeanFactoryPointcutAdvisor#0'
  2019-01-28 17:55:30,495 [main] DEBUG - Returning cached instance of singleton bean 'org.springframework.cache.config.internalCacheAdvisor'
  2019-01-28 17:55:30,496 [main] DEBUG - Returning cached instance of singleton bean 'org.springframework.aop.support.DefaultBeanFactoryPointcutAdvisor#0'
  2019-01-28 17:55:30,496 [main] DEBUG - Returning cached instance of singleton bean 'org.springframework.cache.config.internalCacheAdvisor'
  2019-01-28 17:55:30,499 [main] DEBUG - Autowiring by type from bean name 'applyNsService' to bean named 'applyNsMapper'
  2019-01-28 17:55:30,499 [main] DEBUG - Processing injected element of bean 'applyNsService': AutowiredFieldElement for private com.sys.service.ListNumberService com.sys.service.apply.ApplyNsService.listNumberService
  2019-01-28 17:55:30,499 [main] DEBUG - Returning cached instance of singleton bean 'listNumberService'
  2019-01-28 17:55:30,500 [main] DEBUG - Autowiring by type from bean name 'applyNsService' to bean named 'listNumberService'
  2019-01-28 17:55:30,500 [main] DEBUG - Processing injected element of bean 'applyNsService': AutowiredFieldElement for private com.sys.common.BatchUtil com.sys.service.apply.ApplyNsService.batchUtil
  2019-01-28 17:55:30,500 [main] DEBUG - Returning cached instance of singleton bean 'batchutil'
  2019-01-28 17:55:30,500 [main] DEBUG - Autowiring by type from bean name 'applyNsService' to bean named 'batchutil'
  2019-01-28 17:55:30,501 [main] DEBUG - Processing injected element of bean 'applyNsService': AutowiredFieldElement for private com.sys.mapper.apply.ApplyFamilyHouseChangeMapper com.sys.service.apply.ApplyNsService.applyFamilyHouseChangeMapper
  2019-01-28 17:55:30,501 [main] DEBUG - Returning cached instance of singleton bean 'applyFamilyHouseChangeMapper'
  2019-01-28 17:55:30,501 [main] DEBUG - Autowiring by type from bean name 'applyNsService' to bean named 'applyFamilyHouseChangeMapper'
  2019-01-28 17:55:30,501 [main] DEBUG - Processing injected element of bean 'applyNsService': AutowiredFieldElement for private com.sys.service.FlowService com.sys.service.apply.ApplyNsService.flowService
  2019-01-28 17:55:30,501 [main] DEBUG - Returning cached instance of singleton bean 'flowService'
  2019-01-28 17:55:30,502 [main] DEBUG - Autowiring by type from bean name 'applyNsService' to bean named 'flowService'
  2019-01-28 17:55:30,502 [main] DEBUG - Processing injected element of bean 'applyNsService': AutowiredFieldElement for private com.sys.mapper.apply.ApproveMapper com.sys.service.apply.ApplyNsService.approveMapper
  2019-01-28 17:55:30,502 [main] DEBUG - Returning cached instance of singleton bean 'approveMapper'
  2019-01-28 17:55:30,502 [main] DEBUG - Autowiring by type from bean name 'applyNsService' to bean named 'approveMapper'
  2019-01-28 17:55:30,502 [main] DEBUG - Processing injected element of bean 'applyNsService': AutowiredFieldElement for private com.sys.mapper.apply.ApplyMapper com.sys.service.apply.ApplyNsService.applyMapper
  2019-01-28 17:55:30,503 [main] DEBUG - Creating shared instance of singleton bean 'applyMapper'
  2019-01-28 17:55:30,503 [main] DEBUG - Creating instance of bean 'applyMapper'
  2019-01-28 17:55:30,504 [main] DEBUG - Returning cached instance of singleton bean 'org.springframework.aop.support.DefaultBeanFactoryPointcutAdvisor#0'
  2019-01-28 17:55:30,504 [main] DEBUG - Returning cached instance of singleton bean 'org.springframework.cache.config.internalCacheAdvisor'
  2019-01-28 17:55:30,504 [main] DEBUG - Eagerly caching bean 'applyMapper' to allow for resolving potential circular references
  2019-01-28 17:55:30,505 [main] DEBUG - Returning cached instance of singleton bean 'sqlSessionFactory'
  2019-01-28 17:55:30,505 [main] DEBUG - Invoking afterPropertiesSet() on bean with name 'applyMapper'
  2019-01-28 17:55:30,506 [main] DEBUG - Returning cached instance of singleton bean 'org.springframework.aop.support.DefaultBeanFactoryPointcutAdvisor#0'
  2019-01-28 17:55:30,506 [main] DEBUG - Returning cached instance of singleton bean 'org.springframework.cache.config.internalCacheAdvisor'
  2019-01-28 17:55:30,506 [main] DEBUG - Returning cached instance of singleton bean 'org.springframework.aop.support.DefaultBeanFactoryPointcutAdvisor#0'
  2019-01-28 17:55:30,507 [main] DEBUG - Returning cached instance of singleton bean 'org.springframework.cache.config.internalCacheAdvisor'
  2019-01-28 17:55:30,509 [main] DEBUG - Finished creating instance of bean 'applyMapper'
  2019-01-28 17:55:30,509 [main] DEBUG - Returning cached instance of singleton bean 'org.springframework.aop.support.DefaultBeanFactoryPointcutAdvisor#0'
  2019-01-28 17:55:30,509 [main] DEBUG - Returning cached instance of singleton bean 'org.springframework.cache.config.internalCacheAdvisor'
  2019-01-28 17:55:30,510 [main] DEBUG - Returning cached instance of singleton bean 'org.springframework.aop.support.DefaultBeanFactoryPointcutAdvisor#0'
  2019-01-28 17:55:30,510 [main] DEBUG - Returning cached instance of singleton bean 'org.springframework.cache.config.internalCacheAdvisor'
  2019-01-28 17:55:30,513 [main] DEBUG - Autowiring by type from bean name 'applyNsService' to bean named 'applyMapper'
  2019-01-28 17:55:30,513 [main] DEBUG - Processing injected element of bean 'applyNsService': AutowiredFieldElement for private com.sys.mapper.apply.ApplyFamilyMemberMapper com.sys.service.apply.ApplyNsService.applyFamilyMemberMapper
  2019-01-28 17:55:30,513 [main] DEBUG - Returning cached instance of singleton bean 'applyFamilyMemberMapper'
  2019-01-28 17:55:30,514 [main] DEBUG - Autowiring by type from bean name 'applyNsService' to bean named 'applyFamilyMemberMapper'
  2019-01-28 17:55:30,514 [main] DEBUG - Processing injected element of bean 'applyNsService': AutowiredFieldElement for private com.sys.mapper.apply.ApplyFamilyHouseMapper com.sys.service.apply.ApplyNsService.applyFamilyHouseMapper
  2019-01-28 17:55:30,514 [main] DEBUG - Returning cached instance of singleton bean 'applyFamilyHouseMapper'
  2019-01-28 17:55:30,514 [main] DEBUG - Autowiring by type from bean name 'applyNsService' to bean named 'applyFamilyHouseMapper'
  2019-01-28 17:55:30,514 [main] DEBUG - Processing injected element of bean 'applyNsService': AutowiredFieldElement for private org.activiti.engine.RuntimeService com.sys.service.apply.ApplyNsService.runtimeService
  2019-01-28 17:55:30,515 [main] DEBUG - Returning cached instance of singleton bean 'runtimeService'
  2019-01-28 17:55:30,515 [main] DEBUG - Autowiring by type from bean name 'applyNsService' to bean named 'runtimeService'
  2019-01-28 17:55:30,515 [main] DEBUG - Processing injected element of bean 'applyNsService': AutowiredFieldElement for public com.sys.mapper.apply.ApplyNsMapper com.sys.service.apply.ApplyNsService.applyNsMapper
  2019-01-28 17:55:30,516 [main] DEBUG - Returning cached instance of singleton bean 'applyNsMapper'
  2019-01-28 17:55:30,516 [main] DEBUG - Autowiring by type from bean name 'applyNsService' to bean named 'applyNsMapper'
  2019-01-28 17:55:30,516 [main] DEBUG - Processing injected element of bean 'applyNsService': AutowiredFieldElement for public com.sys.mapper.apply.ApplyUnitMapper com.sys.service.apply.ApplyNsService.applyUnitMapper
  2019-01-28 17:55:30,517 [main] DEBUG - Returning cached instance of singleton bean 'applyUnitMapper'
  2019-01-28 17:55:30,517 [main] DEBUG - Autowiring by type from bean name 'applyNsService' to bean named 'applyUnitMapper'
  2019-01-28 17:55:30,517 [main] DEBUG - Processing injected element of bean 'applyNsService': AutowiredFieldElement for private com.sys.mapper.VolelearcDtlMapper com.sys.service.apply.ApplyNsService.volelearcDtlMapper
  2019-01-28 17:55:30,518 [main] DEBUG - Returning cached instance of singleton bean 'volelearcDtlMapper'
  2019-01-28 17:55:30,518 [main] DEBUG - Autowiring by type from bean name 'applyNsService' to bean named 'volelearcDtlMapper'
  2019-01-28 17:55:30,518 [main] DEBUG - Processing injected element of bean 'applyNsService': AutowiredFieldElement for private com.sys.mapper.VolelearcMapper com.sys.service.apply.ApplyNsService.volelearcMapper
  2019-01-28 17:55:30,519 [main] DEBUG - Returning cached instance of singleton bean 'volelearcMapper'
  2019-01-28 17:55:30,519 [main] DEBUG - Autowiring by type from bean name 'applyNsService' to bean named 'volelearcMapper'
  2019-01-28 17:55:30,520 [main] DEBUG - Returning cached instance of singleton bean 'org.springframework.aop.support.DefaultBeanFactoryPointcutAdvisor#0'
  2019-01-28 17:55:30,520 [main] DEBUG - Returning cached instance of singleton bean 'org.springframework.cache.config.internalCacheAdvisor'
  2019-01-28 17:55:30,520 [main] DEBUG - Returning cached instance of singleton bean 'org.springframework.aop.support.DefaultBeanFactoryPointcutAdvisor#0'
  2019-01-28 17:55:30,521 [main] DEBUG - Returning cached instance of singleton bean 'org.springframework.cache.config.internalCacheAdvisor'
  2019-01-28 17:55:30,522 [main] DEBUG - Creating implicit proxy for bean 'applyNsService' with 0 common interceptors and 2 specific interceptors
  2019-01-28 17:55:30,522 [main] DEBUG - Creating CGLIB proxy: target source is SingletonTargetSource for target object [com.sys.service.apply.ApplyNsService@19fbc594]
  2019-01-28 17:55:30,523 [main] DEBUG - Finished creating instance of bean 'applyNsService'
  2019-01-28 17:55:30,523 [main] DEBUG - Creating shared instance of singleton bean 'applyService'
  2019-01-28 17:55:30,523 [main] DEBUG - Creating instance of bean 'applyService'
  2019-01-28 17:55:30,523 [main] DEBUG - Returning cached instance of singleton bean 'org.springframework.aop.support.DefaultBeanFactoryPointcutAdvisor#0'
  2019-01-28 17:55:30,524 [main] DEBUG - Returning cached instance of singleton bean 'org.springframework.cache.config.internalCacheAdvisor'
  2019-01-28 17:55:30,524 [main] DEBUG - Registered injected element on class [com.sys.service.apply.ApplyService]: AutowiredFieldElement for private com.sys.mapper.IMapper com.sys.service.BaseService.mapper
  2019-01-28 17:55:30,524 [main] DEBUG - Registered injected element on class [com.sys.service.apply.ApplyService]: AutowiredFieldElement for private com.sys.service.ListNumberService com.sys.service.apply.ApplyService.listNumberService
  2019-01-28 17:55:30,525 [main] DEBUG - Registered injected element on class [com.sys.service.apply.ApplyService]: AutowiredFieldElement for private com.sys.common.BatchUtil com.sys.service.apply.ApplyService.batchUtil
  2019-01-28 17:55:30,525 [main] DEBUG - Registered injected element on class [com.sys.service.apply.ApplyService]: AutowiredFieldElement for private com.sys.mapper.apply.ApplyFamilyHouseChangeMapper com.sys.service.apply.ApplyService.applyFamilyHouseChangeMapper
  2019-01-28 17:55:30,525 [main] DEBUG - Registered injected element on class [com.sys.service.apply.ApplyService]: AutowiredFieldElement for private com.sys.service.FlowService com.sys.service.apply.ApplyService.flowService
  2019-01-28 17:55:30,525 [main] DEBUG - Registered injected element on class [com.sys.service.apply.ApplyService]: AutowiredFieldElement for private com.sys.mapper.apply.ApproveMapper com.sys.service.apply.ApplyService.approveMapper
  2019-01-28 17:55:30,526 [main] DEBUG - Registered injected element on class [com.sys.service.apply.ApplyService]: AutowiredFieldElement for private com.sys.mapper.apply.ApplyMapper com.sys.service.apply.ApplyService.applyMapper
  2019-01-28 17:55:30,526 [main] DEBUG - Registered injected element on class [com.sys.service.apply.ApplyService]: AutowiredFieldElement for private com.sys.mapper.apply.ApplyFamilyMemberMapper com.sys.service.apply.ApplyService.applyFamilyMemberMapper
  2019-01-28 17:55:30,526 [main] DEBUG - Registered injected element on class [com.sys.service.apply.ApplyService]: AutowiredFieldElement for private com.sys.mapper.apply.ApplyFamilyHouseMapper com.sys.service.apply.ApplyService.applyFamilyHouseMapper
  2019-01-28 17:55:30,527 [main] DEBUG - Registered injected element on class [com.sys.service.apply.ApplyService]: AutowiredFieldElement for private org.activiti.engine.RuntimeService com.sys.service.apply.ApplyService.runtimeService
  2019-01-28 17:55:30,527 [main] DEBUG - Registered injected element on class [com.sys.service.apply.ApplyService]: AutowiredFieldElement for private com.sys.mapper.VolelearcDtlMapper com.sys.service.apply.ApplyService.volelearcDtlMapper
  2019-01-28 17:55:30,527 [main] DEBUG - Registered injected element on class [com.sys.service.apply.ApplyService]: AutowiredFieldElement for private com.sys.mapper.VolelearcMapper com.sys.service.apply.ApplyService.volelearcMapper
  2019-01-28 17:55:30,528 [main] DEBUG - Registered injected element on class [com.sys.service.apply.ApplyService]: AutowiredFieldElement for private com.sys.mapper.apply.ApplyUnitMapper com.sys.service.apply.ApplyService.applyUnitMapper
  2019-01-28 17:55:30,528 [main] DEBUG - Eagerly caching bean 'applyService' to allow for resolving potential circular references
  2019-01-28 17:55:30,528 [main] DEBUG - Processing injected element of bean 'applyService': AutowiredFieldElement for private com.sys.mapper.IMapper com.sys.service.BaseService.mapper
  2019-01-28 17:55:30,529 [main] DEBUG - Returning cached instance of singleton bean 'applyMapper'
  2019-01-28 17:55:30,530 [main] DEBUG - Autowiring by type from bean name 'applyService' to bean named 'applyMapper'
  2019-01-28 17:55:30,530 [main] DEBUG - Processing injected element of bean 'applyService': AutowiredFieldElement for private com.sys.service.ListNumberService com.sys.service.apply.ApplyService.listNumberService
  2019-01-28 17:55:30,530 [main] DEBUG - Returning cached instance of singleton bean 'listNumberService'
  2019-01-28 17:55:30,530 [main] DEBUG - Autowiring by type from bean name 'applyService' to bean named 'listNumberService'
  2019-01-28 17:55:30,531 [main] DEBUG - Processing injected element of bean 'applyService': AutowiredFieldElement for private com.sys.common.BatchUtil com.sys.service.apply.ApplyService.batchUtil
  2019-01-28 17:55:30,531 [main] DEBUG - Returning cached instance of singleton bean 'batchutil'
  2019-01-28 17:55:30,531 [main] DEBUG - Autowiring by type from bean name 'applyService' to bean named 'batchutil'
  2019-01-28 17:55:30,531 [main] DEBUG - Processing injected element of bean 'applyService': AutowiredFieldElement for private com.sys.mapper.apply.ApplyFamilyHouseChangeMapper com.sys.service.apply.ApplyService.applyFamilyHouseChangeMapper
  2019-01-28 17:55:30,532 [main] DEBUG - Returning cached instance of singleton bean 'applyFamilyHouseChangeMapper'
  2019-01-28 17:55:30,532 [main] DEBUG - Autowiring by type from bean name 'applyService' to bean named 'applyFamilyHouseChangeMapper'
  2019-01-28 17:55:30,532 [main] DEBUG - Processing injected element of bean 'applyService': AutowiredFieldElement for private com.sys.service.FlowService com.sys.service.apply.ApplyService.flowService
  2019-01-28 17:55:30,532 [main] DEBUG - Returning cached instance of singleton bean 'flowService'
  2019-01-28 17:55:30,533 [main] DEBUG - Autowiring by type from bean name 'applyService' to bean named 'flowService'
  2019-01-28 17:55:30,533 [main] DEBUG - Processing injected element of bean 'applyService': AutowiredFieldElement for private com.sys.mapper.apply.ApproveMapper com.sys.service.apply.ApplyService.approveMapper
  2019-01-28 17:55:30,533 [main] DEBUG - Returning cached instance of singleton bean 'approveMapper'
  2019-01-28 17:55:30,533 [main] DEBUG - Autowiring by type from bean name 'applyService' to bean named 'approveMapper'
  2019-01-28 17:55:30,534 [main] DEBUG - Processing injected element of bean 'applyService': AutowiredFieldElement for private com.sys.mapper.apply.ApplyMapper com.sys.service.apply.ApplyService.applyMapper
  2019-01-28 17:55:30,534 [main] DEBUG - Returning cached instance of singleton bean 'applyMapper'
  2019-01-28 17:55:30,534 [main] DEBUG - Autowiring by type from bean name 'applyService' to bean named 'applyMapper'
  2019-01-28 17:55:30,534 [main] DEBUG - Processing injected element of bean 'applyService': AutowiredFieldElement for private com.sys.mapper.apply.ApplyFamilyMemberMapper com.sys.service.apply.ApplyService.applyFamilyMemberMapper
  2019-01-28 17:55:30,535 [main] DEBUG - Returning cached instance of singleton bean 'applyFamilyMemberMapper'
  2019-01-28 17:55:30,535 [main] DEBUG - Autowiring by type from bean name 'applyService' to bean named 'applyFamilyMemberMapper'
  2019-01-28 17:55:30,535 [main] DEBUG - Processing injected element of bean 'applyService': AutowiredFieldElement for private com.sys.mapper.apply.ApplyFamilyHouseMapper com.sys.service.apply.ApplyService.applyFamilyHouseMapper
  2019-01-28 17:55:30,536 [main] DEBUG - Returning cached instance of singleton bean 'applyFamilyHouseMapper'
  2019-01-28 17:55:30,536 [main] DEBUG - Autowiring by type from bean name 'applyService' to bean named 'applyFamilyHouseMapper'
  2019-01-28 17:55:30,536 [main] DEBUG - Processing injected element of bean 'applyService': AutowiredFieldElement for private org.activiti.engine.RuntimeService com.sys.service.apply.ApplyService.runtimeService
  2019-01-28 17:55:30,536 [main] DEBUG - Returning cached instance of singleton bean 'runtimeService'
  2019-01-28 17:55:30,537 [main] DEBUG - Autowiring by type from bean name 'applyService' to bean named 'runtimeService'
  2019-01-28 17:55:30,538 [main] DEBUG - Processing injected element of bean 'applyService': AutowiredFieldElement for private com.sys.mapper.VolelearcDtlMapper com.sys.service.apply.ApplyService.volelearcDtlMapper
  2019-01-28 17:55:30,538 [main] DEBUG - Returning cached instance of singleton bean 'volelearcDtlMapper'
  2019-01-28 17:55:30,538 [main] DEBUG - Autowiring by type from bean name 'applyService' to bean named 'volelearcDtlMapper'
  2019-01-28 17:55:30,538 [main] DEBUG - Processing injected element of bean 'applyService': AutowiredFieldElement for private com.sys.mapper.VolelearcMapper com.sys.service.apply.ApplyService.volelearcMapper
  2019-01-28 17:55:30,539 [main] DEBUG - Returning cached instance of singleton bean 'volelearcMapper'
  2019-01-28 17:55:30,539 [main] DEBUG - Autowiring by type from bean name 'applyService' to bean named 'volelearcMapper'
  2019-01-28 17:55:30,539 [main] DEBUG - Processing injected element of bean 'applyService': AutowiredFieldElement for private com.sys.mapper.apply.ApplyUnitMapper com.sys.service.apply.ApplyService.applyUnitMapper
  2019-01-28 17:55:30,539 [main] DEBUG - Returning cached instance of singleton bean 'applyUnitMapper'
  2019-01-28 17:55:30,540 [main] DEBUG - Autowiring by type from bean name 'applyService' to bean named 'applyUnitMapper'
  2019-01-28 17:55:30,540 [main] DEBUG - Returning cached instance of singleton bean 'org.springframework.aop.support.DefaultBeanFactoryPointcutAdvisor#0'
  2019-01-28 17:55:30,540 [main] DEBUG - Returning cached instance of singleton bean 'org.springframework.cache.config.internalCacheAdvisor'
  2019-01-28 17:55:30,540 [main] DEBUG - Returning cached instance of singleton bean 'org.springframework.aop.support.DefaultBeanFactoryPointcutAdvisor#0'
  2019-01-28 17:55:30,541 [main] DEBUG - Returning cached instance of singleton bean 'org.springframework.cache.config.internalCacheAdvisor'
  2019-01-28 17:55:30,542 [main] DEBUG - Creating implicit proxy for bean 'applyService' with 0 common interceptors and 2 specific interceptors
  2019-01-28 17:55:30,542 [main] DEBUG - Creating CGLIB proxy: target source is SingletonTargetSource for target object [com.sys.service.apply.ApplyService@56a05324]
  2019-01-28 17:55:30,542 [main] DEBUG - Finished creating instance of bean 'applyService'
  2019-01-28 17:55:30,544 [main] DEBUG - Creating shared instance of singleton bean 'applyUnitService'
  2019-01-28 17:55:30,544 [main] DEBUG - Creating instance of bean 'applyUnitService'
  2019-01-28 17:55:30,544 [main] DEBUG - Returning cached instance of singleton bean 'org.springframework.aop.support.DefaultBeanFactoryPointcutAdvisor#0'
  2019-01-28 17:55:30,544 [main] DEBUG - Returning cached instance of singleton bean 'org.springframework.cache.config.internalCacheAdvisor'
  2019-01-28 17:55:30,545 [main] DEBUG - Registered injected element on class [com.sys.service.apply.ApplyUnitService]: AutowiredFieldElement for private com.sys.mapper.IMapper com.sys.service.BaseService.mapper
  2019-01-28 17:55:30,545 [main] DEBUG - Registered injected element on class [com.sys.service.apply.ApplyUnitService]: AutowiredFieldElement for private com.sys.mapper.apply.ApplyUnitMapper com.sys.service.apply.ApplyUnitService.applyUnitMapper
  2019-01-28 17:55:30,546 [main] DEBUG - Eagerly caching bean 'applyUnitService' to allow for resolving potential circular references
  2019-01-28 17:55:30,546 [main] DEBUG - Processing injected element of bean 'applyUnitService': AutowiredFieldElement for private com.sys.mapper.IMapper com.sys.service.BaseService.mapper
  2019-01-28 17:55:30,547 [main] DEBUG - Returning cached instance of singleton bean 'applyUnitMapper'
  2019-01-28 17:55:30,547 [main] DEBUG - Autowiring by type from bean name 'applyUnitService' to bean named 'applyUnitMapper'
  2019-01-28 17:55:30,548 [main] DEBUG - Processing injected element of bean 'applyUnitService': AutowiredFieldElement for private com.sys.mapper.apply.ApplyUnitMapper com.sys.service.apply.ApplyUnitService.applyUnitMapper
  2019-01-28 17:55:30,548 [main] DEBUG - Returning cached instance of singleton bean 'applyUnitMapper'
  2019-01-28 17:55:30,548 [main] DEBUG - Autowiring by type from bean name 'applyUnitService' to bean named 'applyUnitMapper'
  2019-01-28 17:55:30,549 [main] DEBUG - Returning cached instance of singleton bean 'org.springframework.aop.support.DefaultBeanFactoryPointcutAdvisor#0'
  2019-01-28 17:55:30,549 [main] DEBUG - Returning cached instance of singleton bean 'org.springframework.cache.config.internalCacheAdvisor'
  2019-01-28 17:55:30,549 [main] DEBUG - Returning cached instance of singleton bean 'org.springframework.aop.support.DefaultBeanFactoryPointcutAdvisor#0'
  2019-01-28 17:55:30,549 [main] DEBUG - Returning cached instance of singleton bean 'org.springframework.cache.config.internalCacheAdvisor'
  2019-01-28 17:55:30,550 [main] DEBUG - Creating implicit proxy for bean 'applyUnitService' with 0 common interceptors and 2 specific interceptors
  2019-01-28 17:55:30,550 [main] DEBUG - Creating CGLIB proxy: target source is SingletonTargetSource for target object [com.sys.service.apply.ApplyUnitService@222acad]
  2019-01-28 17:55:30,551 [main] DEBUG - Finished creating instance of bean 'applyUnitService'
  2019-01-28 17:55:30,551 [main] DEBUG - Creating shared instance of singleton bean 'applyUserInfoFormService'
  2019-01-28 17:55:30,552 [main] DEBUG - Creating instance of bean 'applyUserInfoFormService'
  2019-01-28 17:55:30,552 [main] DEBUG - Returning cached instance of singleton bean 'org.springframework.aop.support.DefaultBeanFactoryPointcutAdvisor#0'
  2019-01-28 17:55:30,552 [main] DEBUG - Returning cached instance of singleton bean 'org.springframework.cache.config.internalCacheAdvisor'
  2019-01-28 17:55:30,552 [main] DEBUG - Registered injected element on class [com.sys.service.apply.ApplyUserInfoFormService]: AutowiredFieldElement for private com.sys.mapper.ApplyUserInfoFormMapper com.sys.service.apply.ApplyUserInfoFormService.applyUserInfoFormMapper
  2019-01-28 17:55:30,553 [main] DEBUG - Registered injected element on class [com.sys.service.apply.ApplyUserInfoFormService]: AutowiredFieldElement for private com.sys.service.apply.ApplyUserInfoFormService com.sys.service.apply.ApplyUserInfoFormService.applyUserInfoFormService
  2019-01-28 17:55:30,553 [main] DEBUG - Eagerly caching bean 'applyUserInfoFormService' to allow for resolving potential circular references
  2019-01-28 17:55:30,553 [main] DEBUG - Processing injected element of bean 'applyUserInfoFormService': AutowiredFieldElement for private com.sys.mapper.ApplyUserInfoFormMapper com.sys.service.apply.ApplyUserInfoFormService.applyUserInfoFormMapper
  2019-01-28 17:55:30,554 [main] DEBUG - Creating shared instance of singleton bean 'applyUserInfoFormMapper'
  2019-01-28 17:55:30,555 [main] DEBUG - Creating instance of bean 'applyUserInfoFormMapper'
  2019-01-28 17:55:30,555 [main] DEBUG - Returning cached instance of singleton bean 'org.springframework.aop.support.DefaultBeanFactoryPointcutAdvisor#0'
  2019-01-28 17:55:30,555 [main] DEBUG - Returning cached instance of singleton bean 'org.springframework.cache.config.internalCacheAdvisor'
  2019-01-28 17:55:30,556 [main] DEBUG - Eagerly caching bean 'applyUserInfoFormMapper' to allow for resolving potential circular references
  2019-01-28 17:55:30,624 [main] DEBUG - Returning cached instance of singleton bean 'sqlSessionFactory'
  2019-01-28 17:55:30,625 [main] DEBUG - Invoking afterPropertiesSet() on bean with name 'applyUserInfoFormMapper'
  2019-01-28 17:55:30,625 [main] DEBUG - Returning cached instance of singleton bean 'org.springframework.aop.support.DefaultBeanFactoryPointcutAdvisor#0'
  2019-01-28 17:55:30,626 [main] DEBUG - Returning cached instance of singleton bean 'org.springframework.cache.config.internalCacheAdvisor'
  2019-01-28 17:55:30,626 [main] DEBUG - Returning cached instance of singleton bean 'org.springframework.aop.support.DefaultBeanFactoryPointcutAdvisor#0'
  2019-01-28 17:55:30,626 [main] DEBUG - Returning cached instance of singleton bean 'org.springframework.cache.config.internalCacheAdvisor'
  2019-01-28 17:55:30,627 [main] DEBUG - Finished creating instance of bean 'applyUserInfoFormMapper'
  2019-01-28 17:55:30,627 [main] DEBUG - Returning cached instance of singleton bean 'org.springframework.aop.support.DefaultBeanFactoryPointcutAdvisor#0'
  2019-01-28 17:55:30,627 [main] DEBUG - Returning cached instance of singleton bean 'org.springframework.cache.config.internalCacheAdvisor'
  2019-01-28 17:55:30,628 [main] DEBUG - Returning cached instance of singleton bean 'org.springframework.aop.support.DefaultBeanFactoryPointcutAdvisor#0'
  2019-01-28 17:55:30,628 [main] DEBUG - Returning cached instance of singleton bean 'org.springframework.cache.config.internalCacheAdvisor'
  2019-01-28 17:55:30,629 [main] DEBUG - Autowiring by type from bean name 'applyUserInfoFormService' to bean named 'applyUserInfoFormMapper'
  2019-01-28 17:55:30,630 [main] DEBUG - Processing injected element of bean 'applyUserInfoFormService': AutowiredFieldElement for private com.sys.service.apply.ApplyUserInfoFormService com.sys.service.apply.ApplyUserInfoFormService.applyUserInfoFormService
  2019-01-28 17:55:30,631 [main] DEBUG - Returning cached instance of singleton bean 'org.springframework.aop.support.DefaultBeanFactoryPointcutAdvisor#0'
  2019-01-28 17:55:30,631 [main] DEBUG - Returning cached instance of singleton bean 'org.springframework.cache.config.internalCacheAdvisor'
  2019-01-28 17:55:30,632 [main] DEBUG - Returning cached instance of singleton bean 'org.springframework.aop.support.DefaultBeanFactoryPointcutAdvisor#0'
  2019-01-28 17:55:30,632 [main] DEBUG - Returning cached instance of singleton bean 'org.springframework.cache.config.internalCacheAdvisor'
  2019-01-28 17:55:30,633 [main] DEBUG - Creating implicit proxy for bean 'applyUserInfoFormService' with 0 common interceptors and 2 specific interceptors
  2019-01-28 17:55:30,633 [main] DEBUG - Creating CGLIB proxy: target source is SingletonTargetSource for target object [com.sys.service.apply.ApplyUserInfoFormService@149aa7b2]
  2019-01-28 17:55:30,633 [main] DEBUG - Returning eagerly cached instance of singleton bean 'applyUserInfoFormService' that is not fully initialized yet - a consequence of a circular reference
  2019-01-28 17:55:30,634 [main] DEBUG - Autowiring by type from bean name 'applyUserInfoFormService' to bean named 'applyUserInfoFormService'
  2019-01-28 17:55:30,634 [main] DEBUG - Finished creating instance of bean 'applyUserInfoFormService'
  2019-01-28 17:55:30,634 [main] DEBUG - Creating shared instance of singleton bean 'approveRecordService'
  2019-01-28 17:55:30,634 [main] DEBUG - Creating instance of bean 'approveRecordService'
  2019-01-28 17:55:30,635 [main] DEBUG - Returning cached instance of singleton bean 'org.springframework.aop.support.DefaultBeanFactoryPointcutAdvisor#0'
  2019-01-28 17:55:30,635 [main] DEBUG - Returning cached instance of singleton bean 'org.springframework.cache.config.internalCacheAdvisor'
  2019-01-28 17:55:30,635 [main] DEBUG - Registered injected element on class [com.sys.service.apply.ApproveRecordService]: AutowiredFieldElement for private com.sys.mapper.apply.ApproveRecordMapper com.sys.service.apply.ApproveRecordService.approveRecordMapper
  2019-01-28 17:55:30,636 [main] DEBUG - Eagerly caching bean 'approveRecordService' to allow for resolving potential circular references
  2019-01-28 17:55:30,636 [main] DEBUG - Processing injected element of bean 'approveRecordService': AutowiredFieldElement for private com.sys.mapper.apply.ApproveRecordMapper com.sys.service.apply.ApproveRecordService.approveRecordMapper
  2019-01-28 17:55:30,638 [main] DEBUG - Creating shared instance of singleton bean 'approveRecordMapper'
  2019-01-28 17:55:30,638 [main] DEBUG - Creating instance of bean 'approveRecordMapper'
  2019-01-28 17:55:30,638 [main] DEBUG - Returning cached instance of singleton bean 'org.springframework.aop.support.DefaultBeanFactoryPointcutAdvisor#0'
  2019-01-28 17:55:30,638 [main] DEBUG - Returning cached instance of singleton bean 'org.springframework.cache.config.internalCacheAdvisor'
  2019-01-28 17:55:30,639 [main] DEBUG - Eagerly caching bean 'approveRecordMapper' to allow for resolving potential circular references
  2019-01-28 17:55:30,639 [main] DEBUG - Returning cached instance of singleton bean 'sqlSessionFactory'
  2019-01-28 17:55:30,640 [main] DEBUG - Invoking afterPropertiesSet() on bean with name 'approveRecordMapper'
  2019-01-28 17:55:30,640 [main] DEBUG - Returning cached instance of singleton bean 'org.springframework.aop.support.DefaultBeanFactoryPointcutAdvisor#0'
  2019-01-28 17:55:30,640 [main] DEBUG - Returning cached instance of singleton bean 'org.springframework.cache.config.internalCacheAdvisor'
  2019-01-28 17:55:30,641 [main] DEBUG - Returning cached instance of singleton bean 'org.springframework.aop.support.DefaultBeanFactoryPointcutAdvisor#0'
  2019-01-28 17:55:30,641 [main] DEBUG - Returning cached instance of singleton bean 'org.springframework.cache.config.internalCacheAdvisor'
  2019-01-28 17:55:30,641 [main] DEBUG - Finished creating instance of bean 'approveRecordMapper'
  2019-01-28 17:55:30,642 [main] DEBUG - Returning cached instance of singleton bean 'org.springframework.aop.support.DefaultBeanFactoryPointcutAdvisor#0'
  2019-01-28 17:55:30,642 [main] DEBUG - Returning cached instance of singleton bean 'org.springframework.cache.config.internalCacheAdvisor'
  2019-01-28 17:55:30,643 [main] DEBUG - Returning cached instance of singleton bean 'org.springframework.aop.support.DefaultBeanFactoryPointcutAdvisor#0'
  2019-01-28 17:55:30,643 [main] DEBUG - Returning cached instance of singleton bean 'org.springframework.cache.config.internalCacheAdvisor'
  2019-01-28 17:55:30,644 [main] DEBUG - Autowiring by type from bean name 'approveRecordService' to bean named 'approveRecordMapper'
  2019-01-28 17:55:30,645 [main] DEBUG - Returning cached instance of singleton bean 'org.springframework.aop.support.DefaultBeanFactoryPointcutAdvisor#0'
  2019-01-28 17:55:30,645 [main] DEBUG - Returning cached instance of singleton bean 'org.springframework.cache.config.internalCacheAdvisor'
  2019-01-28 17:55:30,646 [main] DEBUG - Returning cached instance of singleton bean 'org.springframework.aop.support.DefaultBeanFactoryPointcutAdvisor#0'
  2019-01-28 17:55:30,646 [main] DEBUG - Returning cached instance of singleton bean 'org.springframework.cache.config.internalCacheAdvisor'
  2019-01-28 17:55:30,646 [main] DEBUG - Creating implicit proxy for bean 'approveRecordService' with 0 common interceptors and 2 specific interceptors
  2019-01-28 17:55:30,647 [main] DEBUG - Creating CGLIB proxy: target source is SingletonTargetSource for target object [com.sys.service.apply.ApproveRecordService@2a99ca99]
  2019-01-28 17:55:30,647 [main] DEBUG - Finished creating instance of bean 'approveRecordService'
  2019-01-28 17:55:30,648 [main] DEBUG - Creating shared instance of singleton bean 'approveService'
  2019-01-28 17:55:30,648 [main] DEBUG - Creating instance of bean 'approveService'
  2019-01-28 17:55:30,648 [main] DEBUG - Returning cached instance of singleton bean 'org.springframework.aop.support.DefaultBeanFactoryPointcutAdvisor#0'
  2019-01-28 17:55:30,649 [main] DEBUG - Returning cached instance of singleton bean 'org.springframework.cache.config.internalCacheAdvisor'
  2019-01-28 17:55:30,649 [main] DEBUG - Registered injected element on class [com.sys.service.apply.ApproveService]: AutowiredFieldElement for private com.sys.mapper.IMapper com.sys.service.BaseService.mapper
  2019-01-28 17:55:30,649 [main] DEBUG - Registered injected element on class [com.sys.service.apply.ApproveService]: AutowiredFieldElement for com.sys.mapper.apply.ApproveMapper com.sys.service.apply.ApproveService.appoveMapper
  2019-01-28 17:55:30,650 [main] DEBUG - Registered injected element on class [com.sys.service.apply.ApproveService]: AutowiredFieldElement for private com.sys.service.common.MessageAndFormService com.sys.service.apply.ApproveService.messageAndFormService
  2019-01-28 17:55:30,650 [main] DEBUG - Registered injected element on class [com.sys.service.apply.ApproveService]: AutowiredFieldElement for private com.sys.service.MessageService com.sys.service.apply.ApproveService.messageService
  2019-01-28 17:55:30,650 [main] DEBUG - Registered injected element on class [com.sys.service.apply.ApproveService]: AutowiredFieldElement for private com.sys.mapper.apply.ApplyButieMapper com.sys.service.apply.ApproveService.applyButieMapper
  2019-01-28 17:55:30,650 [main] DEBUG - Registered injected element on class [com.sys.service.apply.ApproveService]: AutowiredFieldElement for private com.sys.mapper.apply.ApplyForgraDuateMapper com.sys.service.apply.ApproveService.applyForgraDuateMapper
  2019-01-28 17:55:30,650 [main] DEBUG - Registered injected element on class [com.sys.service.apply.ApproveService]: AutowiredFieldElement for private com.sys.mapper.apply.ApplyForForeignMapper com.sys.service.apply.ApproveService.applyForForeignMapper
  2019-01-28 17:55:30,651 [main] DEBUG - Registered injected element on class [com.sys.service.apply.ApproveService]: AutowiredFieldElement for private com.sys.mapper.apply.ApplyChangeMapper com.sys.service.apply.ApproveService.applyChangeMapper
  2019-01-28 17:55:30,651 [main] DEBUG - Registered injected element on class [com.sys.service.apply.ApproveService]: AutowiredFieldElement for private com.sys.service.schedule.ScheduleJobService com.sys.service.apply.ApproveService.scheduleJobService
  2019-01-28 17:55:30,651 [main] DEBUG - Registered injected element on class [com.sys.service.apply.ApproveService]: AutowiredFieldElement for private com.sys.mapper.ParmItemMapper com.sys.service.apply.ApproveService.parmItemMapper
  2019-01-28 17:55:30,651 [main] DEBUG - Registered injected element on class [com.sys.service.apply.ApproveService]: AutowiredFieldElement for private com.sys.mapper.apply.ApplyMapper com.sys.service.apply.ApproveService.applyMapper
  2019-01-28 17:55:30,652 [main] DEBUG - Registered injected element on class [com.sys.service.apply.ApproveService]: AutowiredFieldElement for private com.sys.service.lotnum.LotNumService com.sys.service.apply.ApproveService.lotNumService
  2019-01-28 17:55:30,652 [main] DEBUG - Eagerly caching bean 'approveService' to allow for resolving potential circular references
  2019-01-28 17:55:30,652 [main] DEBUG - Processing injected element of bean 'approveService': AutowiredFieldElement for private com.sys.mapper.IMapper com.sys.service.BaseService.mapper
  2019-01-28 17:55:30,653 [main] DEBUG - Returning cached instance of singleton bean 'approveMapper'
  2019-01-28 17:55:30,654 [main] DEBUG - Autowiring by type from bean name 'approveService' to bean named 'approveMapper'
  2019-01-28 17:55:30,654 [main] DEBUG - Processing injected element of bean 'approveService': AutowiredFieldElement for com.sys.mapper.apply.ApproveMapper com.sys.service.apply.ApproveService.appoveMapper
  2019-01-28 17:55:30,655 [main] DEBUG - Returning cached instance of singleton bean 'approveMapper'
  2019-01-28 17:55:30,655 [main] DEBUG - Autowiring by type from bean name 'approveService' to bean named 'approveMapper'
  2019-01-28 17:55:30,656 [main] DEBUG - Processing injected element of bean 'approveService': AutowiredFieldElement for private com.sys.service.common.MessageAndFormService com.sys.service.apply.ApproveService.messageAndFormService
  2019-01-28 17:55:30,657 [main] DEBUG - Creating shared instance of singleton bean 'messageAndFormService'
  2019-01-28 17:55:30,657 [main] DEBUG - Creating instance of bean 'messageAndFormService'
  2019-01-28 17:55:30,657 [main] DEBUG - Returning cached instance of singleton bean 'org.springframework.aop.support.DefaultBeanFactoryPointcutAdvisor#0'
  2019-01-28 17:55:30,658 [main] DEBUG - Returning cached instance of singleton bean 'org.springframework.cache.config.internalCacheAdvisor'
  2019-01-28 17:55:30,658 [main] DEBUG - Registered injected element on class [com.sys.service.common.MessageAndFormService]: AutowiredFieldElement for private com.sys.mapper.ApplyUserInfoFormMapper com.sys.service.common.MessageAndFormService.applyUserInfoFormMapper
  2019-01-28 17:55:30,658 [main] DEBUG - Eagerly caching bean 'messageAndFormService' to allow for resolving potential circular references
  2019-01-28 17:55:30,659 [main] DEBUG - Processing injected element of bean 'messageAndFormService': AutowiredFieldElement for private com.sys.mapper.ApplyUserInfoFormMapper com.sys.service.common.MessageAndFormService.applyUserInfoFormMapper
  2019-01-28 17:55:30,659 [main] DEBUG - Returning cached instance of singleton bean 'applyUserInfoFormMapper'
  2019-01-28 17:55:30,659 [main] DEBUG - Autowiring by type from bean name 'messageAndFormService' to bean named 'applyUserInfoFormMapper'
  2019-01-28 17:55:30,660 [main] DEBUG - Returning cached instance of singleton bean 'org.springframework.aop.support.DefaultBeanFactoryPointcutAdvisor#0'
  2019-01-28 17:55:30,660 [main] DEBUG - Returning cached instance of singleton bean 'org.springframework.cache.config.internalCacheAdvisor'
  2019-01-28 17:55:30,660 [main] DEBUG - Returning cached instance of singleton bean 'org.springframework.aop.support.DefaultBeanFactoryPointcutAdvisor#0'
  2019-01-28 17:55:30,661 [main] DEBUG - Returning cached instance of singleton bean 'org.springframework.cache.config.internalCacheAdvisor'
  2019-01-28 17:55:30,661 [main] DEBUG - Creating implicit proxy for bean 'messageAndFormService' with 0 common interceptors and 2 specific interceptors
  2019-01-28 17:55:30,662 [main] DEBUG - Creating CGLIB proxy: target source is SingletonTargetSource for target object [com.sys.service.common.MessageAndFormService@71c0b742]
  2019-01-28 17:55:30,662 [main] DEBUG - Finished creating instance of bean 'messageAndFormService'
  2019-01-28 17:55:30,662 [main] DEBUG - Autowiring by type from bean name 'approveService' to bean named 'messageAndFormService'
  2019-01-28 17:55:30,663 [main] DEBUG - Processing injected element of bean 'approveService': AutowiredFieldElement for private com.sys.service.MessageService com.sys.service.apply.ApproveService.messageService
  2019-01-28 17:55:30,664 [main] DEBUG - Creating shared instance of singleton bean 'messageService'
  2019-01-28 17:55:30,664 [main] DEBUG - Creating instance of bean 'messageService'
  2019-01-28 17:55:30,664 [main] DEBUG - Returning cached instance of singleton bean 'org.springframework.aop.support.DefaultBeanFactoryPointcutAdvisor#0'
  2019-01-28 17:55:30,664 [main] DEBUG - Returning cached instance of singleton bean 'org.springframework.cache.config.internalCacheAdvisor'
  2019-01-28 17:55:30,665 [main] DEBUG - Registered injected element on class [com.sys.service.MessageService]: AutowiredFieldElement for private com.sys.mapper.IMapper com.sys.service.BaseService.mapper
  2019-01-28 17:55:30,665 [main] DEBUG - Registered injected element on class [com.sys.service.MessageService]: AutowiredFieldElement for private com.sys.mapper.MessageMapper com.sys.service.MessageService.messageMapper
  2019-01-28 17:55:30,666 [main] DEBUG - Registered injected element on class [com.sys.service.MessageService]: AutowiredFieldElement for private com.sys.common.BatchUtil com.sys.service.MessageService.batchUtil
  2019-01-28 17:55:30,666 [main] DEBUG - Registered injected element on class [com.sys.service.MessageService]: AutowiredFieldElement for private com.sys.mapper.contract.ContractDetailMapper com.sys.service.MessageService.contractDetailMapper
  2019-01-28 17:55:30,666 [main] DEBUG - Registered injected element on class [com.sys.service.MessageService]: AutowiredFieldElement for private com.sys.mapper.apply.ApplyFamilyMemberMapper com.sys.service.MessageService.applyFamilyMemberMapper
  2019-01-28 17:55:30,666 [main] DEBUG - Eagerly caching bean 'messageService' to allow for resolving potential circular references
  2019-01-28 17:55:30,667 [main] DEBUG - Processing injected element of bean 'messageService': AutowiredFieldElement for private com.sys.mapper.IMapper com.sys.service.BaseService.mapper
  2019-01-28 17:55:30,668 [main] DEBUG - Creating shared instance of singleton bean 'messageMapper'
  2019-01-28 17:55:30,668 [main] DEBUG - Creating instance of bean 'messageMapper'
  2019-01-28 17:55:30,669 [main] DEBUG - Returning cached instance of singleton bean 'org.springframework.aop.support.DefaultBeanFactoryPointcutAdvisor#0'
  2019-01-28 17:55:30,669 [main] DEBUG - Returning cached instance of singleton bean 'org.springframework.cache.config.internalCacheAdvisor'
  2019-01-28 17:55:30,669 [main] DEBUG - Eagerly caching bean 'messageMapper' to allow for resolving potential circular references
  2019-01-28 17:55:30,670 [main] DEBUG - Returning cached instance of singleton bean 'sqlSessionFactory'
  2019-01-28 17:55:30,670 [main] DEBUG - Invoking afterPropertiesSet() on bean with name 'messageMapper'
  2019-01-28 17:55:30,671 [main] DEBUG - Returning cached instance of singleton bean 'org.springframework.aop.support.DefaultBeanFactoryPointcutAdvisor#0'
  2019-01-28 17:55:30,671 [main] DEBUG - Returning cached instance of singleton bean 'org.springframework.cache.config.internalCacheAdvisor'
  2019-01-28 17:55:30,671 [main] DEBUG - Returning cached instance of singleton bean 'org.springframework.aop.support.DefaultBeanFactoryPointcutAdvisor#0'
  2019-01-28 17:55:30,672 [main] DEBUG - Returning cached instance of singleton bean 'org.springframework.cache.config.internalCacheAdvisor'
  2019-01-28 17:55:30,672 [main] DEBUG - Finished creating instance of bean 'messageMapper'
  2019-01-28 17:55:30,673 [main] DEBUG - Returning cached instance of singleton bean 'org.springframework.aop.support.DefaultBeanFactoryPointcutAdvisor#0'
  2019-01-28 17:55:30,673 [main] DEBUG - Returning cached instance of singleton bean 'org.springframework.cache.config.internalCacheAdvisor'
  2019-01-28 17:55:30,673 [main] DEBUG - Returning cached instance of singleton bean 'org.springframework.aop.support.DefaultBeanFactoryPointcutAdvisor#0'
  2019-01-28 17:55:30,674 [main] DEBUG - Returning cached instance of singleton bean 'org.springframework.cache.config.internalCacheAdvisor'
  2019-01-28 17:55:30,675 [main] DEBUG - Autowiring by type from bean name 'messageService' to bean named 'messageMapper'
  2019-01-28 17:55:30,676 [main] DEBUG - Processing injected element of bean 'messageService': AutowiredFieldElement for private com.sys.mapper.MessageMapper com.sys.service.MessageService.messageMapper
  2019-01-28 17:55:30,677 [main] DEBUG - Returning cached instance of singleton bean 'messageMapper'
  2019-01-28 17:55:30,677 [main] DEBUG - Autowiring by type from bean name 'messageService' to bean named 'messageMapper'
  2019-01-28 17:55:30,677 [main] DEBUG - Processing injected element of bean 'messageService': AutowiredFieldElement for private com.sys.common.BatchUtil com.sys.service.MessageService.batchUtil
  2019-01-28 17:55:30,678 [main] DEBUG - Returning cached instance of singleton bean 'batchutil'
  2019-01-28 17:55:30,679 [main] DEBUG - Autowiring by type from bean name 'messageService' to bean named 'batchutil'
  2019-01-28 17:55:30,679 [main] DEBUG - Processing injected element of bean 'messageService': AutowiredFieldElement for private com.sys.mapper.contract.ContractDetailMapper com.sys.service.MessageService.contractDetailMapper
  2019-01-28 17:55:30,680 [main] DEBUG - Creating shared instance of singleton bean 'contractDetailMapper'
  2019-01-28 17:55:30,682 [main] DEBUG - Creating instance of bean 'contractDetailMapper'
  2019-01-28 17:55:30,682 [main] DEBUG - Returning cached instance of singleton bean 'org.springframework.aop.support.DefaultBeanFactoryPointcutAdvisor#0'
  2019-01-28 17:55:30,682 [main] DEBUG - Returning cached instance of singleton bean 'org.springframework.cache.config.internalCacheAdvisor'
  2019-01-28 17:55:30,683 [main] DEBUG - Eagerly caching bean 'contractDetailMapper' to allow for resolving potential circular references
  2019-01-28 17:55:30,683 [main] DEBUG - Returning cached instance of singleton bean 'sqlSessionFactory'
  2019-01-28 17:55:30,684 [main] DEBUG - Invoking afterPropertiesSet() on bean with name 'contractDetailMapper'
  2019-01-28 17:55:30,684 [main] DEBUG - Returning cached instance of singleton bean 'org.springframework.aop.support.DefaultBeanFactoryPointcutAdvisor#0'
  2019-01-28 17:55:30,684 [main] DEBUG - Returning cached instance of singleton bean 'org.springframework.cache.config.internalCacheAdvisor'
  2019-01-28 17:55:30,685 [main] DEBUG - Returning cached instance of singleton bean 'org.springframework.aop.support.DefaultBeanFactoryPointcutAdvisor#0'
  2019-01-28 17:55:30,685 [main] DEBUG - Returning cached instance of singleton bean 'org.springframework.cache.config.internalCacheAdvisor'
  2019-01-28 17:55:30,685 [main] DEBUG - Finished creating instance of bean 'contractDetailMapper'
  2019-01-28 17:55:30,686 [main] DEBUG - Returning cached instance of singleton bean 'org.springframework.aop.support.DefaultBeanFactoryPointcutAdvisor#0'
  2019-01-28 17:55:30,686 [main] DEBUG - Returning cached instance of singleton bean 'org.springframework.cache.config.internalCacheAdvisor'
  2019-01-28 17:55:30,686 [main] DEBUG - Returning cached instance of singleton bean 'org.springframework.aop.support.DefaultBeanFactoryPointcutAdvisor#0'
  2019-01-28 17:55:30,687 [main] DEBUG - Returning cached instance of singleton bean 'org.springframework.cache.config.internalCacheAdvisor'
  2019-01-28 17:55:30,688 [main] DEBUG - Autowiring by type from bean name 'messageService' to bean named 'contractDetailMapper'
  2019-01-28 17:55:30,689 [main] DEBUG - Processing injected element of bean 'messageService': AutowiredFieldElement for private com.sys.mapper.apply.ApplyFamilyMemberMapper com.sys.service.MessageService.applyFamilyMemberMapper
  2019-01-28 17:55:30,691 [main] DEBUG - Returning cached instance of singleton bean 'applyFamilyMemberMapper'
  2019-01-28 17:55:30,691 [main] DEBUG - Autowiring by type from bean name 'messageService' to bean named 'applyFamilyMemberMapper'
  2019-01-28 17:55:30,691 [main] DEBUG - Returning cached instance of singleton bean 'org.springframework.aop.support.DefaultBeanFactoryPointcutAdvisor#0'
  2019-01-28 17:55:30,692 [main] DEBUG - Returning cached instance of singleton bean 'org.springframework.cache.config.internalCacheAdvisor'
  2019-01-28 17:55:30,695 [main] DEBUG - Returning cached instance of singleton bean 'org.springframework.aop.support.DefaultBeanFactoryPointcutAdvisor#0'
  2019-01-28 17:55:30,696 [main] DEBUG - Returning cached instance of singleton bean 'org.springframework.cache.config.internalCacheAdvisor'
  2019-01-28 17:55:30,697 [main] DEBUG - Creating implicit proxy for bean 'messageService' with 0 common interceptors and 2 specific interceptors
  2019-01-28 17:55:30,697 [main] DEBUG - Creating CGLIB proxy: target source is SingletonTargetSource for target object [com.sys.service.MessageService@19ad75e5]
  2019-01-28 17:55:30,698 [main] DEBUG - Finished creating instance of bean 'messageService'
  2019-01-28 17:55:30,698 [main] DEBUG - Autowiring by type from bean name 'approveService' to bean named 'messageService'
  2019-01-28 17:55:30,698 [main] DEBUG - Processing injected element of bean 'approveService': AutowiredFieldElement for private com.sys.mapper.apply.ApplyButieMapper com.sys.service.apply.ApproveService.applyButieMapper
  2019-01-28 17:55:30,699 [main] DEBUG - Returning cached instance of singleton bean 'applyButieMapper'
  2019-01-28 17:55:30,699 [main] DEBUG - Autowiring by type from bean name 'approveService' to bean named 'applyButieMapper'
  2019-01-28 17:55:30,699 [main] DEBUG - Processing injected element of bean 'approveService': AutowiredFieldElement for private com.sys.mapper.apply.ApplyForgraDuateMapper com.sys.service.apply.ApproveService.applyForgraDuateMapper
  2019-01-28 17:55:30,699 [main] DEBUG - Returning cached instance of singleton bean 'applyForgraDuateMapper'
  2019-01-28 17:55:30,700 [main] DEBUG - Autowiring by type from bean name 'approveService' to bean named 'applyForgraDuateMapper'
  2019-01-28 17:55:30,700 [main] DEBUG - Processing injected element of bean 'approveService': AutowiredFieldElement for private com.sys.mapper.apply.ApplyForForeignMapper com.sys.service.apply.ApproveService.applyForForeignMapper
  2019-01-28 17:55:30,700 [main] DEBUG - Returning cached instance of singleton bean 'applyForForeignMapper'
  2019-01-28 17:55:30,701 [main] DEBUG - Autowiring by type from bean name 'approveService' to bean named 'applyForForeignMapper'
  2019-01-28 17:55:30,702 [main] DEBUG - Processing injected element of bean 'approveService': AutowiredFieldElement for private com.sys.mapper.apply.ApplyChangeMapper com.sys.service.apply.ApproveService.applyChangeMapper
  2019-01-28 17:55:30,702 [main] DEBUG - Returning cached instance of singleton bean 'applyChangeMapper'
  2019-01-28 17:55:30,702 [main] DEBUG - Autowiring by type from bean name 'approveService' to bean named 'applyChangeMapper'
  2019-01-28 17:55:30,702 [main] DEBUG - Processing injected element of bean 'approveService': AutowiredFieldElement for private com.sys.service.schedule.ScheduleJobService com.sys.service.apply.ApproveService.scheduleJobService
  2019-01-28 17:55:30,704 [main] DEBUG - Creating shared instance of singleton bean 'scheduleJobService'
  2019-01-28 17:55:30,704 [main] DEBUG - Creating instance of bean 'scheduleJobService'
  2019-01-28 17:55:30,704 [main] DEBUG - Returning cached instance of singleton bean 'org.springframework.aop.support.DefaultBeanFactoryPointcutAdvisor#0'
  2019-01-28 17:55:30,705 [main] DEBUG - Returning cached instance of singleton bean 'org.springframework.cache.config.internalCacheAdvisor'
  2019-01-28 17:55:30,706 [main] DEBUG - Registered injected element on class [com.sys.service.schedule.ScheduleJobService]: AutowiredFieldElement for private org.quartz.Scheduler com.sys.service.schedule.ScheduleJobService.scheduler
  2019-01-28 17:55:30,706 [main] DEBUG - Registered injected element on class [com.sys.service.schedule.ScheduleJobService]: AutowiredFieldElement for private com.sys.service.common.MessageAndFormService com.sys.service.schedule.ScheduleJobService.messageAndFormService
  2019-01-28 17:55:30,706 [main] DEBUG - Registered injected element on class [com.sys.service.schedule.ScheduleJobService]: AutowiredFieldElement for private com.sys.service.apply.ApproveService com.sys.service.schedule.ScheduleJobService.approveService
  2019-01-28 17:55:30,707 [main] DEBUG - Registered injected element on class [com.sys.service.schedule.ScheduleJobService]: AutowiredFieldElement for private com.sys.service.MessageService com.sys.service.schedule.ScheduleJobService.messageService
  2019-01-28 17:55:30,707 [main] DEBUG - Eagerly caching bean 'scheduleJobService' to allow for resolving potential circular references
  2019-01-28 17:55:30,707 [main] DEBUG - Processing injected element of bean 'scheduleJobService': AutowiredFieldElement for private org.quartz.Scheduler com.sys.service.schedule.ScheduleJobService.scheduler
  2019-01-28 17:55:30,708 [main] DEBUG - Returning cached instance of singleton bean 'org.springframework.scheduling.quartz.SchedulerFactoryBean#0'
  2019-01-28 17:55:30,709 [main] DEBUG - Returning cached instance of singleton bean 'org.springframework.aop.support.DefaultBeanFactoryPointcutAdvisor#0'
  2019-01-28 17:55:30,709 [main] DEBUG - Returning cached instance of singleton bean 'org.springframework.cache.config.internalCacheAdvisor'
  2019-01-28 17:55:30,715 [main] DEBUG - Returning cached instance of singleton bean 'org.springframework.aop.support.DefaultBeanFactoryPointcutAdvisor#0'
  2019-01-28 17:55:30,715 [main] DEBUG - Returning cached instance of singleton bean 'org.springframework.cache.config.internalCacheAdvisor'
  2019-01-28 17:55:30,719 [main] DEBUG - Autowiring by type from bean name 'scheduleJobService' to bean named 'org.springframework.scheduling.quartz.SchedulerFactoryBean#0'
  2019-01-28 17:55:30,720 [main] DEBUG - Processing injected element of bean 'scheduleJobService': AutowiredFieldElement for private com.sys.service.common.MessageAndFormService com.sys.service.schedule.ScheduleJobService.messageAndFormService
  2019-01-28 17:55:30,720 [main] DEBUG - Returning cached instance of singleton bean 'messageAndFormService'
  2019-01-28 17:55:30,720 [main] DEBUG - Autowiring by type from bean name 'scheduleJobService' to bean named 'messageAndFormService'
  2019-01-28 17:55:30,721 [main] DEBUG - Processing injected element of bean 'scheduleJobService': AutowiredFieldElement for private com.sys.service.apply.ApproveService com.sys.service.schedule.ScheduleJobService.approveService
  2019-01-28 17:55:30,722 [main] DEBUG - Returning cached instance of singleton bean 'org.springframework.aop.support.DefaultBeanFactoryPointcutAdvisor#0'
  2019-01-28 17:55:30,723 [main] DEBUG - Returning cached instance of singleton bean 'org.springframework.cache.config.internalCacheAdvisor'
  2019-01-28 17:55:30,723 [main] DEBUG - Returning cached instance of singleton bean 'org.springframework.aop.support.DefaultBeanFactoryPointcutAdvisor#0'
  2019-01-28 17:55:30,723 [main] DEBUG - Returning cached instance of singleton bean 'org.springframework.cache.config.internalCacheAdvisor'
  2019-01-28 17:55:30,726 [main] DEBUG - Creating implicit proxy for bean 'approveService' with 0 common interceptors and 2 specific interceptors
  2019-01-28 17:55:30,727 [main] DEBUG - Creating CGLIB proxy: target source is SingletonTargetSource for target object [com.sys.service.apply.ApproveService@1a2e563e]
  2019-01-28 17:55:30,727 [main] DEBUG - Returning eagerly cached instance of singleton bean 'approveService' that is not fully initialized yet - a consequence of a circular reference
  2019-01-28 17:55:30,727 [main] DEBUG - Autowiring by type from bean name 'scheduleJobService' to bean named 'approveService'
  2019-01-28 17:55:30,728 [main] DEBUG - Processing injected element of bean 'scheduleJobService': AutowiredFieldElement for private com.sys.service.MessageService com.sys.service.schedule.ScheduleJobService.messageService
  2019-01-28 17:55:30,728 [main] DEBUG - Returning cached instance of singleton bean 'messageService'
  2019-01-28 17:55:30,728 [main] DEBUG - Autowiring by type from bean name 'scheduleJobService' to bean named 'messageService'
  2019-01-28 17:55:30,729 [main] DEBUG - Returning cached instance of singleton bean 'org.springframework.aop.support.DefaultBeanFactoryPointcutAdvisor#0'
  2019-01-28 17:55:30,734 [main] DEBUG - Returning cached instance of singleton bean 'org.springframework.cache.config.internalCacheAdvisor'
  2019-01-28 17:55:30,734 [main] DEBUG - Returning cached instance of singleton bean 'org.springframework.aop.support.DefaultBeanFactoryPointcutAdvisor#0'
  2019-01-28 17:55:30,739 [main] DEBUG - Returning cached instance of singleton bean 'org.springframework.cache.config.internalCacheAdvisor'
  2019-01-28 17:55:30,740 [main] DEBUG - Creating implicit proxy for bean 'scheduleJobService' with 0 common interceptors and 2 specific interceptors
  2019-01-28 17:55:30,741 [main] DEBUG - Creating CGLIB proxy: target source is SingletonTargetSource for target object [com.sys.service.schedule.ScheduleJobService@62ea8931]
  2019-01-28 17:55:30,741 [main] DEBUG - Finished creating instance of bean 'scheduleJobService'
  2019-01-28 17:55:30,741 [main] DEBUG - Autowiring by type from bean name 'approveService' to bean named 'scheduleJobService'
  2019-01-28 17:55:30,742 [main] DEBUG - Processing injected element of bean 'approveService': AutowiredFieldElement for private com.sys.mapper.ParmItemMapper com.sys.service.apply.ApproveService.parmItemMapper
  2019-01-28 17:55:30,742 [main] DEBUG - Creating shared instance of singleton bean 'parmItemMapper'
  2019-01-28 17:55:30,744 [main] DEBUG - Creating instance of bean 'parmItemMapper'
  2019-01-28 17:55:30,745 [main] DEBUG - Returning cached instance of singleton bean 'org.springframework.aop.support.DefaultBeanFactoryPointcutAdvisor#0'
  2019-01-28 17:55:30,745 [main] DEBUG - Returning cached instance of singleton bean 'org.springframework.cache.config.internalCacheAdvisor'
  2019-01-28 17:55:30,746 [main] DEBUG - Eagerly caching bean 'parmItemMapper' to allow for resolving potential circular references
  2019-01-28 17:55:30,746 [main] DEBUG - Returning cached instance of singleton bean 'sqlSessionFactory'
  2019-01-28 17:55:30,747 [main] DEBUG - Invoking afterPropertiesSet() on bean with name 'parmItemMapper'
  2019-01-28 17:55:30,747 [main] DEBUG - Returning cached instance of singleton bean 'org.springframework.aop.support.DefaultBeanFactoryPointcutAdvisor#0'
  2019-01-28 17:55:30,748 [main] DEBUG - Returning cached instance of singleton bean 'org.springframework.cache.config.internalCacheAdvisor'
  2019-01-28 17:55:30,748 [main] DEBUG - Returning cached instance of singleton bean 'org.springframework.aop.support.DefaultBeanFactoryPointcutAdvisor#0'
  2019-01-28 17:55:30,748 [main] DEBUG - Returning cached instance of singleton bean 'org.springframework.cache.config.internalCacheAdvisor'
  2019-01-28 17:55:30,748 [main] DEBUG - Finished creating instance of bean 'parmItemMapper'
  2019-01-28 17:55:30,749 [main] DEBUG - Returning cached instance of singleton bean 'org.springframework.aop.support.DefaultBeanFactoryPointcutAdvisor#0'
  2019-01-28 17:55:30,749 [main] DEBUG - Returning cached instance of singleton bean 'org.springframework.cache.config.internalCacheAdvisor'
  2019-01-28 17:55:30,749 [main] DEBUG - Returning cached instance of singleton bean 'org.springframework.aop.support.DefaultBeanFactoryPointcutAdvisor#0'
  2019-01-28 17:55:30,749 [main] DEBUG - Returning cached instance of singleton bean 'org.springframework.cache.config.internalCacheAdvisor'
  2019-01-28 17:55:30,752 [main] DEBUG - Autowiring by type from bean name 'approveService' to bean named 'parmItemMapper'
  2019-01-28 17:55:30,752 [main] DEBUG - Processing injected element of bean 'approveService': AutowiredFieldElement for private com.sys.mapper.apply.ApplyMapper com.sys.service.apply.ApproveService.applyMapper
  2019-01-28 17:55:30,753 [main] DEBUG - Returning cached instance of singleton bean 'applyMapper'
  2019-01-28 17:55:30,753 [main] DEBUG - Autowiring by type from bean name 'approveService' to bean named 'applyMapper'
  2019-01-28 17:55:30,753 [main] DEBUG - Processing injected element of bean 'approveService': AutowiredFieldElement for private com.sys.service.lotnum.LotNumService com.sys.service.apply.ApproveService.lotNumService
  2019-01-28 17:55:30,754 [main] DEBUG - Creating shared instance of singleton bean 'lotNumService'
  2019-01-28 17:55:30,754 [main] DEBUG - Creating instance of bean 'lotNumService'
  2019-01-28 17:55:30,754 [main] DEBUG - Returning cached instance of singleton bean 'org.springframework.aop.support.DefaultBeanFactoryPointcutAdvisor#0'
  2019-01-28 17:55:30,755 [main] DEBUG - Returning cached instance of singleton bean 'org.springframework.cache.config.internalCacheAdvisor'
  2019-01-28 17:55:30,755 [main] DEBUG - Registered injected element on class [com.sys.service.lotnum.LotNumService]: AutowiredFieldElement for private com.sys.mapper.apply.ApplyMapper com.sys.service.lotnum.LotNumService.applyMapper
  2019-01-28 17:55:30,755 [main] DEBUG - Registered injected element on class [com.sys.service.lotnum.LotNumService]: AutowiredFieldElement for private com.sys.mapper.lotnum.LotNumMapper com.sys.service.lotnum.LotNumService.lotNumMapper
  2019-01-28 17:55:30,756 [main] DEBUG - Registered injected element on class [com.sys.service.lotnum.LotNumService]: AutowiredFieldElement for private com.sys.mapper.apply.ApproveMapper com.sys.service.lotnum.LotNumService.approveMapper
  2019-01-28 17:55:30,757 [main] DEBUG - Registered injected element on class [com.sys.service.lotnum.LotNumService]: AutowiredFieldElement for private com.sys.common.BatchUtil com.sys.service.lotnum.LotNumService.batchUtil
  2019-01-28 17:55:30,757 [main] DEBUG - Registered injected element on class [com.sys.service.lotnum.LotNumService]: AutowiredFieldElement for private com.sys.mapper.MessageMapper com.sys.service.lotnum.LotNumService.messageMapper
  2019-01-28 17:55:30,757 [main] DEBUG - Registered injected element on class [com.sys.service.lotnum.LotNumService]: AutowiredFieldElement for private com.sys.mapper.apply.ApplyChangeMapper com.sys.service.lotnum.LotNumService.applyChangeMapper
  2019-01-28 17:55:30,757 [main] DEBUG - Eagerly caching bean 'lotNumService' to allow for resolving potential circular references
  2019-01-28 17:55:30,758 [main] DEBUG - Processing injected element of bean 'lotNumService': AutowiredFieldElement for private com.sys.mapper.apply.ApplyMapper com.sys.service.lotnum.LotNumService.applyMapper
  2019-01-28 17:55:30,758 [main] DEBUG - Returning cached instance of singleton bean 'applyMapper'
  2019-01-28 17:55:30,759 [main] DEBUG - Autowiring by type from bean name 'lotNumService' to bean named 'applyMapper'
  2019-01-28 17:55:30,759 [main] DEBUG - Processing injected element of bean 'lotNumService': AutowiredFieldElement for private com.sys.mapper.lotnum.LotNumMapper com.sys.service.lotnum.LotNumService.lotNumMapper
  2019-01-28 17:55:30,762 [main] DEBUG - Creating shared instance of singleton bean 'lotNumMapper'
  2019-01-28 17:55:30,763 [main] DEBUG - Creating instance of bean 'lotNumMapper'
  2019-01-28 17:55:30,763 [main] DEBUG - Returning cached instance of singleton bean 'org.springframework.aop.support.DefaultBeanFactoryPointcutAdvisor#0'
  2019-01-28 17:55:30,764 [main] DEBUG - Returning cached instance of singleton bean 'org.springframework.cache.config.internalCacheAdvisor'
  2019-01-28 17:55:30,764 [main] DEBUG - Eagerly caching bean 'lotNumMapper' to allow for resolving potential circular references
  2019-01-28 17:55:30,765 [main] DEBUG - Returning cached instance of singleton bean 'sqlSessionFactory'
  2019-01-28 17:55:30,765 [main] DEBUG - Invoking afterPropertiesSet() on bean with name 'lotNumMapper'
  2019-01-28 17:55:30,766 [main] DEBUG - Returning cached instance of singleton bean 'org.springframework.aop.support.DefaultBeanFactoryPointcutAdvisor#0'
  2019-01-28 17:55:30,766 [main] DEBUG - Returning cached instance of singleton bean 'org.springframework.cache.config.internalCacheAdvisor'
  2019-01-28 17:55:30,766 [main] DEBUG - Returning cached instance of singleton bean 'org.springframework.aop.support.DefaultBeanFactoryPointcutAdvisor#0'
  2019-01-28 17:55:30,766 [main] DEBUG - Returning cached instance of singleton bean 'org.springframework.cache.config.internalCacheAdvisor'
  2019-01-28 17:55:30,767 [main] DEBUG - Finished creating instance of bean 'lotNumMapper'
  2019-01-28 17:55:30,767 [main] DEBUG - Returning cached instance of singleton bean 'org.springframework.aop.support.DefaultBeanFactoryPointcutAdvisor#0'
  2019-01-28 17:55:30,768 [main] DEBUG - Returning cached instance of singleton bean 'org.springframework.cache.config.internalCacheAdvisor'
  2019-01-28 17:55:30,768 [main] DEBUG - Returning cached instance of singleton bean 'org.springframework.aop.support.DefaultBeanFactoryPointcutAdvisor#0'
  2019-01-28 17:55:30,768 [main] DEBUG - Returning cached instance of singleton bean 'org.springframework.cache.config.internalCacheAdvisor'
  2019-01-28 17:55:30,770 [main] DEBUG - Autowiring by type from bean name 'lotNumService' to bean named 'lotNumMapper'
  2019-01-28 17:55:30,770 [main] DEBUG - Processing injected element of bean 'lotNumService': AutowiredFieldElement for private com.sys.mapper.apply.ApproveMapper com.sys.service.lotnum.LotNumService.approveMapper
  2019-01-28 17:55:30,771 [main] DEBUG - Returning cached instance of singleton bean 'approveMapper'
  2019-01-28 17:55:30,771 [main] DEBUG - Autowiring by type from bean name 'lotNumService' to bean named 'approveMapper'
  2019-01-28 17:55:30,771 [main] DEBUG - Processing injected element of bean 'lotNumService': AutowiredFieldElement for private com.sys.common.BatchUtil com.sys.service.lotnum.LotNumService.batchUtil
  2019-01-28 17:55:30,772 [main] DEBUG - Returning cached instance of singleton bean 'batchutil'
  2019-01-28 17:55:30,772 [main] DEBUG - Autowiring by type from bean name 'lotNumService' to bean named 'batchutil'
  2019-01-28 17:55:30,772 [main] DEBUG - Processing injected element of bean 'lotNumService': AutowiredFieldElement for private com.sys.mapper.MessageMapper com.sys.service.lotnum.LotNumService.messageMapper
  2019-01-28 17:55:30,772 [main] DEBUG - Returning cached instance of singleton bean 'messageMapper'
  2019-01-28 17:55:30,773 [main] DEBUG - Autowiring by type from bean name 'lotNumService' to bean named 'messageMapper'
  2019-01-28 17:55:30,773 [main] DEBUG - Processing injected element of bean 'lotNumService': AutowiredFieldElement for private com.sys.mapper.apply.ApplyChangeMapper com.sys.service.lotnum.LotNumService.applyChangeMapper
  2019-01-28 17:55:30,773 [main] DEBUG - Returning cached instance of singleton bean 'applyChangeMapper'
  2019-01-28 17:55:30,774 [main] DEBUG - Autowiring by type from bean name 'lotNumService' to bean named 'applyChangeMapper'
  2019-01-28 17:55:30,774 [main] DEBUG - Returning cached instance of singleton bean 'org.springframework.aop.support.DefaultBeanFactoryPointcutAdvisor#0'
  2019-01-28 17:55:30,774 [main] DEBUG - Returning cached instance of singleton bean 'org.springframework.cache.config.internalCacheAdvisor'
  2019-01-28 17:55:30,775 [main] DEBUG - Returning cached instance of singleton bean 'org.springframework.aop.support.DefaultBeanFactoryPointcutAdvisor#0'
  2019-01-28 17:55:30,775 [main] DEBUG - Returning cached instance of singleton bean 'org.springframework.cache.config.internalCacheAdvisor'
  2019-01-28 17:55:30,775 [main] DEBUG - Creating implicit proxy for bean 'lotNumService' with 0 common interceptors and 2 specific interceptors
  2019-01-28 17:55:30,776 [main] DEBUG - Creating CGLIB proxy: target source is SingletonTargetSource for target object [com.sys.service.lotnum.LotNumService@10ed037a]
  2019-01-28 17:55:30,776 [main] DEBUG - Finished creating instance of bean 'lotNumService'
  2019-01-28 17:55:30,776 [main] DEBUG - Autowiring by type from bean name 'approveService' to bean named 'lotNumService'
  2019-01-28 17:55:30,777 [main] DEBUG - Finished creating instance of bean 'approveService'
  2019-01-28 17:55:30,777 [main] DEBUG - Creating shared instance of singleton bean 'applyUserinfoService'
  2019-01-28 17:55:30,777 [main] DEBUG - Creating instance of bean 'applyUserinfoService'
  2019-01-28 17:55:30,777 [main] DEBUG - Returning cached instance of singleton bean 'org.springframework.aop.support.DefaultBeanFactoryPointcutAdvisor#0'
  2019-01-28 17:55:30,778 [main] DEBUG - Returning cached instance of singleton bean 'org.springframework.cache.config.internalCacheAdvisor'
  2019-01-28 17:55:30,778 [main] DEBUG - Registered injected element on class [com.sys.service.ApplyUserinfoService]: AutowiredFieldElement for private com.sys.mapper.IMapper com.sys.service.BaseService.mapper
  2019-01-28 17:55:30,778 [main] DEBUG - Registered injected element on class [com.sys.service.ApplyUserinfoService]: AutowiredFieldElement for com.sys.mapper.ApplyUserinfoMapper com.sys.service.ApplyUserinfoService.applyUserinfoMapper
  2019-01-28 17:55:30,779 [main] DEBUG - Registered injected element on class [com.sys.service.ApplyUserinfoService]: AutowiredFieldElement for com.sys.mapper.ParmItemMapper com.sys.service.ApplyUserinfoService.parmItemMapper
  2019-01-28 17:55:30,779 [main] DEBUG - Registered injected element on class [com.sys.service.ApplyUserinfoService]: AutowiredFieldElement for private com.sys.mapper.apply.ApplyFamilyMemberMapper com.sys.service.ApplyUserinfoService.applyFamilyMemberMapper
  2019-01-28 17:55:30,779 [main] DEBUG - Registered injected element on class [com.sys.service.ApplyUserinfoService]: AutowiredFieldElement for private com.sys.service.apply.ApproveService com.sys.service.ApplyUserinfoService.approveService
  2019-01-28 17:55:30,779 [main] DEBUG - Registered injected element on class [com.sys.service.ApplyUserinfoService]: AutowiredFieldElement for private com.sys.service.apply.ApplyFamilyMemberService com.sys.service.ApplyUserinfoService.applyFamilyMemberService
  2019-01-28 17:55:30,779 [main] DEBUG - Registered injected element on class [com.sys.service.ApplyUserinfoService]: AutowiredFieldElement for private com.sys.service.ParmItemService com.sys.service.ApplyUserinfoService.parmItemService
  2019-01-28 17:55:30,780 [main] DEBUG - Registered injected element on class [com.sys.service.ApplyUserinfoService]: AutowiredFieldElement for private com.sys.service.apply.ApplyService com.sys.service.ApplyUserinfoService.applyService
  2019-01-28 17:55:30,780 [main] DEBUG - Registered injected element on class [com.sys.service.ApplyUserinfoService]: AutowiredFieldElement for private org.activiti.engine.TaskService com.sys.service.ApplyUserinfoService.taskService
  2019-01-28 17:55:30,780 [main] DEBUG - Registered injected element on class [com.sys.service.ApplyUserinfoService]: AutowiredFieldElement for private org.activiti.engine.HistoryService com.sys.service.ApplyUserinfoService.historyService
  2019-01-28 17:55:30,781 [main] DEBUG - Registered injected element on class [com.sys.service.ApplyUserinfoService]: AutowiredFieldElement for private com.sys.service.apply.ApplyButieService com.sys.service.ApplyUserinfoService.applyButieService
  2019-01-28 17:55:30,781 [main] DEBUG - Registered injected element on class [com.sys.service.ApplyUserinfoService]: AutowiredFieldElement for private com.sys.service.apply.ApplyForForeignService com.sys.service.ApplyUserinfoService.applyForForeignService
  2019-01-28 17:55:30,781 [main] DEBUG - Registered injected element on class [com.sys.service.ApplyUserinfoService]: AutowiredFieldElement for private com.sys.service.apply.ApplyForgraDuateService com.sys.service.ApplyUserinfoService.applyForgraDuateService
  2019-01-28 17:55:30,781 [main] DEBUG - Registered injected element on class [com.sys.service.ApplyUserinfoService]: AutowiredFieldElement for private com.sys.service.apply.ApplyNsService com.sys.service.ApplyUserinfoService.applyNsService
  2019-01-28 17:55:30,781 [main] DEBUG - Eagerly caching bean 'applyUserinfoService' to allow for resolving potential circular references
  2019-01-28 17:55:30,782 [main] DEBUG - Processing injected element of bean 'applyUserinfoService': AutowiredFieldElement for private com.sys.mapper.IMapper com.sys.service.BaseService.mapper
  2019-01-28 17:55:30,783 [main] DEBUG - Creating shared instance of singleton bean 'applyUserinfoMapper'
  2019-01-28 17:55:30,783 [main] DEBUG - Creating instance of bean 'applyUserinfoMapper'
  2019-01-28 17:55:30,783 [main] DEBUG - Returning cached instance of singleton bean 'org.springframework.aop.support.DefaultBeanFactoryPointcutAdvisor#0'
  2019-01-28 17:55:30,784 [main] DEBUG - Returning cached instance of singleton bean 'org.springframework.cache.config.internalCacheAdvisor'
  2019-01-28 17:55:30,784 [main] DEBUG - Eagerly caching bean 'applyUserinfoMapper' to allow for resolving potential circular references
  2019-01-28 17:55:30,785 [main] DEBUG - Returning cached instance of singleton bean 'sqlSessionFactory'
  2019-01-28 17:55:30,786 [main] DEBUG - Invoking afterPropertiesSet() on bean with name 'applyUserinfoMapper'
  2019-01-28 17:55:30,786 [main] DEBUG - Returning cached instance of singleton bean 'org.springframework.aop.support.DefaultBeanFactoryPointcutAdvisor#0'
  2019-01-28 17:55:30,786 [main] DEBUG - Returning cached instance of singleton bean 'org.springframework.cache.config.internalCacheAdvisor'
  2019-01-28 17:55:30,787 [main] DEBUG - Returning cached instance of singleton bean 'org.springframework.aop.support.DefaultBeanFactoryPointcutAdvisor#0'
  2019-01-28 17:55:30,787 [main] DEBUG - Returning cached instance of singleton bean 'org.springframework.cache.config.internalCacheAdvisor'
  2019-01-28 17:55:30,787 [main] DEBUG - Finished creating instance of bean 'applyUserinfoMapper'
  2019-01-28 17:55:30,788 [main] DEBUG - Returning cached instance of singleton bean 'org.springframework.aop.support.DefaultBeanFactoryPointcutAdvisor#0'
  2019-01-28 17:55:30,788 [main] DEBUG - Returning cached instance of singleton bean 'org.springframework.cache.config.internalCacheAdvisor'
  2019-01-28 17:55:30,788 [main] DEBUG - Returning cached instance of singleton bean 'org.springframework.aop.support.DefaultBeanFactoryPointcutAdvisor#0'
  2019-01-28 17:55:30,789 [main] DEBUG - Returning cached instance of singleton bean 'org.springframework.cache.config.internalCacheAdvisor'
  2019-01-28 17:55:30,790 [main] DEBUG - Autowiring by type from bean name 'applyUserinfoService' to bean named 'applyUserinfoMapper'
  2019-01-28 17:55:30,790 [main] DEBUG - Processing injected element of bean 'applyUserinfoService': AutowiredFieldElement for com.sys.mapper.ApplyUserinfoMapper com.sys.service.ApplyUserinfoService.applyUserinfoMapper
  2019-01-28 17:55:30,791 [main] DEBUG - Returning cached instance of singleton bean 'applyUserinfoMapper'
  2019-01-28 17:55:30,792 [main] DEBUG - Autowiring by type from bean name 'applyUserinfoService' to bean named 'applyUserinfoMapper'
  2019-01-28 17:55:30,792 [main] DEBUG - Processing injected element of bean 'applyUserinfoService': AutowiredFieldElement for com.sys.mapper.ParmItemMapper com.sys.service.ApplyUserinfoService.parmItemMapper
  2019-01-28 17:55:30,792 [main] DEBUG - Returning cached instance of singleton bean 'parmItemMapper'
  2019-01-28 17:55:30,792 [main] DEBUG - Autowiring by type from bean name 'applyUserinfoService' to bean named 'parmItemMapper'
  2019-01-28 17:55:30,793 [main] DEBUG - Processing injected element of bean 'applyUserinfoService': AutowiredFieldElement for private com.sys.mapper.apply.ApplyFamilyMemberMapper com.sys.service.ApplyUserinfoService.applyFamilyMemberMapper
  2019-01-28 17:55:30,793 [main] DEBUG - Returning cached instance of singleton bean 'applyFamilyMemberMapper'
  2019-01-28 17:55:30,793 [main] DEBUG - Autowiring by type from bean name 'applyUserinfoService' to bean named 'applyFamilyMemberMapper'
  2019-01-28 17:55:30,793 [main] DEBUG - Processing injected element of bean 'applyUserinfoService': AutowiredFieldElement for private com.sys.service.apply.ApproveService com.sys.service.ApplyUserinfoService.approveService
  2019-01-28 17:55:30,794 [main] DEBUG - Returning cached instance of singleton bean 'approveService'
  2019-01-28 17:55:30,794 [main] DEBUG - Autowiring by type from bean name 'applyUserinfoService' to bean named 'approveService'
  2019-01-28 17:55:30,794 [main] DEBUG - Processing injected element of bean 'applyUserinfoService': AutowiredFieldElement for private com.sys.service.apply.ApplyFamilyMemberService com.sys.service.ApplyUserinfoService.applyFamilyMemberService
  2019-01-28 17:55:30,795 [main] DEBUG - Returning cached instance of singleton bean 'applyFamilyMemberService'
  2019-01-28 17:55:30,795 [main] DEBUG - Autowiring by type from bean name 'applyUserinfoService' to bean named 'applyFamilyMemberService'
  2019-01-28 17:55:30,796 [main] DEBUG - Processing injected element of bean 'applyUserinfoService': AutowiredFieldElement for private com.sys.service.ParmItemService com.sys.service.ApplyUserinfoService.parmItemService
  2019-01-28 17:55:30,799 [main] DEBUG - Creating shared instance of singleton bean 'parmItemService'
  2019-01-28 17:55:30,799 [main] DEBUG - Creating instance of bean 'parmItemService'
  2019-01-28 17:55:30,800 [main] DEBUG - Returning cached instance of singleton bean 'org.springframework.aop.support.DefaultBeanFactoryPointcutAdvisor#0'
  2019-01-28 17:55:30,801 [main] DEBUG - Returning cached instance of singleton bean 'org.springframework.cache.config.internalCacheAdvisor'
  2019-01-28 17:55:30,801 [main] DEBUG - Registered injected element on class [com.sys.service.ParmItemService]: AutowiredFieldElement for private com.sys.mapper.IMapper com.sys.service.BaseService.mapper
  2019-01-28 17:55:30,802 [main] DEBUG - Registered injected element on class [com.sys.service.ParmItemService]: AutowiredFieldElement for private com.sys.mapper.ParmItemMapper com.sys.service.ParmItemService.parmItemMapper
  2019-01-28 17:55:30,802 [main] DEBUG - Registered injected element on class [com.sys.service.ParmItemService]: AutowiredFieldElement for com.sys.mapper.ParmMapper com.sys.service.ParmItemService.parmMapper
  2019-01-28 17:55:30,802 [main] DEBUG - Eagerly caching bean 'parmItemService' to allow for resolving potential circular references
  2019-01-28 17:55:30,803 [main] DEBUG - Processing injected element of bean 'parmItemService': AutowiredFieldElement for private com.sys.mapper.IMapper com.sys.service.BaseService.mapper
  2019-01-28 17:55:30,803 [main] DEBUG - Returning cached instance of singleton bean 'parmItemMapper'
  2019-01-28 17:55:30,804 [main] DEBUG - Autowiring by type from bean name 'parmItemService' to bean named 'parmItemMapper'
  2019-01-28 17:55:30,804 [main] DEBUG - Processing injected element of bean 'parmItemService': AutowiredFieldElement for private com.sys.mapper.ParmItemMapper com.sys.service.ParmItemService.parmItemMapper
  2019-01-28 17:55:30,805 [main] DEBUG - Returning cached instance of singleton bean 'parmItemMapper'
  2019-01-28 17:55:30,805 [main] DEBUG - Autowiring by type from bean name 'parmItemService' to bean named 'parmItemMapper'
  2019-01-28 17:55:30,805 [main] DEBUG - Processing injected element of bean 'parmItemService': AutowiredFieldElement for com.sys.mapper.ParmMapper com.sys.service.ParmItemService.parmMapper
  2019-01-28 17:55:30,806 [main] DEBUG - Creating shared instance of singleton bean 'parmMapper'
  2019-01-28 17:55:30,807 [main] DEBUG - Creating instance of bean 'parmMapper'
  2019-01-28 17:55:30,807 [main] DEBUG - Returning cached instance of singleton bean 'org.springframework.aop.support.DefaultBeanFactoryPointcutAdvisor#0'
  2019-01-28 17:55:30,808 [main] DEBUG - Returning cached instance of singleton bean 'org.springframework.cache.config.internalCacheAdvisor'
  2019-01-28 17:55:30,809 [main] DEBUG - Eagerly caching bean 'parmMapper' to allow for resolving potential circular references
  2019-01-28 17:55:30,809 [main] DEBUG - Returning cached instance of singleton bean 'sqlSessionFactory'
  2019-01-28 17:55:30,810 [main] DEBUG - Invoking afterPropertiesSet() on bean with name 'parmMapper'
  2019-01-28 17:55:30,810 [main] DEBUG - Returning cached instance of singleton bean 'org.springframework.aop.support.DefaultBeanFactoryPointcutAdvisor#0'
  2019-01-28 17:55:30,811 [main] DEBUG - Returning cached instance of singleton bean 'org.springframework.cache.config.internalCacheAdvisor'
  2019-01-28 17:55:30,811 [main] DEBUG - Returning cached instance of singleton bean 'org.springframework.aop.support.DefaultBeanFactoryPointcutAdvisor#0'
  2019-01-28 17:55:30,811 [main] DEBUG - Returning cached instance of singleton bean 'org.springframework.cache.config.internalCacheAdvisor'
  2019-01-28 17:55:30,812 [main] DEBUG - Finished creating instance of bean 'parmMapper'
  2019-01-28 17:55:30,812 [main] DEBUG - Returning cached instance of singleton bean 'org.springframework.aop.support.DefaultBeanFactoryPointcutAdvisor#0'
  2019-01-28 17:55:30,813 [main] DEBUG - Returning cached instance of singleton bean 'org.springframework.cache.config.internalCacheAdvisor'
  2019-01-28 17:55:30,813 [main] DEBUG - Returning cached instance of singleton bean 'org.springframework.aop.support.DefaultBeanFactoryPointcutAdvisor#0'
  2019-01-28 17:55:30,813 [main] DEBUG - Returning cached instance of singleton bean 'org.springframework.cache.config.internalCacheAdvisor'
  2019-01-28 17:55:30,815 [main] DEBUG - Autowiring by type from bean name 'parmItemService' to bean named 'parmMapper'
  2019-01-28 17:55:30,815 [main] DEBUG - Returning cached instance of singleton bean 'org.springframework.aop.support.DefaultBeanFactoryPointcutAdvisor#0'
  2019-01-28 17:55:30,815 [main] DEBUG - Returning cached instance of singleton bean 'org.springframework.cache.config.internalCacheAdvisor'
  2019-01-28 17:55:30,816 [main] DEBUG - Returning cached instance of singleton bean 'org.springframework.aop.support.DefaultBeanFactoryPointcutAdvisor#0'
  2019-01-28 17:55:30,816 [main] DEBUG - Returning cached instance of singleton bean 'org.springframework.cache.config.internalCacheAdvisor'
  2019-01-28 17:55:30,818 [main] DEBUG - Creating implicit proxy for bean 'parmItemService' with 0 common interceptors and 2 specific interceptors
  2019-01-28 17:55:30,818 [main] DEBUG - Creating CGLIB proxy: target source is SingletonTargetSource for target object [com.sys.service.ParmItemService@53982523]
  2019-01-28 17:55:30,819 [main] DEBUG - Finished creating instance of bean 'parmItemService'
  2019-01-28 17:55:30,819 [main] DEBUG - Autowiring by type from bean name 'applyUserinfoService' to bean named 'parmItemService'
  2019-01-28 17:55:30,820 [main] DEBUG - Processing injected element of bean 'applyUserinfoService': AutowiredFieldElement for private com.sys.service.apply.ApplyService com.sys.service.ApplyUserinfoService.applyService
  2019-01-28 17:55:30,821 [main] DEBUG - Returning cached instance of singleton bean 'applyService'
  2019-01-28 17:55:30,821 [main] DEBUG - Autowiring by type from bean name 'applyUserinfoService' to bean named 'applyService'
  2019-01-28 17:55:30,821 [main] DEBUG - Processing injected element of bean 'applyUserinfoService': AutowiredFieldElement for private org.activiti.engine.TaskService com.sys.service.ApplyUserinfoService.taskService
  2019-01-28 17:55:30,821 [main] DEBUG - Returning cached instance of singleton bean 'taskService'
  2019-01-28 17:55:30,822 [main] DEBUG - Autowiring by type from bean name 'applyUserinfoService' to bean named 'taskService'
  2019-01-28 17:55:30,822 [main] DEBUG - Processing injected element of bean 'applyUserinfoService': AutowiredFieldElement for private org.activiti.engine.HistoryService com.sys.service.ApplyUserinfoService.historyService
  2019-01-28 17:55:30,822 [main] DEBUG - Returning cached instance of singleton bean 'historyService'
  2019-01-28 17:55:30,823 [main] DEBUG - Autowiring by type from bean name 'applyUserinfoService' to bean named 'historyService'
  2019-01-28 17:55:30,823 [main] DEBUG - Processing injected element of bean 'applyUserinfoService': AutowiredFieldElement for private com.sys.service.apply.ApplyButieService com.sys.service.ApplyUserinfoService.applyButieService
  2019-01-28 17:55:30,825 [main] DEBUG - Returning cached instance of singleton bean 'applyButieService'
  2019-01-28 17:55:30,825 [main] DEBUG - Autowiring by type from bean name 'applyUserinfoService' to bean named 'applyButieService'
  2019-01-28 17:55:30,826 [main] DEBUG - Processing injected element of bean 'applyUserinfoService': AutowiredFieldElement for private com.sys.service.apply.ApplyForForeignService com.sys.service.ApplyUserinfoService.applyForForeignService
  2019-01-28 17:55:30,828 [main] DEBUG - Returning cached instance of singleton bean 'applyForForeignService'
  2019-01-28 17:55:30,828 [main] DEBUG - Autowiring by type from bean name 'applyUserinfoService' to bean named 'applyForForeignService'
  2019-01-28 17:55:30,829 [main] DEBUG - Processing injected element of bean 'applyUserinfoService': AutowiredFieldElement for private com.sys.service.apply.ApplyForgraDuateService com.sys.service.ApplyUserinfoService.applyForgraDuateService
  2019-01-28 17:55:30,830 [main] DEBUG - Returning cached instance of singleton bean 'applyForgraDuateService'
  2019-01-28 17:55:30,830 [main] DEBUG - Autowiring by type from bean name 'applyUserinfoService' to bean named 'applyForgraDuateService'
  2019-01-28 17:55:30,830 [main] DEBUG - Processing injected element of bean 'applyUserinfoService': AutowiredFieldElement for private com.sys.service.apply.ApplyNsService com.sys.service.ApplyUserinfoService.applyNsService
  2019-01-28 17:55:30,831 [main] DEBUG - Returning cached instance of singleton bean 'applyNsService'
  2019-01-28 17:55:30,832 [main] DEBUG - Autowiring by type from bean name 'applyUserinfoService' to bean named 'applyNsService'
  2019-01-28 17:55:30,832 [main] DEBUG - Returning cached instance of singleton bean 'org.springframework.aop.support.DefaultBeanFactoryPointcutAdvisor#0'
  2019-01-28 17:55:30,832 [main] DEBUG - Returning cached instance of singleton bean 'org.springframework.cache.config.internalCacheAdvisor'
  2019-01-28 17:55:30,832 [main] DEBUG - Returning cached instance of singleton bean 'org.springframework.aop.support.DefaultBeanFactoryPointcutAdvisor#0'
  2019-01-28 17:55:30,833 [main] DEBUG - Returning cached instance of singleton bean 'org.springframework.cache.config.internalCacheAdvisor'
  2019-01-28 17:55:30,834 [main] DEBUG - Creating implicit proxy for bean 'applyUserinfoService' with 0 common interceptors and 2 specific interceptors
  2019-01-28 17:55:30,835 [main] DEBUG - Creating CGLIB proxy: target source is SingletonTargetSource for target object [com.sys.service.ApplyUserinfoService@77c66a4f]
  2019-01-28 17:55:30,835 [main] DEBUG - Finished creating instance of bean 'applyUserinfoService'
  2019-01-28 17:55:30,835 [main] DEBUG - Creating shared instance of singleton bean 'blgshService'
  2019-01-28 17:55:30,835 [main] DEBUG - Creating instance of bean 'blgshService'
  2019-01-28 17:55:30,836 [main] DEBUG - Returning cached instance of singleton bean 'org.springframework.aop.support.DefaultBeanFactoryPointcutAdvisor#0'
  2019-01-28 17:55:30,836 [main] DEBUG - Returning cached instance of singleton bean 'org.springframework.cache.config.internalCacheAdvisor'
  2019-01-28 17:55:30,836 [main] DEBUG - Registered injected element on class [com.sys.service.blags.BlgshService]: AutowiredFieldElement for private com.sys.mapper.IMapper com.sys.service.BaseService.mapper
  2019-01-28 17:55:30,836 [main] DEBUG - Registered injected element on class [com.sys.service.blags.BlgshService]: AutowiredFieldElement for private com.sys.mapper.blagsh.BlgshMapper com.sys.service.blags.BlgshService.blgshMapper
  2019-01-28 17:55:30,837 [main] DEBUG - Eagerly caching bean 'blgshService' to allow for resolving potential circular references
  2019-01-28 17:55:30,837 [main] DEBUG - Processing injected element of bean 'blgshService': AutowiredFieldElement for private com.sys.mapper.IMapper com.sys.service.BaseService.mapper
  2019-01-28 17:55:30,838 [main] DEBUG - Creating shared instance of singleton bean 'blgshMapper'
  2019-01-28 17:55:30,838 [main] DEBUG - Creating instance of bean 'blgshMapper'
  2019-01-28 17:55:30,838 [main] DEBUG - Returning cached instance of singleton bean 'org.springframework.aop.support.DefaultBeanFactoryPointcutAdvisor#0'
  2019-01-28 17:55:30,838 [main] DEBUG - Returning cached instance of singleton bean 'org.springframework.cache.config.internalCacheAdvisor'
  2019-01-28 17:55:30,838 [main] DEBUG - Eagerly caching bean 'blgshMapper' to allow for resolving potential circular references
  2019-01-28 17:55:30,839 [main] DEBUG - Returning cached instance of singleton bean 'sqlSessionFactory'
  2019-01-28 17:55:30,839 [main] DEBUG - Invoking afterPropertiesSet() on bean with name 'blgshMapper'
  2019-01-28 17:55:30,839 [main] DEBUG - Returning cached instance of singleton bean 'org.springframework.aop.support.DefaultBeanFactoryPointcutAdvisor#0'
  2019-01-28 17:55:30,840 [main] DEBUG - Returning cached instance of singleton bean 'org.springframework.cache.config.internalCacheAdvisor'
  2019-01-28 17:55:30,840 [main] DEBUG - Returning cached instance of singleton bean 'org.springframework.aop.support.DefaultBeanFactoryPointcutAdvisor#0'
  2019-01-28 17:55:30,840 [main] DEBUG - Returning cached instance of singleton bean 'org.springframework.cache.config.internalCacheAdvisor'
  2019-01-28 17:55:30,841 [main] DEBUG - Finished creating instance of bean 'blgshMapper'
  2019-01-28 17:55:30,841 [main] DEBUG - Returning cached instance of singleton bean 'org.springframework.aop.support.DefaultBeanFactoryPointcutAdvisor#0'
  2019-01-28 17:55:30,841 [main] DEBUG - Returning cached instance of singleton bean 'org.springframework.cache.config.internalCacheAdvisor'
  2019-01-28 17:55:30,842 [main] DEBUG - Returning cached instance of singleton bean 'org.springframework.aop.support.DefaultBeanFactoryPointcutAdvisor#0'
  2019-01-28 17:55:30,842 [main] DEBUG - Returning cached instance of singleton bean 'org.springframework.cache.config.internalCacheAdvisor'
  2019-01-28 17:55:30,843 [main] DEBUG - Autowiring by type from bean name 'blgshService' to bean named 'blgshMapper'
  2019-01-28 17:55:30,843 [main] DEBUG - Processing injected element of bean 'blgshService': AutowiredFieldElement for private com.sys.mapper.blagsh.BlgshMapper com.sys.service.blags.BlgshService.blgshMapper
  2019-01-28 17:55:30,844 [main] DEBUG - Returning cached instance of singleton bean 'blgshMapper'
  2019-01-28 17:55:30,845 [main] DEBUG - Autowiring by type from bean name 'blgshService' to bean named 'blgshMapper'
  2019-01-28 17:55:30,845 [main] DEBUG - Returning cached instance of singleton bean 'org.springframework.aop.support.DefaultBeanFactoryPointcutAdvisor#0'
  2019-01-28 17:55:30,846 [main] DEBUG - Returning cached instance of singleton bean 'org.springframework.cache.config.internalCacheAdvisor'
  2019-01-28 17:55:30,846 [main] DEBUG - Returning cached instance of singleton bean 'org.springframework.aop.support.DefaultBeanFactoryPointcutAdvisor#0'
  2019-01-28 17:55:30,846 [main] DEBUG - Returning cached instance of singleton bean 'org.springframework.cache.config.internalCacheAdvisor'
  2019-01-28 17:55:30,848 [main] DEBUG - Creating implicit proxy for bean 'blgshService' with 0 common interceptors and 2 specific interceptors
  2019-01-28 17:55:30,848 [main] DEBUG - Creating CGLIB proxy: target source is SingletonTargetSource for target object [com.sys.service.blags.BlgshService@1be52861]
  2019-01-28 17:55:30,848 [main] DEBUG - Finished creating instance of bean 'blgshService'
  2019-01-28 17:55:30,849 [main] DEBUG - Creating shared instance of singleton bean 'bliveGongSService'
  2019-01-28 17:55:30,849 [main] DEBUG - Creating instance of bean 'bliveGongSService'
  2019-01-28 17:55:30,849 [main] DEBUG - Returning cached instance of singleton bean 'org.springframework.aop.support.DefaultBeanFactoryPointcutAdvisor#0'
  2019-01-28 17:55:30,849 [main] DEBUG - Returning cached instance of singleton bean 'org.springframework.cache.config.internalCacheAdvisor'
  2019-01-28 17:55:30,850 [main] DEBUG - Registered injected element on class [com.sys.service.blags.BliveGongSService]: AutowiredFieldElement for private com.sys.mapper.IMapper com.sys.service.BaseService.mapper
  2019-01-28 17:55:30,850 [main] DEBUG - Registered injected element on class [com.sys.service.blags.BliveGongSService]: AutowiredFieldElement for private com.sys.mapper.blagsh.BliveGongSMapper com.sys.service.blags.BliveGongSService.bliveGongSMapper
  2019-01-28 17:55:30,850 [main] DEBUG - Registered injected element on class [com.sys.service.blags.BliveGongSService]: AutowiredFieldElement for private com.sys.service.apply.ApplyFamilyMemberService com.sys.service.blags.BliveGongSService.applyFamilyMemberService
  2019-01-28 17:55:30,850 [main] DEBUG - Registered injected element on class [com.sys.service.blags.BliveGongSService]: AutowiredFieldElement for private com.sys.service.apply.ApplyUnitService com.sys.service.blags.BliveGongSService.applyUnitService
  2019-01-28 17:55:30,850 [main] DEBUG - Registered injected element on class [com.sys.service.blags.BliveGongSService]: AutowiredFieldElement for private org.activiti.engine.RuntimeService com.sys.service.blags.BliveGongSService.runtimeService
  2019-01-28 17:55:30,851 [main] DEBUG - Registered injected element on class [com.sys.service.blags.BliveGongSService]: AutowiredFieldElement for private com.sys.service.ApplyUserinfoService com.sys.service.blags.BliveGongSService.applyUserinfoService
  2019-01-28 17:55:30,851 [main] DEBUG - Registered injected element on class [com.sys.service.blags.BliveGongSService]: AutowiredFieldElement for private com.sys.service.FlowService com.sys.service.blags.BliveGongSService.flowService
  2019-01-28 17:55:30,851 [main] DEBUG - Registered injected element on class [com.sys.service.blags.BliveGongSService]: AutowiredFieldElement for private com.sys.mapper.blagsh.BlgshMapper com.sys.service.blags.BliveGongSService.blgshService
  2019-01-28 17:55:30,851 [main] DEBUG - Registered injected element on class [com.sys.service.blags.BliveGongSService]: AutowiredFieldElement for private org.activiti.engine.TaskService com.sys.service.blags.BliveGongSService.taskService
  2019-01-28 17:55:30,852 [main] DEBUG - Registered injected element on class [com.sys.service.blags.BliveGongSService]: AutowiredFieldElement for private com.sys.mapper.AnnexFileMapper com.sys.service.blags.BliveGongSService.annexFileMapper
  2019-01-28 17:55:30,852 [main] DEBUG - Registered injected element on class [com.sys.service.blags.BliveGongSService]: AutowiredFieldElement for private com.sys.service.home.ColumnInfoService com.sys.service.blags.BliveGongSService.columnInfoService
  2019-01-28 17:55:30,852 [main] DEBUG - Registered injected element on class [com.sys.service.blags.BliveGongSService]: AutowiredFieldElement for private com.sys.service.UserInfoService com.sys.service.blags.BliveGongSService.userInfoService
  2019-01-28 17:55:30,852 [main] DEBUG - Registered injected element on class [com.sys.service.blags.BliveGongSService]: AutowiredFieldElement for private com.sys.service.home.ArticleInfoService com.sys.service.blags.BliveGongSService.articleInfoService
  2019-01-28 17:55:30,852 [main] DEBUG - Registered injected element on class [com.sys.service.blags.BliveGongSService]: AutowiredFieldElement for private com.sys.mapper.apply.ApproveMapper com.sys.service.blags.BliveGongSService.approveMapper
  2019-01-28 17:55:30,853 [main] DEBUG - Registered injected element on class [com.sys.service.blags.BliveGongSService]: AutowiredFieldElement for private com.sys.mapper.apply.ApplyNsMapper com.sys.service.blags.BliveGongSService.applyNsMapper
  2019-01-28 17:55:30,853 [main] DEBUG - Registered injected element on class [com.sys.service.blags.BliveGongSService]: AutowiredFieldElement for private com.sys.mapper.apply.ApplyMapper com.sys.service.blags.BliveGongSService.applyMapper
  2019-01-28 17:55:30,853 [main] DEBUG - Registered injected element on class [com.sys.service.blags.BliveGongSService]: AutowiredFieldElement for private com.sys.mapper.apply.ApplyButieMapper com.sys.service.blags.BliveGongSService.applyButieMapper
  2019-01-28 17:55:30,853 [main] DEBUG - Registered injected element on class [com.sys.service.blags.BliveGongSService]: AutowiredFieldElement for private com.sys.mapper.apply.ApplyForgraDuateMapper com.sys.service.blags.BliveGongSService.applyForgraDuateMapper
  2019-01-28 17:55:30,854 [main] DEBUG - Registered injected element on class [com.sys.service.blags.BliveGongSService]: AutowiredFieldElement for private com.sys.mapper.apply.ApplyForForeignMapper com.sys.service.blags.BliveGongSService.applyForForeignMapper
  2019-01-28 17:55:30,854 [main] DEBUG - Registered injected element on class [com.sys.service.blags.BliveGongSService]: AutowiredFieldElement for private com.sys.mapper.blagsh.BliveGongsDetailMapper com.sys.service.blags.BliveGongSService.bliveGongsDetailMapper
  2019-01-28 17:55:30,854 [main] DEBUG - Registered injected element on class [com.sys.service.blags.BliveGongSService]: AutowiredFieldElement for private com.sys.mapper.apply.ApplyUnitMapper com.sys.service.blags.BliveGongSService.applyUnitMapper
  2019-01-28 17:55:30,854 [main] DEBUG - Registered injected element on class [com.sys.service.blags.BliveGongSService]: AutowiredFieldElement for private com.sys.service.serialnum.SerialNumService com.sys.service.blags.BliveGongSService.serialNumService
  2019-01-28 17:55:30,854 [main] DEBUG - Eagerly caching bean 'bliveGongSService' to allow for resolving potential circular references
  2019-01-28 17:55:30,855 [main] DEBUG - Processing injected element of bean 'bliveGongSService': AutowiredFieldElement for private com.sys.mapper.IMapper com.sys.service.BaseService.mapper
  2019-01-28 17:55:30,857 [main] DEBUG - Creating shared instance of singleton bean 'bliveGongSMapper'
  2019-01-28 17:55:30,857 [main] DEBUG - Creating instance of bean 'bliveGongSMapper'
  2019-01-28 17:55:30,857 [main] DEBUG - Returning cached instance of singleton bean 'org.springframework.aop.support.DefaultBeanFactoryPointcutAdvisor#0'
  2019-01-28 17:55:30,858 [main] DEBUG - Returning cached instance of singleton bean 'org.springframework.cache.config.internalCacheAdvisor'
  2019-01-28 17:55:30,858 [main] DEBUG - Eagerly caching bean 'bliveGongSMapper' to allow for resolving potential circular references
  2019-01-28 17:55:30,858 [main] DEBUG - Returning cached instance of singleton bean 'sqlSessionFactory'
  2019-01-28 17:55:30,859 [main] DEBUG - Invoking afterPropertiesSet() on bean with name 'bliveGongSMapper'
  2019-01-28 17:55:30,859 [main] DEBUG - Returning cached instance of singleton bean 'org.springframework.aop.support.DefaultBeanFactoryPointcutAdvisor#0'
  2019-01-28 17:55:30,859 [main] DEBUG - Returning cached instance of singleton bean 'org.springframework.cache.config.internalCacheAdvisor'
  2019-01-28 17:55:30,860 [main] DEBUG - Returning cached instance of singleton bean 'org.springframework.aop.support.DefaultBeanFactoryPointcutAdvisor#0'
  2019-01-28 17:55:30,860 [main] DEBUG - Returning cached instance of singleton bean 'org.springframework.cache.config.internalCacheAdvisor'
  2019-01-28 17:55:30,860 [main] DEBUG - Finished creating instance of bean 'bliveGongSMapper'
  2019-01-28 17:55:30,861 [main] DEBUG - Returning cached instance of singleton bean 'org.springframework.aop.support.DefaultBeanFactoryPointcutAdvisor#0'
  2019-01-28 17:55:30,861 [main] DEBUG - Returning cached instance of singleton bean 'org.springframework.cache.config.internalCacheAdvisor'
  2019-01-28 17:55:30,862 [main] DEBUG - Returning cached instance of singleton bean 'org.springframework.aop.support.DefaultBeanFactoryPointcutAdvisor#0'
  2019-01-28 17:55:30,862 [main] DEBUG - Returning cached instance of singleton bean 'org.springframework.cache.config.internalCacheAdvisor'
  2019-01-28 17:55:30,864 [main] DEBUG - Autowiring by type from bean name 'bliveGongSService' to bean named 'bliveGongSMapper'
  2019-01-28 17:55:30,864 [main] DEBUG - Processing injected element of bean 'bliveGongSService': AutowiredFieldElement for private com.sys.mapper.blagsh.BliveGongSMapper com.sys.service.blags.BliveGongSService.bliveGongSMapper
  2019-01-28 17:55:30,865 [main] DEBUG - Returning cached instance of singleton bean 'bliveGongSMapper'
  2019-01-28 17:55:30,866 [main] DEBUG - Autowiring by type from bean name 'bliveGongSService' to bean named 'bliveGongSMapper'
  2019-01-28 17:55:30,866 [main] DEBUG - Processing injected element of bean 'bliveGongSService': AutowiredFieldElement for private com.sys.service.apply.ApplyFamilyMemberService com.sys.service.blags.BliveGongSService.applyFamilyMemberService
  2019-01-28 17:55:30,866 [main] DEBUG - Returning cached instance of singleton bean 'applyFamilyMemberService'
  2019-01-28 17:55:30,866 [main] DEBUG - Autowiring by type from bean name 'bliveGongSService' to bean named 'applyFamilyMemberService'
  2019-01-28 17:55:30,867 [main] DEBUG - Processing injected element of bean 'bliveGongSService': AutowiredFieldElement for private com.sys.service.apply.ApplyUnitService com.sys.service.blags.BliveGongSService.applyUnitService
  2019-01-28 17:55:30,867 [main] DEBUG - Returning cached instance of singleton bean 'applyUnitService'
  2019-01-28 17:55:30,868 [main] DEBUG - Autowiring by type from bean name 'bliveGongSService' to bean named 'applyUnitService'
  2019-01-28 17:55:30,868 [main] DEBUG - Processing injected element of bean 'bliveGongSService': AutowiredFieldElement for private org.activiti.engine.RuntimeService com.sys.service.blags.BliveGongSService.runtimeService
  2019-01-28 17:55:30,868 [main] DEBUG - Returning cached instance of singleton bean 'runtimeService'
  2019-01-28 17:55:30,869 [main] DEBUG - Autowiring by type from bean name 'bliveGongSService' to bean named 'runtimeService'
  2019-01-28 17:55:30,869 [main] DEBUG - Processing injected element of bean 'bliveGongSService': AutowiredFieldElement for private com.sys.service.ApplyUserinfoService com.sys.service.blags.BliveGongSService.applyUserinfoService
  2019-01-28 17:55:30,870 [main] DEBUG - Returning cached instance of singleton bean 'applyUserinfoService'
  2019-01-28 17:55:30,870 [main] DEBUG - Autowiring by type from bean name 'bliveGongSService' to bean named 'applyUserinfoService'
  2019-01-28 17:55:30,870 [main] DEBUG - Processing injected element of bean 'bliveGongSService': AutowiredFieldElement for private com.sys.service.FlowService com.sys.service.blags.BliveGongSService.flowService
  2019-01-28 17:55:30,870 [main] DEBUG - Returning cached instance of singleton bean 'flowService'
  2019-01-28 17:55:30,871 [main] DEBUG - Autowiring by type from bean name 'bliveGongSService' to bean named 'flowService'
  2019-01-28 17:55:30,871 [main] DEBUG - Processing injected element of bean 'bliveGongSService': AutowiredFieldElement for private com.sys.mapper.blagsh.BlgshMapper com.sys.service.blags.BliveGongSService.blgshService
  2019-01-28 17:55:30,871 [main] DEBUG - Returning cached instance of singleton bean 'blgshMapper'
  2019-01-28 17:55:30,872 [main] DEBUG - Autowiring by type from bean name 'bliveGongSService' to bean named 'blgshMapper'
  2019-01-28 17:55:30,872 [main] DEBUG - Processing injected element of bean 'bliveGongSService': AutowiredFieldElement for private org.activiti.engine.TaskService com.sys.service.blags.BliveGongSService.taskService
  2019-01-28 17:55:30,872 [main] DEBUG - Returning cached instance of singleton bean 'taskService'
  2019-01-28 17:55:30,872 [main] DEBUG - Autowiring by type from bean name 'bliveGongSService' to bean named 'taskService'
  2019-01-28 17:55:30,872 [main] DEBUG - Processing injected element of bean 'bliveGongSService': AutowiredFieldElement for private com.sys.mapper.AnnexFileMapper com.sys.service.blags.BliveGongSService.annexFileMapper
  2019-01-28 17:55:30,873 [main] DEBUG - Returning cached instance of singleton bean 'annexFileMapper'
  2019-01-28 17:55:30,873 [main] DEBUG - Autowiring by type from bean name 'bliveGongSService' to bean named 'annexFileMapper'
  2019-01-28 17:55:30,873 [main] DEBUG - Processing injected element of bean 'bliveGongSService': AutowiredFieldElement for private com.sys.service.home.ColumnInfoService com.sys.service.blags.BliveGongSService.columnInfoService
  2019-01-28 17:55:30,875 [main] DEBUG - Creating shared instance of singleton bean 'columnInfoService'
  2019-01-28 17:55:30,875 [main] DEBUG - Creating instance of bean 'columnInfoService'
  2019-01-28 17:55:30,876 [main] DEBUG - Returning cached instance of singleton bean 'org.springframework.aop.support.DefaultBeanFactoryPointcutAdvisor#0'
  2019-01-28 17:55:30,876 [main] DEBUG - Returning cached instance of singleton bean 'org.springframework.cache.config.internalCacheAdvisor'
  2019-01-28 17:55:30,876 [main] DEBUG - Registered injected element on class [com.sys.service.home.ColumnInfoService]: AutowiredFieldElement for private com.sys.mapper.IMapper com.sys.service.BaseService.mapper
  2019-01-28 17:55:30,877 [main] DEBUG - Registered injected element on class [com.sys.service.home.ColumnInfoService]: AutowiredFieldElement for private com.sys.mapper.ColumnInfoMapper com.sys.service.home.ColumnInfoService.columnInfoMapper
  2019-01-28 17:55:30,877 [main] DEBUG - Eagerly caching bean 'columnInfoService' to allow for resolving potential circular references
  2019-01-28 17:55:30,877 [main] DEBUG - Processing injected element of bean 'columnInfoService': AutowiredFieldElement for private com.sys.mapper.IMapper com.sys.service.BaseService.mapper
  2019-01-28 17:55:30,878 [main] DEBUG - Creating shared instance of singleton bean 'columnInfoMapper'
  2019-01-28 17:55:30,878 [main] DEBUG - Creating instance of bean 'columnInfoMapper'
  2019-01-28 17:55:30,879 [main] DEBUG - Returning cached instance of singleton bean 'org.springframework.aop.support.DefaultBeanFactoryPointcutAdvisor#0'
  2019-01-28 17:55:30,879 [main] DEBUG - Returning cached instance of singleton bean 'org.springframework.cache.config.internalCacheAdvisor'
  2019-01-28 17:55:30,880 [main] DEBUG - Eagerly caching bean 'columnInfoMapper' to allow for resolving potential circular references
  2019-01-28 17:55:30,880 [main] DEBUG - Returning cached instance of singleton bean 'sqlSessionFactory'
  2019-01-28 17:55:30,881 [main] DEBUG - Invoking afterPropertiesSet() on bean with name 'columnInfoMapper'
  2019-01-28 17:55:30,881 [main] DEBUG - Returning cached instance of singleton bean 'org.springframework.aop.support.DefaultBeanFactoryPointcutAdvisor#0'
  2019-01-28 17:55:30,881 [main] DEBUG - Returning cached instance of singleton bean 'org.springframework.cache.config.internalCacheAdvisor'
  2019-01-28 17:55:30,882 [main] DEBUG - Returning cached instance of singleton bean 'org.springframework.aop.support.DefaultBeanFactoryPointcutAdvisor#0'
  2019-01-28 17:55:30,882 [main] DEBUG - Returning cached instance of singleton bean 'org.springframework.cache.config.internalCacheAdvisor'
  2019-01-28 17:55:30,882 [main] DEBUG - Finished creating instance of bean 'columnInfoMapper'
  2019-01-28 17:55:30,883 [main] DEBUG - Returning cached instance of singleton bean 'org.springframework.aop.support.DefaultBeanFactoryPointcutAdvisor#0'
  2019-01-28 17:55:30,883 [main] DEBUG - Returning cached instance of singleton bean 'org.springframework.cache.config.internalCacheAdvisor'
  2019-01-28 17:55:30,883 [main] DEBUG - Returning cached instance of singleton bean 'org.springframework.aop.support.DefaultBeanFactoryPointcutAdvisor#0'
  2019-01-28 17:55:30,883 [main] DEBUG - Returning cached instance of singleton bean 'org.springframework.cache.config.internalCacheAdvisor'
  2019-01-28 17:55:30,885 [main] DEBUG - Autowiring by type from bean name 'columnInfoService' to bean named 'columnInfoMapper'
  2019-01-28 17:55:30,885 [main] DEBUG - Processing injected element of bean 'columnInfoService': AutowiredFieldElement for private com.sys.mapper.ColumnInfoMapper com.sys.service.home.ColumnInfoService.columnInfoMapper
  2019-01-28 17:55:30,887 [main] DEBUG - Returning cached instance of singleton bean 'columnInfoMapper'
  2019-01-28 17:55:30,887 [main] DEBUG - Autowiring by type from bean name 'columnInfoService' to bean named 'columnInfoMapper'
  2019-01-28 17:55:30,887 [main] DEBUG - Returning cached instance of singleton bean 'org.springframework.aop.support.DefaultBeanFactoryPointcutAdvisor#0'
  2019-01-28 17:55:30,888 [main] DEBUG - Returning cached instance of singleton bean 'org.springframework.cache.config.internalCacheAdvisor'
  2019-01-28 17:55:30,888 [main] DEBUG - Returning cached instance of singleton bean 'org.springframework.aop.support.DefaultBeanFactoryPointcutAdvisor#0'
  2019-01-28 17:55:30,888 [main] DEBUG - Returning cached instance of singleton bean 'org.springframework.cache.config.internalCacheAdvisor'
  2019-01-28 17:55:30,889 [main] DEBUG - Creating implicit proxy for bean 'columnInfoService' with 0 common interceptors and 2 specific interceptors
  2019-01-28 17:55:30,890 [main] DEBUG - Creating CGLIB proxy: target source is SingletonTargetSource for target object [com.sys.service.home.ColumnInfoService@62cf6a84]
  2019-01-28 17:55:30,890 [main] DEBUG - Finished creating instance of bean 'columnInfoService'
  2019-01-28 17:55:30,890 [main] DEBUG - Autowiring by type from bean name 'bliveGongSService' to bean named 'columnInfoService'
  2019-01-28 17:55:30,890 [main] DEBUG - Processing injected element of bean 'bliveGongSService': AutowiredFieldElement for private com.sys.service.UserInfoService com.sys.service.blags.BliveGongSService.userInfoService
  2019-01-28 17:55:30,891 [main] DEBUG - Creating shared instance of singleton bean 'userInfoService'
  2019-01-28 17:55:30,891 [main] DEBUG - Creating instance of bean 'userInfoService'
  2019-01-28 17:55:30,892 [main] DEBUG - Returning cached instance of singleton bean 'org.springframework.aop.support.DefaultBeanFactoryPointcutAdvisor#0'
  2019-01-28 17:55:30,892 [main] DEBUG - Returning cached instance of singleton bean 'org.springframework.cache.config.internalCacheAdvisor'
  2019-01-28 17:55:30,892 [main] DEBUG - Registered injected element on class [com.sys.service.UserInfoService]: AutowiredFieldElement for private com.sys.mapper.IMapper com.sys.service.BaseService.mapper
  2019-01-28 17:55:30,893 [main] DEBUG - Registered injected element on class [com.sys.service.UserInfoService]: AutowiredFieldElement for private com.sys.mapper.UserInfoMapper com.sys.service.UserInfoService.userInfoMapper
  2019-01-28 17:55:30,893 [main] DEBUG - Eagerly caching bean 'userInfoService' to allow for resolving potential circular references
  2019-01-28 17:55:30,893 [main] DEBUG - Processing injected element of bean 'userInfoService': AutowiredFieldElement for private com.sys.mapper.IMapper com.sys.service.BaseService.mapper
  2019-01-28 17:55:30,894 [main] DEBUG - Returning cached instance of singleton bean 'userInfoMapper'
  2019-01-28 17:55:30,895 [main] DEBUG - Autowiring by type from bean name 'userInfoService' to bean named 'userInfoMapper'
  2019-01-28 17:55:30,895 [main] DEBUG - Processing injected element of bean 'userInfoService': AutowiredFieldElement for private com.sys.mapper.UserInfoMapper com.sys.service.UserInfoService.userInfoMapper
  2019-01-28 17:55:30,895 [main] DEBUG - Returning cached instance of singleton bean 'userInfoMapper'
  2019-01-28 17:55:30,896 [main] DEBUG - Autowiring by type from bean name 'userInfoService' to bean named 'userInfoMapper'
  2019-01-28 17:55:30,896 [main] DEBUG - Returning cached instance of singleton bean 'org.springframework.aop.support.DefaultBeanFactoryPointcutAdvisor#0'
  2019-01-28 17:55:30,896 [main] DEBUG - Returning cached instance of singleton bean 'org.springframework.cache.config.internalCacheAdvisor'
  2019-01-28 17:55:30,896 [main] DEBUG - Returning cached instance of singleton bean 'org.springframework.aop.support.DefaultBeanFactoryPointcutAdvisor#0'
  2019-01-28 17:55:30,896 [main] DEBUG - Returning cached instance of singleton bean 'org.springframework.cache.config.internalCacheAdvisor'
  2019-01-28 17:55:30,897 [main] DEBUG - Creating implicit proxy for bean 'userInfoService' with 0 common interceptors and 2 specific interceptors
  2019-01-28 17:55:30,897 [main] DEBUG - Creating CGLIB proxy: target source is SingletonTargetSource for target object [com.sys.service.UserInfoService@49491770]
  2019-01-28 17:55:30,898 [main] DEBUG - Finished creating instance of bean 'userInfoService'
  2019-01-28 17:55:30,898 [main] DEBUG - Autowiring by type from bean name 'bliveGongSService' to bean named 'userInfoService'
  2019-01-28 17:55:30,898 [main] DEBUG - Processing injected element of bean 'bliveGongSService': AutowiredFieldElement for private com.sys.service.home.ArticleInfoService com.sys.service.blags.BliveGongSService.articleInfoService
  2019-01-28 17:55:30,899 [main] DEBUG - Creating shared instance of singleton bean 'articleInfoService'
  2019-01-28 17:55:30,900 [main] DEBUG - Creating instance of bean 'articleInfoService'
  2019-01-28 17:55:30,900 [main] DEBUG - Returning cached instance of singleton bean 'org.springframework.aop.support.DefaultBeanFactoryPointcutAdvisor#0'
  2019-01-28 17:55:30,901 [main] DEBUG - Returning cached instance of singleton bean 'org.springframework.cache.config.internalCacheAdvisor'
  2019-01-28 17:55:30,901 [main] DEBUG - Registered injected element on class [com.sys.service.home.ArticleInfoService]: AutowiredFieldElement for private com.sys.mapper.IMapper com.sys.service.BaseService.mapper
  2019-01-28 17:55:30,902 [main] DEBUG - Registered injected element on class [com.sys.service.home.ArticleInfoService]: AutowiredFieldElement for private com.sys.mapper.ArticleInfoMapper com.sys.service.home.ArticleInfoService.articleInfoMapper
  2019-01-28 17:55:30,902 [main] DEBUG - Registered injected element on class [com.sys.service.home.ArticleInfoService]: AutowiredFieldElement for private com.sys.mapper.AnnexFileMapper com.sys.service.home.ArticleInfoService.annexFileMapper
  2019-01-28 17:55:30,902 [main] DEBUG - Registered injected element on class [com.sys.service.home.ArticleInfoService]: AutowiredFieldElement for private com.sys.mapper.ImageInfoMapper com.sys.service.home.ArticleInfoService.imageInfoMapper
  2019-01-28 17:55:30,903 [main] DEBUG - Eagerly caching bean 'articleInfoService' to allow for resolving potential circular references
  2019-01-28 17:55:30,903 [main] DEBUG - Processing injected element of bean 'articleInfoService': AutowiredFieldElement for private com.sys.mapper.IMapper com.sys.service.BaseService.mapper
  2019-01-28 17:55:30,904 [main] DEBUG - Creating shared instance of singleton bean 'articleInfoMapper'
  2019-01-28 17:55:30,905 [main] DEBUG - Creating instance of bean 'articleInfoMapper'
  2019-01-28 17:55:30,905 [main] DEBUG - Returning cached instance of singleton bean 'org.springframework.aop.support.DefaultBeanFactoryPointcutAdvisor#0'
  2019-01-28 17:55:30,906 [main] DEBUG - Returning cached instance of singleton bean 'org.springframework.cache.config.internalCacheAdvisor'
  2019-01-28 17:55:30,907 [main] DEBUG - Eagerly caching bean 'articleInfoMapper' to allow for resolving potential circular references
  2019-01-28 17:55:30,907 [main] DEBUG - Returning cached instance of singleton bean 'sqlSessionFactory'
  2019-01-28 17:55:30,908 [main] DEBUG - Invoking afterPropertiesSet() on bean with name 'articleInfoMapper'
  2019-01-28 17:55:30,908 [main] DEBUG - Returning cached instance of singleton bean 'org.springframework.aop.support.DefaultBeanFactoryPointcutAdvisor#0'
  2019-01-28 17:55:30,909 [main] DEBUG - Returning cached instance of singleton bean 'org.springframework.cache.config.internalCacheAdvisor'
  2019-01-28 17:55:30,909 [main] DEBUG - Returning cached instance of singleton bean 'org.springframework.aop.support.DefaultBeanFactoryPointcutAdvisor#0'
  2019-01-28 17:55:30,909 [main] DEBUG - Returning cached instance of singleton bean 'org.springframework.cache.config.internalCacheAdvisor'
  2019-01-28 17:55:30,910 [main] DEBUG - Finished creating instance of bean 'articleInfoMapper'
  2019-01-28 17:55:30,910 [main] DEBUG - Returning cached instance of singleton bean 'org.springframework.aop.support.DefaultBeanFactoryPointcutAdvisor#0'
  2019-01-28 17:55:30,911 [main] DEBUG - Returning cached instance of singleton bean 'org.springframework.cache.config.internalCacheAdvisor'
  2019-01-28 17:55:30,911 [main] DEBUG - Returning cached instance of singleton bean 'org.springframework.aop.support.DefaultBeanFactoryPointcutAdvisor#0'
  2019-01-28 17:55:30,912 [main] DEBUG - Returning cached instance of singleton bean 'org.springframework.cache.config.internalCacheAdvisor'
  2019-01-28 17:55:30,913 [main] DEBUG - Autowiring by type from bean name 'articleInfoService' to bean named 'articleInfoMapper'
  2019-01-28 17:55:30,914 [main] DEBUG - Processing injected element of bean 'articleInfoService': AutowiredFieldElement for private com.sys.mapper.ArticleInfoMapper com.sys.service.home.ArticleInfoService.articleInfoMapper
  2019-01-28 17:55:30,915 [main] DEBUG - Returning cached instance of singleton bean 'articleInfoMapper'
  2019-01-28 17:55:30,915 [main] DEBUG - Autowiring by type from bean name 'articleInfoService' to bean named 'articleInfoMapper'
  2019-01-28 17:55:30,916 [main] DEBUG - Processing injected element of bean 'articleInfoService': AutowiredFieldElement for private com.sys.mapper.AnnexFileMapper com.sys.service.home.ArticleInfoService.annexFileMapper
  2019-01-28 17:55:30,916 [main] DEBUG - Returning cached instance of singleton bean 'annexFileMapper'
  2019-01-28 17:55:30,916 [main] DEBUG - Autowiring by type from bean name 'articleInfoService' to bean named 'annexFileMapper'
  2019-01-28 17:55:30,916 [main] DEBUG - Processing injected element of bean 'articleInfoService': AutowiredFieldElement for private com.sys.mapper.ImageInfoMapper com.sys.service.home.ArticleInfoService.imageInfoMapper
  2019-01-28 17:55:30,917 [main] DEBUG - Creating shared instance of singleton bean 'imageInfoMapper'
  2019-01-28 17:55:30,918 [main] DEBUG - Creating instance of bean 'imageInfoMapper'
  2019-01-28 17:55:30,918 [main] DEBUG - Returning cached instance of singleton bean 'org.springframework.aop.support.DefaultBeanFactoryPointcutAdvisor#0'
  2019-01-28 17:55:30,918 [main] DEBUG - Returning cached instance of singleton bean 'org.springframework.cache.config.internalCacheAdvisor'
  2019-01-28 17:55:30,919 [main] DEBUG - Eagerly caching bean 'imageInfoMapper' to allow for resolving potential circular references
  2019-01-28 17:55:30,919 [main] DEBUG - Returning cached instance of singleton bean 'sqlSessionFactory'
  2019-01-28 17:55:30,920 [main] DEBUG - Invoking afterPropertiesSet() on bean with name 'imageInfoMapper'
  2019-01-28 17:55:30,920 [main] DEBUG - Returning cached instance of singleton bean 'org.springframework.aop.support.DefaultBeanFactoryPointcutAdvisor#0'
  2019-01-28 17:55:30,920 [main] DEBUG - Returning cached instance of singleton bean 'org.springframework.cache.config.internalCacheAdvisor'
  2019-01-28 17:55:30,921 [main] DEBUG - Returning cached instance of singleton bean 'org.springframework.aop.support.DefaultBeanFactoryPointcutAdvisor#0'
  2019-01-28 17:55:30,921 [main] DEBUG - Returning cached instance of singleton bean 'org.springframework.cache.config.internalCacheAdvisor'
  2019-01-28 17:55:30,921 [main] DEBUG - Finished creating instance of bean 'imageInfoMapper'
  2019-01-28 17:55:30,922 [main] DEBUG - Returning cached instance of singleton bean 'org.springframework.aop.support.DefaultBeanFactoryPointcutAdvisor#0'
  2019-01-28 17:55:30,922 [main] DEBUG - Returning cached instance of singleton bean 'org.springframework.cache.config.internalCacheAdvisor'
  2019-01-28 17:55:30,922 [main] DEBUG - Returning cached instance of singleton bean 'org.springframework.aop.support.DefaultBeanFactoryPointcutAdvisor#0'
  2019-01-28 17:55:30,923 [main] DEBUG - Returning cached instance of singleton bean 'org.springframework.cache.config.internalCacheAdvisor'
  2019-01-28 17:55:30,925 [main] DEBUG - Autowiring by type from bean name 'articleInfoService' to bean named 'imageInfoMapper'
  2019-01-28 17:55:30,925 [main] DEBUG - Returning cached instance of singleton bean 'org.springframework.aop.support.DefaultBeanFactoryPointcutAdvisor#0'
  2019-01-28 17:55:30,926 [main] DEBUG - Returning cached instance of singleton bean 'org.springframework.cache.config.internalCacheAdvisor'
  2019-01-28 17:55:30,926 [main] DEBUG - Returning cached instance of singleton bean 'org.springframework.aop.support.DefaultBeanFactoryPointcutAdvisor#0'
  2019-01-28 17:55:30,926 [main] DEBUG - Returning cached instance of singleton bean 'org.springframework.cache.config.internalCacheAdvisor'
  2019-01-28 17:55:30,927 [main] DEBUG - Creating implicit proxy for bean 'articleInfoService' with 0 common interceptors and 2 specific interceptors
  2019-01-28 17:55:30,928 [main] DEBUG - Creating CGLIB proxy: target source is SingletonTargetSource for target object [com.sys.service.home.ArticleInfoService@42d9e8d2]
  2019-01-28 17:55:30,928 [main] DEBUG - Finished creating instance of bean 'articleInfoService'
  2019-01-28 17:55:30,928 [main] DEBUG - Autowiring by type from bean name 'bliveGongSService' to bean named 'articleInfoService'
  2019-01-28 17:55:30,929 [main] DEBUG - Processing injected element of bean 'bliveGongSService': AutowiredFieldElement for private com.sys.mapper.apply.ApproveMapper com.sys.service.blags.BliveGongSService.approveMapper
  2019-01-28 17:55:30,929 [main] DEBUG - Returning cached instance of singleton bean 'approveMapper'
  2019-01-28 17:55:30,929 [main] DEBUG - Autowiring by type from bean name 'bliveGongSService' to bean named 'approveMapper'
  2019-01-28 17:55:30,929 [main] DEBUG - Processing injected element of bean 'bliveGongSService': AutowiredFieldElement for private com.sys.mapper.apply.ApplyNsMapper com.sys.service.blags.BliveGongSService.applyNsMapper
  2019-01-28 17:55:30,929 [main] DEBUG - Returning cached instance of singleton bean 'applyNsMapper'
  2019-01-28 17:55:30,930 [main] DEBUG - Autowiring by type from bean name 'bliveGongSService' to bean named 'applyNsMapper'
  2019-01-28 17:55:30,930 [main] DEBUG - Processing injected element of bean 'bliveGongSService': AutowiredFieldElement for private com.sys.mapper.apply.ApplyMapper com.sys.service.blags.BliveGongSService.applyMapper
  2019-01-28 17:55:30,930 [main] DEBUG - Returning cached instance of singleton bean 'applyMapper'
  2019-01-28 17:55:30,930 [main] DEBUG - Autowiring by type from bean name 'bliveGongSService' to bean named 'applyMapper'
  2019-01-28 17:55:30,930 [main] DEBUG - Processing injected element of bean 'bliveGongSService': AutowiredFieldElement for private com.sys.mapper.apply.ApplyButieMapper com.sys.service.blags.BliveGongSService.applyButieMapper
  2019-01-28 17:55:30,931 [main] DEBUG - Returning cached instance of singleton bean 'applyButieMapper'
  2019-01-28 17:55:30,931 [main] DEBUG - Autowiring by type from bean name 'bliveGongSService' to bean named 'applyButieMapper'
  2019-01-28 17:55:30,931 [main] DEBUG - Processing injected element of bean 'bliveGongSService': AutowiredFieldElement for private com.sys.mapper.apply.ApplyForgraDuateMapper com.sys.service.blags.BliveGongSService.applyForgraDuateMapper
  2019-01-28 17:55:30,931 [main] DEBUG - Returning cached instance of singleton bean 'applyForgraDuateMapper'
  2019-01-28 17:55:30,931 [main] DEBUG - Autowiring by type from bean name 'bliveGongSService' to bean named 'applyForgraDuateMapper'
  2019-01-28 17:55:30,932 [main] DEBUG - Processing injected element of bean 'bliveGongSService': AutowiredFieldElement for private com.sys.mapper.apply.ApplyForForeignMapper com.sys.service.blags.BliveGongSService.applyForForeignMapper
  2019-01-28 17:55:30,932 [main] DEBUG - Returning cached instance of singleton bean 'applyForForeignMapper'
  2019-01-28 17:55:30,932 [main] DEBUG - Autowiring by type from bean name 'bliveGongSService' to bean named 'applyForForeignMapper'
  2019-01-28 17:55:30,932 [main] DEBUG - Processing injected element of bean 'bliveGongSService': AutowiredFieldElement for private com.sys.mapper.blagsh.BliveGongsDetailMapper com.sys.service.blags.BliveGongSService.bliveGongsDetailMapper
  2019-01-28 17:55:30,933 [main] DEBUG - Creating shared instance of singleton bean 'bliveGongsDetailMapper'
  2019-01-28 17:55:30,933 [main] DEBUG - Creating instance of bean 'bliveGongsDetailMapper'
  2019-01-28 17:55:30,934 [main] DEBUG - Returning cached instance of singleton bean 'org.springframework.aop.support.DefaultBeanFactoryPointcutAdvisor#0'
  2019-01-28 17:55:30,934 [main] DEBUG - Returning cached instance of singleton bean 'org.springframework.cache.config.internalCacheAdvisor'
  2019-01-28 17:55:30,934 [main] DEBUG - Eagerly caching bean 'bliveGongsDetailMapper' to allow for resolving potential circular references
  2019-01-28 17:55:30,935 [main] DEBUG - Returning cached instance of singleton bean 'sqlSessionFactory'
  2019-01-28 17:55:30,935 [main] DEBUG - Invoking afterPropertiesSet() on bean with name 'bliveGongsDetailMapper'
  2019-01-28 17:55:30,935 [main] DEBUG - Returning cached instance of singleton bean 'org.springframework.aop.support.DefaultBeanFactoryPointcutAdvisor#0'
  2019-01-28 17:55:30,936 [main] DEBUG - Returning cached instance of singleton bean 'org.springframework.cache.config.internalCacheAdvisor'
  2019-01-28 17:55:30,936 [main] DEBUG - Returning cached instance of singleton bean 'org.springframework.aop.support.DefaultBeanFactoryPointcutAdvisor#0'
  2019-01-28 17:55:30,937 [main] DEBUG - Returning cached instance of singleton bean 'org.springframework.cache.config.internalCacheAdvisor'
  2019-01-28 17:55:30,937 [main] DEBUG - Finished creating instance of bean 'bliveGongsDetailMapper'
  2019-01-28 17:55:30,937 [main] DEBUG - Returning cached instance of singleton bean 'org.springframework.aop.support.DefaultBeanFactoryPointcutAdvisor#0'
  2019-01-28 17:55:30,938 [main] DEBUG - Returning cached instance of singleton bean 'org.springframework.cache.config.internalCacheAdvisor'
  2019-01-28 17:55:30,938 [main] DEBUG - Returning cached instance of singleton bean 'org.springframework.aop.support.DefaultBeanFactoryPointcutAdvisor#0'
  2019-01-28 17:55:30,938 [main] DEBUG - Returning cached instance of singleton bean 'org.springframework.cache.config.internalCacheAdvisor'
  2019-01-28 17:55:30,940 [main] DEBUG - Autowiring by type from bean name 'bliveGongSService' to bean named 'bliveGongsDetailMapper'
  2019-01-28 17:55:30,940 [main] DEBUG - Processing injected element of bean 'bliveGongSService': AutowiredFieldElement for private com.sys.mapper.apply.ApplyUnitMapper com.sys.service.blags.BliveGongSService.applyUnitMapper
  2019-01-28 17:55:30,941 [main] DEBUG - Returning cached instance of singleton bean 'applyUnitMapper'
  2019-01-28 17:55:30,941 [main] DEBUG - Autowiring by type from bean name 'bliveGongSService' to bean named 'applyUnitMapper'
  2019-01-28 17:55:30,941 [main] DEBUG - Processing injected element of bean 'bliveGongSService': AutowiredFieldElement for private com.sys.service.serialnum.SerialNumService com.sys.service.blags.BliveGongSService.serialNumService
  2019-01-28 17:55:30,942 [main] DEBUG - Creating shared instance of singleton bean 'serialNumService'
  2019-01-28 17:55:30,942 [main] DEBUG - Creating instance of bean 'serialNumService'
  2019-01-28 17:55:30,943 [main] DEBUG - Returning cached instance of singleton bean 'org.springframework.aop.support.DefaultBeanFactoryPointcutAdvisor#0'
  2019-01-28 17:55:30,949 [main] DEBUG - Returning cached instance of singleton bean 'org.springframework.cache.config.internalCacheAdvisor'
  2019-01-28 17:55:30,949 [main] DEBUG - Registered injected element on class [com.sys.service.serialnum.SerialNumService]: AutowiredFieldElement for private com.sys.mapper.serialnum.SerialNumHeadMapper com.sys.service.serialnum.SerialNumService.serialNumHeadMapper
  2019-01-28 17:55:30,950 [main] DEBUG - Registered injected element on class [com.sys.service.serialnum.SerialNumService]: AutowiredFieldElement for private com.sys.mapper.serialnum.SerialNumLineMapper com.sys.service.serialnum.SerialNumService.serialNumLineMapper
  2019-01-28 17:55:30,950 [main] DEBUG - Eagerly caching bean 'serialNumService' to allow for resolving potential circular references
  2019-01-28 17:55:30,955 [main] DEBUG - Processing injected element of bean 'serialNumService': AutowiredFieldElement for private com.sys.mapper.serialnum.SerialNumHeadMapper com.sys.service.serialnum.SerialNumService.serialNumHeadMapper
  2019-01-28 17:55:30,956 [main] DEBUG - Creating shared instance of singleton bean 'serialNumHeadMapper'
  2019-01-28 17:55:30,956 [main] DEBUG - Creating instance of bean 'serialNumHeadMapper'
  2019-01-28 17:55:30,957 [main] DEBUG - Returning cached instance of singleton bean 'org.springframework.aop.support.DefaultBeanFactoryPointcutAdvisor#0'
  2019-01-28 17:55:30,957 [main] DEBUG - Returning cached instance of singleton bean 'org.springframework.cache.config.internalCacheAdvisor'
  2019-01-28 17:55:30,957 [main] DEBUG - Eagerly caching bean 'serialNumHeadMapper' to allow for resolving potential circular references
  2019-01-28 17:55:30,957 [main] DEBUG - Returning cached instance of singleton bean 'sqlSessionFactory'
  2019-01-28 17:55:30,958 [main] DEBUG - Invoking afterPropertiesSet() on bean with name 'serialNumHeadMapper'
  2019-01-28 17:55:30,958 [main] DEBUG - Returning cached instance of singleton bean 'org.springframework.aop.support.DefaultBeanFactoryPointcutAdvisor#0'
  2019-01-28 17:55:30,958 [main] DEBUG - Returning cached instance of singleton bean 'org.springframework.cache.config.internalCacheAdvisor'
  2019-01-28 17:55:30,959 [main] DEBUG - Returning cached instance of singleton bean 'org.springframework.aop.support.DefaultBeanFactoryPointcutAdvisor#0'
  2019-01-28 17:55:30,959 [main] DEBUG - Returning cached instance of singleton bean 'org.springframework.cache.config.internalCacheAdvisor'
  2019-01-28 17:55:30,960 [main] DEBUG - Finished creating instance of bean 'serialNumHeadMapper'
  2019-01-28 17:55:30,960 [main] DEBUG - Returning cached instance of singleton bean 'org.springframework.aop.support.DefaultBeanFactoryPointcutAdvisor#0'
  2019-01-28 17:55:30,960 [main] DEBUG - Returning cached instance of singleton bean 'org.springframework.cache.config.internalCacheAdvisor'
  2019-01-28 17:55:30,961 [main] DEBUG - Returning cached instance of singleton bean 'org.springframework.aop.support.DefaultBeanFactoryPointcutAdvisor#0'
  2019-01-28 17:55:30,961 [main] DEBUG - Returning cached instance of singleton bean 'org.springframework.cache.config.internalCacheAdvisor'
  2019-01-28 17:55:30,962 [main] DEBUG - Autowiring by type from bean name 'serialNumService' to bean named 'serialNumHeadMapper'
  2019-01-28 17:55:30,963 [main] DEBUG - Processing injected element of bean 'serialNumService': AutowiredFieldElement for private com.sys.mapper.serialnum.SerialNumLineMapper com.sys.service.serialnum.SerialNumService.serialNumLineMapper
  2019-01-28 17:55:30,964 [main] DEBUG - Creating shared instance of singleton bean 'serialNumLineMapper'
  2019-01-28 17:55:30,964 [main] DEBUG - Creating instance of bean 'serialNumLineMapper'
  2019-01-28 17:55:30,964 [main] DEBUG - Returning cached instance of singleton bean 'org.springframework.aop.support.DefaultBeanFactoryPointcutAdvisor#0'
  2019-01-28 17:55:30,965 [main] DEBUG - Returning cached instance of singleton bean 'org.springframework.cache.config.internalCacheAdvisor'
  2019-01-28 17:55:30,965 [main] DEBUG - Eagerly caching bean 'serialNumLineMapper' to allow for resolving potential circular references
  2019-01-28 17:55:30,966 [main] DEBUG - Returning cached instance of singleton bean 'sqlSessionFactory'
  2019-01-28 17:55:30,967 [main] DEBUG - Invoking afterPropertiesSet() on bean with name 'serialNumLineMapper'
  2019-01-28 17:55:30,972 [main] DEBUG - Returning cached instance of singleton bean 'org.springframework.aop.support.DefaultBeanFactoryPointcutAdvisor#0'
  2019-01-28 17:55:30,973 [main] DEBUG - Returning cached instance of singleton bean 'org.springframework.cache.config.internalCacheAdvisor'
  2019-01-28 17:55:30,973 [main] DEBUG - Returning cached instance of singleton bean 'org.springframework.aop.support.DefaultBeanFactoryPointcutAdvisor#0'
  2019-01-28 17:55:30,973 [main] DEBUG - Returning cached instance of singleton bean 'org.springframework.cache.config.internalCacheAdvisor'
  2019-01-28 17:55:30,974 [main] DEBUG - Finished creating instance of bean 'serialNumLineMapper'
  2019-01-28 17:55:30,974 [main] DEBUG - Returning cached instance of singleton bean 'org.springframework.aop.support.DefaultBeanFactoryPointcutAdvisor#0'
  2019-01-28 17:55:30,975 [main] DEBUG - Returning cached instance of singleton bean 'org.springframework.cache.config.internalCacheAdvisor'
  2019-01-28 17:55:30,975 [main] DEBUG - Returning cached instance of singleton bean 'org.springframework.aop.support.DefaultBeanFactoryPointcutAdvisor#0'
  2019-01-28 17:55:30,975 [main] DEBUG - Returning cached instance of singleton bean 'org.springframework.cache.config.internalCacheAdvisor'
  2019-01-28 17:55:30,977 [main] DEBUG - Autowiring by type from bean name 'serialNumService' to bean named 'serialNumLineMapper'
  2019-01-28 17:55:30,977 [main] DEBUG - Returning cached instance of singleton bean 'org.springframework.aop.support.DefaultBeanFactoryPointcutAdvisor#0'
  2019-01-28 17:55:30,977 [main] DEBUG - Returning cached instance of singleton bean 'org.springframework.cache.config.internalCacheAdvisor'
  2019-01-28 17:55:30,978 [main] DEBUG - Returning cached instance of singleton bean 'org.springframework.aop.support.DefaultBeanFactoryPointcutAdvisor#0'
  2019-01-28 17:55:30,978 [main] DEBUG - Returning cached instance of singleton bean 'org.springframework.cache.config.internalCacheAdvisor'
  2019-01-28 17:55:30,979 [main] DEBUG - Creating implicit proxy for bean 'serialNumService' with 0 common interceptors and 2 specific interceptors
  2019-01-28 17:55:30,979 [main] DEBUG - Creating CGLIB proxy: target source is SingletonTargetSource for target object [com.sys.service.serialnum.SerialNumService@cf01c2e]
  2019-01-28 17:55:30,979 [main] DEBUG - Finished creating instance of bean 'serialNumService'
  2019-01-28 17:55:30,980 [main] DEBUG - Autowiring by type from bean name 'bliveGongSService' to bean named 'serialNumService'
  2019-01-28 17:55:30,980 [main] DEBUG - Returning cached instance of singleton bean 'org.springframework.aop.support.DefaultBeanFactoryPointcutAdvisor#0'
  2019-01-28 17:55:30,981 [main] DEBUG - Returning cached instance of singleton bean 'org.springframework.cache.config.internalCacheAdvisor'
  2019-01-28 17:55:30,981 [main] DEBUG - Returning cached instance of singleton bean 'org.springframework.aop.support.DefaultBeanFactoryPointcutAdvisor#0'
  2019-01-28 17:55:30,981 [main] DEBUG - Returning cached instance of singleton bean 'org.springframework.cache.config.internalCacheAdvisor'
  2019-01-28 17:55:30,983 [main] DEBUG - Creating implicit proxy for bean 'bliveGongSService' with 0 common interceptors and 2 specific interceptors
  2019-01-28 17:55:30,983 [main] DEBUG - Creating CGLIB proxy: target source is SingletonTargetSource for target object [com.sys.service.blags.BliveGongSService@6f15f52a]
  2019-01-28 17:55:30,983 [main] DEBUG - Finished creating instance of bean 'bliveGongSService'
  2019-01-28 17:55:30,984 [main] DEBUG - Creating shared instance of singleton bean 'buidInfoService'
  2019-01-28 17:55:30,984 [main] DEBUG - Creating instance of bean 'buidInfoService'
  2019-01-28 17:55:30,984 [main] DEBUG - Returning cached instance of singleton bean 'org.springframework.aop.support.DefaultBeanFactoryPointcutAdvisor#0'
  2019-01-28 17:55:30,984 [main] DEBUG - Returning cached instance of singleton bean 'org.springframework.cache.config.internalCacheAdvisor'
  2019-01-28 17:55:30,985 [main] DEBUG - Registered injected element on class [com.sys.service.BuidInfoService]: AutowiredFieldElement for private com.sys.mapper.IMapper com.sys.service.BaseService.mapper
  2019-01-28 17:55:30,985 [main] DEBUG - Registered injected element on class [com.sys.service.BuidInfoService]: AutowiredFieldElement for private com.sys.mapper.BuidInfoMapper com.sys.service.BuidInfoService.buidInfoMapper
  2019-01-28 17:55:30,986 [main] DEBUG - Registered injected element on class [com.sys.service.BuidInfoService]: AutowiredFieldElement for private com.sys.mapper.ItemCodeInfoMapper com.sys.service.BuidInfoService.itemCodeInfoMapper
  2019-01-28 17:55:30,986 [main] DEBUG - Eagerly caching bean 'buidInfoService' to allow for resolving potential circular references
  2019-01-28 17:55:30,986 [main] DEBUG - Processing injected element of bean 'buidInfoService': AutowiredFieldElement for private com.sys.mapper.IMapper com.sys.service.BaseService.mapper
  2019-01-28 17:55:30,987 [main] DEBUG - Creating shared instance of singleton bean 'buidInfoMapper'
  2019-01-28 17:55:30,988 [main] DEBUG - Creating instance of bean 'buidInfoMapper'
  2019-01-28 17:55:30,988 [main] DEBUG - Returning cached instance of singleton bean 'org.springframework.aop.support.DefaultBeanFactoryPointcutAdvisor#0'
  2019-01-28 17:55:30,988 [main] DEBUG - Returning cached instance of singleton bean 'org.springframework.cache.config.internalCacheAdvisor'
  2019-01-28 17:55:30,989 [main] DEBUG - Eagerly caching bean 'buidInfoMapper' to allow for resolving potential circular references
  2019-01-28 17:55:30,989 [main] DEBUG - Returning cached instance of singleton bean 'sqlSessionFactory'
  2019-01-28 17:55:30,989 [main] DEBUG - Invoking afterPropertiesSet() on bean with name 'buidInfoMapper'
  2019-01-28 17:55:30,990 [main] DEBUG - Returning cached instance of singleton bean 'org.springframework.aop.support.DefaultBeanFactoryPointcutAdvisor#0'
  2019-01-28 17:55:30,990 [main] DEBUG - Returning cached instance of singleton bean 'org.springframework.cache.config.internalCacheAdvisor'
  2019-01-28 17:55:30,990 [main] DEBUG - Returning cached instance of singleton bean 'org.springframework.aop.support.DefaultBeanFactoryPointcutAdvisor#0'
  2019-01-28 17:55:30,990 [main] DEBUG - Returning cached instance of singleton bean 'org.springframework.cache.config.internalCacheAdvisor'
  2019-01-28 17:55:30,991 [main] DEBUG - Finished creating instance of bean 'buidInfoMapper'
  2019-01-28 17:55:30,991 [main] DEBUG - Returning cached instance of singleton bean 'org.springframework.aop.support.DefaultBeanFactoryPointcutAdvisor#0'
  2019-01-28 17:55:30,992 [main] DEBUG - Returning cached instance of singleton bean 'org.springframework.cache.config.internalCacheAdvisor'
  2019-01-28 17:55:30,992 [main] DEBUG - Returning cached instance of singleton bean 'org.springframework.aop.support.DefaultBeanFactoryPointcutAdvisor#0'
  2019-01-28 17:55:30,992 [main] DEBUG - Returning cached instance of singleton bean 'org.springframework.cache.config.internalCacheAdvisor'
  2019-01-28 17:55:30,994 [main] DEBUG - Autowiring by type from bean name 'buidInfoService' to bean named 'buidInfoMapper'
  2019-01-28 17:55:30,994 [main] DEBUG - Processing injected element of bean 'buidInfoService': AutowiredFieldElement for private com.sys.mapper.BuidInfoMapper com.sys.service.BuidInfoService.buidInfoMapper
  2019-01-28 17:55:30,995 [main] DEBUG - Returning cached instance of singleton bean 'buidInfoMapper'
  2019-01-28 17:55:30,995 [main] DEBUG - Autowiring by type from bean name 'buidInfoService' to bean named 'buidInfoMapper'
  2019-01-28 17:55:30,996 [main] DEBUG - Processing injected element of bean 'buidInfoService': AutowiredFieldElement for private com.sys.mapper.ItemCodeInfoMapper com.sys.service.BuidInfoService.itemCodeInfoMapper
  2019-01-28 17:55:30,997 [main] DEBUG - Creating shared instance of singleton bean 'itemCodeInfoMapper'
  2019-01-28 17:55:30,997 [main] DEBUG - Creating instance of bean 'itemCodeInfoMapper'
  2019-01-28 17:55:30,997 [main] DEBUG - Returning cached instance of singleton bean 'org.springframework.aop.support.DefaultBeanFactoryPointcutAdvisor#0'
  2019-01-28 17:55:30,997 [main] DEBUG - Returning cached instance of singleton bean 'org.springframework.cache.config.internalCacheAdvisor'
  2019-01-28 17:55:30,998 [main] DEBUG - Eagerly caching bean 'itemCodeInfoMapper' to allow for resolving potential circular references
  2019-01-28 17:55:31,027 [main] DEBUG - Returning cached instance of singleton bean 'sqlSessionFactory'
  2019-01-28 17:55:31,028 [main] DEBUG - Invoking afterPropertiesSet() on bean with name 'itemCodeInfoMapper'
  2019-01-28 17:55:31,028 [main] DEBUG - Returning cached instance of singleton bean 'org.springframework.aop.support.DefaultBeanFactoryPointcutAdvisor#0'
  2019-01-28 17:55:31,029 [main] DEBUG - Returning cached instance of singleton bean 'org.springframework.cache.config.internalCacheAdvisor'
  2019-01-28 17:55:31,029 [main] DEBUG - Returning cached instance of singleton bean 'org.springframework.aop.support.DefaultBeanFactoryPointcutAdvisor#0'
  2019-01-28 17:55:31,029 [main] DEBUG - Returning cached instance of singleton bean 'org.springframework.cache.config.internalCacheAdvisor'
  2019-01-28 17:55:31,029 [main] DEBUG - Finished creating instance of bean 'itemCodeInfoMapper'
  2019-01-28 17:55:31,030 [main] DEBUG - Returning cached instance of singleton bean 'org.springframework.aop.support.DefaultBeanFactoryPointcutAdvisor#0'
  2019-01-28 17:55:31,030 [main] DEBUG - Returning cached instance of singleton bean 'org.springframework.cache.config.internalCacheAdvisor'
  2019-01-28 17:55:31,030 [main] DEBUG - Returning cached instance of singleton bean 'org.springframework.aop.support.DefaultBeanFactoryPointcutAdvisor#0'
  2019-01-28 17:55:31,030 [main] DEBUG - Returning cached instance of singleton bean 'org.springframework.cache.config.internalCacheAdvisor'
  2019-01-28 17:55:31,032 [main] DEBUG - Autowiring by type from bean name 'buidInfoService' to bean named 'itemCodeInfoMapper'
  2019-01-28 17:55:31,032 [main] DEBUG - Returning cached instance of singleton bean 'org.springframework.aop.support.DefaultBeanFactoryPointcutAdvisor#0'
  2019-01-28 17:55:31,033 [main] DEBUG - Returning cached instance of singleton bean 'org.springframework.cache.config.internalCacheAdvisor'
  2019-01-28 17:55:31,033 [main] DEBUG - Returning cached instance of singleton bean 'org.springframework.aop.support.DefaultBeanFactoryPointcutAdvisor#0'
  2019-01-28 17:55:31,033 [main] DEBUG - Returning cached instance of singleton bean 'org.springframework.cache.config.internalCacheAdvisor'
  2019-01-28 17:55:31,034 [main] DEBUG - Creating implicit proxy for bean 'buidInfoService' with 0 common interceptors and 2 specific interceptors
  2019-01-28 17:55:31,034 [main] DEBUG - Creating CGLIB proxy: target source is SingletonTargetSource for target object [com.sys.service.BuidInfoService@787d1f9c]
  2019-01-28 17:55:31,034 [main] DEBUG - Finished creating instance of bean 'buidInfoService'
  2019-01-28 17:55:31,035 [main] DEBUG - Returning cached instance of singleton bean 'messageAndFormService'
  2019-01-28 17:55:31,035 [main] DEBUG - Creating shared instance of singleton bean 'contractDetailService'
  2019-01-28 17:55:31,035 [main] DEBUG - Creating instance of bean 'contractDetailService'
  2019-01-28 17:55:31,035 [main] DEBUG - Returning cached instance of singleton bean 'org.springframework.aop.support.DefaultBeanFactoryPointcutAdvisor#0'
  2019-01-28 17:55:31,035 [main] DEBUG - Returning cached instance of singleton bean 'org.springframework.cache.config.internalCacheAdvisor'
  2019-01-28 17:55:31,036 [main] DEBUG - Registered injected element on class [com.sys.service.ContractDetailService]: AutowiredFieldElement for private com.sys.mapper.IMapper com.sys.service.BaseService.mapper
  2019-01-28 17:55:31,036 [main] DEBUG - Registered injected element on class [com.sys.service.ContractDetailService]: AutowiredFieldElement for private com.sys.service.ContractTemplateService com.sys.service.ContractDetailService.contractTemplateService
  2019-01-28 17:55:31,036 [main] DEBUG - Registered injected element on class [com.sys.service.ContractDetailService]: AutowiredFieldElement for private com.sys.service.serialnum.SerialNumService com.sys.service.ContractDetailService.serialNumService
  2019-01-28 17:55:31,038 [main] DEBUG - Registered injected element on class [com.sys.service.ContractDetailService]: AutowiredFieldElement for private com.sys.mapper.ParmItemMapper com.sys.service.ContractDetailService.parmItemMapper
  2019-01-28 17:55:31,038 [main] DEBUG - Registered injected element on class [com.sys.service.ContractDetailService]: AutowiredFieldElement for private com.sys.service.apply.ApplyService com.sys.service.ContractDetailService.applyService
  2019-01-28 17:55:31,039 [main] DEBUG - Registered injected element on class [com.sys.service.ContractDetailService]: AutowiredFieldElement for private com.sys.service.apply.ApplyForgraDuateService com.sys.service.ContractDetailService.applyForgraDuateService
  2019-01-28 17:55:31,039 [main] DEBUG - Registered injected element on class [com.sys.service.ContractDetailService]: AutowiredFieldElement for private com.sys.service.apply.ApplyButieService com.sys.service.ContractDetailService.applyButieService
  2019-01-28 17:55:31,039 [main] DEBUG - Registered injected element on class [com.sys.service.ContractDetailService]: AutowiredFieldElement for private com.sys.service.apply.ApplyForForeignService com.sys.service.ContractDetailService.applyForForeignService
  2019-01-28 17:55:31,039 [main] DEBUG - Registered injected element on class [com.sys.service.ContractDetailService]: AutowiredFieldElement for private com.sys.mapper.SourceHouseMapper com.sys.service.ContractDetailService.sourceHouseMapper
  2019-01-28 17:55:31,039 [main] DEBUG - Registered injected element on class [com.sys.service.ContractDetailService]: AutowiredFieldElement for private com.sys.mapper.contract.ContractDetailMapper com.sys.service.ContractDetailService.contractDetailMapper
  2019-01-28 17:55:31,039 [main] DEBUG - Registered injected element on class [com.sys.service.ContractDetailService]: AutowiredFieldElement for private com.sys.mapper.apply.ApplyChangeMapper com.sys.service.ContractDetailService.applyChangeMapper
  2019-01-28 17:55:31,040 [main] DEBUG - Registered injected element on class [com.sys.service.ContractDetailService]: AutowiredFieldElement for private com.sys.service.common.MessageAndFormService com.sys.service.ContractDetailService.messageAndFormService
  2019-01-28 17:55:31,040 [main] DEBUG - Registered injected element on class [com.sys.service.ContractDetailService]: AutowiredFieldElement for private com.sys.service.schedule.ScheduleJobService com.sys.service.ContractDetailService.scheduleJobService
  2019-01-28 17:55:31,040 [main] DEBUG - Registered injected element on class [com.sys.service.ContractDetailService]: AutowiredFieldElement for private com.sys.service.ApplyUserinfoService com.sys.service.ContractDetailService.applyUserinfoService
  2019-01-28 17:55:31,040 [main] DEBUG - Registered injected element on class [com.sys.service.ContractDetailService]: AutowiredFieldElement for private com.sys.mapper.apply.ApproveMapper com.sys.service.ContractDetailService.approveMapper
  2019-01-28 17:55:31,040 [main] DEBUG - Registered injected element on class [com.sys.service.ContractDetailService]: AutowiredFieldElement for private com.sys.mapper.HisRentMapper com.sys.service.ContractDetailService.hisRentMapper
  2019-01-28 17:55:31,041 [main] DEBUG - Registered injected element on class [com.sys.service.ContractDetailService]: AutowiredFieldElement for private com.sys.service.ContractDetailService com.sys.service.ContractDetailService.contractDetailService
  2019-01-28 17:55:31,041 [main] DEBUG - Registered injected element on class [com.sys.service.ContractDetailService]: AutowiredFieldElement for private com.sys.common.DynamicallyGeneratedWordUtil com.sys.service.ContractDetailService.dynamicallyGeneratedWordService
  2019-01-28 17:55:31,041 [main] DEBUG - Eagerly caching bean 'contractDetailService' to allow for resolving potential circular references
  2019-01-28 17:55:31,042 [main] DEBUG - Processing injected element of bean 'contractDetailService': AutowiredFieldElement for private com.sys.mapper.IMapper com.sys.service.BaseService.mapper
  2019-01-28 17:55:31,042 [main] DEBUG - Returning cached instance of singleton bean 'contractDetailMapper'
  2019-01-28 17:55:31,043 [main] DEBUG - Autowiring by type from bean name 'contractDetailService' to bean named 'contractDetailMapper'
  2019-01-28 17:55:31,043 [main] DEBUG - Processing injected element of bean 'contractDetailService': AutowiredFieldElement for private com.sys.service.ContractTemplateService com.sys.service.ContractDetailService.contractTemplateService
  2019-01-28 17:55:31,044 [main] DEBUG - Creating shared instance of singleton bean 'contractTemplateService'
  2019-01-28 17:55:31,045 [main] DEBUG - Creating instance of bean 'contractTemplateService'
  2019-01-28 17:55:31,045 [main] DEBUG - Returning cached instance of singleton bean 'org.springframework.aop.support.DefaultBeanFactoryPointcutAdvisor#0'
  2019-01-28 17:55:31,045 [main] DEBUG - Returning cached instance of singleton bean 'org.springframework.cache.config.internalCacheAdvisor'
  2019-01-28 17:55:31,046 [main] DEBUG - Registered injected element on class [com.sys.service.ContractTemplateService]: AutowiredFieldElement for private com.sys.mapper.IMapper com.sys.service.BaseService.mapper
  2019-01-28 17:55:31,046 [main] DEBUG - Registered injected element on class [com.sys.service.ContractTemplateService]: AutowiredFieldElement for private com.sys.mapper.contract.ContractTemplateMapper com.sys.service.ContractTemplateService.contractTemplateMapper
  2019-01-28 17:55:31,047 [main] DEBUG - Registered injected element on class [com.sys.service.ContractTemplateService]: AutowiredFieldElement for private com.sys.service.serialnum.SerialNumService com.sys.service.ContractTemplateService.serialNumService
  2019-01-28 17:55:31,047 [main] DEBUG - Registered injected element on class [com.sys.service.ContractTemplateService]: AutowiredFieldElement for private com.sys.service.ContractDetailService com.sys.service.ContractTemplateService.contractDetailService
  2019-01-28 17:55:31,047 [main] DEBUG - Registered injected element on class [com.sys.service.ContractTemplateService]: AutowiredFieldElement for private com.sys.common.DynamicallyGeneratedWordUtil com.sys.service.ContractTemplateService.dynamicallyGeneratedWordService
  2019-01-28 17:55:31,047 [main] DEBUG - Registered injected element on class [com.sys.service.ContractTemplateService]: AutowiredFieldElement for private com.sys.mapper.contract.ContractDetailMapper com.sys.service.ContractTemplateService.contractDetailMapper
  2019-01-28 17:55:31,048 [main] DEBUG - Registered injected element on class [com.sys.service.ContractTemplateService]: AutowiredFieldElement for private com.sys.mapper.apply.ApplyMapper com.sys.service.ContractTemplateService.applyMapper
  2019-01-28 17:55:31,048 [main] DEBUG - Registered injected element on class [com.sys.service.ContractTemplateService]: AutowiredFieldElement for private com.sys.mapper.apply.ApplyFamilyMemberMapper com.sys.service.ContractTemplateService.applyFamilyMemberMapper
  2019-01-28 17:55:31,048 [main] DEBUG - Registered injected element on class [com.sys.service.ContractTemplateService]: AutowiredFieldElement for private com.sys.mapper.SourceHouseMapper com.sys.service.ContractTemplateService.sourceHouseMapper
  2019-01-28 17:55:31,049 [main] DEBUG - Registered injected element on class [com.sys.service.ContractTemplateService]: AutowiredFieldElement for private com.sys.mapper.ItemCodeInfoMapper com.sys.service.ContractTemplateService.itemCodeInfoMapper
  2019-01-28 17:55:31,049 [main] DEBUG - Registered injected element on class [com.sys.service.ContractTemplateService]: AutowiredFieldElement for private com.sys.mapper.FactMappingMapper com.sys.service.ContractTemplateService.factMappingMapper
  2019-01-28 17:55:31,049 [main] DEBUG - Registered injected element on class [com.sys.service.ContractTemplateService]: AutowiredFieldElement for private com.sys.mapper.apply.ApplyForForeignMapper com.sys.service.ContractTemplateService.applyForForeignMapper
  2019-01-28 17:55:31,049 [main] DEBUG - Registered injected element on class [com.sys.service.ContractTemplateService]: AutowiredFieldElement for private com.sys.mapper.apply.ApplyForgraDuateMapper com.sys.service.ContractTemplateService.applyForgraDuateMapper
  2019-01-28 17:55:31,050 [main] DEBUG - Registered injected element on class [com.sys.service.ContractTemplateService]: AutowiredFieldElement for private com.sys.mapper.ParmItemMapper com.sys.service.ContractTemplateService.parmItemMapper
  2019-01-28 17:55:31,050 [main] DEBUG - Registered injected element on class [com.sys.service.ContractTemplateService]: AutowiredFieldElement for private com.sys.mapper.apply.ApplyButieMapper com.sys.service.ContractTemplateService.applyButieMapper
  2019-01-28 17:55:31,050 [main] DEBUG - Registered injected element on class [com.sys.service.ContractTemplateService]: AutowiredFieldElement for private com.sys.mapper.apply.ApplyUnitMapper com.sys.service.ContractTemplateService.applyUnitMapper
  2019-01-28 17:55:31,050 [main] DEBUG - Registered injected element on class [com.sys.service.ContractTemplateService]: AutowiredFieldElement for private com.sys.mapper.apply.ApplyFamilyHouseMapper com.sys.service.ContractTemplateService.applyFamilyHouseMapper
  2019-01-28 17:55:31,050 [main] DEBUG - Registered injected element on class [com.sys.service.ContractTemplateService]: AutowiredFieldElement for private com.sys.service.schedule.ScheduleJobService com.sys.service.ContractTemplateService.scheduleJobService
  2019-01-28 17:55:31,051 [main] DEBUG - Eagerly caching bean 'contractTemplateService' to allow for resolving potential circular references
  2019-01-28 17:55:31,051 [main] DEBUG - Processing injected element of bean 'contractTemplateService': AutowiredFieldElement for private com.sys.mapper.IMapper com.sys.service.BaseService.mapper
  2019-01-28 17:55:31,052 [main] DEBUG - Creating shared instance of singleton bean 'contractTemplateMapper'
  2019-01-28 17:55:31,053 [main] DEBUG - Creating instance of bean 'contractTemplateMapper'
  2019-01-28 17:55:31,053 [main] DEBUG - Returning cached instance of singleton bean 'org.springframework.aop.support.DefaultBeanFactoryPointcutAdvisor#0'
  2019-01-28 17:55:31,053 [main] DEBUG - Returning cached instance of singleton bean 'org.springframework.cache.config.internalCacheAdvisor'
  2019-01-28 17:55:31,053 [main] DEBUG - Eagerly caching bean 'contractTemplateMapper' to allow for resolving potential circular references
  2019-01-28 17:55:31,054 [main] DEBUG - Returning cached instance of singleton bean 'sqlSessionFactory'
  2019-01-28 17:55:31,054 [main] DEBUG - Invoking afterPropertiesSet() on bean with name 'contractTemplateMapper'
  2019-01-28 17:55:31,055 [main] DEBUG - Returning cached instance of singleton bean 'org.springframework.aop.support.DefaultBeanFactoryPointcutAdvisor#0'
  2019-01-28 17:55:31,055 [main] DEBUG - Returning cached instance of singleton bean 'org.springframework.cache.config.internalCacheAdvisor'
  2019-01-28 17:55:31,055 [main] DEBUG - Returning cached instance of singleton bean 'org.springframework.aop.support.DefaultBeanFactoryPointcutAdvisor#0'
  2019-01-28 17:55:31,055 [main] DEBUG - Returning cached instance of singleton bean 'org.springframework.cache.config.internalCacheAdvisor'
  2019-01-28 17:55:31,056 [main] DEBUG - Finished creating instance of bean 'contractTemplateMapper'
  2019-01-28 17:55:31,056 [main] DEBUG - Returning cached instance of singleton bean 'org.springframework.aop.support.DefaultBeanFactoryPointcutAdvisor#0'
  2019-01-28 17:55:31,057 [main] DEBUG - Returning cached instance of singleton bean 'org.springframework.cache.config.internalCacheAdvisor'
  2019-01-28 17:55:31,057 [main] DEBUG - Returning cached instance of singleton bean 'org.springframework.aop.support.DefaultBeanFactoryPointcutAdvisor#0'
  2019-01-28 17:55:31,057 [main] DEBUG - Returning cached instance of singleton bean 'org.springframework.cache.config.internalCacheAdvisor'
  2019-01-28 17:55:31,058 [main] DEBUG - Autowiring by type from bean name 'contractTemplateService' to bean named 'contractTemplateMapper'
  2019-01-28 17:55:31,059 [main] DEBUG - Processing injected element of bean 'contractTemplateService': AutowiredFieldElement for private com.sys.mapper.contract.ContractTemplateMapper com.sys.service.ContractTemplateService.contractTemplateMapper
  2019-01-28 17:55:31,060 [main] DEBUG - Returning cached instance of singleton bean 'contractTemplateMapper'
  2019-01-28 17:55:31,060 [main] DEBUG - Autowiring by type from bean name 'contractTemplateService' to bean named 'contractTemplateMapper'
  2019-01-28 17:55:31,060 [main] DEBUG - Processing injected element of bean 'contractTemplateService': AutowiredFieldElement for private com.sys.service.serialnum.SerialNumService com.sys.service.ContractTemplateService.serialNumService
  2019-01-28 17:55:31,061 [main] DEBUG - Returning cached instance of singleton bean 'serialNumService'
  2019-01-28 17:55:31,061 [main] DEBUG - Autowiring by type from bean name 'contractTemplateService' to bean named 'serialNumService'
  2019-01-28 17:55:31,061 [main] DEBUG - Processing injected element of bean 'contractTemplateService': AutowiredFieldElement for private com.sys.service.ContractDetailService com.sys.service.ContractTemplateService.contractDetailService
  2019-01-28 17:55:31,062 [main] DEBUG - Returning cached instance of singleton bean 'org.springframework.aop.support.DefaultBeanFactoryPointcutAdvisor#0'
  2019-01-28 17:55:31,063 [main] DEBUG - Returning cached instance of singleton bean 'org.springframework.cache.config.internalCacheAdvisor'
  2019-01-28 17:55:31,063 [main] DEBUG - Returning cached instance of singleton bean 'org.springframework.aop.support.DefaultBeanFactoryPointcutAdvisor#0'
  2019-01-28 17:55:31,063 [main] DEBUG - Returning cached instance of singleton bean 'org.springframework.cache.config.internalCacheAdvisor'
  2019-01-28 17:55:31,066 [main] DEBUG - Creating implicit proxy for bean 'contractDetailService' with 0 common interceptors and 2 specific interceptors
  2019-01-28 17:55:31,066 [main] DEBUG - Creating CGLIB proxy: target source is SingletonTargetSource for target object [com.sys.service.ContractDetailService@682e445e]
  2019-01-28 17:55:31,067 [main] DEBUG - Returning eagerly cached instance of singleton bean 'contractDetailService' that is not fully initialized yet - a consequence of a circular reference
  2019-01-28 17:55:31,067 [main] DEBUG - Autowiring by type from bean name 'contractTemplateService' to bean named 'contractDetailService'
  2019-01-28 17:55:31,067 [main] DEBUG - Processing injected element of bean 'contractTemplateService': AutowiredFieldElement for private com.sys.common.DynamicallyGeneratedWordUtil com.sys.service.ContractTemplateService.dynamicallyGeneratedWordService
  2019-01-28 17:55:31,069 [main] DEBUG - Returning cached instance of singleton bean 'dynamicallyGeneratedWordUtil'
  2019-01-28 17:55:31,069 [main] DEBUG - Autowiring by type from bean name 'contractTemplateService' to bean named 'dynamicallyGeneratedWordUtil'
  2019-01-28 17:55:31,070 [main] DEBUG - Processing injected element of bean 'contractTemplateService': AutowiredFieldElement for private com.sys.mapper.contract.ContractDetailMapper com.sys.service.ContractTemplateService.contractDetailMapper
  2019-01-28 17:55:31,070 [main] DEBUG - Returning cached instance of singleton bean 'contractDetailMapper'
  2019-01-28 17:55:31,071 [main] DEBUG - Autowiring by type from bean name 'contractTemplateService' to bean named 'contractDetailMapper'
  2019-01-28 17:55:31,071 [main] DEBUG - Processing injected element of bean 'contractTemplateService': AutowiredFieldElement for private com.sys.mapper.apply.ApplyMapper com.sys.service.ContractTemplateService.applyMapper
  2019-01-28 17:55:31,072 [main] DEBUG - Returning cached instance of singleton bean 'applyMapper'
  2019-01-28 17:55:31,072 [main] DEBUG - Autowiring by type from bean name 'contractTemplateService' to bean named 'applyMapper'
  2019-01-28 17:55:31,072 [main] DEBUG - Processing injected element of bean 'contractTemplateService': AutowiredFieldElement for private com.sys.mapper.apply.ApplyFamilyMemberMapper com.sys.service.ContractTemplateService.applyFamilyMemberMapper
  2019-01-28 17:55:31,072 [main] DEBUG - Returning cached instance of singleton bean 'applyFamilyMemberMapper'
  2019-01-28 17:55:31,073 [main] DEBUG - Autowiring by type from bean name 'contractTemplateService' to bean named 'applyFamilyMemberMapper'
  2019-01-28 17:55:31,073 [main] DEBUG - Processing injected element of bean 'contractTemplateService': AutowiredFieldElement for private com.sys.mapper.SourceHouseMapper com.sys.service.ContractTemplateService.sourceHouseMapper
  2019-01-28 17:55:31,074 [main] DEBUG - Creating shared instance of singleton bean 'sourceHouseMapper'
  2019-01-28 17:55:31,075 [main] DEBUG - Creating instance of bean 'sourceHouseMapper'
  2019-01-28 17:55:31,075 [main] DEBUG - Returning cached instance of singleton bean 'org.springframework.aop.support.DefaultBeanFactoryPointcutAdvisor#0'
  2019-01-28 17:55:31,075 [main] DEBUG - Returning cached instance of singleton bean 'org.springframework.cache.config.internalCacheAdvisor'
  2019-01-28 17:55:31,076 [main] DEBUG - Eagerly caching bean 'sourceHouseMapper' to allow for resolving potential circular references
  2019-01-28 17:55:31,076 [main] DEBUG - Returning cached instance of singleton bean 'sqlSessionFactory'
  2019-01-28 17:55:31,077 [main] DEBUG - Invoking afterPropertiesSet() on bean with name 'sourceHouseMapper'
  2019-01-28 17:55:31,077 [main] DEBUG - Returning cached instance of singleton bean 'org.springframework.aop.support.DefaultBeanFactoryPointcutAdvisor#0'
  2019-01-28 17:55:31,077 [main] DEBUG - Returning cached instance of singleton bean 'org.springframework.cache.config.internalCacheAdvisor'
  2019-01-28 17:55:31,078 [main] DEBUG - Returning cached instance of singleton bean 'org.springframework.aop.support.DefaultBeanFactoryPointcutAdvisor#0'
  2019-01-28 17:55:31,078 [main] DEBUG - Returning cached instance of singleton bean 'org.springframework.cache.config.internalCacheAdvisor'
  2019-01-28 17:55:31,079 [main] DEBUG - Finished creating instance of bean 'sourceHouseMapper'
  2019-01-28 17:55:31,079 [main] DEBUG - Returning cached instance of singleton bean 'org.springframework.aop.support.DefaultBeanFactoryPointcutAdvisor#0'
  2019-01-28 17:55:31,079 [main] DEBUG - Returning cached instance of singleton bean 'org.springframework.cache.config.internalCacheAdvisor'
  2019-01-28 17:55:31,080 [main] DEBUG - Returning cached instance of singleton bean 'org.springframework.aop.support.DefaultBeanFactoryPointcutAdvisor#0'
  2019-01-28 17:55:31,080 [main] DEBUG - Returning cached instance of singleton bean 'org.springframework.cache.config.internalCacheAdvisor'
  2019-01-28 17:55:31,082 [main] DEBUG - Autowiring by type from bean name 'contractTemplateService' to bean named 'sourceHouseMapper'
  2019-01-28 17:55:31,083 [main] DEBUG - Processing injected element of bean 'contractTemplateService': AutowiredFieldElement for private com.sys.mapper.ItemCodeInfoMapper com.sys.service.ContractTemplateService.itemCodeInfoMapper
  2019-01-28 17:55:31,083 [main] DEBUG - Returning cached instance of singleton bean 'itemCodeInfoMapper'
  2019-01-28 17:55:31,083 [main] DEBUG - Autowiring by type from bean name 'contractTemplateService' to bean named 'itemCodeInfoMapper'
  2019-01-28 17:55:31,084 [main] DEBUG - Processing injected element of bean 'contractTemplateService': AutowiredFieldElement for private com.sys.mapper.FactMappingMapper com.sys.service.ContractTemplateService.factMappingMapper
  2019-01-28 17:55:31,085 [main] DEBUG - Creating shared instance of singleton bean 'factMappingMapper'
  2019-01-28 17:55:31,086 [main] DEBUG - Creating instance of bean 'factMappingMapper'
  2019-01-28 17:55:31,086 [main] DEBUG - Returning cached instance of singleton bean 'org.springframework.aop.support.DefaultBeanFactoryPointcutAdvisor#0'
  2019-01-28 17:55:31,087 [main] DEBUG - Returning cached instance of singleton bean 'org.springframework.cache.config.internalCacheAdvisor'
  2019-01-28 17:55:31,087 [main] DEBUG - Eagerly caching bean 'factMappingMapper' to allow for resolving potential circular references
  2019-01-28 17:55:31,088 [main] DEBUG - Returning cached instance of singleton bean 'sqlSessionFactory'
  2019-01-28 17:55:31,089 [main] DEBUG - Invoking afterPropertiesSet() on bean with name 'factMappingMapper'
  2019-01-28 17:55:31,089 [main] DEBUG - Returning cached instance of singleton bean 'org.springframework.aop.support.DefaultBeanFactoryPointcutAdvisor#0'
  2019-01-28 17:55:31,089 [main] DEBUG - Returning cached instance of singleton bean 'org.springframework.cache.config.internalCacheAdvisor'
  2019-01-28 17:55:31,089 [main] DEBUG - Returning cached instance of singleton bean 'org.springframework.aop.support.DefaultBeanFactoryPointcutAdvisor#0'
  2019-01-28 17:55:31,091 [main] DEBUG - Returning cached instance of singleton bean 'org.springframework.cache.config.internalCacheAdvisor'
  2019-01-28 17:55:31,092 [main] DEBUG - Finished creating instance of bean 'factMappingMapper'
  2019-01-28 17:55:31,092 [main] DEBUG - Returning cached instance of singleton bean 'org.springframework.aop.support.DefaultBeanFactoryPointcutAdvisor#0'
  2019-01-28 17:55:31,093 [main] DEBUG - Returning cached instance of singleton bean 'org.springframework.cache.config.internalCacheAdvisor'
  2019-01-28 17:55:31,093 [main] DEBUG - Returning cached instance of singleton bean 'org.springframework.aop.support.DefaultBeanFactoryPointcutAdvisor#0'
  2019-01-28 17:55:31,093 [main] DEBUG - Returning cached instance of singleton bean 'org.springframework.cache.config.internalCacheAdvisor'
  2019-01-28 17:55:31,096 [main] DEBUG - Autowiring by type from bean name 'contractTemplateService' to bean named 'factMappingMapper'
  2019-01-28 17:55:31,096 [main] DEBUG - Processing injected element of bean 'contractTemplateService': AutowiredFieldElement for private com.sys.mapper.apply.ApplyForForeignMapper com.sys.service.ContractTemplateService.applyForForeignMapper
  2019-01-28 17:55:31,097 [main] DEBUG - Returning cached instance of singleton bean 'applyForForeignMapper'
  2019-01-28 17:55:31,097 [main] DEBUG - Autowiring by type from bean name 'contractTemplateService' to bean named 'applyForForeignMapper'
  2019-01-28 17:55:31,097 [main] DEBUG - Processing injected element of bean 'contractTemplateService': AutowiredFieldElement for private com.sys.mapper.apply.ApplyForgraDuateMapper com.sys.service.ContractTemplateService.applyForgraDuateMapper
  2019-01-28 17:55:31,098 [main] DEBUG - Returning cached instance of singleton bean 'applyForgraDuateMapper'
  2019-01-28 17:55:31,098 [main] DEBUG - Autowiring by type from bean name 'contractTemplateService' to bean named 'applyForgraDuateMapper'
  2019-01-28 17:55:31,098 [main] DEBUG - Processing injected element of bean 'contractTemplateService': AutowiredFieldElement for private com.sys.mapper.ParmItemMapper com.sys.service.ContractTemplateService.parmItemMapper
  2019-01-28 17:55:31,099 [main] DEBUG - Returning cached instance of singleton bean 'parmItemMapper'
  2019-01-28 17:55:31,099 [main] DEBUG - Autowiring by type from bean name 'contractTemplateService' to bean named 'parmItemMapper'
  2019-01-28 17:55:31,099 [main] DEBUG - Processing injected element of bean 'contractTemplateService': AutowiredFieldElement for private com.sys.mapper.apply.ApplyButieMapper com.sys.service.ContractTemplateService.applyButieMapper
  2019-01-28 17:55:31,099 [main] DEBUG - Returning cached instance of singleton bean 'applyButieMapper'
  2019-01-28 17:55:31,100 [main] DEBUG - Autowiring by type from bean name 'contractTemplateService' to bean named 'applyButieMapper'
  2019-01-28 17:55:31,100 [main] DEBUG - Processing injected element of bean 'contractTemplateService': AutowiredFieldElement for private com.sys.mapper.apply.ApplyUnitMapper com.sys.service.ContractTemplateService.applyUnitMapper
  2019-01-28 17:55:31,100 [main] DEBUG - Returning cached instance of singleton bean 'applyUnitMapper'
  2019-01-28 17:55:31,100 [main] DEBUG - Autowiring by type from bean name 'contractTemplateService' to bean named 'applyUnitMapper'
  2019-01-28 17:55:31,101 [main] DEBUG - Processing injected element of bean 'contractTemplateService': AutowiredFieldElement for private com.sys.mapper.apply.ApplyFamilyHouseMapper com.sys.service.ContractTemplateService.applyFamilyHouseMapper
  2019-01-28 17:55:31,101 [main] DEBUG - Returning cached instance of singleton bean 'applyFamilyHouseMapper'
  2019-01-28 17:55:31,101 [main] DEBUG - Autowiring by type from bean name 'contractTemplateService' to bean named 'applyFamilyHouseMapper'
  2019-01-28 17:55:31,102 [main] DEBUG - Processing injected element of bean 'contractTemplateService': AutowiredFieldElement for private com.sys.service.schedule.ScheduleJobService com.sys.service.ContractTemplateService.scheduleJobService
  2019-01-28 17:55:31,102 [main] DEBUG - Returning cached instance of singleton bean 'scheduleJobService'
  2019-01-28 17:55:31,102 [main] DEBUG - Autowiring by type from bean name 'contractTemplateService' to bean named 'scheduleJobService'
  2019-01-28 17:55:31,106 [main] DEBUG - Returning cached instance of singleton bean 'org.springframework.aop.support.DefaultBeanFactoryPointcutAdvisor#0'
  2019-01-28 17:55:31,107 [main] DEBUG - Returning cached instance of singleton bean 'org.springframework.cache.config.internalCacheAdvisor'
  2019-01-28 17:55:31,107 [main] DEBUG - Returning cached instance of singleton bean 'org.springframework.aop.support.DefaultBeanFactoryPointcutAdvisor#0'
  2019-01-28 17:55:31,107 [main] DEBUG - Returning cached instance of singleton bean 'org.springframework.cache.config.internalCacheAdvisor'
  2019-01-28 17:55:31,108 [main] DEBUG - Creating implicit proxy for bean 'contractTemplateService' with 0 common interceptors and 2 specific interceptors
  2019-01-28 17:55:31,109 [main] DEBUG - Creating CGLIB proxy: target source is SingletonTargetSource for target object [com.sys.service.ContractTemplateService@626c569b]
  2019-01-28 17:55:31,109 [main] DEBUG - Finished creating instance of bean 'contractTemplateService'
  2019-01-28 17:55:31,109 [main] DEBUG - Autowiring by type from bean name 'contractDetailService' to bean named 'contractTemplateService'
  2019-01-28 17:55:31,110 [main] DEBUG - Processing injected element of bean 'contractDetailService': AutowiredFieldElement for private com.sys.service.serialnum.SerialNumService com.sys.service.ContractDetailService.serialNumService
  2019-01-28 17:55:31,110 [main] DEBUG - Returning cached instance of singleton bean 'serialNumService'
  2019-01-28 17:55:31,110 [main] DEBUG - Autowiring by type from bean name 'contractDetailService' to bean named 'serialNumService'
  2019-01-28 17:55:31,110 [main] DEBUG - Processing injected element of bean 'contractDetailService': AutowiredFieldElement for private com.sys.mapper.ParmItemMapper com.sys.service.ContractDetailService.parmItemMapper
  2019-01-28 17:55:31,111 [main] DEBUG - Returning cached instance of singleton bean 'parmItemMapper'
  2019-01-28 17:55:31,111 [main] DEBUG - Autowiring by type from bean name 'contractDetailService' to bean named 'parmItemMapper'
  2019-01-28 17:55:31,111 [main] DEBUG - Processing injected element of bean 'contractDetailService': AutowiredFieldElement for private com.sys.service.apply.ApplyService com.sys.service.ContractDetailService.applyService
  2019-01-28 17:55:31,112 [main] DEBUG - Returning cached instance of singleton bean 'applyService'
  2019-01-28 17:55:31,112 [main] DEBUG - Autowiring by type from bean name 'contractDetailService' to bean named 'applyService'
  2019-01-28 17:55:31,112 [main] DEBUG - Processing injected element of bean 'contractDetailService': AutowiredFieldElement for private com.sys.service.apply.ApplyForgraDuateService com.sys.service.ContractDetailService.applyForgraDuateService
  2019-01-28 17:55:31,113 [main] DEBUG - Returning cached instance of singleton bean 'applyForgraDuateService'
  2019-01-28 17:55:31,113 [main] DEBUG - Autowiring by type from bean name 'contractDetailService' to bean named 'applyForgraDuateService'
  2019-01-28 17:55:31,113 [main] DEBUG - Processing injected element of bean 'contractDetailService': AutowiredFieldElement for private com.sys.service.apply.ApplyButieService com.sys.service.ContractDetailService.applyButieService
  2019-01-28 17:55:31,114 [main] DEBUG - Returning cached instance of singleton bean 'applyButieService'
  2019-01-28 17:55:31,114 [main] DEBUG - Autowiring by type from bean name 'contractDetailService' to bean named 'applyButieService'
  2019-01-28 17:55:31,115 [main] DEBUG - Processing injected element of bean 'contractDetailService': AutowiredFieldElement for private com.sys.service.apply.ApplyForForeignService com.sys.service.ContractDetailService.applyForForeignService
  2019-01-28 17:55:31,115 [main] DEBUG - Returning cached instance of singleton bean 'applyForForeignService'
  2019-01-28 17:55:31,115 [main] DEBUG - Autowiring by type from bean name 'contractDetailService' to bean named 'applyForForeignService'
  2019-01-28 17:55:31,116 [main] DEBUG - Processing injected element of bean 'contractDetailService': AutowiredFieldElement for private com.sys.mapper.SourceHouseMapper com.sys.service.ContractDetailService.sourceHouseMapper
  2019-01-28 17:55:31,116 [main] DEBUG - Returning cached instance of singleton bean 'sourceHouseMapper'
  2019-01-28 17:55:31,116 [main] DEBUG - Autowiring by type from bean name 'contractDetailService' to bean named 'sourceHouseMapper'
  2019-01-28 17:55:31,116 [main] DEBUG - Processing injected element of bean 'contractDetailService': AutowiredFieldElement for private com.sys.mapper.contract.ContractDetailMapper com.sys.service.ContractDetailService.contractDetailMapper
  2019-01-28 17:55:31,117 [main] DEBUG - Returning cached instance of singleton bean 'contractDetailMapper'
  2019-01-28 17:55:31,117 [main] DEBUG - Autowiring by type from bean name 'contractDetailService' to bean named 'contractDetailMapper'
  2019-01-28 17:55:31,117 [main] DEBUG - Processing injected element of bean 'contractDetailService': AutowiredFieldElement for private com.sys.mapper.apply.ApplyChangeMapper com.sys.service.ContractDetailService.applyChangeMapper
  2019-01-28 17:55:31,117 [main] DEBUG - Returning cached instance of singleton bean 'applyChangeMapper'
  2019-01-28 17:55:31,118 [main] DEBUG - Autowiring by type from bean name 'contractDetailService' to bean named 'applyChangeMapper'
  2019-01-28 17:55:31,118 [main] DEBUG - Processing injected element of bean 'contractDetailService': AutowiredFieldElement for private com.sys.service.common.MessageAndFormService com.sys.service.ContractDetailService.messageAndFormService
  2019-01-28 17:55:31,118 [main] DEBUG - Returning cached instance of singleton bean 'messageAndFormService'
  2019-01-28 17:55:31,118 [main] DEBUG - Autowiring by type from bean name 'contractDetailService' to bean named 'messageAndFormService'
  2019-01-28 17:55:31,118 [main] DEBUG - Processing injected element of bean 'contractDetailService': AutowiredFieldElement for private com.sys.service.schedule.ScheduleJobService com.sys.service.ContractDetailService.scheduleJobService
  2019-01-28 17:55:31,119 [main] DEBUG - Returning cached instance of singleton bean 'scheduleJobService'
  2019-01-28 17:55:31,119 [main] DEBUG - Autowiring by type from bean name 'contractDetailService' to bean named 'scheduleJobService'
  2019-01-28 17:55:31,119 [main] DEBUG - Processing injected element of bean 'contractDetailService': AutowiredFieldElement for private com.sys.service.ApplyUserinfoService com.sys.service.ContractDetailService.applyUserinfoService
  2019-01-28 17:55:31,120 [main] DEBUG - Returning cached instance of singleton bean 'applyUserinfoService'
  2019-01-28 17:55:31,120 [main] DEBUG - Autowiring by type from bean name 'contractDetailService' to bean named 'applyUserinfoService'
  2019-01-28 17:55:31,120 [main] DEBUG - Processing injected element of bean 'contractDetailService': AutowiredFieldElement for private com.sys.mapper.apply.ApproveMapper com.sys.service.ContractDetailService.approveMapper
  2019-01-28 17:55:31,121 [main] DEBUG - Returning cached instance of singleton bean 'approveMapper'
  2019-01-28 17:55:31,121 [main] DEBUG - Autowiring by type from bean name 'contractDetailService' to bean named 'approveMapper'
  2019-01-28 17:55:31,121 [main] DEBUG - Processing injected element of bean 'contractDetailService': AutowiredFieldElement for private com.sys.mapper.HisRentMapper com.sys.service.ContractDetailService.hisRentMapper
  2019-01-28 17:55:31,122 [main] DEBUG - Creating shared instance of singleton bean 'hisRentMapper'
  2019-01-28 17:55:31,123 [main] DEBUG - Creating instance of bean 'hisRentMapper'
  2019-01-28 17:55:31,123 [main] DEBUG - Returning cached instance of singleton bean 'org.springframework.aop.support.DefaultBeanFactoryPointcutAdvisor#0'
  2019-01-28 17:55:31,123 [main] DEBUG - Returning cached instance of singleton bean 'org.springframework.cache.config.internalCacheAdvisor'
  2019-01-28 17:55:31,124 [main] DEBUG - Eagerly caching bean 'hisRentMapper' to allow for resolving potential circular references
  2019-01-28 17:55:31,124 [main] DEBUG - Returning cached instance of singleton bean 'sqlSessionFactory'
  2019-01-28 17:55:31,125 [main] DEBUG - Invoking afterPropertiesSet() on bean with name 'hisRentMapper'
  2019-01-28 17:55:31,125 [main] DEBUG - Returning cached instance of singleton bean 'org.springframework.aop.support.DefaultBeanFactoryPointcutAdvisor#0'
  2019-01-28 17:55:31,126 [main] DEBUG - Returning cached instance of singleton bean 'org.springframework.cache.config.internalCacheAdvisor'
  2019-01-28 17:55:31,126 [main] DEBUG - Returning cached instance of singleton bean 'org.springframework.aop.support.DefaultBeanFactoryPointcutAdvisor#0'
  2019-01-28 17:55:31,127 [main] DEBUG - Returning cached instance of singleton bean 'org.springframework.cache.config.internalCacheAdvisor'
  2019-01-28 17:55:31,127 [main] DEBUG - Finished creating instance of bean 'hisRentMapper'
  2019-01-28 17:55:31,127 [main] DEBUG - Returning cached instance of singleton bean 'org.springframework.aop.support.DefaultBeanFactoryPointcutAdvisor#0'
  2019-01-28 17:55:31,128 [main] DEBUG - Returning cached instance of singleton bean 'org.springframework.cache.config.internalCacheAdvisor'
  2019-01-28 17:55:31,128 [main] DEBUG - Returning cached instance of singleton bean 'org.springframework.aop.support.DefaultBeanFactoryPointcutAdvisor#0'
  2019-01-28 17:55:31,128 [main] DEBUG - Returning cached instance of singleton bean 'org.springframework.cache.config.internalCacheAdvisor'
  2019-01-28 17:55:31,130 [main] DEBUG - Autowiring by type from bean name 'contractDetailService' to bean named 'hisRentMapper'
  2019-01-28 17:55:31,131 [main] DEBUG - Processing injected element of bean 'contractDetailService': AutowiredFieldElement for private com.sys.service.ContractDetailService com.sys.service.ContractDetailService.contractDetailService
  2019-01-28 17:55:31,131 [main] DEBUG - Returning eagerly cached instance of singleton bean 'contractDetailService' that is not fully initialized yet - a consequence of a circular reference
  2019-01-28 17:55:31,131 [main] DEBUG - Autowiring by type from bean name 'contractDetailService' to bean named 'contractDetailService'
  2019-01-28 17:55:31,131 [main] DEBUG - Processing injected element of bean 'contractDetailService': AutowiredFieldElement for private com.sys.common.DynamicallyGeneratedWordUtil com.sys.service.ContractDetailService.dynamicallyGeneratedWordService
  2019-01-28 17:55:31,132 [main] DEBUG - Returning cached instance of singleton bean 'dynamicallyGeneratedWordUtil'
  2019-01-28 17:55:31,132 [main] DEBUG - Autowiring by type from bean name 'contractDetailService' to bean named 'dynamicallyGeneratedWordUtil'
  2019-01-28 17:55:31,133 [main] DEBUG - Finished creating instance of bean 'contractDetailService'
  2019-01-28 17:55:31,133 [main] DEBUG - Returning cached instance of singleton bean 'contractTemplateService'
  2019-01-28 17:55:31,134 [main] DEBUG - Creating shared instance of singleton bean 'factMappingService'
  2019-01-28 17:55:31,134 [main] DEBUG - Creating instance of bean 'factMappingService'
  2019-01-28 17:55:31,134 [main] DEBUG - Returning cached instance of singleton bean 'org.springframework.aop.support.DefaultBeanFactoryPointcutAdvisor#0'
  2019-01-28 17:55:31,134 [main] DEBUG - Returning cached instance of singleton bean 'org.springframework.cache.config.internalCacheAdvisor'
  2019-01-28 17:55:31,135 [main] DEBUG - Registered injected element on class [com.sys.service.FactMappingService]: AutowiredFieldElement for private com.sys.mapper.FactMappingMapper com.sys.service.FactMappingService.factMappingMapper
  2019-01-28 17:55:31,135 [main] DEBUG - Eagerly caching bean 'factMappingService' to allow for resolving potential circular references
  2019-01-28 17:55:31,135 [main] DEBUG - Processing injected element of bean 'factMappingService': AutowiredFieldElement for private com.sys.mapper.FactMappingMapper com.sys.service.FactMappingService.factMappingMapper
  2019-01-28 17:55:31,136 [main] DEBUG - Returning cached instance of singleton bean 'factMappingMapper'
  2019-01-28 17:55:31,136 [main] DEBUG - Autowiring by type from bean name 'factMappingService' to bean named 'factMappingMapper'
  2019-01-28 17:55:31,138 [main] DEBUG - Returning cached instance of singleton bean 'org.springframework.aop.support.DefaultBeanFactoryPointcutAdvisor#0'
  2019-01-28 17:55:31,138 [main] DEBUG - Returning cached instance of singleton bean 'org.springframework.cache.config.internalCacheAdvisor'
  2019-01-28 17:55:31,138 [main] DEBUG - Returning cached instance of singleton bean 'org.springframework.aop.support.DefaultBeanFactoryPointcutAdvisor#0'
  2019-01-28 17:55:31,147 [main] DEBUG - Returning cached instance of singleton bean 'org.springframework.cache.config.internalCacheAdvisor'
  2019-01-28 17:55:31,153 [main] DEBUG - Creating implicit proxy for bean 'factMappingService' with 0 common interceptors and 2 specific interceptors
  2019-01-28 17:55:31,153 [main] DEBUG - Creating CGLIB proxy: target source is SingletonTargetSource for target object [com.sys.service.FactMappingService@9a9aa68]
  2019-01-28 17:55:31,154 [main] DEBUG - Finished creating instance of bean 'factMappingService'
  2019-01-28 17:55:31,154 [main] DEBUG - Returning cached instance of singleton bean 'flowService'
  2019-01-28 17:55:31,154 [main] DEBUG - Creating shared instance of singleton bean 'hisRentService'
  2019-01-28 17:55:31,154 [main] DEBUG - Creating instance of bean 'hisRentService'
  2019-01-28 17:55:31,154 [main] DEBUG - Returning cached instance of singleton bean 'org.springframework.aop.support.DefaultBeanFactoryPointcutAdvisor#0'
  2019-01-28 17:55:31,155 [main] DEBUG - Returning cached instance of singleton bean 'org.springframework.cache.config.internalCacheAdvisor'
  2019-01-28 17:55:31,155 [main] DEBUG - Registered injected element on class [com.sys.service.HisRentService]: AutowiredFieldElement for private com.sys.mapper.IMapper com.sys.service.BaseService.mapper
  2019-01-28 17:55:31,156 [main] DEBUG - Registered injected element on class [com.sys.service.HisRentService]: AutowiredFieldElement for private com.sys.mapper.HisRentMapper com.sys.service.HisRentService.hisRentMapper
  2019-01-28 17:55:31,156 [main] DEBUG - Eagerly caching bean 'hisRentService' to allow for resolving potential circular references
  2019-01-28 17:55:31,156 [main] DEBUG - Processing injected element of bean 'hisRentService': AutowiredFieldElement for private com.sys.mapper.IMapper com.sys.service.BaseService.mapper
  2019-01-28 17:55:31,157 [main] DEBUG - Returning cached instance of singleton bean 'hisRentMapper'
  2019-01-28 17:55:31,157 [main] DEBUG - Autowiring by type from bean name 'hisRentService' to bean named 'hisRentMapper'
  2019-01-28 17:55:31,157 [main] DEBUG - Processing injected element of bean 'hisRentService': AutowiredFieldElement for private com.sys.mapper.HisRentMapper com.sys.service.HisRentService.hisRentMapper
  2019-01-28 17:55:31,158 [main] DEBUG - Returning cached instance of singleton bean 'hisRentMapper'
  2019-01-28 17:55:31,158 [main] DEBUG - Autowiring by type from bean name 'hisRentService' to bean named 'hisRentMapper'
  2019-01-28 17:55:31,158 [main] DEBUG - Returning cached instance of singleton bean 'org.springframework.aop.support.DefaultBeanFactoryPointcutAdvisor#0'
  2019-01-28 17:55:31,158 [main] DEBUG - Returning cached instance of singleton bean 'org.springframework.cache.config.internalCacheAdvisor'
  2019-01-28 17:55:31,159 [main] DEBUG - Returning cached instance of singleton bean 'org.springframework.aop.support.DefaultBeanFactoryPointcutAdvisor#0'
  2019-01-28 17:55:31,159 [main] DEBUG - Returning cached instance of singleton bean 'org.springframework.cache.config.internalCacheAdvisor'
  2019-01-28 17:55:31,161 [main] DEBUG - Creating implicit proxy for bean 'hisRentService' with 0 common interceptors and 2 specific interceptors
  2019-01-28 17:55:31,161 [main] DEBUG - Creating CGLIB proxy: target source is SingletonTargetSource for target object [com.sys.service.HisRentService@573aeab2]
  2019-01-28 17:55:31,162 [main] DEBUG - Finished creating instance of bean 'hisRentService'
  2019-01-28 17:55:31,162 [main] DEBUG - Returning cached instance of singleton bean 'articleInfoService'
  2019-01-28 17:55:31,162 [main] DEBUG - Returning cached instance of singleton bean 'columnInfoService'
  2019-01-28 17:55:31,162 [main] DEBUG - Creating shared instance of singleton bean 'fileFtpService'
  2019-01-28 17:55:31,163 [main] DEBUG - Creating instance of bean 'fileFtpService'
  2019-01-28 17:55:31,163 [main] DEBUG - Returning cached instance of singleton bean 'org.springframework.aop.support.DefaultBeanFactoryPointcutAdvisor#0'
  2019-01-28 17:55:31,163 [main] DEBUG - Returning cached instance of singleton bean 'org.springframework.cache.config.internalCacheAdvisor'
  2019-01-28 17:55:31,164 [main] DEBUG - Eagerly caching bean 'fileFtpService' to allow for resolving potential circular references
  2019-01-28 17:55:31,164 [main] DEBUG - Returning cached instance of singleton bean 'org.springframework.aop.support.DefaultBeanFactoryPointcutAdvisor#0'
  2019-01-28 17:55:31,165 [main] DEBUG - Returning cached instance of singleton bean 'org.springframework.cache.config.internalCacheAdvisor'
  2019-01-28 17:55:31,165 [main] DEBUG - Returning cached instance of singleton bean 'org.springframework.aop.support.DefaultBeanFactoryPointcutAdvisor#0'
  2019-01-28 17:55:31,165 [main] DEBUG - Returning cached instance of singleton bean 'org.springframework.cache.config.internalCacheAdvisor'
  2019-01-28 17:55:31,166 [main] DEBUG - Creating implicit proxy for bean 'fileFtpService' with 0 common interceptors and 2 specific interceptors
  2019-01-28 17:55:31,166 [main] DEBUG - Creating CGLIB proxy: target source is SingletonTargetSource for target object [com.sys.service.home.FileFtpService@1304e0d7]
  2019-01-28 17:55:31,166 [main] DEBUG - Finished creating instance of bean 'fileFtpService'
  2019-01-28 17:55:31,167 [main] DEBUG - Creating shared instance of singleton bean 'homeUserInfoService'
  2019-01-28 17:55:31,167 [main] DEBUG - Creating instance of bean 'homeUserInfoService'
  2019-01-28 17:55:31,167 [main] DEBUG - Returning cached instance of singleton bean 'org.springframework.aop.support.DefaultBeanFactoryPointcutAdvisor#0'
  2019-01-28 17:55:31,167 [main] DEBUG - Returning cached instance of singleton bean 'org.springframework.cache.config.internalCacheAdvisor'
  2019-01-28 17:55:31,168 [main] DEBUG - Registered injected element on class [com.sys.service.HomeUserInfoService]: AutowiredFieldElement for private com.sys.mapper.IMapper com.sys.service.BaseService.mapper
  2019-01-28 17:55:31,168 [main] DEBUG - Registered injected element on class [com.sys.service.HomeUserInfoService]: AutowiredFieldElement for private com.sys.mapper.HomeUserInfoMapper com.sys.service.HomeUserInfoService.homeUserInfoMapper
  2019-01-28 17:55:31,168 [main] DEBUG - Eagerly caching bean 'homeUserInfoService' to allow for resolving potential circular references
  2019-01-28 17:55:31,169 [main] DEBUG - Processing injected element of bean 'homeUserInfoService': AutowiredFieldElement for private com.sys.mapper.IMapper com.sys.service.BaseService.mapper
  2019-01-28 17:55:31,170 [main] DEBUG - Creating shared instance of singleton bean 'homeUserInfoMapper'
  2019-01-28 17:55:31,170 [main] DEBUG - Creating instance of bean 'homeUserInfoMapper'
  2019-01-28 17:55:31,170 [main] DEBUG - Returning cached instance of singleton bean 'org.springframework.aop.support.DefaultBeanFactoryPointcutAdvisor#0'
  2019-01-28 17:55:31,171 [main] DEBUG - Returning cached instance of singleton bean 'org.springframework.cache.config.internalCacheAdvisor'
  2019-01-28 17:55:31,173 [main] DEBUG - Eagerly caching bean 'homeUserInfoMapper' to allow for resolving potential circular references
  2019-01-28 17:55:31,174 [main] DEBUG - Returning cached instance of singleton bean 'sqlSessionFactory'
  2019-01-28 17:55:31,174 [main] DEBUG - Invoking afterPropertiesSet() on bean with name 'homeUserInfoMapper'
  2019-01-28 17:55:31,175 [main] DEBUG - Returning cached instance of singleton bean 'org.springframework.aop.support.DefaultBeanFactoryPointcutAdvisor#0'
  2019-01-28 17:55:31,175 [main] DEBUG - Returning cached instance of singleton bean 'org.springframework.cache.config.internalCacheAdvisor'
  2019-01-28 17:55:31,175 [main] DEBUG - Returning cached instance of singleton bean 'org.springframework.aop.support.DefaultBeanFactoryPointcutAdvisor#0'
  2019-01-28 17:55:31,175 [main] DEBUG - Returning cached instance of singleton bean 'org.springframework.cache.config.internalCacheAdvisor'
  2019-01-28 17:55:31,176 [main] DEBUG - Finished creating instance of bean 'homeUserInfoMapper'
  2019-01-28 17:55:31,176 [main] DEBUG - Returning cached instance of singleton bean 'org.springframework.aop.support.DefaultBeanFactoryPointcutAdvisor#0'
  2019-01-28 17:55:31,176 [main] DEBUG - Returning cached instance of singleton bean 'org.springframework.cache.config.internalCacheAdvisor'
  2019-01-28 17:55:31,177 [main] DEBUG - Returning cached instance of singleton bean 'org.springframework.aop.support.DefaultBeanFactoryPointcutAdvisor#0'
  2019-01-28 17:55:31,177 [main] DEBUG - Returning cached instance of singleton bean 'org.springframework.cache.config.internalCacheAdvisor'
  2019-01-28 17:55:31,178 [main] DEBUG - Autowiring by type from bean name 'homeUserInfoService' to bean named 'homeUserInfoMapper'
  2019-01-28 17:55:31,178 [main] DEBUG - Processing injected element of bean 'homeUserInfoService': AutowiredFieldElement for private com.sys.mapper.HomeUserInfoMapper com.sys.service.HomeUserInfoService.homeUserInfoMapper
  2019-01-28 17:55:31,179 [main] DEBUG - Returning cached instance of singleton bean 'homeUserInfoMapper'
  2019-01-28 17:55:31,179 [main] DEBUG - Autowiring by type from bean name 'homeUserInfoService' to bean named 'homeUserInfoMapper'
  2019-01-28 17:55:31,180 [main] DEBUG - Returning cached instance of singleton bean 'org.springframework.aop.support.DefaultBeanFactoryPointcutAdvisor#0'
  2019-01-28 17:55:31,180 [main] DEBUG - Returning cached instance of singleton bean 'org.springframework.cache.config.internalCacheAdvisor'
  2019-01-28 17:55:31,180 [main] DEBUG - Returning cached instance of singleton bean 'org.springframework.aop.support.DefaultBeanFactoryPointcutAdvisor#0'
  2019-01-28 17:55:31,180 [main] DEBUG - Returning cached instance of singleton bean 'org.springframework.cache.config.internalCacheAdvisor'
  2019-01-28 17:55:31,181 [main] DEBUG - Creating implicit proxy for bean 'homeUserInfoService' with 0 common interceptors and 2 specific interceptors
  2019-01-28 17:55:31,181 [main] DEBUG - Creating CGLIB proxy: target source is SingletonTargetSource for target object [com.sys.service.HomeUserInfoService@7708b66a]
  2019-01-28 17:55:31,182 [main] DEBUG - Finished creating instance of bean 'homeUserInfoService'
  2019-01-28 17:55:31,182 [main] DEBUG - Creating shared instance of singleton bean 'imageInfoService'
  2019-01-28 17:55:31,183 [main] DEBUG - Creating instance of bean 'imageInfoService'
  2019-01-28 17:55:31,183 [main] DEBUG - Returning cached instance of singleton bean 'org.springframework.aop.support.DefaultBeanFactoryPointcutAdvisor#0'
  2019-01-28 17:55:31,183 [main] DEBUG - Returning cached instance of singleton bean 'org.springframework.cache.config.internalCacheAdvisor'
  2019-01-28 17:55:31,184 [main] DEBUG - Registered injected element on class [com.sys.service.ImageInfoService]: ResourceElement for com.sys.mapper.ImageInfoMapper com.sys.service.ImageInfoService.imageInfoMapper
  2019-01-28 17:55:31,184 [main] DEBUG - Registered injected element on class [com.sys.service.ImageInfoService]: AutowiredFieldElement for private com.sys.mapper.IMapper com.sys.service.BaseService.mapper
  2019-01-28 17:55:31,184 [main] DEBUG - Eagerly caching bean 'imageInfoService' to allow for resolving potential circular references
  2019-01-28 17:55:31,185 [main] DEBUG - Processing injected element of bean 'imageInfoService': ResourceElement for com.sys.mapper.ImageInfoMapper com.sys.service.ImageInfoService.imageInfoMapper
  2019-01-28 17:55:31,185 [main] DEBUG - Returning cached instance of singleton bean 'imageInfoMapper'
  2019-01-28 17:55:31,185 [main] DEBUG - Processing injected element of bean 'imageInfoService': AutowiredFieldElement for private com.sys.mapper.IMapper com.sys.service.BaseService.mapper
  2019-01-28 17:55:31,186 [main] DEBUG - Returning cached instance of singleton bean 'imageInfoMapper'
  2019-01-28 17:55:31,186 [main] DEBUG - Autowiring by type from bean name 'imageInfoService' to bean named 'imageInfoMapper'
  2019-01-28 17:55:31,187 [main] DEBUG - Returning cached instance of singleton bean 'org.springframework.aop.support.DefaultBeanFactoryPointcutAdvisor#0'
  2019-01-28 17:55:31,187 [main] DEBUG - Returning cached instance of singleton bean 'org.springframework.cache.config.internalCacheAdvisor'
  2019-01-28 17:55:31,187 [main] DEBUG - Returning cached instance of singleton bean 'org.springframework.aop.support.DefaultBeanFactoryPointcutAdvisor#0'
  2019-01-28 17:55:31,187 [main] DEBUG - Returning cached instance of singleton bean 'org.springframework.cache.config.internalCacheAdvisor'
  2019-01-28 17:55:31,188 [main] DEBUG - Creating implicit proxy for bean 'imageInfoService' with 0 common interceptors and 2 specific interceptors
  2019-01-28 17:55:31,188 [main] DEBUG - Creating CGLIB proxy: target source is SingletonTargetSource for target object [com.sys.service.ImageInfoService@4dd2ef54]
  2019-01-28 17:55:31,188 [main] DEBUG - Finished creating instance of bean 'imageInfoService'
  2019-01-28 17:55:31,189 [main] DEBUG - Creating shared instance of singleton bean 'itemCodeInfoService'
  2019-01-28 17:55:31,189 [main] DEBUG - Creating instance of bean 'itemCodeInfoService'
  2019-01-28 17:55:31,189 [main] DEBUG - Returning cached instance of singleton bean 'org.springframework.aop.support.DefaultBeanFactoryPointcutAdvisor#0'
  2019-01-28 17:55:31,189 [main] DEBUG - Returning cached instance of singleton bean 'org.springframework.cache.config.internalCacheAdvisor'
  2019-01-28 17:55:31,190 [main] DEBUG - Registered injected element on class [com.sys.service.ItemCodeInfoService]: AutowiredFieldElement for private com.sys.mapper.IMapper com.sys.service.BaseService.mapper
  2019-01-28 17:55:31,190 [main] DEBUG - Registered injected element on class [com.sys.service.ItemCodeInfoService]: AutowiredFieldElement for private com.sys.mapper.ItemCodeInfoMapper com.sys.service.ItemCodeInfoService.itemCodeInfoMapper
  2019-01-28 17:55:31,190 [main] DEBUG - Eagerly caching bean 'itemCodeInfoService' to allow for resolving potential circular references
  2019-01-28 17:55:31,191 [main] DEBUG - Processing injected element of bean 'itemCodeInfoService': AutowiredFieldElement for private com.sys.mapper.IMapper com.sys.service.BaseService.mapper
  2019-01-28 17:55:31,191 [main] DEBUG - Returning cached instance of singleton bean 'itemCodeInfoMapper'
  2019-01-28 17:55:31,192 [main] DEBUG - Autowiring by type from bean name 'itemCodeInfoService' to bean named 'itemCodeInfoMapper'
  2019-01-28 17:55:31,192 [main] DEBUG - Processing injected element of bean 'itemCodeInfoService': AutowiredFieldElement for private com.sys.mapper.ItemCodeInfoMapper com.sys.service.ItemCodeInfoService.itemCodeInfoMapper
  2019-01-28 17:55:31,193 [main] DEBUG - Returning cached instance of singleton bean 'itemCodeInfoMapper'
  2019-01-28 17:55:31,193 [main] DEBUG - Autowiring by type from bean name 'itemCodeInfoService' to bean named 'itemCodeInfoMapper'
  2019-01-28 17:55:31,193 [main] DEBUG - Returning cached instance of singleton bean 'org.springframework.aop.support.DefaultBeanFactoryPointcutAdvisor#0'
  2019-01-28 17:55:31,193 [main] DEBUG - Returning cached instance of singleton bean 'org.springframework.cache.config.internalCacheAdvisor'
  2019-01-28 17:55:31,194 [main] DEBUG - Returning cached instance of singleton bean 'org.springframework.aop.support.DefaultBeanFactoryPointcutAdvisor#0'
  2019-01-28 17:55:31,194 [main] DEBUG - Returning cached instance of singleton bean 'org.springframework.cache.config.internalCacheAdvisor'
  2019-01-28 17:55:31,194 [main] DEBUG - Creating implicit proxy for bean 'itemCodeInfoService' with 0 common interceptors and 2 specific interceptors
  2019-01-28 17:55:31,195 [main] DEBUG - Creating CGLIB proxy: target source is SingletonTargetSource for target object [com.sys.service.ItemCodeInfoService@1068176]
  2019-01-28 17:55:31,195 [main] DEBUG - Finished creating instance of bean 'itemCodeInfoService'
  2019-01-28 17:55:31,195 [main] DEBUG - Returning cached instance of singleton bean 'listNumberService'
  2019-01-28 17:55:31,195 [main] DEBUG - Returning cached instance of singleton bean 'lotNumService'
  2019-01-28 17:55:31,196 [main] DEBUG - Creating shared instance of singleton bean 'menuInfoService'
  2019-01-28 17:55:31,196 [main] DEBUG - Creating instance of bean 'menuInfoService'
  2019-01-28 17:55:31,196 [main] DEBUG - Returning cached instance of singleton bean 'org.springframework.aop.support.DefaultBeanFactoryPointcutAdvisor#0'
  2019-01-28 17:55:31,196 [main] DEBUG - Returning cached instance of singleton bean 'org.springframework.cache.config.internalCacheAdvisor'
  2019-01-28 17:55:31,196 [main] DEBUG - Registered injected element on class [com.sys.service.MenuInfoService]: ResourceElement for com.sys.mapper.MenuInfoMapper com.sys.service.MenuInfoService.mapper
  2019-01-28 17:55:31,197 [main] DEBUG - Registered injected element on class [com.sys.service.MenuInfoService]: AutowiredFieldElement for private com.sys.mapper.IMapper com.sys.service.BaseService.mapper
  2019-01-28 17:55:31,197 [main] DEBUG - Eagerly caching bean 'menuInfoService' to allow for resolving potential circular references
  2019-01-28 17:55:31,197 [main] DEBUG - Processing injected element of bean 'menuInfoService': ResourceElement for com.sys.mapper.MenuInfoMapper com.sys.service.MenuInfoService.mapper
  2019-01-28 17:55:31,198 [main] DEBUG - Creating shared instance of singleton bean 'menuInfoMapper'
  2019-01-28 17:55:31,199 [main] DEBUG - Creating instance of bean 'menuInfoMapper'
  2019-01-28 17:55:31,199 [main] DEBUG - Returning cached instance of singleton bean 'org.springframework.aop.support.DefaultBeanFactoryPointcutAdvisor#0'
  2019-01-28 17:55:31,199 [main] DEBUG - Returning cached instance of singleton bean 'org.springframework.cache.config.internalCacheAdvisor'
  2019-01-28 17:55:31,200 [main] DEBUG - Eagerly caching bean 'menuInfoMapper' to allow for resolving potential circular references
  2019-01-28 17:55:31,200 [main] DEBUG - Returning cached instance of singleton bean 'sqlSessionFactory'
  2019-01-28 17:55:31,200 [main] DEBUG - Invoking afterPropertiesSet() on bean with name 'menuInfoMapper'
  2019-01-28 17:55:31,201 [main] DEBUG - Returning cached instance of singleton bean 'org.springframework.aop.support.DefaultBeanFactoryPointcutAdvisor#0'
  2019-01-28 17:55:31,201 [main] DEBUG - Returning cached instance of singleton bean 'org.springframework.cache.config.internalCacheAdvisor'
  2019-01-28 17:55:31,201 [main] DEBUG - Returning cached instance of singleton bean 'org.springframework.aop.support.DefaultBeanFactoryPointcutAdvisor#0'
  2019-01-28 17:55:31,201 [main] DEBUG - Returning cached instance of singleton bean 'org.springframework.cache.config.internalCacheAdvisor'
  2019-01-28 17:55:31,202 [main] DEBUG - Finished creating instance of bean 'menuInfoMapper'
  2019-01-28 17:55:31,202 [main] DEBUG - Returning cached instance of singleton bean 'org.springframework.aop.support.DefaultBeanFactoryPointcutAdvisor#0'
  2019-01-28 17:55:31,202 [main] DEBUG - Returning cached instance of singleton bean 'org.springframework.cache.config.internalCacheAdvisor'
  2019-01-28 17:55:31,203 [main] DEBUG - Returning cached instance of singleton bean 'org.springframework.aop.support.DefaultBeanFactoryPointcutAdvisor#0'
  2019-01-28 17:55:31,203 [main] DEBUG - Returning cached instance of singleton bean 'org.springframework.cache.config.internalCacheAdvisor'
  2019-01-28 17:55:31,206 [main] DEBUG - Processing injected element of bean 'menuInfoService': AutowiredFieldElement for private com.sys.mapper.IMapper com.sys.service.BaseService.mapper
  2019-01-28 17:55:31,207 [main] DEBUG - Returning cached instance of singleton bean 'menuInfoMapper'
  2019-01-28 17:55:31,207 [main] DEBUG - Autowiring by type from bean name 'menuInfoService' to bean named 'menuInfoMapper'
  2019-01-28 17:55:31,208 [main] DEBUG - Returning cached instance of singleton bean 'org.springframework.aop.support.DefaultBeanFactoryPointcutAdvisor#0'
  2019-01-28 17:55:31,208 [main] DEBUG - Returning cached instance of singleton bean 'org.springframework.cache.config.internalCacheAdvisor'
  2019-01-28 17:55:31,208 [main] DEBUG - Returning cached instance of singleton bean 'org.springframework.aop.support.DefaultBeanFactoryPointcutAdvisor#0'
  2019-01-28 17:55:31,209 [main] DEBUG - Returning cached instance of singleton bean 'org.springframework.cache.config.internalCacheAdvisor'
  2019-01-28 17:55:31,209 [main] DEBUG - Creating implicit proxy for bean 'menuInfoService' with 0 common interceptors and 2 specific interceptors
  2019-01-28 17:55:31,210 [main] DEBUG - Creating CGLIB proxy: target source is SingletonTargetSource for target object [com.sys.service.MenuInfoService@23ee2ccf]
  2019-01-28 17:55:31,211 [main] DEBUG - Finished creating instance of bean 'menuInfoService'
  2019-01-28 17:55:31,211 [main] DEBUG - Creating shared instance of singleton bean 'menuRoleService'
  2019-01-28 17:55:31,212 [main] DEBUG - Creating instance of bean 'menuRoleService'
  2019-01-28 17:55:31,212 [main] DEBUG - Returning cached instance of singleton bean 'org.springframework.aop.support.DefaultBeanFactoryPointcutAdvisor#0'
  2019-01-28 17:55:31,212 [main] DEBUG - Returning cached instance of singleton bean 'org.springframework.cache.config.internalCacheAdvisor'
  2019-01-28 17:55:31,213 [main] DEBUG - Registered injected element on class [com.sys.service.MenuRoleService]: AutowiredFieldElement for private com.sys.mapper.IMapper com.sys.service.BaseService.mapper
  2019-01-28 17:55:31,213 [main] DEBUG - Registered injected element on class [com.sys.service.MenuRoleService]: AutowiredFieldElement for com.sys.mapper.MenuRoleInfoMapper com.sys.service.MenuRoleService.menuRoleInfoMapper
  2019-01-28 17:55:31,213 [main] DEBUG - Eagerly caching bean 'menuRoleService' to allow for resolving potential circular references
  2019-01-28 17:55:31,214 [main] DEBUG - Processing injected element of bean 'menuRoleService': AutowiredFieldElement for private com.sys.mapper.IMapper com.sys.service.BaseService.mapper
  2019-01-28 17:55:31,215 [main] DEBUG - Creating shared instance of singleton bean 'menuRoleInfoMapper'
  2019-01-28 17:55:31,215 [main] DEBUG - Creating instance of bean 'menuRoleInfoMapper'
  2019-01-28 17:55:31,215 [main] DEBUG - Returning cached instance of singleton bean 'org.springframework.aop.support.DefaultBeanFactoryPointcutAdvisor#0'
  2019-01-28 17:55:31,216 [main] DEBUG - Returning cached instance of singleton bean 'org.springframework.cache.config.internalCacheAdvisor'
  2019-01-28 17:55:31,216 [main] DEBUG - Eagerly caching bean 'menuRoleInfoMapper' to allow for resolving potential circular references
  2019-01-28 17:55:31,217 [main] DEBUG - Returning cached instance of singleton bean 'sqlSessionFactory'
  2019-01-28 17:55:31,217 [main] DEBUG - Invoking afterPropertiesSet() on bean with name 'menuRoleInfoMapper'
  2019-01-28 17:55:31,217 [main] DEBUG - Returning cached instance of singleton bean 'org.springframework.aop.support.DefaultBeanFactoryPointcutAdvisor#0'
  2019-01-28 17:55:31,218 [main] DEBUG - Returning cached instance of singleton bean 'org.springframework.cache.config.internalCacheAdvisor'
  2019-01-28 17:55:31,218 [main] DEBUG - Returning cached instance of singleton bean 'org.springframework.aop.support.DefaultBeanFactoryPointcutAdvisor#0'
  2019-01-28 17:55:31,218 [main] DEBUG - Returning cached instance of singleton bean 'org.springframework.cache.config.internalCacheAdvisor'
  2019-01-28 17:55:31,219 [main] DEBUG - Finished creating instance of bean 'menuRoleInfoMapper'
  2019-01-28 17:55:31,219 [main] DEBUG - Returning cached instance of singleton bean 'org.springframework.aop.support.DefaultBeanFactoryPointcutAdvisor#0'
  2019-01-28 17:55:31,219 [main] DEBUG - Returning cached instance of singleton bean 'org.springframework.cache.config.internalCacheAdvisor'
  2019-01-28 17:55:31,220 [main] DEBUG - Returning cached instance of singleton bean 'org.springframework.aop.support.DefaultBeanFactoryPointcutAdvisor#0'
  2019-01-28 17:55:31,220 [main] DEBUG - Returning cached instance of singleton bean 'org.springframework.cache.config.internalCacheAdvisor'
  2019-01-28 17:55:31,222 [main] DEBUG - Autowiring by type from bean name 'menuRoleService' to bean named 'menuRoleInfoMapper'
  2019-01-28 17:55:31,222 [main] DEBUG - Processing injected element of bean 'menuRoleService': AutowiredFieldElement for com.sys.mapper.MenuRoleInfoMapper com.sys.service.MenuRoleService.menuRoleInfoMapper
  2019-01-28 17:55:31,223 [main] DEBUG - Returning cached instance of singleton bean 'menuRoleInfoMapper'
  2019-01-28 17:55:31,223 [main] DEBUG - Autowiring by type from bean name 'menuRoleService' to bean named 'menuRoleInfoMapper'
  2019-01-28 17:55:31,224 [main] DEBUG - Returning cached instance of singleton bean 'org.springframework.aop.support.DefaultBeanFactoryPointcutAdvisor#0'
  2019-01-28 17:55:31,224 [main] DEBUG - Returning cached instance of singleton bean 'org.springframework.cache.config.internalCacheAdvisor'
  2019-01-28 17:55:31,225 [main] DEBUG - Returning cached instance of singleton bean 'org.springframework.aop.support.DefaultBeanFactoryPointcutAdvisor#0'
  2019-01-28 17:55:31,225 [main] DEBUG - Returning cached instance of singleton bean 'org.springframework.cache.config.internalCacheAdvisor'
  2019-01-28 17:55:31,226 [main] DEBUG - Creating implicit proxy for bean 'menuRoleService' with 0 common interceptors and 2 specific interceptors
  2019-01-28 17:55:31,226 [main] DEBUG - Creating CGLIB proxy: target source is SingletonTargetSource for target object [com.sys.service.MenuRoleService@5b0902b4]
  2019-01-28 17:55:31,226 [main] DEBUG - Finished creating instance of bean 'menuRoleService'
  2019-01-28 17:55:31,227 [main] DEBUG - Returning cached instance of singleton bean 'messageService'
  2019-01-28 17:55:31,227 [main] DEBUG - Creating shared instance of singleton bean 'myTaskService'
  2019-01-28 17:55:31,227 [main] DEBUG - Creating instance of bean 'myTaskService'
  2019-01-28 17:55:31,228 [main] DEBUG - Returning cached instance of singleton bean 'org.springframework.aop.support.DefaultBeanFactoryPointcutAdvisor#0'
  2019-01-28 17:55:31,228 [main] DEBUG - Returning cached instance of singleton bean 'org.springframework.cache.config.internalCacheAdvisor'
  2019-01-28 17:55:31,228 [main] DEBUG - Registered injected element on class [com.sys.service.MyTaskService]: AutowiredFieldElement for private org.activiti.engine.TaskService com.sys.service.MyTaskService.taskService
  2019-01-28 17:55:31,229 [main] DEBUG - Registered injected element on class [com.sys.service.MyTaskService]: AutowiredFieldElement for private org.activiti.engine.RuntimeService com.sys.service.MyTaskService.runtimeService
  2019-01-28 17:55:31,229 [main] DEBUG - Registered injected element on class [com.sys.service.MyTaskService]: AutowiredFieldElement for private com.sys.mapper.apply.ApproveMapper com.sys.service.MyTaskService.approveMapper
  2019-01-28 17:55:31,229 [main] DEBUG - Registered injected element on class [com.sys.service.MyTaskService]: AutowiredFieldElement for private com.sys.mapper.RoleInfoMapper com.sys.service.MyTaskService.roleInfoMapper
  2019-01-28 17:55:31,229 [main] DEBUG - Registered injected element on class [com.sys.service.MyTaskService]: AutowiredFieldElement for private com.sys.mapper.ApplyUserinfoMapper com.sys.service.MyTaskService.applyUserinfoMapper
  2019-01-28 17:55:31,229 [main] DEBUG - Registered injected element on class [com.sys.service.MyTaskService]: AutowiredFieldElement for private com.sys.service.FlowService com.sys.service.MyTaskService.flowService
  2019-01-28 17:55:31,230 [main] DEBUG - Registered injected element on class [com.sys.service.MyTaskService]: AutowiredFieldElement for private com.sys.service.common.MessageAndFormService com.sys.service.MyTaskService.messageAndFormService
  2019-01-28 17:55:31,230 [main] DEBUG - Registered injected element on class [com.sys.service.MyTaskService]: AutowiredFieldElement for private com.sys.mapper.ApplyUserInfoFormMapper com.sys.service.MyTaskService.applyUserInfoFormMapper
  2019-01-28 17:55:31,230 [main] DEBUG - Registered injected element on class [com.sys.service.MyTaskService]: AutowiredFieldElement for private com.sys.mapper.blagsh.BliveGongSMapper com.sys.service.MyTaskService.bliveGongSMapper
  2019-01-28 17:55:31,230 [main] DEBUG - Registered injected element on class [com.sys.service.MyTaskService]: AutowiredFieldElement for private com.sys.service.apply.ApplyButieService com.sys.service.MyTaskService.applyButieService
  2019-01-28 17:55:31,231 [main] DEBUG - Registered injected element on class [com.sys.service.MyTaskService]: AutowiredFieldElement for private com.sys.mapper.apply.ApplyMapper com.sys.service.MyTaskService.applyMapper
  2019-01-28 17:55:31,231 [main] DEBUG - Registered injected element on class [com.sys.service.MyTaskService]: AutowiredFieldElement for private com.sys.mapper.SourceHouseMapper com.sys.service.MyTaskService.sourceHouseMapper
  2019-01-28 17:55:31,231 [main] DEBUG - Registered injected element on class [com.sys.service.MyTaskService]: AutowiredFieldElement for private com.sys.mapper.apply.ApplyNsMapper com.sys.service.MyTaskService.applyNsMapper
  2019-01-28 17:55:31,231 [main] DEBUG - Registered injected element on class [com.sys.service.MyTaskService]: AutowiredFieldElement for private com.sys.service.apply.ApplyChangeService com.sys.service.MyTaskService.applyChangeService
  2019-01-28 17:55:31,232 [main] DEBUG - Registered injected element on class [com.sys.service.MyTaskService]: AutowiredFieldElement for private com.sys.service.MessageService com.sys.service.MyTaskService.messageService
  2019-01-28 17:55:31,232 [main] DEBUG - Registered injected element on class [com.sys.service.MyTaskService]: AutowiredFieldElement for private com.sys.mapper.contract.ContractDetailMapper com.sys.service.MyTaskService.contractDetailMapper
  2019-01-28 17:55:31,232 [main] DEBUG - Registered injected element on class [com.sys.service.MyTaskService]: AutowiredFieldElement for private com.sys.service.schedule.ScheduleJobService com.sys.service.MyTaskService.scheduleJobService
  2019-01-28 17:55:31,232 [main] DEBUG - Registered injected element on class [com.sys.service.MyTaskService]: AutowiredFieldElement for private com.sys.mapper.apply.ApproveRecordMapper com.sys.service.MyTaskService.approveRecordMapper
  2019-01-28 17:55:31,233 [main] DEBUG - Registered injected element on class [com.sys.service.MyTaskService]: AutowiredFieldElement for private com.sys.mapper.apply.ApplyForgraDuateMapper com.sys.service.MyTaskService.applyForgraDuateMapper
  2019-01-28 17:55:31,233 [main] DEBUG - Registered injected element on class [com.sys.service.MyTaskService]: AutowiredFieldElement for private com.sys.mapper.apply.ApplyForForeignMapper com.sys.service.MyTaskService.applyForForeignMapper
  2019-01-28 17:55:31,233 [main] DEBUG - Eagerly caching bean 'myTaskService' to allow for resolving potential circular references
  2019-01-28 17:55:31,233 [main] DEBUG - Processing injected element of bean 'myTaskService': AutowiredFieldElement for private org.activiti.engine.TaskService com.sys.service.MyTaskService.taskService
  2019-01-28 17:55:31,234 [main] DEBUG - Returning cached instance of singleton bean 'taskService'
  2019-01-28 17:55:31,234 [main] DEBUG - Autowiring by type from bean name 'myTaskService' to bean named 'taskService'
  2019-01-28 17:55:31,234 [main] DEBUG - Processing injected element of bean 'myTaskService': AutowiredFieldElement for private org.activiti.engine.RuntimeService com.sys.service.MyTaskService.runtimeService
  2019-01-28 17:55:31,234 [main] DEBUG - Returning cached instance of singleton bean 'runtimeService'
  2019-01-28 17:55:31,235 [main] DEBUG - Autowiring by type from bean name 'myTaskService' to bean named 'runtimeService'
  2019-01-28 17:55:31,235 [main] DEBUG - Processing injected element of bean 'myTaskService': AutowiredFieldElement for private com.sys.mapper.apply.ApproveMapper com.sys.service.MyTaskService.approveMapper
  2019-01-28 17:55:31,235 [main] DEBUG - Returning cached instance of singleton bean 'approveMapper'
  2019-01-28 17:55:31,235 [main] DEBUG - Autowiring by type from bean name 'myTaskService' to bean named 'approveMapper'
  2019-01-28 17:55:31,235 [main] DEBUG - Processing injected element of bean 'myTaskService': AutowiredFieldElement for private com.sys.mapper.RoleInfoMapper com.sys.service.MyTaskService.roleInfoMapper
  2019-01-28 17:55:31,236 [main] DEBUG - Returning cached instance of singleton bean 'roleInfoMapper'
  2019-01-28 17:55:31,236 [main] DEBUG - Autowiring by type from bean name 'myTaskService' to bean named 'roleInfoMapper'
  2019-01-28 17:55:31,236 [main] DEBUG - Processing injected element of bean 'myTaskService': AutowiredFieldElement for private com.sys.mapper.ApplyUserinfoMapper com.sys.service.MyTaskService.applyUserinfoMapper
  2019-01-28 17:55:31,236 [main] DEBUG - Returning cached instance of singleton bean 'applyUserinfoMapper'
  2019-01-28 17:55:31,236 [main] DEBUG - Autowiring by type from bean name 'myTaskService' to bean named 'applyUserinfoMapper'
  2019-01-28 17:55:31,237 [main] DEBUG - Processing injected element of bean 'myTaskService': AutowiredFieldElement for private com.sys.service.FlowService com.sys.service.MyTaskService.flowService
  2019-01-28 17:55:31,237 [main] DEBUG - Returning cached instance of singleton bean 'flowService'
  2019-01-28 17:55:31,237 [main] DEBUG - Autowiring by type from bean name 'myTaskService' to bean named 'flowService'
  2019-01-28 17:55:31,237 [main] DEBUG - Processing injected element of bean 'myTaskService': AutowiredFieldElement for private com.sys.service.common.MessageAndFormService com.sys.service.MyTaskService.messageAndFormService
  2019-01-28 17:55:31,237 [main] DEBUG - Returning cached instance of singleton bean 'messageAndFormService'
  2019-01-28 17:55:31,238 [main] DEBUG - Autowiring by type from bean name 'myTaskService' to bean named 'messageAndFormService'
  2019-01-28 17:55:31,238 [main] DEBUG - Processing injected element of bean 'myTaskService': AutowiredFieldElement for private com.sys.mapper.ApplyUserInfoFormMapper com.sys.service.MyTaskService.applyUserInfoFormMapper
  2019-01-28 17:55:31,238 [main] DEBUG - Returning cached instance of singleton bean 'applyUserInfoFormMapper'
  2019-01-28 17:55:31,239 [main] DEBUG - Autowiring by type from bean name 'myTaskService' to bean named 'applyUserInfoFormMapper'
  2019-01-28 17:55:31,239 [main] DEBUG - Processing injected element of bean 'myTaskService': AutowiredFieldElement for private com.sys.mapper.blagsh.BliveGongSMapper com.sys.service.MyTaskService.bliveGongSMapper
  2019-01-28 17:55:31,239 [main] DEBUG - Returning cached instance of singleton bean 'bliveGongSMapper'
  2019-01-28 17:55:31,239 [main] DEBUG - Autowiring by type from bean name 'myTaskService' to bean named 'bliveGongSMapper'
  2019-01-28 17:55:31,239 [main] DEBUG - Processing injected element of bean 'myTaskService': AutowiredFieldElement for private com.sys.service.apply.ApplyButieService com.sys.service.MyTaskService.applyButieService
  2019-01-28 17:55:31,240 [main] DEBUG - Returning cached instance of singleton bean 'applyButieService'
  2019-01-28 17:55:31,240 [main] DEBUG - Autowiring by type from bean name 'myTaskService' to bean named 'applyButieService'
  2019-01-28 17:55:31,240 [main] DEBUG - Processing injected element of bean 'myTaskService': AutowiredFieldElement for private com.sys.mapper.apply.ApplyMapper com.sys.service.MyTaskService.applyMapper
  2019-01-28 17:55:31,240 [main] DEBUG - Returning cached instance of singleton bean 'applyMapper'
  2019-01-28 17:55:31,241 [main] DEBUG - Autowiring by type from bean name 'myTaskService' to bean named 'applyMapper'
  2019-01-28 17:55:31,241 [main] DEBUG - Processing injected element of bean 'myTaskService': AutowiredFieldElement for private com.sys.mapper.SourceHouseMapper com.sys.service.MyTaskService.sourceHouseMapper
  2019-01-28 17:55:31,241 [main] DEBUG - Returning cached instance of singleton bean 'sourceHouseMapper'
  2019-01-28 17:55:31,241 [main] DEBUG - Autowiring by type from bean name 'myTaskService' to bean named 'sourceHouseMapper'
  2019-01-28 17:55:31,242 [main] DEBUG - Processing injected element of bean 'myTaskService': AutowiredFieldElement for private com.sys.mapper.apply.ApplyNsMapper com.sys.service.MyTaskService.applyNsMapper
  2019-01-28 17:55:31,242 [main] DEBUG - Returning cached instance of singleton bean 'applyNsMapper'
  2019-01-28 17:55:31,242 [main] DEBUG - Autowiring by type from bean name 'myTaskService' to bean named 'applyNsMapper'
  2019-01-28 17:55:31,242 [main] DEBUG - Processing injected element of bean 'myTaskService': AutowiredFieldElement for private com.sys.service.apply.ApplyChangeService com.sys.service.MyTaskService.applyChangeService
  2019-01-28 17:55:31,244 [main] DEBUG - Returning cached instance of singleton bean 'applyChangeService'
  2019-01-28 17:55:31,244 [main] DEBUG - Autowiring by type from bean name 'myTaskService' to bean named 'applyChangeService'
  2019-01-28 17:55:31,245 [main] DEBUG - Processing injected element of bean 'myTaskService': AutowiredFieldElement for private com.sys.service.MessageService com.sys.service.MyTaskService.messageService
  2019-01-28 17:55:31,245 [main] DEBUG - Returning cached instance of singleton bean 'messageService'
  2019-01-28 17:55:31,245 [main] DEBUG - Autowiring by type from bean name 'myTaskService' to bean named 'messageService'
  2019-01-28 17:55:31,246 [main] DEBUG - Processing injected element of bean 'myTaskService': AutowiredFieldElement for private com.sys.mapper.contract.ContractDetailMapper com.sys.service.MyTaskService.contractDetailMapper
  2019-01-28 17:55:31,246 [main] DEBUG - Returning cached instance of singleton bean 'contractDetailMapper'
  2019-01-28 17:55:31,246 [main] DEBUG - Autowiring by type from bean name 'myTaskService' to bean named 'contractDetailMapper'
  2019-01-28 17:55:31,246 [main] DEBUG - Processing injected element of bean 'myTaskService': AutowiredFieldElement for private com.sys.service.schedule.ScheduleJobService com.sys.service.MyTaskService.scheduleJobService
  2019-01-28 17:55:31,247 [main] DEBUG - Returning cached instance of singleton bean 'scheduleJobService'
  2019-01-28 17:55:31,247 [main] DEBUG - Autowiring by type from bean name 'myTaskService' to bean named 'scheduleJobService'
  2019-01-28 17:55:31,248 [main] DEBUG - Processing injected element of bean 'myTaskService': AutowiredFieldElement for private com.sys.mapper.apply.ApproveRecordMapper com.sys.service.MyTaskService.approveRecordMapper
  2019-01-28 17:55:31,248 [main] DEBUG - Returning cached instance of singleton bean 'approveRecordMapper'
  2019-01-28 17:55:31,248 [main] DEBUG - Autowiring by type from bean name 'myTaskService' to bean named 'approveRecordMapper'
  2019-01-28 17:55:31,248 [main] DEBUG - Processing injected element of bean 'myTaskService': AutowiredFieldElement for private com.sys.mapper.apply.ApplyForgraDuateMapper com.sys.service.MyTaskService.applyForgraDuateMapper
  2019-01-28 17:55:31,248 [main] DEBUG - Returning cached instance of singleton bean 'applyForgraDuateMapper'
  2019-01-28 17:55:31,249 [main] DEBUG - Autowiring by type from bean name 'myTaskService' to bean named 'applyForgraDuateMapper'
  2019-01-28 17:55:31,249 [main] DEBUG - Processing injected element of bean 'myTaskService': AutowiredFieldElement for private com.sys.mapper.apply.ApplyForForeignMapper com.sys.service.MyTaskService.applyForForeignMapper
  2019-01-28 17:55:31,249 [main] DEBUG - Returning cached instance of singleton bean 'applyForForeignMapper'
  2019-01-28 17:55:31,249 [main] DEBUG - Autowiring by type from bean name 'myTaskService' to bean named 'applyForForeignMapper'
  2019-01-28 17:55:31,249 [main] DEBUG - Returning cached instance of singleton bean 'org.springframework.aop.support.DefaultBeanFactoryPointcutAdvisor#0'
  2019-01-28 17:55:31,250 [main] DEBUG - Returning cached instance of singleton bean 'org.springframework.cache.config.internalCacheAdvisor'
  2019-01-28 17:55:31,250 [main] DEBUG - Returning cached instance of singleton bean 'org.springframework.aop.support.DefaultBeanFactoryPointcutAdvisor#0'
  2019-01-28 17:55:31,250 [main] DEBUG - Returning cached instance of singleton bean 'org.springframework.cache.config.internalCacheAdvisor'
  2019-01-28 17:55:31,251 [main] DEBUG - Creating implicit proxy for bean 'myTaskService' with 0 common interceptors and 2 specific interceptors
  2019-01-28 17:55:31,251 [main] DEBUG - Creating CGLIB proxy: target source is SingletonTargetSource for target object [com.sys.service.MyTaskService@1860a7a1]
  2019-01-28 17:55:31,251 [main] DEBUG - Finished creating instance of bean 'myTaskService'
  2019-01-28 17:55:31,251 [main] DEBUG - Returning cached instance of singleton bean 'parmItemService'
  2019-01-28 17:55:31,252 [main] DEBUG - Creating shared instance of singleton bean 'parmService'
  2019-01-28 17:55:31,252 [main] DEBUG - Creating instance of bean 'parmService'
  2019-01-28 17:55:31,252 [main] DEBUG - Returning cached instance of singleton bean 'org.springframework.aop.support.DefaultBeanFactoryPointcutAdvisor#0'
  2019-01-28 17:55:31,252 [main] DEBUG - Returning cached instance of singleton bean 'org.springframework.cache.config.internalCacheAdvisor'
  2019-01-28 17:55:31,253 [main] DEBUG - Registered injected element on class [com.sys.service.ParmService]: AutowiredFieldElement for private com.sys.mapper.IMapper com.sys.service.BaseService.mapper
  2019-01-28 17:55:31,253 [main] DEBUG - Registered injected element on class [com.sys.service.ParmService]: AutowiredFieldElement for com.sys.mapper.ParmMapper com.sys.service.ParmService.parmMapper
  2019-01-28 17:55:31,253 [main] DEBUG - Eagerly caching bean 'parmService' to allow for resolving potential circular references
  2019-01-28 17:55:31,253 [main] DEBUG - Processing injected element of bean 'parmService': AutowiredFieldElement for private com.sys.mapper.IMapper com.sys.service.BaseService.mapper
  2019-01-28 17:55:31,254 [main] DEBUG - Returning cached instance of singleton bean 'parmMapper'
  2019-01-28 17:55:31,255 [main] DEBUG - Autowiring by type from bean name 'parmService' to bean named 'parmMapper'
  2019-01-28 17:55:31,255 [main] DEBUG - Processing injected element of bean 'parmService': AutowiredFieldElement for com.sys.mapper.ParmMapper com.sys.service.ParmService.parmMapper
  2019-01-28 17:55:31,255 [main] DEBUG - Returning cached instance of singleton bean 'parmMapper'
  2019-01-28 17:55:31,255 [main] DEBUG - Autowiring by type from bean name 'parmService' to bean named 'parmMapper'
  2019-01-28 17:55:31,256 [main] DEBUG - Returning cached instance of singleton bean 'org.springframework.aop.support.DefaultBeanFactoryPointcutAdvisor#0'
  2019-01-28 17:55:31,256 [main] DEBUG - Returning cached instance of singleton bean 'org.springframework.cache.config.internalCacheAdvisor'
  2019-01-28 17:55:31,256 [main] DEBUG - Returning cached instance of singleton bean 'org.springframework.aop.support.DefaultBeanFactoryPointcutAdvisor#0'
  2019-01-28 17:55:31,256 [main] DEBUG - Returning cached instance of singleton bean 'org.springframework.cache.config.internalCacheAdvisor'
  2019-01-28 17:55:31,257 [main] DEBUG - Creating implicit proxy for bean 'parmService' with 0 common interceptors and 2 specific interceptors
  2019-01-28 17:55:31,257 [main] DEBUG - Creating CGLIB proxy: target source is SingletonTargetSource for target object [com.sys.service.ParmService@283ab206]
  2019-01-28 17:55:31,258 [main] DEBUG - Finished creating instance of bean 'parmService'
  2019-01-28 17:55:31,258 [main] DEBUG - Creating shared instance of singleton bean 'qxInfoService'
  2019-01-28 17:55:31,258 [main] DEBUG - Creating instance of bean 'qxInfoService'
  2019-01-28 17:55:31,258 [main] DEBUG - Returning cached instance of singleton bean 'org.springframework.aop.support.DefaultBeanFactoryPointcutAdvisor#0'
  2019-01-28 17:55:31,259 [main] DEBUG - Returning cached instance of singleton bean 'org.springframework.cache.config.internalCacheAdvisor'
  2019-01-28 17:55:31,259 [main] DEBUG - Registered injected element on class [com.sys.service.QxInfoService]: AutowiredFieldElement for private com.sys.mapper.IMapper com.sys.service.BaseService.mapper
  2019-01-28 17:55:31,259 [main] DEBUG - Registered injected element on class [com.sys.service.QxInfoService]: AutowiredFieldElement for private com.sys.mapper.QxInfoMapper com.sys.service.QxInfoService.qxInfoMapper
  2019-01-28 17:55:31,260 [main] DEBUG - Eagerly caching bean 'qxInfoService' to allow for resolving potential circular references
  2019-01-28 17:55:31,260 [main] DEBUG - Processing injected element of bean 'qxInfoService': AutowiredFieldElement for private com.sys.mapper.IMapper com.sys.service.BaseService.mapper
  2019-01-28 17:55:31,262 [main] DEBUG - Creating shared instance of singleton bean 'IMapper'
  2019-01-28 17:55:31,262 [main] DEBUG - Creating instance of bean 'IMapper'
  2019-01-28 17:55:31,262 [main] DEBUG - Returning cached instance of singleton bean 'org.springframework.aop.support.DefaultBeanFactoryPointcutAdvisor#0'
  2019-01-28 17:55:31,262 [main] DEBUG - Returning cached instance of singleton bean 'org.springframework.cache.config.internalCacheAdvisor'
  2019-01-28 17:55:31,263 [main] DEBUG - Eagerly caching bean 'IMapper' to allow for resolving potential circular references
  2019-01-28 17:55:31,263 [main] DEBUG - Returning cached instance of singleton bean 'sqlSessionFactory'
  2019-01-28 17:55:31,264 [main] DEBUG - Invoking afterPropertiesSet() on bean with name 'IMapper'
  2019-01-28 17:55:31,268 [main] DEBUG - Returning cached instance of singleton bean 'org.springframework.aop.support.DefaultBeanFactoryPointcutAdvisor#0'
  2019-01-28 17:55:31,268 [main] DEBUG - Returning cached instance of singleton bean 'org.springframework.cache.config.internalCacheAdvisor'
  2019-01-28 17:55:31,269 [main] DEBUG - Returning cached instance of singleton bean 'org.springframework.aop.support.DefaultBeanFactoryPointcutAdvisor#0'
  2019-01-28 17:55:31,269 [main] DEBUG - Returning cached instance of singleton bean 'org.springframework.cache.config.internalCacheAdvisor'
  2019-01-28 17:55:31,269 [main] DEBUG - Finished creating instance of bean 'IMapper'
  2019-01-28 17:55:31,270 [main] DEBUG - Returning cached instance of singleton bean 'org.springframework.aop.support.DefaultBeanFactoryPointcutAdvisor#0'
  2019-01-28 17:55:31,270 [main] DEBUG - Returning cached instance of singleton bean 'org.springframework.cache.config.internalCacheAdvisor'
  2019-01-28 17:55:31,270 [main] DEBUG - Returning cached instance of singleton bean 'org.springframework.aop.support.DefaultBeanFactoryPointcutAdvisor#0'
  2019-01-28 17:55:31,271 [main] DEBUG - Returning cached instance of singleton bean 'org.springframework.cache.config.internalCacheAdvisor'
  2019-01-28 17:55:31,272 [main] DEBUG - Autowiring by type from bean name 'qxInfoService' to bean named 'IMapper'
  2019-01-28 17:55:31,272 [main] DEBUG - Processing injected element of bean 'qxInfoService': AutowiredFieldElement for private com.sys.mapper.QxInfoMapper com.sys.service.QxInfoService.qxInfoMapper
  2019-01-28 17:55:31,273 [main] DEBUG - Creating shared instance of singleton bean 'qxInfoMapper'
  2019-01-28 17:55:31,274 [main] DEBUG - Creating instance of bean 'qxInfoMapper'
  2019-01-28 17:55:31,274 [main] DEBUG - Returning cached instance of singleton bean 'org.springframework.aop.support.DefaultBeanFactoryPointcutAdvisor#0'
  2019-01-28 17:55:31,274 [main] DEBUG - Returning cached instance of singleton bean 'org.springframework.cache.config.internalCacheAdvisor'
  2019-01-28 17:55:31,274 [main] DEBUG - Eagerly caching bean 'qxInfoMapper' to allow for resolving potential circular references
  2019-01-28 17:55:31,275 [main] DEBUG - Returning cached instance of singleton bean 'sqlSessionFactory'
  2019-01-28 17:55:31,275 [main] DEBUG - Invoking afterPropertiesSet() on bean with name 'qxInfoMapper'
  2019-01-28 17:55:31,276 [main] DEBUG - Returning cached instance of singleton bean 'org.springframework.aop.support.DefaultBeanFactoryPointcutAdvisor#0'
  2019-01-28 17:55:31,276 [main] DEBUG - Returning cached instance of singleton bean 'org.springframework.cache.config.internalCacheAdvisor'
  2019-01-28 17:55:31,276 [main] DEBUG - Returning cached instance of singleton bean 'org.springframework.aop.support.DefaultBeanFactoryPointcutAdvisor#0'
  2019-01-28 17:55:31,277 [main] DEBUG - Returning cached instance of singleton bean 'org.springframework.cache.config.internalCacheAdvisor'
  2019-01-28 17:55:31,277 [main] DEBUG - Finished creating instance of bean 'qxInfoMapper'
  2019-01-28 17:55:31,278 [main] DEBUG - Returning cached instance of singleton bean 'org.springframework.aop.support.DefaultBeanFactoryPointcutAdvisor#0'
  2019-01-28 17:55:31,278 [main] DEBUG - Returning cached instance of singleton bean 'org.springframework.cache.config.internalCacheAdvisor'
  2019-01-28 17:55:31,278 [main] DEBUG - Returning cached instance of singleton bean 'org.springframework.aop.support.DefaultBeanFactoryPointcutAdvisor#0'
  2019-01-28 17:55:31,279 [main] DEBUG - Returning cached instance of singleton bean 'org.springframework.cache.config.internalCacheAdvisor'
  2019-01-28 17:55:31,280 [main] DEBUG - Autowiring by type from bean name 'qxInfoService' to bean named 'qxInfoMapper'
  2019-01-28 17:55:31,280 [main] DEBUG - Returning cached instance of singleton bean 'org.springframework.aop.support.DefaultBeanFactoryPointcutAdvisor#0'
  2019-01-28 17:55:31,281 [main] DEBUG - Returning cached instance of singleton bean 'org.springframework.cache.config.internalCacheAdvisor'
  2019-01-28 17:55:31,281 [main] DEBUG - Returning cached instance of singleton bean 'org.springframework.aop.support.DefaultBeanFactoryPointcutAdvisor#0'
  2019-01-28 17:55:31,281 [main] DEBUG - Returning cached instance of singleton bean 'org.springframework.cache.config.internalCacheAdvisor'
  2019-01-28 17:55:31,283 [main] DEBUG - Creating implicit proxy for bean 'qxInfoService' with 0 common interceptors and 2 specific interceptors
  2019-01-28 17:55:31,284 [main] DEBUG - Creating CGLIB proxy: target source is SingletonTargetSource for target object [com.sys.service.QxInfoService@9b3be1c]
  2019-01-28 17:55:31,284 [main] DEBUG - Finished creating instance of bean 'qxInfoService'
  2019-01-28 17:55:31,284 [main] DEBUG - Creating shared instance of singleton bean 'lowSecurityReportService'
  2019-01-28 17:55:31,284 [main] DEBUG - Creating instance of bean 'lowSecurityReportService'
  2019-01-28 17:55:31,285 [main] DEBUG - Returning cached instance of singleton bean 'org.springframework.aop.support.DefaultBeanFactoryPointcutAdvisor#0'
  2019-01-28 17:55:31,285 [main] DEBUG - Returning cached instance of singleton bean 'org.springframework.cache.config.internalCacheAdvisor'
  2019-01-28 17:55:31,285 [main] DEBUG - Registered injected element on class [com.sys.service.report.LowSecurityReportService]: AutowiredFieldElement for private com.sys.mapper.report.LowSecurityReportMapper com.sys.service.report.LowSecurityReportService.lowSecurityReportMapper
  2019-01-28 17:55:31,286 [main] DEBUG - Eagerly caching bean 'lowSecurityReportService' to allow for resolving potential circular references
  2019-01-28 17:55:31,286 [main] DEBUG - Processing injected element of bean 'lowSecurityReportService': AutowiredFieldElement for private com.sys.mapper.report.LowSecurityReportMapper com.sys.service.report.LowSecurityReportService.lowSecurityReportMapper
  2019-01-28 17:55:31,287 [main] DEBUG - Creating shared instance of singleton bean 'lowSecurityReportMapper'
  2019-01-28 17:55:31,287 [main] DEBUG - Creating instance of bean 'lowSecurityReportMapper'
  2019-01-28 17:55:31,288 [main] DEBUG - Returning cached instance of singleton bean 'org.springframework.aop.support.DefaultBeanFactoryPointcutAdvisor#0'
  2019-01-28 17:55:31,288 [main] DEBUG - Returning cached instance of singleton bean 'org.springframework.cache.config.internalCacheAdvisor'
  2019-01-28 17:55:31,288 [main] DEBUG - Eagerly caching bean 'lowSecurityReportMapper' to allow for resolving potential circular references
  2019-01-28 17:55:31,288 [main] DEBUG - Returning cached instance of singleton bean 'sqlSessionFactory'
  2019-01-28 17:55:31,289 [main] DEBUG - Invoking afterPropertiesSet() on bean with name 'lowSecurityReportMapper'
  2019-01-28 17:55:31,289 [main] DEBUG - Returning cached instance of singleton bean 'org.springframework.aop.support.DefaultBeanFactoryPointcutAdvisor#0'
  2019-01-28 17:55:31,289 [main] DEBUG - Returning cached instance of singleton bean 'org.springframework.cache.config.internalCacheAdvisor'
  2019-01-28 17:55:31,290 [main] DEBUG - Returning cached instance of singleton bean 'org.springframework.aop.support.DefaultBeanFactoryPointcutAdvisor#0'
  2019-01-28 17:55:31,290 [main] DEBUG - Returning cached instance of singleton bean 'org.springframework.cache.config.internalCacheAdvisor'
  2019-01-28 17:55:31,291 [main] DEBUG - Finished creating instance of bean 'lowSecurityReportMapper'
  2019-01-28 17:55:31,291 [main] DEBUG - Returning cached instance of singleton bean 'org.springframework.aop.support.DefaultBeanFactoryPointcutAdvisor#0'
  2019-01-28 17:55:31,291 [main] DEBUG - Returning cached instance of singleton bean 'org.springframework.cache.config.internalCacheAdvisor'
  2019-01-28 17:55:31,291 [main] DEBUG - Returning cached instance of singleton bean 'org.springframework.aop.support.DefaultBeanFactoryPointcutAdvisor#0'
  2019-01-28 17:55:31,292 [main] DEBUG - Returning cached instance of singleton bean 'org.springframework.cache.config.internalCacheAdvisor'
  2019-01-28 17:55:31,293 [main] DEBUG - Autowiring by type from bean name 'lowSecurityReportService' to bean named 'lowSecurityReportMapper'
  2019-01-28 17:55:31,293 [main] DEBUG - Returning cached instance of singleton bean 'org.springframework.aop.support.DefaultBeanFactoryPointcutAdvisor#0'
  2019-01-28 17:55:31,293 [main] DEBUG - Returning cached instance of singleton bean 'org.springframework.cache.config.internalCacheAdvisor'
  2019-01-28 17:55:31,294 [main] DEBUG - Returning cached instance of singleton bean 'org.springframework.aop.support.DefaultBeanFactoryPointcutAdvisor#0'
  2019-01-28 17:55:31,294 [main] DEBUG - Returning cached instance of singleton bean 'org.springframework.cache.config.internalCacheAdvisor'
  2019-01-28 17:55:31,294 [main] DEBUG - Creating implicit proxy for bean 'lowSecurityReportService' with 0 common interceptors and 2 specific interceptors
  2019-01-28 17:55:31,296 [main] DEBUG - Creating CGLIB proxy: target source is SingletonTargetSource for target object [com.sys.service.report.LowSecurityReportService@13516600]
  2019-01-28 17:55:31,297 [main] DEBUG - Finished creating instance of bean 'lowSecurityReportService'
  2019-01-28 17:55:31,297 [main] DEBUG - Creating shared instance of singleton bean 'roleInfoService'
  2019-01-28 17:55:31,297 [main] DEBUG - Creating instance of bean 'roleInfoService'
  2019-01-28 17:55:31,297 [main] DEBUG - Returning cached instance of singleton bean 'org.springframework.aop.support.DefaultBeanFactoryPointcutAdvisor#0'
  2019-01-28 17:55:31,298 [main] DEBUG - Returning cached instance of singleton bean 'org.springframework.cache.config.internalCacheAdvisor'
  2019-01-28 17:55:31,298 [main] DEBUG - Registered injected element on class [com.sys.service.RoleInfoService]: ResourceElement for com.sys.mapper.RoleInfoMapper com.sys.service.RoleInfoService.roleInfoMapper
  2019-01-28 17:55:31,298 [main] DEBUG - Registered injected element on class [com.sys.service.RoleInfoService]: AutowiredFieldElement for private com.sys.mapper.IMapper com.sys.service.BaseService.mapper
  2019-01-28 17:55:31,304 [main] DEBUG - Eagerly caching bean 'roleInfoService' to allow for resolving potential circular references
  2019-01-28 17:55:31,305 [main] DEBUG - Processing injected element of bean 'roleInfoService': ResourceElement for com.sys.mapper.RoleInfoMapper com.sys.service.RoleInfoService.roleInfoMapper
  2019-01-28 17:55:31,305 [main] DEBUG - Returning cached instance of singleton bean 'roleInfoMapper'
  2019-01-28 17:55:31,305 [main] DEBUG - Processing injected element of bean 'roleInfoService': AutowiredFieldElement for private com.sys.mapper.IMapper com.sys.service.BaseService.mapper
  2019-01-28 17:55:31,306 [main] DEBUG - Returning cached instance of singleton bean 'roleInfoMapper'
  2019-01-28 17:55:31,307 [main] DEBUG - Autowiring by type from bean name 'roleInfoService' to bean named 'roleInfoMapper'
  2019-01-28 17:55:31,307 [main] DEBUG - Returning cached instance of singleton bean 'org.springframework.aop.support.DefaultBeanFactoryPointcutAdvisor#0'
  2019-01-28 17:55:31,307 [main] DEBUG - Returning cached instance of singleton bean 'org.springframework.cache.config.internalCacheAdvisor'
  2019-01-28 17:55:31,307 [main] DEBUG - Returning cached instance of singleton bean 'org.springframework.aop.support.DefaultBeanFactoryPointcutAdvisor#0'
  2019-01-28 17:55:31,308 [main] DEBUG - Returning cached instance of singleton bean 'org.springframework.cache.config.internalCacheAdvisor'
  2019-01-28 17:55:31,309 [main] DEBUG - Creating implicit proxy for bean 'roleInfoService' with 0 common interceptors and 2 specific interceptors
  2019-01-28 17:55:31,309 [main] DEBUG - Creating CGLIB proxy: target source is SingletonTargetSource for target object [com.sys.service.RoleInfoService@21002393]
  2019-01-28 17:55:31,310 [main] DEBUG - Finished creating instance of bean 'roleInfoService'
  2019-01-28 17:55:31,310 [main] DEBUG - Returning cached instance of singleton bean 'scheduleJobService'
  2019-01-28 17:55:31,310 [main] DEBUG - Returning cached instance of singleton bean 'serialNumService'
  2019-01-28 17:55:31,311 [main] DEBUG - Creating shared instance of singleton bean 'sourceHouseService'
  2019-01-28 17:55:31,311 [main] DEBUG - Creating instance of bean 'sourceHouseService'
  2019-01-28 17:55:31,311 [main] DEBUG - Returning cached instance of singleton bean 'org.springframework.aop.support.DefaultBeanFactoryPointcutAdvisor#0'
  2019-01-28 17:55:31,311 [main] DEBUG - Returning cached instance of singleton bean 'org.springframework.cache.config.internalCacheAdvisor'
  2019-01-28 17:55:31,312 [main] DEBUG - Registered injected element on class [com.sys.service.SourceHouseService]: AutowiredFieldElement for private com.sys.mapper.IMapper com.sys.service.BaseService.mapper
  2019-01-28 17:55:31,312 [main] DEBUG - Registered injected element on class [com.sys.service.SourceHouseService]: AutowiredFieldElement for private com.sys.mapper.SourceHouseMapper com.sys.service.SourceHouseService.sourceHouseMapper
  2019-01-28 17:55:31,312 [main] DEBUG - Registered injected element on class [com.sys.service.SourceHouseService]: AutowiredFieldElement for private com.sys.mapper.apply.ApplyMapper com.sys.service.SourceHouseService.applyMapper
  2019-01-28 17:55:31,312 [main] DEBUG - Registered injected element on class [com.sys.service.SourceHouseService]: AutowiredFieldElement for private com.sys.mapper.apply.ApplyForForeignMapper com.sys.service.SourceHouseService.applyForForeignMapper
  2019-01-28 17:55:31,312 [main] DEBUG - Registered injected element on class [com.sys.service.SourceHouseService]: AutowiredFieldElement for private com.sys.mapper.apply.ApplyForgraDuateMapper com.sys.service.SourceHouseService.applyForgraDuateMapper
  2019-01-28 17:55:31,313 [main] DEBUG - Registered injected element on class [com.sys.service.SourceHouseService]: AutowiredFieldElement for private com.sys.mapper.apply.ApplyButieMapper com.sys.service.SourceHouseService.applyButieMapper
  2019-01-28 17:55:31,313 [main] DEBUG - Registered injected element on class [com.sys.service.SourceHouseService]: AutowiredFieldElement for private com.sys.mapper.apply.ApproveMapper com.sys.service.SourceHouseService.approveMapper
  2019-01-28 17:55:31,313 [main] DEBUG - Registered injected element on class [com.sys.service.SourceHouseService]: AutowiredFieldElement for private com.sys.mapper.apply.ApplyChangeMapper com.sys.service.SourceHouseService.applyChangeMapper
  2019-01-28 17:55:31,313 [main] DEBUG - Registered injected element on class [com.sys.service.SourceHouseService]: AutowiredFieldElement for private com.sys.common.DynamicallyGeneratedWordUtil com.sys.service.SourceHouseService.dynamicallyGeneratedWordService
  2019-01-28 17:55:31,313 [main] DEBUG - Registered injected element on class [com.sys.service.SourceHouseService]: AutowiredFieldElement for private com.sys.service.schedule.ScheduleJobService com.sys.service.SourceHouseService.scheduleJobService
  2019-01-28 17:55:31,314 [main] DEBUG - Registered injected element on class [com.sys.service.SourceHouseService]: AutowiredFieldElement for private com.sys.service.lotnum.LotNumService com.sys.service.SourceHouseService.lotNumService
  2019-01-28 17:55:31,314 [main] DEBUG - Registered injected element on class [com.sys.service.SourceHouseService]: AutowiredFieldElement for private com.sys.mapper.HisRentMapper com.sys.service.SourceHouseService.hisRentMapper
  2019-01-28 17:55:31,314 [main] DEBUG - Eagerly caching bean 'sourceHouseService' to allow for resolving potential circular references
  2019-01-28 17:55:31,314 [main] DEBUG - Processing injected element of bean 'sourceHouseService': AutowiredFieldElement for private com.sys.mapper.IMapper com.sys.service.BaseService.mapper
  2019-01-28 17:55:31,315 [main] DEBUG - Returning cached instance of singleton bean 'sourceHouseMapper'
  2019-01-28 17:55:31,315 [main] DEBUG - Autowiring by type from bean name 'sourceHouseService' to bean named 'sourceHouseMapper'
  2019-01-28 17:55:31,316 [main] DEBUG - Processing injected element of bean 'sourceHouseService': AutowiredFieldElement for private com.sys.mapper.SourceHouseMapper com.sys.service.SourceHouseService.sourceHouseMapper
  2019-01-28 17:55:31,316 [main] DEBUG - Returning cached instance of singleton bean 'sourceHouseMapper'
  2019-01-28 17:55:31,316 [main] DEBUG - Autowiring by type from bean name 'sourceHouseService' to bean named 'sourceHouseMapper'
  2019-01-28 17:55:31,316 [main] DEBUG - Processing injected element of bean 'sourceHouseService': AutowiredFieldElement for private com.sys.mapper.apply.ApplyMapper com.sys.service.SourceHouseService.applyMapper
  2019-01-28 17:55:31,317 [main] DEBUG - Returning cached instance of singleton bean 'applyMapper'
  2019-01-28 17:55:31,317 [main] DEBUG - Autowiring by type from bean name 'sourceHouseService' to bean named 'applyMapper'
  2019-01-28 17:55:31,317 [main] DEBUG - Processing injected element of bean 'sourceHouseService': AutowiredFieldElement for private com.sys.mapper.apply.ApplyForForeignMapper com.sys.service.SourceHouseService.applyForForeignMapper
  2019-01-28 17:55:31,317 [main] DEBUG - Returning cached instance of singleton bean 'applyForForeignMapper'
  2019-01-28 17:55:31,317 [main] DEBUG - Autowiring by type from bean name 'sourceHouseService' to bean named 'applyForForeignMapper'
  2019-01-28 17:55:31,318 [main] DEBUG - Processing injected element of bean 'sourceHouseService': AutowiredFieldElement for private com.sys.mapper.apply.ApplyForgraDuateMapper com.sys.service.SourceHouseService.applyForgraDuateMapper
  2019-01-28 17:55:31,318 [main] DEBUG - Returning cached instance of singleton bean 'applyForgraDuateMapper'
  2019-01-28 17:55:31,318 [main] DEBUG - Autowiring by type from bean name 'sourceHouseService' to bean named 'applyForgraDuateMapper'
  2019-01-28 17:55:31,318 [main] DEBUG - Processing injected element of bean 'sourceHouseService': AutowiredFieldElement for private com.sys.mapper.apply.ApplyButieMapper com.sys.service.SourceHouseService.applyButieMapper
  2019-01-28 17:55:31,319 [main] DEBUG - Returning cached instance of singleton bean 'applyButieMapper'
  2019-01-28 17:55:31,319 [main] DEBUG - Autowiring by type from bean name 'sourceHouseService' to bean named 'applyButieMapper'
  2019-01-28 17:55:31,319 [main] DEBUG - Processing injected element of bean 'sourceHouseService': AutowiredFieldElement for private com.sys.mapper.apply.ApproveMapper com.sys.service.SourceHouseService.approveMapper
  2019-01-28 17:55:31,319 [main] DEBUG - Returning cached instance of singleton bean 'approveMapper'
  2019-01-28 17:55:31,320 [main] DEBUG - Autowiring by type from bean name 'sourceHouseService' to bean named 'approveMapper'
  2019-01-28 17:55:31,320 [main] DEBUG - Processing injected element of bean 'sourceHouseService': AutowiredFieldElement for private com.sys.mapper.apply.ApplyChangeMapper com.sys.service.SourceHouseService.applyChangeMapper
  2019-01-28 17:55:31,320 [main] DEBUG - Returning cached instance of singleton bean 'applyChangeMapper'
  2019-01-28 17:55:31,320 [main] DEBUG - Autowiring by type from bean name 'sourceHouseService' to bean named 'applyChangeMapper'
  2019-01-28 17:55:31,321 [main] DEBUG - Processing injected element of bean 'sourceHouseService': AutowiredFieldElement for private com.sys.common.DynamicallyGeneratedWordUtil com.sys.service.SourceHouseService.dynamicallyGeneratedWordService
  2019-01-28 17:55:31,321 [main] DEBUG - Returning cached instance of singleton bean 'dynamicallyGeneratedWordUtil'
  2019-01-28 17:55:31,321 [main] DEBUG - Autowiring by type from bean name 'sourceHouseService' to bean named 'dynamicallyGeneratedWordUtil'
  2019-01-28 17:55:31,321 [main] DEBUG - Processing injected element of bean 'sourceHouseService': AutowiredFieldElement for private com.sys.service.schedule.ScheduleJobService com.sys.service.SourceHouseService.scheduleJobService
  2019-01-28 17:55:31,322 [main] DEBUG - Returning cached instance of singleton bean 'scheduleJobService'
  2019-01-28 17:55:31,322 [main] DEBUG - Autowiring by type from bean name 'sourceHouseService' to bean named 'scheduleJobService'
  2019-01-28 17:55:31,322 [main] DEBUG - Processing injected element of bean 'sourceHouseService': AutowiredFieldElement for private com.sys.service.lotnum.LotNumService com.sys.service.SourceHouseService.lotNumService
  2019-01-28 17:55:31,322 [main] DEBUG - Returning cached instance of singleton bean 'lotNumService'
  2019-01-28 17:55:31,323 [main] DEBUG - Autowiring by type from bean name 'sourceHouseService' to bean named 'lotNumService'
  2019-01-28 17:55:31,323 [main] DEBUG - Processing injected element of bean 'sourceHouseService': AutowiredFieldElement for private com.sys.mapper.HisRentMapper com.sys.service.SourceHouseService.hisRentMapper
  2019-01-28 17:55:31,323 [main] DEBUG - Returning cached instance of singleton bean 'hisRentMapper'
  2019-01-28 17:55:31,324 [main] DEBUG - Autowiring by type from bean name 'sourceHouseService' to bean named 'hisRentMapper'
  2019-01-28 17:55:31,324 [main] DEBUG - Returning cached instance of singleton bean 'org.springframework.aop.support.DefaultBeanFactoryPointcutAdvisor#0'
  2019-01-28 17:55:31,324 [main] DEBUG - Returning cached instance of singleton bean 'org.springframework.cache.config.internalCacheAdvisor'
  2019-01-28 17:55:31,324 [main] DEBUG - Returning cached instance of singleton bean 'org.springframework.aop.support.DefaultBeanFactoryPointcutAdvisor#0'
  2019-01-28 17:55:31,325 [main] DEBUG - Returning cached instance of singleton bean 'org.springframework.cache.config.internalCacheAdvisor'
  2019-01-28 17:55:31,326 [main] DEBUG - Creating implicit proxy for bean 'sourceHouseService' with 0 common interceptors and 2 specific interceptors
  2019-01-28 17:55:31,327 [main] DEBUG - Creating CGLIB proxy: target source is SingletonTargetSource for target object [com.sys.service.SourceHouseService@4db0ba1c]
  2019-01-28 17:55:31,327 [main] DEBUG - Finished creating instance of bean 'sourceHouseService'
  2019-01-28 17:55:31,327 [main] DEBUG - Creating shared instance of singleton bean 'sysExcelInfoService'
  2019-01-28 17:55:31,328 [main] DEBUG - Creating instance of bean 'sysExcelInfoService'
  2019-01-28 17:55:31,328 [main] DEBUG - Returning cached instance of singleton bean 'org.springframework.aop.support.DefaultBeanFactoryPointcutAdvisor#0'
  2019-01-28 17:55:31,328 [main] DEBUG - Returning cached instance of singleton bean 'org.springframework.cache.config.internalCacheAdvisor'
  2019-01-28 17:55:31,328 [main] DEBUG - Registered injected element on class [com.sys.service.SysExcelInfoService]: AutowiredFieldElement for private com.sys.mapper.blagsh.BliveGongSMapper com.sys.service.SysExcelInfoService.bliveGongSMapper
  2019-01-28 17:55:31,329 [main] DEBUG - Registered injected element on class [com.sys.service.SysExcelInfoService]: AutowiredFieldElement for private com.sys.mapper.ExcelMapper com.sys.service.SysExcelInfoService.excelMapper
  2019-01-28 17:55:31,329 [main] DEBUG - Eagerly caching bean 'sysExcelInfoService' to allow for resolving potential circular references
  2019-01-28 17:55:31,329 [main] DEBUG - Processing injected element of bean 'sysExcelInfoService': AutowiredFieldElement for private com.sys.mapper.blagsh.BliveGongSMapper com.sys.service.SysExcelInfoService.bliveGongSMapper
  2019-01-28 17:55:31,330 [main] DEBUG - Returning cached instance of singleton bean 'bliveGongSMapper'
  2019-01-28 17:55:31,330 [main] DEBUG - Autowiring by type from bean name 'sysExcelInfoService' to bean named 'bliveGongSMapper'
  2019-01-28 17:55:31,330 [main] DEBUG - Processing injected element of bean 'sysExcelInfoService': AutowiredFieldElement for private com.sys.mapper.ExcelMapper com.sys.service.SysExcelInfoService.excelMapper
  2019-01-28 17:55:31,331 [main] DEBUG - Creating shared instance of singleton bean 'excelMapper'
  2019-01-28 17:55:31,331 [main] DEBUG - Creating instance of bean 'excelMapper'
  2019-01-28 17:55:31,332 [main] DEBUG - Returning cached instance of singleton bean 'org.springframework.aop.support.DefaultBeanFactoryPointcutAdvisor#0'
  2019-01-28 17:55:31,332 [main] DEBUG - Returning cached instance of singleton bean 'org.springframework.cache.config.internalCacheAdvisor'
  2019-01-28 17:55:31,332 [main] DEBUG - Eagerly caching bean 'excelMapper' to allow for resolving potential circular references
  2019-01-28 17:55:31,332 [main] DEBUG - Returning cached instance of singleton bean 'sqlSessionFactory'
  2019-01-28 17:55:31,333 [main] DEBUG - Invoking afterPropertiesSet() on bean with name 'excelMapper'
  2019-01-28 17:55:31,333 [main] DEBUG - Returning cached instance of singleton bean 'org.springframework.aop.support.DefaultBeanFactoryPointcutAdvisor#0'
  2019-01-28 17:55:31,333 [main] DEBUG - Returning cached instance of singleton bean 'org.springframework.cache.config.internalCacheAdvisor'
  2019-01-28 17:55:31,334 [main] DEBUG - Returning cached instance of singleton bean 'org.springframework.aop.support.DefaultBeanFactoryPointcutAdvisor#0'
  2019-01-28 17:55:31,334 [main] DEBUG - Returning cached instance of singleton bean 'org.springframework.cache.config.internalCacheAdvisor'
  2019-01-28 17:55:31,334 [main] DEBUG - Finished creating instance of bean 'excelMapper'
  2019-01-28 17:55:31,335 [main] DEBUG - Returning cached instance of singleton bean 'org.springframework.aop.support.DefaultBeanFactoryPointcutAdvisor#0'
  2019-01-28 17:55:31,335 [main] DEBUG - Returning cached instance of singleton bean 'org.springframework.cache.config.internalCacheAdvisor'
  2019-01-28 17:55:31,335 [main] DEBUG - Returning cached instance of singleton bean 'org.springframework.aop.support.DefaultBeanFactoryPointcutAdvisor#0'
  2019-01-28 17:55:31,336 [main] DEBUG - Returning cached instance of singleton bean 'org.springframework.cache.config.internalCacheAdvisor'
  2019-01-28 17:55:31,336 [main] DEBUG - Autowiring by type from bean name 'sysExcelInfoService' to bean named 'excelMapper'
  2019-01-28 17:55:31,337 [main] DEBUG - Returning cached instance of singleton bean 'org.springframework.aop.support.DefaultBeanFactoryPointcutAdvisor#0'
  2019-01-28 17:55:31,337 [main] DEBUG - Returning cached instance of singleton bean 'org.springframework.cache.config.internalCacheAdvisor'
  2019-01-28 17:55:31,337 [main] DEBUG - Returning cached instance of singleton bean 'org.springframework.aop.support.DefaultBeanFactoryPointcutAdvisor#0'
  2019-01-28 17:55:31,337 [main] DEBUG - Returning cached instance of singleton bean 'org.springframework.cache.config.internalCacheAdvisor'
  2019-01-28 17:55:31,338 [main] DEBUG - Creating implicit proxy for bean 'sysExcelInfoService' with 0 common interceptors and 2 specific interceptors
  2019-01-28 17:55:31,338 [main] DEBUG - Creating CGLIB proxy: target source is SingletonTargetSource for target object [com.sys.service.SysExcelInfoService@414b2df5]
  2019-01-28 17:55:31,339 [main] DEBUG - Finished creating instance of bean 'sysExcelInfoService'
  2019-01-28 17:55:31,339 [main] DEBUG - Creating shared instance of singleton bean 'holidayService'
  2019-01-28 17:55:31,339 [main] DEBUG - Creating instance of bean 'holidayService'
  2019-01-28 17:55:31,339 [main] DEBUG - Returning cached instance of singleton bean 'org.springframework.aop.support.DefaultBeanFactoryPointcutAdvisor#0'
  2019-01-28 17:55:31,339 [main] DEBUG - Returning cached instance of singleton bean 'org.springframework.cache.config.internalCacheAdvisor'
  2019-01-28 17:55:31,340 [main] DEBUG - Registered injected element on class [com.sys.service.sysma.HolidayService]: ResourceElement for private com.sys.mapper.HolidayMapper com.sys.service.sysma.HolidayService.holidayMapper
  2019-01-28 17:55:31,340 [main] DEBUG - Registered injected element on class [com.sys.service.sysma.HolidayService]: AutowiredFieldElement for private com.sys.mapper.IMapper com.sys.service.BaseService.mapper
  2019-01-28 17:55:31,340 [main] DEBUG - Eagerly caching bean 'holidayService' to allow for resolving potential circular references
  2019-01-28 17:55:31,341 [main] DEBUG - Processing injected element of bean 'holidayService': ResourceElement for private com.sys.mapper.HolidayMapper com.sys.service.sysma.HolidayService.holidayMapper
  2019-01-28 17:55:31,341 [main] DEBUG - Creating shared instance of singleton bean 'holidayMapper'
  2019-01-28 17:55:31,341 [main] DEBUG - Creating instance of bean 'holidayMapper'
  2019-01-28 17:55:31,341 [main] DEBUG - Returning cached instance of singleton bean 'org.springframework.aop.support.DefaultBeanFactoryPointcutAdvisor#0'
  2019-01-28 17:55:31,342 [main] DEBUG - Returning cached instance of singleton bean 'org.springframework.cache.config.internalCacheAdvisor'
  2019-01-28 17:55:31,342 [main] DEBUG - Eagerly caching bean 'holidayMapper' to allow for resolving potential circular references
  2019-01-28 17:55:31,342 [main] DEBUG - Returning cached instance of singleton bean 'sqlSessionFactory'
  2019-01-28 17:55:31,342 [main] DEBUG - Invoking afterPropertiesSet() on bean with name 'holidayMapper'
  2019-01-28 17:55:31,343 [main] DEBUG - Returning cached instance of singleton bean 'org.springframework.aop.support.DefaultBeanFactoryPointcutAdvisor#0'
  2019-01-28 17:55:31,343 [main] DEBUG - Returning cached instance of singleton bean 'org.springframework.cache.config.internalCacheAdvisor'
  2019-01-28 17:55:31,343 [main] DEBUG - Returning cached instance of singleton bean 'org.springframework.aop.support.DefaultBeanFactoryPointcutAdvisor#0'
  2019-01-28 17:55:31,344 [main] DEBUG - Returning cached instance of singleton bean 'org.springframework.cache.config.internalCacheAdvisor'
  2019-01-28 17:55:31,344 [main] DEBUG - Finished creating instance of bean 'holidayMapper'
  2019-01-28 17:55:31,344 [main] DEBUG - Returning cached instance of singleton bean 'org.springframework.aop.support.DefaultBeanFactoryPointcutAdvisor#0'
  2019-01-28 17:55:31,345 [main] DEBUG - Returning cached instance of singleton bean 'org.springframework.cache.config.internalCacheAdvisor'
  2019-01-28 17:55:31,345 [main] DEBUG - Returning cached instance of singleton bean 'org.springframework.aop.support.DefaultBeanFactoryPointcutAdvisor#0'
  2019-01-28 17:55:31,345 [main] DEBUG - Returning cached instance of singleton bean 'org.springframework.cache.config.internalCacheAdvisor'
  2019-01-28 17:55:31,346 [main] DEBUG - Processing injected element of bean 'holidayService': AutowiredFieldElement for private com.sys.mapper.IMapper com.sys.service.BaseService.mapper
  2019-01-28 17:55:31,347 [main] DEBUG - Returning cached instance of singleton bean 'holidayMapper'
  2019-01-28 17:55:31,348 [main] DEBUG - Autowiring by type from bean name 'holidayService' to bean named 'holidayMapper'
  2019-01-28 17:55:31,349 [main] DEBUG - Returning cached instance of singleton bean 'org.springframework.aop.support.DefaultBeanFactoryPointcutAdvisor#0'
  2019-01-28 17:55:31,349 [main] DEBUG - Returning cached instance of singleton bean 'org.springframework.cache.config.internalCacheAdvisor'
  2019-01-28 17:55:31,350 [main] DEBUG - Returning cached instance of singleton bean 'org.springframework.aop.support.DefaultBeanFactoryPointcutAdvisor#0'
  2019-01-28 17:55:31,350 [main] DEBUG - Returning cached instance of singleton bean 'org.springframework.cache.config.internalCacheAdvisor'
  2019-01-28 17:55:31,350 [main] DEBUG - Creating implicit proxy for bean 'holidayService' with 0 common interceptors and 2 specific interceptors
  2019-01-28 17:55:31,351 [main] DEBUG - Creating CGLIB proxy: target source is SingletonTargetSource for target object [com.sys.service.sysma.HolidayService@1b30a54e]
  2019-01-28 17:55:31,351 [main] DEBUG - Finished creating instance of bean 'holidayService'
  2019-01-28 17:55:31,351 [main] DEBUG - Returning cached instance of singleton bean 'userInfoService'
  2019-01-28 17:55:31,351 [main] DEBUG - Creating shared instance of singleton bean 'userRoleInfoService'
  2019-01-28 17:55:31,351 [main] DEBUG - Creating instance of bean 'userRoleInfoService'
  2019-01-28 17:55:31,352 [main] DEBUG - Returning cached instance of singleton bean 'org.springframework.aop.support.DefaultBeanFactoryPointcutAdvisor#0'
  2019-01-28 17:55:31,352 [main] DEBUG - Returning cached instance of singleton bean 'org.springframework.cache.config.internalCacheAdvisor'
  2019-01-28 17:55:31,352 [main] DEBUG - Registered injected element on class [com.sys.service.UserRoleInfoService]: AutowiredFieldElement for private com.sys.mapper.UserRoleInfoMapper com.sys.service.UserRoleInfoService.userRoleInfoMapper
  2019-01-28 17:55:31,352 [main] DEBUG - Eagerly caching bean 'userRoleInfoService' to allow for resolving potential circular references
  2019-01-28 17:55:31,353 [main] DEBUG - Processing injected element of bean 'userRoleInfoService': AutowiredFieldElement for private com.sys.mapper.UserRoleInfoMapper com.sys.service.UserRoleInfoService.userRoleInfoMapper
  2019-01-28 17:55:31,355 [main] DEBUG - Creating shared instance of singleton bean 'userRoleInfoMapper'
  2019-01-28 17:55:31,355 [main] DEBUG - Creating instance of bean 'userRoleInfoMapper'
  2019-01-28 17:55:31,355 [main] DEBUG - Returning cached instance of singleton bean 'org.springframework.aop.support.DefaultBeanFactoryPointcutAdvisor#0'
  2019-01-28 17:55:31,355 [main] DEBUG - Returning cached instance of singleton bean 'org.springframework.cache.config.internalCacheAdvisor'
  2019-01-28 17:55:31,356 [main] DEBUG - Eagerly caching bean 'userRoleInfoMapper' to allow for resolving potential circular references
  2019-01-28 17:55:31,356 [main] DEBUG - Returning cached instance of singleton bean 'sqlSessionFactory'
  2019-01-28 17:55:31,356 [main] DEBUG - Invoking afterPropertiesSet() on bean with name 'userRoleInfoMapper'
  2019-01-28 17:55:31,357 [main] DEBUG - Returning cached instance of singleton bean 'org.springframework.aop.support.DefaultBeanFactoryPointcutAdvisor#0'
  2019-01-28 17:55:31,357 [main] DEBUG - Returning cached instance of singleton bean 'org.springframework.cache.config.internalCacheAdvisor'
  2019-01-28 17:55:31,357 [main] DEBUG - Returning cached instance of singleton bean 'org.springframework.aop.support.DefaultBeanFactoryPointcutAdvisor#0'
  2019-01-28 17:55:31,357 [main] DEBUG - Returning cached instance of singleton bean 'org.springframework.cache.config.internalCacheAdvisor'
  2019-01-28 17:55:31,358 [main] DEBUG - Finished creating instance of bean 'userRoleInfoMapper'
  2019-01-28 17:55:31,358 [main] DEBUG - Returning cached instance of singleton bean 'org.springframework.aop.support.DefaultBeanFactoryPointcutAdvisor#0'
  2019-01-28 17:55:31,358 [main] DEBUG - Returning cached instance of singleton bean 'org.springframework.cache.config.internalCacheAdvisor'
  2019-01-28 17:55:31,358 [main] DEBUG - Returning cached instance of singleton bean 'org.springframework.aop.support.DefaultBeanFactoryPointcutAdvisor#0'
  2019-01-28 17:55:31,359 [main] DEBUG - Returning cached instance of singleton bean 'org.springframework.cache.config.internalCacheAdvisor'
  2019-01-28 17:55:31,360 [main] DEBUG - Autowiring by type from bean name 'userRoleInfoService' to bean named 'userRoleInfoMapper'
  2019-01-28 17:55:31,361 [main] DEBUG - Returning cached instance of singleton bean 'org.springframework.aop.support.DefaultBeanFactoryPointcutAdvisor#0'
  2019-01-28 17:55:31,361 [main] DEBUG - Returning cached instance of singleton bean 'org.springframework.cache.config.internalCacheAdvisor'
  2019-01-28 17:55:31,361 [main] DEBUG - Returning cached instance of singleton bean 'org.springframework.aop.support.DefaultBeanFactoryPointcutAdvisor#0'
  2019-01-28 17:55:31,361 [main] DEBUG - Returning cached instance of singleton bean 'org.springframework.cache.config.internalCacheAdvisor'
  2019-01-28 17:55:31,362 [main] DEBUG - Creating implicit proxy for bean 'userRoleInfoService' with 0 common interceptors and 2 specific interceptors
  2019-01-28 17:55:31,362 [main] DEBUG - Creating CGLIB proxy: target source is SingletonTargetSource for target object [com.sys.service.UserRoleInfoService@3e9beef2]
  2019-01-28 17:55:31,362 [main] DEBUG - Finished creating instance of bean 'userRoleInfoService'
  2019-01-28 17:55:31,363 [main] DEBUG - Returning cached instance of singleton bean 'userTaskService'
  2019-01-28 17:55:31,363 [main] DEBUG - Creating shared instance of singleton bean 'volelearcDtlService'
  2019-01-28 17:55:31,363 [main] DEBUG - Creating instance of bean 'volelearcDtlService'
  2019-01-28 17:55:31,364 [main] DEBUG - Returning cached instance of singleton bean 'org.springframework.aop.support.DefaultBeanFactoryPointcutAdvisor#0'
  2019-01-28 17:55:31,364 [main] DEBUG - Returning cached instance of singleton bean 'org.springframework.cache.config.internalCacheAdvisor'
  2019-01-28 17:55:31,364 [main] DEBUG - Registered injected element on class [com.sys.service.VolelearcDtlService]: AutowiredFieldElement for private com.sys.mapper.VolelearcDtlMapper com.sys.service.VolelearcDtlService.volelearcDtlMapper
  2019-01-28 17:55:31,364 [main] DEBUG - Eagerly caching bean 'volelearcDtlService' to allow for resolving potential circular references
  2019-01-28 17:55:31,365 [main] DEBUG - Processing injected element of bean 'volelearcDtlService': AutowiredFieldElement for private com.sys.mapper.VolelearcDtlMapper com.sys.service.VolelearcDtlService.volelearcDtlMapper
  2019-01-28 17:55:31,365 [main] DEBUG - Returning cached instance of singleton bean 'volelearcDtlMapper'
  2019-01-28 17:55:31,365 [main] DEBUG - Autowiring by type from bean name 'volelearcDtlService' to bean named 'volelearcDtlMapper'
  2019-01-28 17:55:31,366 [main] DEBUG - Returning cached instance of singleton bean 'org.springframework.aop.support.DefaultBeanFactoryPointcutAdvisor#0'
  2019-01-28 17:55:31,366 [main] DEBUG - Returning cached instance of singleton bean 'org.springframework.cache.config.internalCacheAdvisor'
  2019-01-28 17:55:31,366 [main] DEBUG - Returning cached instance of singleton bean 'org.springframework.aop.support.DefaultBeanFactoryPointcutAdvisor#0'
  2019-01-28 17:55:31,366 [main] DEBUG - Returning cached instance of singleton bean 'org.springframework.cache.config.internalCacheAdvisor'
  2019-01-28 17:55:31,367 [main] DEBUG - Creating implicit proxy for bean 'volelearcDtlService' with 0 common interceptors and 2 specific interceptors
  2019-01-28 17:55:31,367 [main] DEBUG - Creating CGLIB proxy: target source is SingletonTargetSource for target object [com.sys.service.VolelearcDtlService@3111631d]
  2019-01-28 17:55:31,367 [main] DEBUG - Finished creating instance of bean 'volelearcDtlService'
  2019-01-28 17:55:31,367 [main] DEBUG - Creating shared instance of singleton bean 'volelearcService'
  2019-01-28 17:55:31,368 [main] DEBUG - Creating instance of bean 'volelearcService'
  2019-01-28 17:55:31,368 [main] DEBUG - Returning cached instance of singleton bean 'org.springframework.aop.support.DefaultBeanFactoryPointcutAdvisor#0'
  2019-01-28 17:55:31,368 [main] DEBUG - Returning cached instance of singleton bean 'org.springframework.cache.config.internalCacheAdvisor'
  2019-01-28 17:55:31,369 [main] DEBUG - Registered injected element on class [com.sys.service.VolelearcService]: ResourceElement for private com.sys.mapper.apply.ApproveMapper com.sys.service.VolelearcService.approveMapper
  2019-01-28 17:55:31,369 [main] DEBUG - Registered injected element on class [com.sys.service.VolelearcService]: ResourceElement for private com.sys.common.BatchUtil com.sys.service.VolelearcService.batchUtil
  2019-01-28 17:55:31,369 [main] DEBUG - Registered injected element on class [com.sys.service.VolelearcService]: ResourceElement for private com.sys.mapper.VolelearcMapper com.sys.service.VolelearcService.volelearcMapper
  2019-01-28 17:55:31,369 [main] DEBUG - Registered injected element on class [com.sys.service.VolelearcService]: ResourceElement for private com.sys.mapper.VolelearcDtlMapper com.sys.service.VolelearcService.volelearcDtlMapper
  2019-01-28 17:55:31,369 [main] DEBUG - Eagerly caching bean 'volelearcService' to allow for resolving potential circular references
  2019-01-28 17:55:31,370 [main] DEBUG - Processing injected element of bean 'volelearcService': ResourceElement for private com.sys.mapper.apply.ApproveMapper com.sys.service.VolelearcService.approveMapper
  2019-01-28 17:55:31,370 [main] DEBUG - Returning cached instance of singleton bean 'approveMapper'
  2019-01-28 17:55:31,370 [main] DEBUG - Processing injected element of bean 'volelearcService': ResourceElement for private com.sys.common.BatchUtil com.sys.service.VolelearcService.batchUtil
  2019-01-28 17:55:31,370 [main] DEBUG - Returning cached instance of singleton bean 'batchutil'
  2019-01-28 17:55:31,371 [main] DEBUG - Processing injected element of bean 'volelearcService': ResourceElement for private com.sys.mapper.VolelearcMapper com.sys.service.VolelearcService.volelearcMapper
  2019-01-28 17:55:31,371 [main] DEBUG - Returning cached instance of singleton bean 'volelearcMapper'
  2019-01-28 17:55:31,371 [main] DEBUG - Processing injected element of bean 'volelearcService': ResourceElement for private com.sys.mapper.VolelearcDtlMapper com.sys.service.VolelearcService.volelearcDtlMapper
  2019-01-28 17:55:31,371 [main] DEBUG - Returning cached instance of singleton bean 'volelearcDtlMapper'
  2019-01-28 17:55:31,371 [main] DEBUG - Returning cached instance of singleton bean 'org.springframework.aop.support.DefaultBeanFactoryPointcutAdvisor#0'
  2019-01-28 17:55:31,372 [main] DEBUG - Returning cached instance of singleton bean 'org.springframework.cache.config.internalCacheAdvisor'
  2019-01-28 17:55:31,372 [main] DEBUG - Returning cached instance of singleton bean 'org.springframework.aop.support.DefaultBeanFactoryPointcutAdvisor#0'
  2019-01-28 17:55:31,372 [main] DEBUG - Returning cached instance of singleton bean 'org.springframework.cache.config.internalCacheAdvisor'
  2019-01-28 17:55:31,372 [main] DEBUG - Creating implicit proxy for bean 'volelearcService' with 0 common interceptors and 2 specific interceptors
  2019-01-28 17:55:31,373 [main] DEBUG - Creating CGLIB proxy: target source is SingletonTargetSource for target object [com.sys.service.VolelearcService@4c7d7430]
  2019-01-28 17:55:31,373 [main] DEBUG - Finished creating instance of bean 'volelearcService'
  2019-01-28 17:55:31,373 [main] DEBUG - Returning cached instance of singleton bean 'org.springframework.context.annotation.internalConfigurationAnnotationProcessor'
  2019-01-28 17:55:31,373 [main] DEBUG - Returning cached instance of singleton bean 'org.springframework.context.annotation.internalAutowiredAnnotationProcessor'
  2019-01-28 17:55:31,374 [main] DEBUG - Returning cached instance of singleton bean 'org.springframework.context.annotation.internalRequiredAnnotationProcessor'
  2019-01-28 17:55:31,374 [main] DEBUG - Returning cached instance of singleton bean 'org.springframework.context.annotation.internalCommonAnnotationProcessor'
  2019-01-28 17:55:31,374 [main] DEBUG - Creating shared instance of singleton bean 'org.springframework.context.event.internalEventListenerProcessor'
  2019-01-28 17:55:31,374 [main] DEBUG - Creating instance of bean 'org.springframework.context.event.internalEventListenerProcessor'
  2019-01-28 17:55:31,374 [main] DEBUG - Returning cached instance of singleton bean 'org.springframework.aop.support.DefaultBeanFactoryPointcutAdvisor#0'
  2019-01-28 17:55:31,374 [main] DEBUG - Returning cached instance of singleton bean 'org.springframework.cache.config.internalCacheAdvisor'
  2019-01-28 17:55:31,375 [main] DEBUG - Eagerly caching bean 'org.springframework.context.event.internalEventListenerProcessor' to allow for resolving potential circular references
  2019-01-28 17:55:31,377 [main] DEBUG - Returning cached instance of singleton bean 'org.springframework.aop.support.DefaultBeanFactoryPointcutAdvisor#0'
  2019-01-28 17:55:31,377 [main] DEBUG - Returning cached instance of singleton bean 'org.springframework.cache.config.internalCacheAdvisor'
  2019-01-28 17:55:31,377 [main] DEBUG - Returning cached instance of singleton bean 'org.springframework.aop.support.DefaultBeanFactoryPointcutAdvisor#0'
  2019-01-28 17:55:31,377 [main] DEBUG - Returning cached instance of singleton bean 'org.springframework.cache.config.internalCacheAdvisor'
  2019-01-28 17:55:31,378 [main] DEBUG - Finished creating instance of bean 'org.springframework.context.event.internalEventListenerProcessor'
  2019-01-28 17:55:31,378 [main] DEBUG - Creating shared instance of singleton bean 'org.springframework.context.event.internalEventListenerFactory'
  2019-01-28 17:55:31,378 [main] DEBUG - Creating instance of bean 'org.springframework.context.event.internalEventListenerFactory'
  2019-01-28 17:55:31,379 [main] DEBUG - Returning cached instance of singleton bean 'org.springframework.aop.support.DefaultBeanFactoryPointcutAdvisor#0'
  2019-01-28 17:55:31,379 [main] DEBUG - Returning cached instance of singleton bean 'org.springframework.cache.config.internalCacheAdvisor'
  2019-01-28 17:55:31,379 [main] DEBUG - Eagerly caching bean 'org.springframework.context.event.internalEventListenerFactory' to allow for resolving potential circular references
  2019-01-28 17:55:31,381 [main] DEBUG - Returning cached instance of singleton bean 'org.springframework.aop.support.DefaultBeanFactoryPointcutAdvisor#0'
  2019-01-28 17:55:31,381 [main] DEBUG - Returning cached instance of singleton bean 'org.springframework.cache.config.internalCacheAdvisor'
  2019-01-28 17:55:31,382 [main] DEBUG - Returning cached instance of singleton bean 'org.springframework.aop.support.DefaultBeanFactoryPointcutAdvisor#0'
  2019-01-28 17:55:31,382 [main] DEBUG - Returning cached instance of singleton bean 'org.springframework.cache.config.internalCacheAdvisor'
  2019-01-28 17:55:31,383 [main] DEBUG - Finished creating instance of bean 'org.springframework.context.event.internalEventListenerFactory'
  2019-01-28 17:55:31,383 [main] DEBUG - Returning cached instance of singleton bean 'org.springframework.cache.annotation.AnnotationCacheOperationSource#0'
  2019-01-28 17:55:31,383 [main] DEBUG - Creating shared instance of singleton bean 'org.springframework.cache.interceptor.CacheInterceptor#0'
  2019-01-28 17:55:31,383 [main] DEBUG - Creating instance of bean 'org.springframework.cache.interceptor.CacheInterceptor#0'
  2019-01-28 17:55:31,384 [main] DEBUG - Eagerly caching bean 'org.springframework.cache.interceptor.CacheInterceptor#0' to allow for resolving potential circular references
  2019-01-28 17:55:31,388 [main] DEBUG - Creating shared instance of singleton bean 'cacheManager1'
  2019-01-28 17:55:31,388 [main] DEBUG - Creating instance of bean 'cacheManager1'
  2019-01-28 17:55:31,389 [main] DEBUG - Returning cached instance of singleton bean 'org.springframework.aop.support.DefaultBeanFactoryPointcutAdvisor#0'
  2019-01-28 17:55:31,389 [main] DEBUG - Returning cached instance of singleton bean 'org.springframework.cache.config.internalCacheAdvisor'
  2019-01-28 17:55:31,389 [main] DEBUG - Eagerly caching bean 'cacheManager1' to allow for resolving potential circular references
  2019-01-28 17:55:31,392 [main] DEBUG - Creating shared instance of singleton bean 'ehcache'
  2019-01-28 17:55:31,393 [main] DEBUG - Creating instance of bean 'ehcache'
  2019-01-28 17:55:31,393 [main] DEBUG - Returning cached instance of singleton bean 'org.springframework.aop.support.DefaultBeanFactoryPointcutAdvisor#0'
  2019-01-28 17:55:31,393 [main] DEBUG - Returning cached instance of singleton bean 'org.springframework.cache.config.internalCacheAdvisor'
  2019-01-28 17:55:31,394 [main] DEBUG - Eagerly caching bean 'ehcache' to allow for resolving potential circular references
  2019-01-28 17:55:31,397 [main] DEBUG - Invoking afterPropertiesSet() on bean with name 'ehcache'
  2019-01-28 17:55:31,398 [main] INFO  - Initializing EhCache CacheManager
  2019-01-28 17:55:31,398 [main] DEBUG - Configuring ehcache from InputStream
  2019-01-28 17:55:31,401 [main] DEBUG - Disk Store Path: d:\cache\java-cache
  2019-01-28 17:55:31,403 [main] DEBUG - Attempting to create an existing singleton. Existing singleton returned.
  2019-01-28 17:55:31,404 [main] DEBUG - Returning cached instance of singleton bean 'org.springframework.aop.support.DefaultBeanFactoryPointcutAdvisor#0'
  2019-01-28 17:55:31,404 [main] DEBUG - Returning cached instance of singleton bean 'org.springframework.cache.config.internalCacheAdvisor'
  2019-01-28 17:55:31,405 [main] DEBUG - Returning cached instance of singleton bean 'org.springframework.aop.support.DefaultBeanFactoryPointcutAdvisor#0'
  2019-01-28 17:55:31,405 [main] DEBUG - Returning cached instance of singleton bean 'org.springframework.cache.config.internalCacheAdvisor'
  2019-01-28 17:55:31,406 [main] DEBUG - Finished creating instance of bean 'ehcache'
  2019-01-28 17:55:31,407 [main] DEBUG - Returning cached instance of singleton bean 'org.springframework.aop.support.DefaultBeanFactoryPointcutAdvisor#0'
  2019-01-28 17:55:31,407 [main] DEBUG - Returning cached instance of singleton bean 'org.springframework.cache.config.internalCacheAdvisor'
  2019-01-28 17:55:31,407 [main] DEBUG - Returning cached instance of singleton bean 'org.springframework.aop.support.DefaultBeanFactoryPointcutAdvisor#0'
  2019-01-28 17:55:31,408 [main] DEBUG - Returning cached instance of singleton bean 'org.springframework.cache.config.internalCacheAdvisor'
  2019-01-28 17:55:31,411 [main] DEBUG - Invoking afterPropertiesSet() on bean with name 'cacheManager1'
  2019-01-28 17:55:31,411 [main] DEBUG - Returning cached instance of singleton bean 'org.springframework.aop.support.DefaultBeanFactoryPointcutAdvisor#0'
  2019-01-28 17:55:31,411 [main] DEBUG - Returning cached instance of singleton bean 'org.springframework.cache.config.internalCacheAdvisor'
  2019-01-28 17:55:31,412 [main] DEBUG - Returning cached instance of singleton bean 'org.springframework.aop.support.DefaultBeanFactoryPointcutAdvisor#0'
  2019-01-28 17:55:31,412 [main] DEBUG - Returning cached instance of singleton bean 'org.springframework.cache.config.internalCacheAdvisor'
  2019-01-28 17:55:31,413 [main] DEBUG - Finished creating instance of bean 'cacheManager1'
  2019-01-28 17:55:31,414 [main] DEBUG - Returning cached instance of singleton bean 'org.springframework.cache.annotation.AnnotationCacheOperationSource#0'
  2019-01-28 17:55:31,414 [main] DEBUG - Invoking afterPropertiesSet() on bean with name 'org.springframework.cache.interceptor.CacheInterceptor#0'
  2019-01-28 17:55:31,414 [main] DEBUG - Finished creating instance of bean 'org.springframework.cache.interceptor.CacheInterceptor#0'
  2019-01-28 17:55:31,415 [main] DEBUG - Returning cached instance of singleton bean 'org.springframework.cache.config.internalCacheAdvisor'
  2019-01-28 17:55:31,415 [main] DEBUG - Returning cached instance of singleton bean 'cacheManager1'
  2019-01-28 17:55:31,415 [main] DEBUG - Returning cached instance of singleton bean 'ehcache'
  2019-01-28 17:55:31,415 [main] DEBUG - Creating shared instance of singleton bean 'objectMapper'
  2019-01-28 17:55:31,415 [main] DEBUG - Creating instance of bean 'objectMapper'
  2019-01-28 17:55:31,415 [main] DEBUG - Returning cached instance of singleton bean 'org.springframework.aop.support.DefaultBeanFactoryPointcutAdvisor#0'
  2019-01-28 17:55:31,416 [main] DEBUG - Returning cached instance of singleton bean 'org.springframework.cache.config.internalCacheAdvisor'
  2019-01-28 17:55:31,417 [main] DEBUG - Eagerly caching bean 'objectMapper' to allow for resolving potential circular references
  2019-01-28 17:55:31,423 [main] DEBUG - Returning cached instance of singleton bean 'org.springframework.aop.support.DefaultBeanFactoryPointcutAdvisor#0'
  2019-01-28 17:55:31,424 [main] DEBUG - Returning cached instance of singleton bean 'org.springframework.cache.config.internalCacheAdvisor'
  2019-01-28 17:55:31,424 [main] DEBUG - Returning cached instance of singleton bean 'org.springframework.aop.support.DefaultBeanFactoryPointcutAdvisor#0'
  2019-01-28 17:55:31,425 [main] DEBUG - Returning cached instance of singleton bean 'org.springframework.cache.config.internalCacheAdvisor'
  2019-01-28 17:55:31,443 [main] DEBUG - Finished creating instance of bean 'objectMapper'
  2019-01-28 17:55:31,444 [main] DEBUG - Returning cached instance of singleton bean 'processEngineConfiguration'
  2019-01-28 17:55:31,444 [main] DEBUG - Returning cached instance of singleton bean 'processEngine'
  2019-01-28 17:55:31,444 [main] DEBUG - Returning cached instance of singleton bean 'repositoryService'
  2019-01-28 17:55:31,444 [main] DEBUG - Returning cached instance of singleton bean 'runtimeService'
  2019-01-28 17:55:31,444 [main] DEBUG - Returning cached instance of singleton bean 'taskService'
  2019-01-28 17:55:31,444 [main] DEBUG - Returning cached instance of singleton bean 'historyService'
  2019-01-28 17:55:31,445 [main] DEBUG - Creating shared instance of singleton bean 'managementService'
  2019-01-28 17:55:31,445 [main] DEBUG - Creating instance of bean 'managementService'
  2019-01-28 17:55:31,445 [main] DEBUG - Returning cached instance of singleton bean 'org.springframework.aop.support.DefaultBeanFactoryPointcutAdvisor#0'
  2019-01-28 17:55:31,445 [main] DEBUG - Returning cached instance of singleton bean 'org.springframework.cache.config.internalCacheAdvisor'
  2019-01-28 17:55:31,445 [main] DEBUG - Returning cached instance of singleton bean 'processEngine'
  2019-01-28 17:55:31,446 [main] DEBUG - Eagerly caching bean 'managementService' to allow for resolving potential circular references
  2019-01-28 17:55:31,448 [main] DEBUG - Returning cached instance of singleton bean 'org.springframework.aop.support.DefaultBeanFactoryPointcutAdvisor#0'
  2019-01-28 17:55:31,448 [main] DEBUG - Returning cached instance of singleton bean 'org.springframework.cache.config.internalCacheAdvisor'
  2019-01-28 17:55:31,449 [main] DEBUG - Returning cached instance of singleton bean 'org.springframework.aop.support.DefaultBeanFactoryPointcutAdvisor#0'
  2019-01-28 17:55:31,449 [main] DEBUG - Returning cached instance of singleton bean 'org.springframework.cache.config.internalCacheAdvisor'
  2019-01-28 17:55:31,451 [main] DEBUG - Finished creating instance of bean 'managementService'
  2019-01-28 17:55:31,451 [main] DEBUG - Creating shared instance of singleton bean 'identityService'
  2019-01-28 17:55:31,451 [main] DEBUG - Creating instance of bean 'identityService'
  2019-01-28 17:55:31,452 [main] DEBUG - Returning cached instance of singleton bean 'org.springframework.aop.support.DefaultBeanFactoryPointcutAdvisor#0'
  2019-01-28 17:55:31,452 [main] DEBUG - Returning cached instance of singleton bean 'org.springframework.cache.config.internalCacheAdvisor'
  2019-01-28 17:55:31,452 [main] DEBUG - Returning cached instance of singleton bean 'processEngine'
  2019-01-28 17:55:31,454 [main] DEBUG - Eagerly caching bean 'identityService' to allow for resolving potential circular references
  2019-01-28 17:55:31,455 [main] DEBUG - Returning cached instance of singleton bean 'org.springframework.aop.support.DefaultBeanFactoryPointcutAdvisor#0'
  2019-01-28 17:55:31,456 [main] DEBUG - Returning cached instance of singleton bean 'org.springframework.cache.config.internalCacheAdvisor'
  2019-01-28 17:55:31,456 [main] DEBUG - Returning cached instance of singleton bean 'org.springframework.aop.support.DefaultBeanFactoryPointcutAdvisor#0'
  2019-01-28 17:55:31,456 [main] DEBUG - Returning cached instance of singleton bean 'org.springframework.cache.config.internalCacheAdvisor'
  2019-01-28 17:55:31,457 [main] DEBUG - Finished creating instance of bean 'identityService'
  2019-01-28 17:55:31,458 [main] DEBUG - Creating shared instance of singleton bean 'formService'
  2019-01-28 17:55:31,458 [main] DEBUG - Creating instance of bean 'formService'
  2019-01-28 17:55:31,458 [main] DEBUG - Returning cached instance of singleton bean 'org.springframework.aop.support.DefaultBeanFactoryPointcutAdvisor#0'
  2019-01-28 17:55:31,459 [main] DEBUG - Returning cached instance of singleton bean 'org.springframework.cache.config.internalCacheAdvisor'
  2019-01-28 17:55:31,459 [main] DEBUG - Returning cached instance of singleton bean 'processEngine'
  2019-01-28 17:55:31,459 [main] DEBUG - Eagerly caching bean 'formService' to allow for resolving potential circular references
  2019-01-28 17:55:31,461 [main] DEBUG - Returning cached instance of singleton bean 'org.springframework.aop.support.DefaultBeanFactoryPointcutAdvisor#0'
  2019-01-28 17:55:31,461 [main] DEBUG - Returning cached instance of singleton bean 'org.springframework.cache.config.internalCacheAdvisor'
  2019-01-28 17:55:31,461 [main] DEBUG - Returning cached instance of singleton bean 'org.springframework.aop.support.DefaultBeanFactoryPointcutAdvisor#0'
  2019-01-28 17:55:31,462 [main] DEBUG - Returning cached instance of singleton bean 'org.springframework.cache.config.internalCacheAdvisor'
  2019-01-28 17:55:31,463 [main] DEBUG - Finished creating instance of bean 'formService'
  2019-01-28 17:55:31,464 [main] DEBUG - Creating shared instance of singleton bean 'mvcContentNegotiationManager'
  2019-01-28 17:55:31,464 [main] DEBUG - Creating instance of bean 'mvcContentNegotiationManager'
  2019-01-28 17:55:31,464 [main] DEBUG - Returning cached instance of singleton bean 'org.springframework.aop.support.DefaultBeanFactoryPointcutAdvisor#0'
  2019-01-28 17:55:31,464 [main] DEBUG - Returning cached instance of singleton bean 'org.springframework.cache.config.internalCacheAdvisor'
  2019-01-28 17:55:31,464 [main] DEBUG - Eagerly caching bean 'mvcContentNegotiationManager' to allow for resolving potential circular references
  2019-01-28 17:55:31,468 [main] DEBUG - Invoking afterPropertiesSet() on bean with name 'mvcContentNegotiationManager'
  2019-01-28 17:55:31,468 [main] DEBUG - Returning cached instance of singleton bean 'org.springframework.aop.support.DefaultBeanFactoryPointcutAdvisor#0'
  2019-01-28 17:55:31,468 [main] DEBUG - Returning cached instance of singleton bean 'org.springframework.cache.config.internalCacheAdvisor'
  2019-01-28 17:55:31,469 [main] DEBUG - Returning cached instance of singleton bean 'org.springframework.aop.support.DefaultBeanFactoryPointcutAdvisor#0'
  2019-01-28 17:55:31,469 [main] DEBUG - Returning cached instance of singleton bean 'org.springframework.cache.config.internalCacheAdvisor'
  2019-01-28 17:55:31,470 [main] DEBUG - Finished creating instance of bean 'mvcContentNegotiationManager'
  2019-01-28 17:55:31,470 [main] DEBUG - Creating shared instance of singleton bean 'org.springframework.web.servlet.mvc.method.annotation.RequestMappingHandlerMapping'
  2019-01-28 17:55:31,471 [main] DEBUG - Creating instance of bean 'org.springframework.web.servlet.mvc.method.annotation.RequestMappingHandlerMapping'
  2019-01-28 17:55:31,471 [main] DEBUG - Returning cached instance of singleton bean 'org.springframework.aop.support.DefaultBeanFactoryPointcutAdvisor#0'
  2019-01-28 17:55:31,471 [main] DEBUG - Returning cached instance of singleton bean 'org.springframework.cache.config.internalCacheAdvisor'
  2019-01-28 17:55:31,472 [main] DEBUG - Eagerly caching bean 'org.springframework.web.servlet.mvc.method.annotation.RequestMappingHandlerMapping' to allow for resolving potential circular references
  2019-01-28 17:55:31,478 [main] DEBUG - Returning cached instance of singleton bean 'mvcContentNegotiationManager'
  2019-01-28 17:55:31,478 [main] DEBUG - Returning cached instance of singleton bean 'org.springframework.aop.support.DefaultBeanFactoryPointcutAdvisor#0'
  2019-01-28 17:55:31,479 [main] DEBUG - Returning cached instance of singleton bean 'org.springframework.cache.config.internalCacheAdvisor'
  2019-01-28 17:55:31,479 [main] DEBUG - Returning cached instance of singleton bean 'org.springframework.aop.support.DefaultBeanFactoryPointcutAdvisor#0'
  2019-01-28 17:55:31,479 [main] DEBUG - Returning cached instance of singleton bean 'org.springframework.cache.config.internalCacheAdvisor'
  2019-01-28 17:55:31,480 [main] DEBUG - Creating shared instance of singleton bean 'mvcCorsConfigurations'
  2019-01-28 17:55:31,480 [main] DEBUG - Creating instance of bean 'mvcCorsConfigurations'
  2019-01-28 17:55:31,481 [main] DEBUG - Returning cached instance of singleton bean 'org.springframework.aop.support.DefaultBeanFactoryPointcutAdvisor#0'
  2019-01-28 17:55:31,481 [main] DEBUG - Returning cached instance of singleton bean 'org.springframework.cache.config.internalCacheAdvisor'
  2019-01-28 17:55:31,482 [main] DEBUG - Eagerly caching bean 'mvcCorsConfigurations' to allow for resolving potential circular references
  2019-01-28 17:55:31,482 [main] DEBUG - Returning cached instance of singleton bean 'org.springframework.aop.support.DefaultBeanFactoryPointcutAdvisor#0'
  2019-01-28 17:55:31,483 [main] DEBUG - Returning cached instance of singleton bean 'org.springframework.cache.config.internalCacheAdvisor'
  2019-01-28 17:55:31,483 [main] DEBUG - Returning cached instance of singleton bean 'org.springframework.aop.support.DefaultBeanFactoryPointcutAdvisor#0'
  2019-01-28 17:55:31,484 [main] DEBUG - Returning cached instance of singleton bean 'org.springframework.cache.config.internalCacheAdvisor'
  2019-01-28 17:55:31,499 [main] DEBUG - Finished creating instance of bean 'mvcCorsConfigurations'
  2019-01-28 17:55:31,500 [main] DEBUG - Creating shared instance of singleton bean 'org.springframework.web.servlet.handler.MappedInterceptor#0'
  2019-01-28 17:55:31,500 [main] DEBUG - Creating instance of bean 'org.springframework.web.servlet.handler.MappedInterceptor#0'
  2019-01-28 17:55:31,501 [main] DEBUG - Returning cached instance of singleton bean 'org.springframework.aop.support.DefaultBeanFactoryPointcutAdvisor#0'
  2019-01-28 17:55:31,501 [main] DEBUG - Returning cached instance of singleton bean 'org.springframework.cache.config.internalCacheAdvisor'
  2019-01-28 17:55:31,501 [main] DEBUG - Creating instance of bean '(inner bean)#105db94d'
  2019-01-28 17:55:31,502 [main] DEBUG - Returning cached instance of singleton bean 'org.springframework.aop.support.DefaultBeanFactoryPointcutAdvisor#0'
  2019-01-28 17:55:31,502 [main] DEBUG - Returning cached instance of singleton bean 'org.springframework.cache.config.internalCacheAdvisor'
  2019-01-28 17:55:31,502 [main] DEBUG - Creating shared instance of singleton bean 'org.springframework.format.support.FormattingConversionServiceFactoryBean#0'
  2019-01-28 17:55:31,503 [main] DEBUG - Creating instance of bean 'org.springframework.format.support.FormattingConversionServiceFactoryBean#0'
  2019-01-28 17:55:31,504 [main] DEBUG - Returning cached instance of singleton bean 'org.springframework.aop.support.DefaultBeanFactoryPointcutAdvisor#0'
  2019-01-28 17:55:31,504 [main] DEBUG - Returning cached instance of singleton bean 'org.springframework.cache.config.internalCacheAdvisor'
  2019-01-28 17:55:31,504 [main] DEBUG - Eagerly caching bean 'org.springframework.format.support.FormattingConversionServiceFactoryBean#0' to allow for resolving potential circular references
  2019-01-28 17:55:31,508 [main] DEBUG - Invoking afterPropertiesSet() on bean with name 'org.springframework.format.support.FormattingConversionServiceFactoryBean#0'
  2019-01-28 17:55:31,510 [main] DEBUG - Returning cached instance of singleton bean 'org.springframework.aop.support.DefaultBeanFactoryPointcutAdvisor#0'
  2019-01-28 17:55:31,511 [main] DEBUG - Returning cached instance of singleton bean 'org.springframework.cache.config.internalCacheAdvisor'
  2019-01-28 17:55:31,511 [main] DEBUG - Returning cached instance of singleton bean 'org.springframework.aop.support.DefaultBeanFactoryPointcutAdvisor#0'
  2019-01-28 17:55:31,512 [main] DEBUG - Returning cached instance of singleton bean 'org.springframework.cache.config.internalCacheAdvisor'
  2019-01-28 17:55:31,513 [main] DEBUG - Finished creating instance of bean 'org.springframework.format.support.FormattingConversionServiceFactoryBean#0'
  2019-01-28 17:55:31,513 [main] DEBUG - Returning cached instance of singleton bean 'org.springframework.aop.support.DefaultBeanFactoryPointcutAdvisor#0'
  2019-01-28 17:55:31,514 [main] DEBUG - Returning cached instance of singleton bean 'org.springframework.cache.config.internalCacheAdvisor'
  2019-01-28 17:55:31,514 [main] DEBUG - Returning cached instance of singleton bean 'org.springframework.aop.support.DefaultBeanFactoryPointcutAdvisor#0'
  2019-01-28 17:55:31,515 [main] DEBUG - Returning cached instance of singleton bean 'org.springframework.cache.config.internalCacheAdvisor'
  2019-01-28 17:55:31,521 [main] DEBUG - Returning cached instance of singleton bean 'org.springframework.aop.support.DefaultBeanFactoryPointcutAdvisor#0'
  2019-01-28 17:55:31,522 [main] DEBUG - Returning cached instance of singleton bean 'org.springframework.cache.config.internalCacheAdvisor'
  2019-01-28 17:55:31,522 [main] DEBUG - Returning cached instance of singleton bean 'org.springframework.aop.support.DefaultBeanFactoryPointcutAdvisor#0'
  2019-01-28 17:55:31,522 [main] DEBUG - Returning cached instance of singleton bean 'org.springframework.cache.config.internalCacheAdvisor'
  2019-01-28 17:55:31,524 [main] DEBUG - Finished creating instance of bean '(inner bean)#105db94d'
  2019-01-28 17:55:31,526 [main] DEBUG - Eagerly caching bean 'org.springframework.web.servlet.handler.MappedInterceptor#0' to allow for resolving potential circular references
  2019-01-28 17:55:31,529 [main] DEBUG - Returning cached instance of singleton bean 'org.springframework.aop.support.DefaultBeanFactoryPointcutAdvisor#0'
  2019-01-28 17:55:31,529 [main] DEBUG - Returning cached instance of singleton bean 'org.springframework.cache.config.internalCacheAdvisor'
  2019-01-28 17:55:31,530 [main] DEBUG - Returning cached instance of singleton bean 'org.springframework.aop.support.DefaultBeanFactoryPointcutAdvisor#0'
  2019-01-28 17:55:31,530 [main] DEBUG - Returning cached instance of singleton bean 'org.springframework.cache.config.internalCacheAdvisor'
  2019-01-28 17:55:31,531 [main] DEBUG - Finished creating instance of bean 'org.springframework.web.servlet.handler.MappedInterceptor#0'
  2019-01-28 17:55:31,531 [main] DEBUG - Creating shared instance of singleton bean 'org.springframework.web.servlet.handler.MappedInterceptor#1'
  2019-01-28 17:55:31,531 [main] DEBUG - Creating instance of bean 'org.springframework.web.servlet.handler.MappedInterceptor#1'
  2019-01-28 17:55:31,532 [main] DEBUG - Returning cached instance of singleton bean 'org.springframework.aop.support.DefaultBeanFactoryPointcutAdvisor#0'
  2019-01-28 17:55:31,532 [main] DEBUG - Returning cached instance of singleton bean 'org.springframework.cache.config.internalCacheAdvisor'
  2019-01-28 17:55:31,532 [main] DEBUG - Creating instance of bean '(inner bean)#5e9bf744'
  2019-01-28 17:55:31,533 [main] DEBUG - Returning cached instance of singleton bean 'org.springframework.aop.support.DefaultBeanFactoryPointcutAdvisor#0'
  2019-01-28 17:55:31,533 [main] DEBUG - Returning cached instance of singleton bean 'org.springframework.cache.config.internalCacheAdvisor'
  2019-01-28 17:55:31,533 [main] DEBUG - Creating shared instance of singleton bean 'org.springframework.format.support.FormattingConversionServiceFactoryBean#1'
  2019-01-28 17:55:31,534 [main] DEBUG - Creating instance of bean 'org.springframework.format.support.FormattingConversionServiceFactoryBean#1'
  2019-01-28 17:55:31,534 [main] DEBUG - Returning cached instance of singleton bean 'org.springframework.aop.support.DefaultBeanFactoryPointcutAdvisor#0'
  2019-01-28 17:55:31,534 [main] DEBUG - Returning cached instance of singleton bean 'org.springframework.cache.config.internalCacheAdvisor'
  2019-01-28 17:55:31,535 [main] DEBUG - Eagerly caching bean 'org.springframework.format.support.FormattingConversionServiceFactoryBean#1' to allow for resolving potential circular references
  2019-01-28 17:55:31,535 [main] DEBUG - Invoking afterPropertiesSet() on bean with name 'org.springframework.format.support.FormattingConversionServiceFactoryBean#1'
  2019-01-28 17:55:31,536 [main] DEBUG - Returning cached instance of singleton bean 'org.springframework.aop.support.DefaultBeanFactoryPointcutAdvisor#0'
  2019-01-28 17:55:31,537 [main] DEBUG - Returning cached instance of singleton bean 'org.springframework.cache.config.internalCacheAdvisor'
  2019-01-28 17:55:31,537 [main] DEBUG - Returning cached instance of singleton bean 'org.springframework.aop.support.DefaultBeanFactoryPointcutAdvisor#0'
  2019-01-28 17:55:31,538 [main] DEBUG - Returning cached instance of singleton bean 'org.springframework.cache.config.internalCacheAdvisor'
  2019-01-28 17:55:31,538 [main] DEBUG - Finished creating instance of bean 'org.springframework.format.support.FormattingConversionServiceFactoryBean#1'
  2019-01-28 17:55:31,539 [main] DEBUG - Returning cached instance of singleton bean 'org.springframework.aop.support.DefaultBeanFactoryPointcutAdvisor#0'
  2019-01-28 17:55:31,539 [main] DEBUG - Returning cached instance of singleton bean 'org.springframework.cache.config.internalCacheAdvisor'
  2019-01-28 17:55:31,540 [main] DEBUG - Returning cached instance of singleton bean 'org.springframework.aop.support.DefaultBeanFactoryPointcutAdvisor#0'
  2019-01-28 17:55:31,540 [main] DEBUG - Returning cached instance of singleton bean 'org.springframework.cache.config.internalCacheAdvisor'
  2019-01-28 17:55:31,541 [main] DEBUG - Returning cached instance of singleton bean 'org.springframework.aop.support.DefaultBeanFactoryPointcutAdvisor#0'
  2019-01-28 17:55:31,541 [main] DEBUG - Returning cached instance of singleton bean 'org.springframework.cache.config.internalCacheAdvisor'
  2019-01-28 17:55:31,542 [main] DEBUG - Returning cached instance of singleton bean 'org.springframework.aop.support.DefaultBeanFactoryPointcutAdvisor#0'
  2019-01-28 17:55:31,542 [main] DEBUG - Returning cached instance of singleton bean 'org.springframework.cache.config.internalCacheAdvisor'
  2019-01-28 17:55:31,542 [main] DEBUG - Finished creating instance of bean '(inner bean)#5e9bf744'
  2019-01-28 17:55:31,544 [main] DEBUG - Eagerly caching bean 'org.springframework.web.servlet.handler.MappedInterceptor#1' to allow for resolving potential circular references
  2019-01-28 17:55:31,544 [main] DEBUG - Returning cached instance of singleton bean 'org.springframework.aop.support.DefaultBeanFactoryPointcutAdvisor#0'
  2019-01-28 17:55:31,544 [main] DEBUG - Returning cached instance of singleton bean 'org.springframework.cache.config.internalCacheAdvisor'
  2019-01-28 17:55:31,544 [main] DEBUG - Returning cached instance of singleton bean 'org.springframework.aop.support.DefaultBeanFactoryPointcutAdvisor#0'
  2019-01-28 17:55:31,545 [main] DEBUG - Returning cached instance of singleton bean 'org.springframework.cache.config.internalCacheAdvisor'
  2019-01-28 17:55:31,545 [main] DEBUG - Finished creating instance of bean 'org.springframework.web.servlet.handler.MappedInterceptor#1'
  2019-01-28 17:55:31,546 [main] DEBUG - Creating shared instance of singleton bean 'org.springframework.web.servlet.handler.MappedInterceptor#2'
  2019-01-28 17:55:31,546 [main] DEBUG - Creating instance of bean 'org.springframework.web.servlet.handler.MappedInterceptor#2'
  2019-01-28 17:55:31,546 [main] DEBUG - Returning cached instance of singleton bean 'org.springframework.aop.support.DefaultBeanFactoryPointcutAdvisor#0'
  2019-01-28 17:55:31,546 [main] DEBUG - Returning cached instance of singleton bean 'org.springframework.cache.config.internalCacheAdvisor'
  2019-01-28 17:55:31,547 [main] DEBUG - Creating instance of bean 'com.sys.handler.UserLoginHandlerInterceptor#0'
  2019-01-28 17:55:31,547 [main] DEBUG - Returning cached instance of singleton bean 'org.springframework.aop.support.DefaultBeanFactoryPointcutAdvisor#0'
  2019-01-28 17:55:31,547 [main] DEBUG - Returning cached instance of singleton bean 'org.springframework.cache.config.internalCacheAdvisor'
  2019-01-28 17:55:31,549 [main] DEBUG - Returning cached instance of singleton bean 'org.springframework.aop.support.DefaultBeanFactoryPointcutAdvisor#0'
  2019-01-28 17:55:31,550 [main] DEBUG - Returning cached instance of singleton bean 'org.springframework.cache.config.internalCacheAdvisor'
  2019-01-28 17:55:31,550 [main] DEBUG - Returning cached instance of singleton bean 'org.springframework.aop.support.DefaultBeanFactoryPointcutAdvisor#0'
  2019-01-28 17:55:31,550 [main] DEBUG - Returning cached instance of singleton bean 'org.springframework.cache.config.internalCacheAdvisor'
  2019-01-28 17:55:31,551 [main] DEBUG - Finished creating instance of bean 'com.sys.handler.UserLoginHandlerInterceptor#0'
  2019-01-28 17:55:31,552 [main] DEBUG - Eagerly caching bean 'org.springframework.web.servlet.handler.MappedInterceptor#2' to allow for resolving potential circular references
  2019-01-28 17:55:31,552 [main] DEBUG - Returning cached instance of singleton bean 'org.springframework.aop.support.DefaultBeanFactoryPointcutAdvisor#0'
  2019-01-28 17:55:31,553 [main] DEBUG - Returning cached instance of singleton bean 'org.springframework.cache.config.internalCacheAdvisor'
  2019-01-28 17:55:31,553 [main] DEBUG - Returning cached instance of singleton bean 'org.springframework.aop.support.DefaultBeanFactoryPointcutAdvisor#0'
  2019-01-28 17:55:31,553 [main] DEBUG - Returning cached instance of singleton bean 'org.springframework.cache.config.internalCacheAdvisor'
  2019-01-28 17:55:31,554 [main] DEBUG - Finished creating instance of bean 'org.springframework.web.servlet.handler.MappedInterceptor#2'
  2019-01-28 17:55:31,554 [main] DEBUG - Invoking afterPropertiesSet() on bean with name 'org.springframework.web.servlet.mvc.method.annotation.RequestMappingHandlerMapping'
  2019-01-28 17:55:31,554 [main] DEBUG - Looking for request mappings in application context: org.springframework.context.support.FileSystemXmlApplicationContext@1c30cb85: startup date [Mon Jan 28 17:55:26 CST 2019]; root of context hierarchy
  2019-01-28 17:55:31,561 [main] DEBUG - 10 request handler methods found on class com.sys.controller.app.AppApplyController: {public java.lang.Object com.sys.controller.app.AppApplyController.h5FindPerApply(javax.servlet.http.HttpServletRequest)={[/appApply/h5FindPerApply]}, public org.springframework.web.servlet.ModelAndView com.sys.controller.app.AppApplyController.toAppType(int,javax.servlet.http.HttpServletRequest)={[/appApply/toapptype]}, public org.springframework.web.servlet.ModelAndView com.sys.controller.app.AppApplyController.appViewApprove(javax.servlet.http.HttpServletRequest)={[/appApply/appViewApprove]}, public org.springframework.web.servlet.ModelAndView com.sys.controller.app.AppApplyController.appUpdate(javax.servlet.http.HttpServletRequest)={[/appApply/appUpdate]}, public java.lang.String com.sys.controller.app.AppApplyController.toApplyType(javax.servlet.http.HttpServletRequest)={[/appApply/toAppForm]}, public java.lang.Object com.sys.controller.app.AppApplyController.h5FindPerAudit(javax.servlet.http.HttpServletRequest)={[/appApply/h5FindPerAudit]}, public java.lang.String com.sys.controller.app.AppApplyController.appAuditUpdate(javax.servlet.http.HttpServletRequest)={[/appApply/appAuditUpdate]}, public java.lang.String com.sys.controller.app.AppApplyController.appAddNsApply(java.lang.String,java.lang.String,javax.servlet.http.HttpServletRequest)={[/appApply/appAddNsApply]}, public java.lang.Object com.sys.controller.app.AppApplyController.appPerNsApplyList(javax.servlet.http.HttpServletRequest)={[/appApply/appPerNsApplyList]}, public java.lang.String com.sys.controller.app.AppApplyController.appAuditViewApprove(javax.servlet.http.HttpServletRequest)={[/appApply/appAuditViewApprove]}}
  2019-01-28 17:55:31,562 [main] INFO  - Mapped "{[/appApply/h5FindPerApply]}" onto public java.lang.Object com.sys.controller.app.AppApplyController.h5FindPerApply(javax.servlet.http.HttpServletRequest)
  2019-01-28 17:55:31,562 [main] INFO  - Mapped "{[/appApply/toapptype]}" onto public org.springframework.web.servlet.ModelAndView com.sys.controller.app.AppApplyController.toAppType(int,javax.servlet.http.HttpServletRequest)
  2019-01-28 17:55:31,562 [main] INFO  - Mapped "{[/appApply/appViewApprove]}" onto public org.springframework.web.servlet.ModelAndView com.sys.controller.app.AppApplyController.appViewApprove(javax.servlet.http.HttpServletRequest)
  2019-01-28 17:55:31,563 [main] INFO  - Mapped "{[/appApply/appUpdate]}" onto public org.springframework.web.servlet.ModelAndView com.sys.controller.app.AppApplyController.appUpdate(javax.servlet.http.HttpServletRequest)
  2019-01-28 17:55:31,563 [main] INFO  - Mapped "{[/appApply/toAppForm]}" onto public java.lang.String com.sys.controller.app.AppApplyController.toApplyType(javax.servlet.http.HttpServletRequest)
  2019-01-28 17:55:31,564 [main] INFO  - Mapped "{[/appApply/h5FindPerAudit]}" onto public java.lang.Object com.sys.controller.app.AppApplyController.h5FindPerAudit(javax.servlet.http.HttpServletRequest)
  2019-01-28 17:55:31,564 [main] INFO  - Mapped "{[/appApply/appAuditUpdate]}" onto public java.lang.String com.sys.controller.app.AppApplyController.appAuditUpdate(javax.servlet.http.HttpServletRequest)
  2019-01-28 17:55:31,564 [main] INFO  - Mapped "{[/appApply/appAddNsApply]}" onto public java.lang.String com.sys.controller.app.AppApplyController.appAddNsApply(java.lang.String,java.lang.String,javax.servlet.http.HttpServletRequest)
  2019-01-28 17:55:31,565 [main] INFO  - Mapped "{[/appApply/appPerNsApplyList]}" onto public java.lang.Object com.sys.controller.app.AppApplyController.appPerNsApplyList(javax.servlet.http.HttpServletRequest)
  2019-01-28 17:55:31,565 [main] INFO  - Mapped "{[/appApply/appAuditViewApprove]}" onto public java.lang.String com.sys.controller.app.AppApplyController.appAuditViewApprove(javax.servlet.http.HttpServletRequest)
  2019-01-28 17:55:31,567 [main] DEBUG - 7 request handler methods found on class com.sys.controller.app.AppController: {public java.lang.String com.sys.controller.app.AppController.userInfo()={[/appPath/userInfo]}, public java.lang.String com.sys.controller.app.AppController.toregiste()={[/appPath/registe]}, public java.lang.String com.sys.controller.app.AppController.toapplogin()={[/appPath/login]}, public java.lang.String com.sys.controller.app.AppController.toAudioList()={[/appPath/audioList]}, public java.lang.String com.sys.controller.app.AppController.toforgetPwd()={[/appPath/forgetPwd]}, public java.lang.String com.sys.controller.app.AppController.toUpdatePwd()={[/appPath/updatePwd]}, public java.lang.String com.sys.controller.app.AppController.toApplyList()={[/appPath/applyList]}}
  2019-01-28 17:55:31,567 [main] INFO  - Mapped "{[/appPath/userInfo]}" onto public java.lang.String com.sys.controller.app.AppController.userInfo()
  2019-01-28 17:55:31,567 [main] INFO  - Mapped "{[/appPath/registe]}" onto public java.lang.String com.sys.controller.app.AppController.toregiste()
  2019-01-28 17:55:31,568 [main] INFO  - Mapped "{[/appPath/login]}" onto public java.lang.String com.sys.controller.app.AppController.toapplogin()
  2019-01-28 17:55:31,568 [main] INFO  - Mapped "{[/appPath/audioList]}" onto public java.lang.String com.sys.controller.app.AppController.toAudioList()
  2019-01-28 17:55:31,568 [main] INFO  - Mapped "{[/appPath/forgetPwd]}" onto public java.lang.String com.sys.controller.app.AppController.toforgetPwd()
  2019-01-28 17:55:31,568 [main] INFO  - Mapped "{[/appPath/updatePwd]}" onto public java.lang.String com.sys.controller.app.AppController.toUpdatePwd()
  2019-01-28 17:55:31,569 [main] INFO  - Mapped "{[/appPath/applyList]}" onto public java.lang.String com.sys.controller.app.AppController.toApplyList()
  2019-01-28 17:55:31,570 [main] DEBUG - 2 request handler methods found on class com.sys.controller.app.AppLoginController: {public org.springframework.web.servlet.ModelAndView com.sys.controller.app.AppLoginController.loadMenu(java.lang.String,java.lang.String,java.lang.String,javax.servlet.http.HttpServletRequest,javax.servlet.http.HttpServletResponse) throws java.lang.Exception={[/appLogin/login]}, public java.lang.String com.sys.controller.app.AppLoginController.appExit(javax.servlet.http.HttpSession)={[/appLogin/appExit]}}
  2019-01-28 17:55:31,571 [main] INFO  - Mapped "{[/appLogin/login]}" onto public org.springframework.web.servlet.ModelAndView com.sys.controller.app.AppLoginController.loadMenu(java.lang.String,java.lang.String,java.lang.String,javax.servlet.http.HttpServletRequest,javax.servlet.http.HttpServletResponse) throws java.lang.Exception
  2019-01-28 17:55:31,571 [main] INFO  - Mapped "{[/appLogin/appExit]}" onto public java.lang.String com.sys.controller.app.AppLoginController.appExit(javax.servlet.http.HttpSession)
  2019-01-28 17:55:31,573 [main] DEBUG - 4 request handler methods found on class com.sys.controller.apply.ApplyButieController: {public java.lang.Object com.sys.controller.apply.ApplyButieController.updateApplyButieInfo(com.sys.pojo.apply.ApplyButie)={[/applyButie/updateApplyButieInfo]}, public java.lang.Object com.sys.controller.apply.ApplyButieController.addApplyInfo(com.sys.pojo.apply.ApplyButie,javax.servlet.http.HttpServletRequest)={[/applyButie/addApplyInfo]}, public java.lang.Object com.sys.controller.apply.ApplyButieController.selectApplyButie(javax.servlet.http.HttpServletRequest)={[/applyButie/selectApplyButie]}, public java.lang.String com.sys.controller.apply.ApplyButieController.toLowPaulTrap()={[/applyButie/toLowPaulTrap]}}
  2019-01-28 17:55:31,573 [main] INFO  - Mapped "{[/applyButie/updateApplyButieInfo]}" onto public java.lang.Object com.sys.controller.apply.ApplyButieController.updateApplyButieInfo(com.sys.pojo.apply.ApplyButie)
  2019-01-28 17:55:31,573 [main] INFO  - Mapped "{[/applyButie/addApplyInfo]}" onto public java.lang.Object com.sys.controller.apply.ApplyButieController.addApplyInfo(com.sys.pojo.apply.ApplyButie,javax.servlet.http.HttpServletRequest)
  2019-01-28 17:55:31,574 [main] INFO  - Mapped "{[/applyButie/selectApplyButie]}" onto public java.lang.Object com.sys.controller.apply.ApplyButieController.selectApplyButie(javax.servlet.http.HttpServletRequest)
  2019-01-28 17:55:31,574 [main] INFO  - Mapped "{[/applyButie/toLowPaulTrap]}" onto public java.lang.String com.sys.controller.apply.ApplyButieController.toLowPaulTrap()
  2019-01-28 17:55:31,575 [main] DEBUG - 2 request handler methods found on class com.sys.controller.apply.ApplyChangeController: {public java.lang.String com.sys.controller.apply.ApplyChangeController.toApplyChange(javax.servlet.http.HttpServletRequest)={[/applyChange/toApplyChange]}, public java.lang.Object com.sys.controller.apply.ApplyChangeController.getApplyChangeList(java.lang.String,java.lang.String,javax.servlet.http.HttpServletRequest)={[/applyChange/getApplyChangeList]}}
  2019-01-28 17:55:31,575 [main] INFO  - Mapped "{[/applyChange/toApplyChange]}" onto public java.lang.String com.sys.controller.apply.ApplyChangeController.toApplyChange(javax.servlet.http.HttpServletRequest)
  2019-01-28 17:55:31,576 [main] INFO  - Mapped "{[/applyChange/getApplyChangeList]}" onto public java.lang.Object com.sys.controller.apply.ApplyChangeController.getApplyChangeList(java.lang.String,java.lang.String,javax.servlet.http.HttpServletRequest)
  2019-01-28 17:55:31,577 [main] DEBUG - 6 request handler methods found on class com.sys.controller.apply.ApplyController: {public java.lang.Object com.sys.controller.apply.ApplyController.addApplyInfo(com.sys.pojo.apply.Apply,javax.servlet.http.HttpServletRequest)={[/apply/addApplyInfo]}, public org.springframework.web.servlet.ModelAndView com.sys.controller.apply.ApplyController.toApply(java.lang.String)={[/apply/toApply]}, public java.lang.Object com.sys.controller.apply.ApplyController.addApplyInfoLZ(com.sys.pojo.apply.Apply,javax.servlet.http.HttpServletRequest)={[/apply/addApplyInfoLZ]}, public java.lang.Object com.sys.controller.apply.ApplyController.selectApply(javax.servlet.http.HttpServletRequest)={[/apply/selectApply]}, public java.lang.String com.sys.controller.apply.ApplyController.toUpdateApply(java.lang.String)={[/apply/toUpdateApply]}, public java.lang.Object com.sys.controller.apply.ApplyController.updateApply(com.sys.pojo.apply.Apply,javax.servlet.http.HttpServletRequest)={[/apply/updateApply]}}
  2019-01-28 17:55:31,577 [main] INFO  - Mapped "{[/apply/addApplyInfo]}" onto public java.lang.Object com.sys.controller.apply.ApplyController.addApplyInfo(com.sys.pojo.apply.Apply,javax.servlet.http.HttpServletRequest)
  2019-01-28 17:55:31,578 [main] INFO  - Mapped "{[/apply/toApply]}" onto public org.springframework.web.servlet.ModelAndView com.sys.controller.apply.ApplyController.toApply(java.lang.String)
  2019-01-28 17:55:31,578 [main] INFO  - Mapped "{[/apply/addApplyInfoLZ]}" onto public java.lang.Object com.sys.controller.apply.ApplyController.addApplyInfoLZ(com.sys.pojo.apply.Apply,javax.servlet.http.HttpServletRequest)
  2019-01-28 17:55:31,578 [main] INFO  - Mapped "{[/apply/selectApply]}" onto public java.lang.Object com.sys.controller.apply.ApplyController.selectApply(javax.servlet.http.HttpServletRequest)
  2019-01-28 17:55:31,579 [main] INFO  - Mapped "{[/apply/toUpdateApply]}" onto public java.lang.String com.sys.controller.apply.ApplyController.toUpdateApply(java.lang.String)
  2019-01-28 17:55:31,579 [main] INFO  - Mapped "{[/apply/updateApply]}" onto public java.lang.Object com.sys.controller.apply.ApplyController.updateApply(com.sys.pojo.apply.Apply,javax.servlet.http.HttpServletRequest)
  2019-01-28 17:55:31,581 [main] DEBUG - 6 request handler methods found on class com.sys.controller.apply.ApplyForForeginController: {public java.lang.Object com.sys.controller.apply.ApplyForForeginController.updateApplyForForeign(com.sys.pojo.apply.ApplyForForeign,javax.servlet.http.HttpServletRequest)={[/applyForForegin/updateApplyForForeign]}, public java.lang.Object com.sys.controller.apply.ApplyForForeginController.deleteApplyInfo(java.lang.String,javax.servlet.http.HttpServletRequest)={[/applyForForegin/deleteApplyInfo]}, public java.lang.Object com.sys.controller.apply.ApplyForForeginController.addApplyInfo(com.sys.pojo.apply.ApplyForForeign,javax.servlet.http.HttpServletRequest)={[/applyForForegin/addApplyInfo]}, public java.lang.Object com.sys.controller.apply.ApplyForForeginController.getAllListApply()={[/applyForForegin/listApply]}, public java.lang.String com.sys.controller.apply.ApplyForForeginController.toApplyForegin()={[/applyForForegin/toApplyForegin]}, public java.lang.Object com.sys.controller.apply.ApplyForForeginController.selectApplyForgraDuate(javax.servlet.http.HttpServletRequest)={[/applyForForegin/selectApplyForForegin]}}
  2019-01-28 17:55:31,582 [main] INFO  - Mapped "{[/applyForForegin/updateApplyForForeign]}" onto public java.lang.Object com.sys.controller.apply.ApplyForForeginController.updateApplyForForeign(com.sys.pojo.apply.ApplyForForeign,javax.servlet.http.HttpServletRequest)
  2019-01-28 17:55:31,582 [main] INFO  - Mapped "{[/applyForForegin/deleteApplyInfo]}" onto public java.lang.Object com.sys.controller.apply.ApplyForForeginController.deleteApplyInfo(java.lang.String,javax.servlet.http.HttpServletRequest)
  2019-01-28 17:55:31,582 [main] INFO  - Mapped "{[/applyForForegin/addApplyInfo]}" onto public java.lang.Object com.sys.controller.apply.ApplyForForeginController.addApplyInfo(com.sys.pojo.apply.ApplyForForeign,javax.servlet.http.HttpServletRequest)
  2019-01-28 17:55:31,583 [main] INFO  - Mapped "{[/applyForForegin/listApply]}" onto public java.lang.Object com.sys.controller.apply.ApplyForForeginController.getAllListApply()
  2019-01-28 17:55:31,583 [main] INFO  - Mapped "{[/applyForForegin/toApplyForegin]}" onto public java.lang.String com.sys.controller.apply.ApplyForForeginController.toApplyForegin()
  2019-01-28 17:55:31,583 [main] INFO  - Mapped "{[/applyForForegin/selectApplyForForegin]}" onto public java.lang.Object com.sys.controller.apply.ApplyForForeginController.selectApplyForgraDuate(javax.servlet.http.HttpServletRequest)
  2019-01-28 17:55:31,585 [main] DEBUG - 4 request handler methods found on class com.sys.controller.apply.ApplyForgraDuateController: {public java.lang.Object com.sys.controller.apply.ApplyForgraDuateController.updateApplyForgraDuate(com.sys.pojo.apply.ApplyForgraDuate,javax.servlet.http.HttpServletRequest)={[/applyForgraDuate/updateApplyForgraDuate]}, public java.lang.Object com.sys.controller.apply.ApplyForgraDuateController.toNewGraduate()={[/applyForgraDuate/toNewGraduate]}, public java.lang.Object com.sys.controller.apply.ApplyForgraDuateController.selectApplyForgraDuate(javax.servlet.http.HttpServletRequest)={[/applyForgraDuate/selectApplyForgraDuate]}, public java.lang.Object com.sys.controller.apply.ApplyForgraDuateController.addApplyForgraDuate(com.sys.pojo.apply.ApplyForgraDuate,javax.servlet.http.HttpServletRequest)={[/applyForgraDuate/addApplyForgraDuate]}}
  2019-01-28 17:55:31,591 [main] INFO  - Mapped "{[/applyForgraDuate/updateApplyForgraDuate]}" onto public java.lang.Object com.sys.controller.apply.ApplyForgraDuateController.updateApplyForgraDuate(com.sys.pojo.apply.ApplyForgraDuate,javax.servlet.http.HttpServletRequest)
  2019-01-28 17:55:31,591 [main] INFO  - Mapped "{[/applyForgraDuate/toNewGraduate]}" onto public java.lang.Object com.sys.controller.apply.ApplyForgraDuateController.toNewGraduate()
  2019-01-28 17:55:31,592 [main] INFO  - Mapped "{[/applyForgraDuate/selectApplyForgraDuate]}" onto public java.lang.Object com.sys.controller.apply.ApplyForgraDuateController.selectApplyForgraDuate(javax.servlet.http.HttpServletRequest)
  2019-01-28 17:55:31,592 [main] INFO  - Mapped "{[/applyForgraDuate/addApplyForgraDuate]}" onto public java.lang.Object com.sys.controller.apply.ApplyForgraDuateController.addApplyForgraDuate(com.sys.pojo.apply.ApplyForgraDuate,javax.servlet.http.HttpServletRequest)
  2019-01-28 17:55:31,593 [main] DEBUG - 5 request handler methods found on class com.sys.controller.apply.ApplyNsController: {public java.lang.Object com.sys.controller.apply.ApplyNsController.updateNsInfo(com.sys.pojo.apply.ApplyNs)={[/applyns/updateNsInfo]}, public java.lang.Object com.sys.controller.apply.ApplyNsController.addApplyInfo(com.sys.pojo.apply.ApplyNs,javax.servlet.http.HttpServletRequest)={[/applyns/addApplyNsInfo]}, public java.lang.String com.sys.controller.apply.ApplyNsController.toAddNsApply(java.lang.String,java.lang.String,javax.servlet.http.HttpServletRequest)={[/applyns/toAddNsApply]}, public java.lang.String com.sys.controller.apply.ApplyNsController.toUpdateNsApply(javax.servlet.http.HttpServletRequest)={[/applyns/toUpdateNsApply]}, public java.lang.Object com.sys.controller.apply.ApplyNsController.getPerNsApply(java.lang.String,java.lang.String,javax.servlet.http.HttpSession)={[/applyns/getPerNsApply]}}
  2019-01-28 17:55:31,594 [main] INFO  - Mapped "{[/applyns/updateNsInfo]}" onto public java.lang.Object com.sys.controller.apply.ApplyNsController.updateNsInfo(com.sys.pojo.apply.ApplyNs)
  2019-01-28 17:55:31,594 [main] INFO  - Mapped "{[/applyns/addApplyNsInfo]}" onto public java.lang.Object com.sys.controller.apply.ApplyNsController.addApplyInfo(com.sys.pojo.apply.ApplyNs,javax.servlet.http.HttpServletRequest)
  2019-01-28 17:55:31,595 [main] INFO  - Mapped "{[/applyns/toAddNsApply]}" onto public java.lang.String com.sys.controller.apply.ApplyNsController.toAddNsApply(java.lang.String,java.lang.String,javax.servlet.http.HttpServletRequest)
  2019-01-28 17:55:31,595 [main] INFO  - Mapped "{[/applyns/toUpdateNsApply]}" onto public java.lang.String com.sys.controller.apply.ApplyNsController.toUpdateNsApply(javax.servlet.http.HttpServletRequest)
  2019-01-28 17:55:31,596 [main] INFO  - Mapped "{[/applyns/getPerNsApply]}" onto public java.lang.Object com.sys.controller.apply.ApplyNsController.getPerNsApply(java.lang.String,java.lang.String,javax.servlet.http.HttpSession)
  2019-01-28 17:55:31,596 [main] DEBUG - 1 request handler methods found on class com.sys.controller.apply.ApplyTypeController: {public org.springframework.web.servlet.ModelAndView com.sys.controller.apply.ApplyTypeController.toApplyType(int,javax.servlet.http.HttpServletRequest)={[/toappinform/toapplytype]}}
  2019-01-28 17:55:31,597 [main] INFO  - Mapped "{[/toappinform/toapplytype]}" onto public org.springframework.web.servlet.ModelAndView com.sys.controller.apply.ApplyTypeController.toApplyType(int,javax.servlet.http.HttpServletRequest)
  2019-01-28 17:55:31,597 [main] DEBUG - 1 request handler methods found on class com.sys.controller.apply.ApplyUserInfoFormController: {public java.lang.Object com.sys.controller.apply.ApplyUserInfoFormController.findAllFormByUid(java.lang.String,java.lang.String,java.lang.String,javax.servlet.http.HttpServletRequest)={[/InfoForm/findAllFormByUid]}}
  2019-01-28 17:55:31,598 [main] INFO  - Mapped "{[/InfoForm/findAllFormByUid]}" onto public java.lang.Object com.sys.controller.apply.ApplyUserInfoFormController.findAllFormByUid(java.lang.String,java.lang.String,java.lang.String,javax.servlet.http.HttpServletRequest)
  2019-01-28 17:55:31,601 [main] DEBUG - 19 request handler methods found on class com.sys.controller.apply.ApproveController: {public java.lang.Object com.sys.controller.apply.ApproveController.findApplyForApprove(javax.servlet.http.HttpServletRequest)={[/appove/findApplyForApprove]}, public java.lang.Object com.sys.controller.apply.ApproveController.findChangePersons(java.lang.String,java.lang.String,javax.servlet.http.HttpServletRequest)={[/appove/findChangePersons]}, public java.lang.Object com.sys.controller.apply.ApproveController.findApplyByUserSfzh(javax.servlet.http.HttpServletRequest)={[/appove/findApplyByUserSfzh]}, public java.lang.Object com.sys.controller.apply.ApproveController.findBySfzh(java.lang.String,java.lang.String,javax.servlet.http.HttpServletRequest)={[/appove/findBySfzh]}, public java.lang.Object com.sys.controller.apply.ApproveController.findAllApply(javax.servlet.http.HttpServletRequest)={[/appove/findAllApply]}, public java.lang.Object com.sys.controller.apply.ApproveController.findNoSign(javax.servlet.http.HttpServletRequest)={[/appove/findNoSign]}, public java.lang.Object com.sys.controller.apply.ApproveController.houseQuitList(javax.servlet.http.HttpServletRequest)={[/appove/houseQuitList]}, public java.lang.Object com.sys.controller.apply.ApproveController.findJSFForm(java.lang.String,javax.servlet.http.HttpServletRequest)={[/appove/findJSFForm]}, public java.lang.String com.sys.controller.apply.ApproveController.toNsAudit(javax.servlet.http.HttpServletRequest)={[/appove/toNsAudit]}, public java.lang.Object com.sys.controller.apply.ApproveController.houseQuitOperate(javax.servlet.http.HttpServletRequest)={[/appove/houseQuitOperate]}, public java.lang.Object com.sys.controller.apply.ApproveController.sendAllMessage(javax.servlet.http.HttpServletRequest)={[/appove/sendAllMessage]}, public java.lang.Object com.sys.controller.apply.ApproveController.cangAddNs(javax.servlet.http.HttpServletRequest)={[/appove/cangAddNs]}, public java.lang.Object com.sys.controller.apply.ApproveController.getTFSpForm(java.lang.String)={[/appove/getTFSpForm]}, public java.lang.Object com.sys.controller.apply.ApproveController.toTFSpPage(java.lang.String,javax.servlet.http.HttpServletRequest)={[/appove/toTFSpPage]}, public java.lang.Object com.sys.controller.apply.ApproveController.findAppoveSQByUser(java.lang.String,java.lang.String,javax.servlet.http.HttpServletRequest)={[/appove/findAppoveSQByUser]}, public java.lang.Object com.sys.controller.apply.ApproveController.toApplyForApprove(javax.servlet.http.HttpServletRequest)={[/appove/toApplyForApprove]}, public java.lang.Object com.sys.controller.apply.ApproveController.findAppoveNSByUser(java.lang.String,java.lang.String)={[/appove/findAppoveNSByUser]}, public java.lang.Object com.sys.controller.apply.ApproveController.getSqApproveDetail(java.lang.String,java.lang.String,javax.servlet.http.HttpServletRequest)={[/appove/getSqApproveDetail]}, public java.lang.Object com.sys.controller.apply.ApproveController.getNsApproveDetail(java.lang.String,javax.servlet.http.HttpServletRequest)={[/appove/getNsApproveDetail]}}
  2019-01-28 17:55:31,602 [main] INFO  - Mapped "{[/appove/findApplyForApprove]}" onto public java.lang.Object com.sys.controller.apply.ApproveController.findApplyForApprove(javax.servlet.http.HttpServletRequest)
  2019-01-28 17:55:31,603 [main] INFO  - Mapped "{[/appove/findChangePersons]}" onto public java.lang.Object com.sys.controller.apply.ApproveController.findChangePersons(java.lang.String,java.lang.String,javax.servlet.http.HttpServletRequest)
  2019-01-28 17:55:31,603 [main] INFO  - Mapped "{[/appove/findApplyByUserSfzh]}" onto public java.lang.Object com.sys.controller.apply.ApproveController.findApplyByUserSfzh(javax.servlet.http.HttpServletRequest)
  2019-01-28 17:55:31,604 [main] INFO  - Mapped "{[/appove/findBySfzh]}" onto public java.lang.Object com.sys.controller.apply.ApproveController.findBySfzh(java.lang.String,java.lang.String,javax.servlet.http.HttpServletRequest)
  2019-01-28 17:55:31,604 [main] INFO  - Mapped "{[/appove/findAllApply]}" onto public java.lang.Object com.sys.controller.apply.ApproveController.findAllApply(javax.servlet.http.HttpServletRequest)
  2019-01-28 17:55:31,604 [main] INFO  - Mapped "{[/appove/findNoSign]}" onto public java.lang.Object com.sys.controller.apply.ApproveController.findNoSign(javax.servlet.http.HttpServletRequest)
  2019-01-28 17:55:31,605 [main] INFO  - Mapped "{[/appove/houseQuitList]}" onto public java.lang.Object com.sys.controller.apply.ApproveController.houseQuitList(javax.servlet.http.HttpServletRequest)
  2019-01-28 17:55:31,605 [main] INFO  - Mapped "{[/appove/findJSFForm]}" onto public java.lang.Object com.sys.controller.apply.ApproveController.findJSFForm(java.lang.String,javax.servlet.http.HttpServletRequest)
  2019-01-28 17:55:31,605 [main] INFO  - Mapped "{[/appove/toNsAudit]}" onto public java.lang.String com.sys.controller.apply.ApproveController.toNsAudit(javax.servlet.http.HttpServletRequest)
  2019-01-28 17:55:31,606 [main] INFO  - Mapped "{[/appove/houseQuitOperate]}" onto public java.lang.Object com.sys.controller.apply.ApproveController.houseQuitOperate(javax.servlet.http.HttpServletRequest)
  2019-01-28 17:55:31,606 [main] INFO  - Mapped "{[/appove/sendAllMessage]}" onto public java.lang.Object com.sys.controller.apply.ApproveController.sendAllMessage(javax.servlet.http.HttpServletRequest)
  2019-01-28 17:55:31,606 [main] INFO  - Mapped "{[/appove/cangAddNs]}" onto public java.lang.Object com.sys.controller.apply.ApproveController.cangAddNs(javax.servlet.http.HttpServletRequest)
  2019-01-28 17:55:31,607 [main] INFO  - Mapped "{[/appove/getTFSpForm]}" onto public java.lang.Object com.sys.controller.apply.ApproveController.getTFSpForm(java.lang.String)
  2019-01-28 17:55:31,607 [main] INFO  - Mapped "{[/appove/toTFSpPage]}" onto public java.lang.Object com.sys.controller.apply.ApproveController.toTFSpPage(java.lang.String,javax.servlet.http.HttpServletRequest)
  2019-01-28 17:55:31,607 [main] INFO  - Mapped "{[/appove/findAppoveSQByUser]}" onto public java.lang.Object com.sys.controller.apply.ApproveController.findAppoveSQByUser(java.lang.String,java.lang.String,javax.servlet.http.HttpServletRequest)
  2019-01-28 17:55:31,608 [main] INFO  - Mapped "{[/appove/toApplyForApprove]}" onto public java.lang.Object com.sys.controller.apply.ApproveController.toApplyForApprove(javax.servlet.http.HttpServletRequest)
  2019-01-28 17:55:31,608 [main] INFO  - Mapped "{[/appove/findAppoveNSByUser]}" onto public java.lang.Object com.sys.controller.apply.ApproveController.findAppoveNSByUser(java.lang.String,java.lang.String)
  2019-01-28 17:55:31,608 [main] INFO  - Mapped "{[/appove/getSqApproveDetail]}" onto public java.lang.Object com.sys.controller.apply.ApproveController.getSqApproveDetail(java.lang.String,java.lang.String,javax.servlet.http.HttpServletRequest)
  2019-01-28 17:55:31,609 [main] INFO  - Mapped "{[/appove/getNsApproveDetail]}" onto public java.lang.Object com.sys.controller.apply.ApproveController.getNsApproveDetail(java.lang.String,javax.servlet.http.HttpServletRequest)
  2019-01-28 17:55:31,613 [main] DEBUG - 25 request handler methods found on class com.sys.controller.ApplyUserinfoController: {public java.lang.Object com.sys.controller.ApplyUserinfoController.updateState(javax.servlet.http.HttpServletRequest)={[/applyUserinfo/updateState]}, public java.lang.Object com.sys.controller.ApplyUserinfoController.updatePwd(java.lang.String,java.lang.String,javax.servlet.http.HttpServletRequest) throws java.lang.Exception={[/applyUserinfo/updatePwd]}, public java.lang.Object com.sys.controller.ApplyUserinfoController.selectAllApp(java.lang.String,java.lang.String,java.lang.String,java.lang.String)={[/applyUserinfo/selectAllApp]}, public java.lang.String com.sys.controller.ApplyUserinfoController.toPerNsApplyList(javax.servlet.http.HttpServletRequest)={[/applyUserinfo/toPerNsApplyList]}, public java.lang.String com.sys.controller.ApplyUserinfoController.toApplyType(javax.servlet.http.HttpServletRequest)={[/applyUserinfo/toApplyType]}, public java.lang.String com.sys.controller.ApplyUserinfoController.toapplogin()={[/applyUserinfo/toapplogin]}, public org.springframework.web.servlet.ModelAndView com.sys.controller.ApplyUserinfoController.loadMenu(java.lang.String,java.lang.String,java.lang.String,javax.servlet.http.HttpServletRequest,javax.servlet.http.HttpServletResponse) throws java.lang.Exception={[/applyUserinfo/loadMenu],methods=[POST]}, public java.lang.Object com.sys.controller.ApplyUserinfoController.findPerOldData(javax.servlet.http.HttpSession)={[/applyUserinfo/findPerOldData]}, public java.lang.Object com.sys.controller.ApplyUserinfoController.newSend(javax.servlet.http.HttpSession)={[/applyUserinfo/newSend]}, public java.lang.String com.sys.controller.ApplyUserinfoController.toPersonalInf(javax.servlet.http.HttpServletRequest)={[/applyUserinfo/toPersonalInf]}, public java.lang.String com.sys.controller.ApplyUserinfoController.checkUser(javax.servlet.http.HttpServletRequest)={[/applyUserinfo/checkUser]}, public java.lang.String com.sys.controller.ApplyUserinfoController.checkUser(java.lang.String,java.lang.String)={[/applyUserinfo/checkUsers]}, public java.lang.String com.sys.controller.ApplyUserinfoController.toApplyIndex()={[/applyUserinfo/toApplyIndex]}, public java.lang.Object com.sys.controller.ApplyUserinfoController.getApplyUserInfo(javax.servlet.http.HttpServletRequest)={[/applyUserinfo/getApplyUserInfo]}, public java.lang.String com.sys.controller.ApplyUserinfoController.toChangePsw()={[/applyUserinfo/toChangePsw]}, public java.lang.Object com.sys.controller.ApplyUserinfoController.submitCode(java.lang.String,javax.servlet.http.HttpSession)={[/applyUserinfo/submitCode]}, public java.lang.Object com.sys.controller.ApplyUserinfoController.getInformCount(javax.servlet.http.HttpSession)={[/applyUserinfo/getInformCount]}, public java.lang.String com.sys.controller.ApplyUserinfoController.toPerApplyList(javax.servlet.http.HttpServletRequest)={[/applyUserinfo/toPerApplyList]}, public java.lang.Object com.sys.controller.ApplyUserinfoController.updateUserInfo(java.lang.String,com.sys.pojo.ApplyUserinfo,javax.servlet.http.HttpSession)={[/applyUserinfo/updateUserInfo]}, public java.lang.Object com.sys.controller.ApplyUserinfoController.newPwd(java.lang.String,java.lang.String) throws java.lang.Exception={[/applyUserinfo/newPwd]}, public java.lang.String com.sys.controller.ApplyUserinfoController.toPerInform()={[/applyUserinfo/toPerInform]}, public java.lang.Object com.sys.controller.ApplyUserinfoController.SendCode(java.lang.String,javax.servlet.http.HttpSession)={[/applyUserinfo/SendCode]}, public java.lang.Object com.sys.controller.ApplyUserinfoController.insertUserInfo(java.lang.String,com.sys.pojo.ApplyUserinfo,javax.servlet.http.HttpSession)={[/applyUserinfo/insertUserInfo]}, public java.lang.Object com.sys.controller.ApplyUserinfoController.findAllApplyUserInfo(java.lang.String,java.lang.String,java.lang.String,java.lang.String,java.lang.String,java.lang.String,javax.servlet.http.HttpServletRequest)={[/applyUserinfo/findAllApplyUserInfo]}, public java.lang.Object com.sys.controller.ApplyUserinfoController.findNoActiveUsers(java.lang.String,java.lang.String,javax.servlet.http.HttpServletRequest)={[/applyUserinfo/findNoActiveUsers]}}
  2019-01-28 17:55:31,614 [main] INFO  - Mapped "{[/applyUserinfo/updateState]}" onto public java.lang.Object com.sys.controller.ApplyUserinfoController.updateState(javax.servlet.http.HttpServletRequest)
  2019-01-28 17:55:31,614 [main] INFO  - Mapped "{[/applyUserinfo/updatePwd]}" onto public java.lang.Object com.sys.controller.ApplyUserinfoController.updatePwd(java.lang.String,java.lang.String,javax.servlet.http.HttpServletRequest) throws java.lang.Exception
  2019-01-28 17:55:31,615 [main] INFO  - Mapped "{[/applyUserinfo/selectAllApp]}" onto public java.lang.Object com.sys.controller.ApplyUserinfoController.selectAllApp(java.lang.String,java.lang.String,java.lang.String,java.lang.String)
  2019-01-28 17:55:31,615 [main] INFO  - Mapped "{[/applyUserinfo/toPerNsApplyList]}" onto public java.lang.String com.sys.controller.ApplyUserinfoController.toPerNsApplyList(javax.servlet.http.HttpServletRequest)
  2019-01-28 17:55:31,616 [main] INFO  - Mapped "{[/applyUserinfo/toApplyType]}" onto public java.lang.String com.sys.controller.ApplyUserinfoController.toApplyType(javax.servlet.http.HttpServletRequest)
  2019-01-28 17:55:31,616 [main] INFO  - Mapped "{[/applyUserinfo/toapplogin]}" onto public java.lang.String com.sys.controller.ApplyUserinfoController.toapplogin()
  2019-01-28 17:55:31,616 [main] INFO  - Mapped "{[/applyUserinfo/loadMenu],methods=[POST]}" onto public org.springframework.web.servlet.ModelAndView com.sys.controller.ApplyUserinfoController.loadMenu(java.lang.String,java.lang.String,java.lang.String,javax.servlet.http.HttpServletRequest,javax.servlet.http.HttpServletResponse) throws java.lang.Exception
  2019-01-28 17:55:31,617 [main] INFO  - Mapped "{[/applyUserinfo/findPerOldData]}" onto public java.lang.Object com.sys.controller.ApplyUserinfoController.findPerOldData(javax.servlet.http.HttpSession)
  2019-01-28 17:55:31,617 [main] INFO  - Mapped "{[/applyUserinfo/newSend]}" onto public java.lang.Object com.sys.controller.ApplyUserinfoController.newSend(javax.servlet.http.HttpSession)
  2019-01-28 17:55:31,618 [main] INFO  - Mapped "{[/applyUserinfo/toPersonalInf]}" onto public java.lang.String com.sys.controller.ApplyUserinfoController.toPersonalInf(javax.servlet.http.HttpServletRequest)
  2019-01-28 17:55:31,618 [main] INFO  - Mapped "{[/applyUserinfo/checkUser]}" onto public java.lang.String com.sys.controller.ApplyUserinfoController.checkUser(javax.servlet.http.HttpServletRequest)
  2019-01-28 17:55:31,618 [main] INFO  - Mapped "{[/applyUserinfo/checkUsers]}" onto public java.lang.String com.sys.controller.ApplyUserinfoController.checkUser(java.lang.String,java.lang.String)
  2019-01-28 17:55:31,619 [main] INFO  - Mapped "{[/applyUserinfo/toApplyIndex]}" onto public java.lang.String com.sys.controller.ApplyUserinfoController.toApplyIndex()
  2019-01-28 17:55:31,619 [main] INFO  - Mapped "{[/applyUserinfo/getApplyUserInfo]}" onto public java.lang.Object com.sys.controller.ApplyUserinfoController.getApplyUserInfo(javax.servlet.http.HttpServletRequest)
  2019-01-28 17:55:31,620 [main] INFO  - Mapped "{[/applyUserinfo/toChangePsw]}" onto public java.lang.String com.sys.controller.ApplyUserinfoController.toChangePsw()
  2019-01-28 17:55:31,620 [main] INFO  - Mapped "{[/applyUserinfo/submitCode]}" onto public java.lang.Object com.sys.controller.ApplyUserinfoController.submitCode(java.lang.String,javax.servlet.http.HttpSession)
  2019-01-28 17:55:31,620 [main] INFO  - Mapped "{[/applyUserinfo/getInformCount]}" onto public java.lang.Object com.sys.controller.ApplyUserinfoController.getInformCount(javax.servlet.http.HttpSession)
  2019-01-28 17:55:31,621 [main] INFO  - Mapped "{[/applyUserinfo/toPerApplyList]}" onto public java.lang.String com.sys.controller.ApplyUserinfoController.toPerApplyList(javax.servlet.http.HttpServletRequest)
  2019-01-28 17:55:31,621 [main] INFO  - Mapped "{[/applyUserinfo/updateUserInfo]}" onto public java.lang.Object com.sys.controller.ApplyUserinfoController.updateUserInfo(java.lang.String,com.sys.pojo.ApplyUserinfo,javax.servlet.http.HttpSession)
  2019-01-28 17:55:31,622 [main] INFO  - Mapped "{[/applyUserinfo/newPwd]}" onto public java.lang.Object com.sys.controller.ApplyUserinfoController.newPwd(java.lang.String,java.lang.String) throws java.lang.Exception
  2019-01-28 17:55:31,622 [main] INFO  - Mapped "{[/applyUserinfo/toPerInform]}" onto public java.lang.String com.sys.controller.ApplyUserinfoController.toPerInform()
  2019-01-28 17:55:31,622 [main] INFO  - Mapped "{[/applyUserinfo/SendCode]}" onto public java.lang.Object com.sys.controller.ApplyUserinfoController.SendCode(java.lang.String,javax.servlet.http.HttpSession)
  2019-01-28 17:55:31,623 [main] INFO  - Mapped "{[/applyUserinfo/insertUserInfo]}" onto public java.lang.Object com.sys.controller.ApplyUserinfoController.insertUserInfo(java.lang.String,com.sys.pojo.ApplyUserinfo,javax.servlet.http.HttpSession)
  2019-01-28 17:55:31,623 [main] INFO  - Mapped "{[/applyUserinfo/findAllApplyUserInfo]}" onto public java.lang.Object com.sys.controller.ApplyUserinfoController.findAllApplyUserInfo(java.lang.String,java.lang.String,java.lang.String,java.lang.String,java.lang.String,java.lang.String,javax.servlet.http.HttpServletRequest)
  2019-01-28 17:55:31,624 [main] INFO  - Mapped "{[/applyUserinfo/findNoActiveUsers]}" onto public java.lang.Object com.sys.controller.ApplyUserinfoController.findNoActiveUsers(java.lang.String,java.lang.String,javax.servlet.http.HttpServletRequest)
  2019-01-28 17:55:31,624 [main] DEBUG - 0 request handler methods found on class com.sys.controller.blgsh.BlgshController: {}
  2019-01-28 17:55:31,626 [main] DEBUG - 16 request handler methods found on class com.sys.controller.blgsh.BliveGongSController: {public java.lang.Object com.sys.controller.blgsh.BliveGongSController.selectCXInfo(javax.servlet.http.HttpServletRequest)={[/blivegs/selectCXInfo]}, public java.lang.Object com.sys.controller.blgsh.BliveGongSController.updateWithdraw(javax.servlet.http.HttpServletRequest)={[/blivegs/updateWithdraw]}, public java.lang.Object com.sys.controller.blgsh.BliveGongSController.addCXReview(com.sys.pojo.blagsh.BliveGongS,javax.servlet.http.HttpServletRequest)={[/blivegs/addCXReview]}, public java.lang.Object com.sys.controller.blgsh.BliveGongSController.addCXReviewSH(javax.servlet.http.HttpServletRequest)={[/blivegs/addCXReviewSH]}, public java.lang.Object com.sys.controller.blgsh.BliveGongSController.updateRelease(javax.servlet.http.HttpServletRequest)={[/blivegs/updateRelease]}, public java.lang.Object com.sys.controller.blgsh.BliveGongSController.fileUpload(javax.servlet.http.HttpServletRequest)={[/blivegs/fileUpload]}, public java.lang.String com.sys.controller.blgsh.BliveGongSController.toChengxinReport()={[/blivegs/toChengxinReport]}, public java.lang.String com.sys.controller.blgsh.BliveGongSController.toChengxinPublic()={[/blivegs/toChengxinPublic]}, public java.lang.String com.sys.controller.blgsh.BliveGongSController.toChengxinList()={[/blivegs/toChengxinList]}, public java.lang.String com.sys.controller.blgsh.BliveGongSController.toChengxinAudio()={[/blivegs/toChengxinAudio]}, public java.lang.Object com.sys.controller.blgsh.BliveGongSController.Shgongbulb(javax.servlet.http.HttpServletRequest)={[/blivegs/Shgongbulb]}, public java.lang.String com.sys.controller.blgsh.BliveGongSController.toChengxinAudioSH()={[/blivegs/toChengxinAudioSH]}, public java.lang.String com.sys.controller.blgsh.BliveGongSController.toChengxinContent()={[/blivegs/toChengxinContent]}, public java.lang.String com.sys.controller.blgsh.BliveGongSController.toChengxinOpinion()={[/blivegs/toChengxinOpinion]}, public java.lang.Object com.sys.controller.blgsh.BliveGongSController.getPerBliveGongSList(javax.servlet.http.HttpServletRequest)={[/blivegs/getPerBliveGongSList]}, public java.lang.Object com.sys.controller.blgsh.BliveGongSController.getIntegrityAudit(javax.servlet.http.HttpServletRequest)={[/blivegs/getIntegrityAudit]}}
  2019-01-28 17:55:31,627 [main] INFO  - Mapped "{[/blivegs/selectCXInfo]}" onto public java.lang.Object com.sys.controller.blgsh.BliveGongSController.selectCXInfo(javax.servlet.http.HttpServletRequest)
  2019-01-28 17:55:31,628 [main] INFO  - Mapped "{[/blivegs/updateWithdraw]}" onto public java.lang.Object com.sys.controller.blgsh.BliveGongSController.updateWithdraw(javax.servlet.http.HttpServletRequest)
  2019-01-28 17:55:31,628 [main] INFO  - Mapped "{[/blivegs/addCXReview]}" onto public java.lang.Object com.sys.controller.blgsh.BliveGongSController.addCXReview(com.sys.pojo.blagsh.BliveGongS,javax.servlet.http.HttpServletRequest)
  2019-01-28 17:55:31,628 [main] INFO  - Mapped "{[/blivegs/addCXReviewSH]}" onto public java.lang.Object com.sys.controller.blgsh.BliveGongSController.addCXReviewSH(javax.servlet.http.HttpServletRequest)
  2019-01-28 17:55:31,629 [main] INFO  - Mapped "{[/blivegs/updateRelease]}" onto public java.lang.Object com.sys.controller.blgsh.BliveGongSController.updateRelease(javax.servlet.http.HttpServletRequest)
  2019-01-28 17:55:31,629 [main] INFO  - Mapped "{[/blivegs/fileUpload]}" onto public java.lang.Object com.sys.controller.blgsh.BliveGongSController.fileUpload(javax.servlet.http.HttpServletRequest)
  2019-01-28 17:55:31,629 [main] INFO  - Mapped "{[/blivegs/toChengxinReport]}" onto public java.lang.String com.sys.controller.blgsh.BliveGongSController.toChengxinReport()
  2019-01-28 17:55:31,630 [main] INFO  - Mapped "{[/blivegs/toChengxinPublic]}" onto public java.lang.String com.sys.controller.blgsh.BliveGongSController.toChengxinPublic()
  2019-01-28 17:55:31,630 [main] INFO  - Mapped "{[/blivegs/toChengxinList]}" onto public java.lang.String com.sys.controller.blgsh.BliveGongSController.toChengxinList()
  2019-01-28 17:55:31,631 [main] INFO  - Mapped "{[/blivegs/toChengxinAudio]}" onto public java.lang.String com.sys.controller.blgsh.BliveGongSController.toChengxinAudio()
  2019-01-28 17:55:31,631 [main] INFO  - Mapped "{[/blivegs/Shgongbulb]}" onto public java.lang.Object com.sys.controller.blgsh.BliveGongSController.Shgongbulb(javax.servlet.http.HttpServletRequest)
  2019-01-28 17:55:31,631 [main] INFO  - Mapped "{[/blivegs/toChengxinAudioSH]}" onto public java.lang.String com.sys.controller.blgsh.BliveGongSController.toChengxinAudioSH()
  2019-01-28 17:55:31,632 [main] INFO  - Mapped "{[/blivegs/toChengxinContent]}" onto public java.lang.String com.sys.controller.blgsh.BliveGongSController.toChengxinContent()
  2019-01-28 17:55:31,632 [main] INFO  - Mapped "{[/blivegs/toChengxinOpinion]}" onto public java.lang.String com.sys.controller.blgsh.BliveGongSController.toChengxinOpinion()
  2019-01-28 17:55:31,632 [main] INFO  - Mapped "{[/blivegs/getPerBliveGongSList]}" onto public java.lang.Object com.sys.controller.blgsh.BliveGongSController.getPerBliveGongSList(javax.servlet.http.HttpServletRequest)
  2019-01-28 17:55:31,633 [main] INFO  - Mapped "{[/blivegs/getIntegrityAudit]}" onto public java.lang.Object com.sys.controller.blgsh.BliveGongSController.getIntegrityAudit(javax.servlet.http.HttpServletRequest)
  2019-01-28 17:55:31,634 [main] DEBUG - 3 request handler methods found on class com.sys.controller.ContractDetailController: {public java.lang.Object com.sys.controller.ContractDetailController.updateFiling(javax.servlet.http.HttpServletRequest)={[/contract/updateFiling]}, public java.lang.String com.sys.controller.ContractDetailController.downLoad(javax.servlet.http.HttpServletRequest,javax.servlet.http.HttpServletResponse)={[/contract/downLoad]}, public java.lang.String com.sys.controller.ContractDetailController.sendMessageForBA(javax.servlet.http.HttpServletRequest)={[/contract/sendMessageForBA]}}
  2019-01-28 17:55:31,634 [main] INFO  - Mapped "{[/contract/updateFiling]}" onto public java.lang.Object com.sys.controller.ContractDetailController.updateFiling(javax.servlet.http.HttpServletRequest)
  2019-01-28 17:55:31,634 [main] INFO  - Mapped "{[/contract/downLoad]}" onto public java.lang.String com.sys.controller.ContractDetailController.downLoad(javax.servlet.http.HttpServletRequest,javax.servlet.http.HttpServletResponse)
  2019-01-28 17:55:31,635 [main] INFO  - Mapped "{[/contract/sendMessageForBA]}" onto public java.lang.String com.sys.controller.ContractDetailController.sendMessageForBA(javax.servlet.http.HttpServletRequest)
  2019-01-28 17:55:31,636 [main] DEBUG - 8 request handler methods found on class com.sys.controller.ContractTemplateController: {public java.lang.Object com.sys.controller.ContractTemplateController.toPath(javax.servlet.http.HttpServletRequest)={[/contractTemplate/toPath]}, public java.lang.Object com.sys.controller.ContractTemplateController.getFactMappingsBySqId(javax.servlet.http.HttpServletRequest)={[/contractTemplate/getFactMappings]}, public java.lang.String com.sys.controller.ContractTemplateController.toLowPaulTrap(java.lang.String,javax.servlet.http.HttpServletRequest)={[/contractTemplate/{page}]}, public java.lang.Object com.sys.controller.ContractTemplateController.getMoneyZH(javax.servlet.http.HttpServletRequest)={[/contractTemplate/getMoneyZH]}, public java.lang.Object com.sys.controller.ContractTemplateController.getContractTemplateFile(com.sys.pojo.apply.ContractTemplateFillingDataPojo,javax.servlet.http.HttpServletRequest,javax.servlet.http.HttpServletResponse)={[/contractTemplate/getContractTemplateFile]}, public java.lang.Object com.sys.controller.ContractTemplateController.selectContractTemplate(javax.servlet.http.HttpServletRequest)={[/contractTemplate/selectContractTemplate]}, public java.lang.Object com.sys.controller.ContractTemplateController.insertContractTemplate(com.sys.pojo.contract.ContractTemplate,javax.servlet.http.HttpServletRequest)={[/contractTemplate/insertContractTemplate]}, public void com.sys.controller.ContractTemplateController.getPdf(javax.servlet.http.HttpServletRequest,javax.servlet.http.HttpServletResponse)={[/contractTemplate/getPdf]}}
  2019-01-28 17:55:31,637 [main] INFO  - Mapped "{[/contractTemplate/toPath]}" onto public java.lang.Object com.sys.controller.ContractTemplateController.toPath(javax.servlet.http.HttpServletRequest)
  2019-01-28 17:55:31,637 [main] INFO  - Mapped "{[/contractTemplate/getFactMappings]}" onto public java.lang.Object com.sys.controller.ContractTemplateController.getFactMappingsBySqId(javax.servlet.http.HttpServletRequest)
  2019-01-28 17:55:31,637 [main] INFO  - Mapped "{[/contractTemplate/{page}]}" onto public java.lang.String com.sys.controller.ContractTemplateController.toLowPaulTrap(java.lang.String,javax.servlet.http.HttpServletRequest)
  2019-01-28 17:55:31,638 [main] INFO  - Mapped "{[/contractTemplate/getMoneyZH]}" onto public java.lang.Object com.sys.controller.ContractTemplateController.getMoneyZH(javax.servlet.http.HttpServletRequest)
  2019-01-28 17:55:31,638 [main] INFO  - Mapped "{[/contractTemplate/getContractTemplateFile]}" onto public java.lang.Object com.sys.controller.ContractTemplateController.getContractTemplateFile(com.sys.pojo.apply.ContractTemplateFillingDataPojo,javax.servlet.http.HttpServletRequest,javax.servlet.http.HttpServletResponse)
  2019-01-28 17:55:31,638 [main] INFO  - Mapped "{[/contractTemplate/selectContractTemplate]}" onto public java.lang.Object com.sys.controller.ContractTemplateController.selectContractTemplate(javax.servlet.http.HttpServletRequest)
  2019-01-28 17:55:31,639 [main] INFO  - Mapped "{[/contractTemplate/insertContractTemplate]}" onto public java.lang.Object com.sys.controller.ContractTemplateController.insertContractTemplate(com.sys.pojo.contract.ContractTemplate,javax.servlet.http.HttpServletRequest)
  2019-01-28 17:55:31,639 [main] INFO  - Mapped "{[/contractTemplate/getPdf]}" onto public void com.sys.controller.ContractTemplateController.getPdf(javax.servlet.http.HttpServletRequest,javax.servlet.http.HttpServletResponse)
  2019-01-28 17:55:31,640 [main] DEBUG - 1 request handler methods found on class com.sys.controller.ExportExcelController: {public void com.sys.controller.ExportExcelController.export(javax.servlet.http.HttpServletRequest,javax.servlet.http.HttpServletResponse) throws java.lang.Exception={[/ExportExcel/export]}}
  2019-01-28 17:55:31,640 [main] INFO  - Mapped "{[/ExportExcel/export]}" onto public void com.sys.controller.ExportExcelController.export(javax.servlet.http.HttpServletRequest,javax.servlet.http.HttpServletResponse) throws java.lang.Exception
  2019-01-28 17:55:31,641 [main] DEBUG - 4 request handler methods found on class com.sys.controller.FileController: {public java.lang.Object com.sys.controller.FileController.getFile(javax.servlet.http.HttpServletRequest,javax.servlet.http.HttpServletResponse)={[/file/getFile]}, public void com.sys.controller.FileController.getAnnexFileByIdUrl(javax.servlet.http.HttpServletRequest,javax.servlet.http.HttpServletResponse)={[/file/getFileByIdUrl]}, public void com.sys.controller.FileController.getAnnexFileById(javax.servlet.http.HttpServletRequest,javax.servlet.http.HttpServletResponse)={[/file/getFileById]}, public void com.sys.controller.FileController.getFtpFileById(javax.servlet.http.HttpServletRequest,javax.servlet.http.HttpServletResponse)={[/file/getFtpFileById]}}
  2019-01-28 17:55:31,642 [main] INFO  - Mapped "{[/file/getFile]}" onto public java.lang.Object com.sys.controller.FileController.getFile(javax.servlet.http.HttpServletRequest,javax.servlet.http.HttpServletResponse)
  2019-01-28 17:55:31,642 [main] INFO  - Mapped "{[/file/getFileByIdUrl]}" onto public void com.sys.controller.FileController.getAnnexFileByIdUrl(javax.servlet.http.HttpServletRequest,javax.servlet.http.HttpServletResponse)
  2019-01-28 17:55:31,642 [main] INFO  - Mapped "{[/file/getFileById]}" onto public void com.sys.controller.FileController.getAnnexFileById(javax.servlet.http.HttpServletRequest,javax.servlet.http.HttpServletResponse)
  2019-01-28 17:55:31,643 [main] INFO  - Mapped "{[/file/getFtpFileById]}" onto public void com.sys.controller.FileController.getFtpFileById(javax.servlet.http.HttpServletRequest,javax.servlet.http.HttpServletResponse)
  2019-01-28 17:55:31,645 [main] DEBUG - 9 request handler methods found on class com.sys.controller.home.ArticleInfoController: {public java.lang.Object com.sys.controller.home.ArticleInfoController.deleteFile(javax.servlet.http.HttpServletRequest)={[/articleInfo/deleteFile]}, public java.lang.Object com.sys.controller.home.ArticleInfoController.insertArticleInfo(javax.servlet.http.HttpServletRequest)={[/articleInfo/insertArticleInfo]}, public java.lang.Object com.sys.controller.home.ArticleInfoController.deleteArticleInfo(javax.servlet.http.HttpServletRequest)={[/articleInfo/deleteArticleInfo]}, public java.lang.Object com.sys.controller.home.ArticleInfoController.updateArticleInfo(javax.servlet.http.HttpServletRequest)={[/articleInfo/updateArticleInfo]}, public java.lang.Object com.sys.controller.home.ArticleInfoController.getFileDownArt(javax.servlet.http.HttpServletRequest,javax.servlet.http.HttpServletResponse)={[/articleInfo/getFileDownArt]}, public java.lang.Object com.sys.controller.home.ArticleInfoController.fileUpload(org.springframework.web.multipart.MultipartFile,javax.servlet.http.HttpServletRequest)={[/articleInfo/fileUpload]}, public java.lang.Object com.sys.controller.home.ArticleInfoController.getFTPFileDownArt(javax.servlet.http.HttpServletRequest,javax.servlet.http.HttpServletResponse)={[/articleInfo/getFTPFileDownArt]}, public java.lang.Object com.sys.controller.home.ArticleInfoController.selectArticleInfoes(javax.servlet.http.HttpServletRequest)={[/articleInfo/selectArticleInfoes]}, public java.lang.Object com.sys.controller.home.ArticleInfoController.selectArticleInfoesById(javax.servlet.http.HttpServletRequest)={[/articleInfo/selectArticleInfoById]}}
  2019-01-28 17:55:31,645 [main] INFO  - Mapped "{[/articleInfo/deleteFile]}" onto public java.lang.Object com.sys.controller.home.ArticleInfoController.deleteFile(javax.servlet.http.HttpServletRequest)
  2019-01-28 17:55:31,646 [main] INFO  - Mapped "{[/articleInfo/insertArticleInfo]}" onto public java.lang.Object com.sys.controller.home.ArticleInfoController.insertArticleInfo(javax.servlet.http.HttpServletRequest)
  2019-01-28 17:55:31,646 [main] INFO  - Mapped "{[/articleInfo/deleteArticleInfo]}" onto public java.lang.Object com.sys.controller.home.ArticleInfoController.deleteArticleInfo(javax.servlet.http.HttpServletRequest)
  2019-01-28 17:55:31,646 [main] INFO  - Mapped "{[/articleInfo/updateArticleInfo]}" onto public java.lang.Object com.sys.controller.home.ArticleInfoController.updateArticleInfo(javax.servlet.http.HttpServletRequest)
  2019-01-28 17:55:31,647 [main] INFO  - Mapped "{[/articleInfo/getFileDownArt]}" onto public java.lang.Object com.sys.controller.home.ArticleInfoController.getFileDownArt(javax.servlet.http.HttpServletRequest,javax.servlet.http.HttpServletResponse)
  2019-01-28 17:55:31,647 [main] INFO  - Mapped "{[/articleInfo/fileUpload]}" onto public java.lang.Object com.sys.controller.home.ArticleInfoController.fileUpload(org.springframework.web.multipart.MultipartFile,javax.servlet.http.HttpServletRequest)
  2019-01-28 17:55:31,648 [main] INFO  - Mapped "{[/articleInfo/getFTPFileDownArt]}" onto public java.lang.Object com.sys.controller.home.ArticleInfoController.getFTPFileDownArt(javax.servlet.http.HttpServletRequest,javax.servlet.http.HttpServletResponse)
  2019-01-28 17:55:31,648 [main] INFO  - Mapped "{[/articleInfo/selectArticleInfoes]}" onto public java.lang.Object com.sys.controller.home.ArticleInfoController.selectArticleInfoes(javax.servlet.http.HttpServletRequest)
  2019-01-28 17:55:31,648 [main] INFO  - Mapped "{[/articleInfo/selectArticleInfoById]}" onto public java.lang.Object com.sys.controller.home.ArticleInfoController.selectArticleInfoesById(javax.servlet.http.HttpServletRequest)
  2019-01-28 17:55:31,650 [main] DEBUG - 6 request handler methods found on class com.sys.controller.home.ColumnInfoController: {public java.lang.Object com.sys.controller.home.ColumnInfoController.selectByConditions(javax.servlet.http.HttpServletRequest)={[/columnInfo/selectColumnInfo]}, public java.lang.Object com.sys.controller.home.ColumnInfoController.saveColumnInfo(javax.servlet.http.HttpServletRequest)={[/columnInfo/saveColumnInfo]}, public java.lang.Object com.sys.controller.home.ColumnInfoController.updateColumInfo(javax.servlet.http.HttpServletRequest)={[/columnInfo/updateColumnInfo]}, public java.lang.Object com.sys.controller.home.ColumnInfoController.getAllTree(javax.servlet.http.HttpServletRequest)={[/columnInfo/getAllTree]}, public java.lang.Object com.sys.controller.home.ColumnInfoController.deleteById(javax.servlet.http.HttpServletRequest)={[/columnInfo/deleteById]}, public java.lang.String com.sys.controller.home.ColumnInfoController.showController()={[/columnInfo/controller]}}
  2019-01-28 17:55:31,651 [main] INFO  - Mapped "{[/columnInfo/selectColumnInfo]}" onto public java.lang.Object com.sys.controller.home.ColumnInfoController.selectByConditions(javax.servlet.http.HttpServletRequest)
  2019-01-28 17:55:31,651 [main] INFO  - Mapped "{[/columnInfo/saveColumnInfo]}" onto public java.lang.Object com.sys.controller.home.ColumnInfoController.saveColumnInfo(javax.servlet.http.HttpServletRequest)
  2019-01-28 17:55:31,651 [main] INFO  - Mapped "{[/columnInfo/updateColumnInfo]}" onto public java.lang.Object com.sys.controller.home.ColumnInfoController.updateColumInfo(javax.servlet.http.HttpServletRequest)
  2019-01-28 17:55:31,652 [main] INFO  - Mapped "{[/columnInfo/getAllTree]}" onto public java.lang.Object com.sys.controller.home.ColumnInfoController.getAllTree(javax.servlet.http.HttpServletRequest)
  2019-01-28 17:55:31,652 [main] INFO  - Mapped "{[/columnInfo/deleteById]}" onto public java.lang.Object com.sys.controller.home.ColumnInfoController.deleteById(javax.servlet.http.HttpServletRequest)
  2019-01-28 17:55:31,652 [main] INFO  - Mapped "{[/columnInfo/controller]}" onto public java.lang.String com.sys.controller.home.ColumnInfoController.showController()
  2019-01-28 17:55:31,654 [main] DEBUG - 2 request handler methods found on class com.sys.controller.home.FileFtpController: {public java.lang.Object com.sys.controller.home.FileFtpController.downFtp(java.lang.String,javax.servlet.http.HttpServletResponse)={[/fileFtp/downFtp],methods=[POST]}, public java.lang.Object com.sys.controller.home.FileFtpController.uploadFtp(org.springframework.web.multipart.MultipartFile)={[/fileFtp/uploadFtp],methods=[POST]}}
  2019-01-28 17:55:31,655 [main] INFO  - Mapped "{[/fileFtp/downFtp],methods=[POST]}" onto public java.lang.Object com.sys.controller.home.FileFtpController.downFtp(java.lang.String,javax.servlet.http.HttpServletResponse)
  2019-01-28 17:55:31,655 [main] INFO  - Mapped "{[/fileFtp/uploadFtp],methods=[POST]}" onto public java.lang.Object com.sys.controller.home.FileFtpController.uploadFtp(org.springframework.web.multipart.MultipartFile)
  2019-01-28 17:55:31,656 [main] DEBUG - 2 request handler methods found on class com.sys.controller.home.HomeUserInfoController: {public java.lang.Object com.sys.controller.home.HomeUserInfoController.updateHomeUserInfo(javax.servlet.http.HttpServletRequest)={[/homeUserInfo/updateHomeUserInfo]}, public java.lang.Object com.sys.controller.home.HomeUserInfoController.selectHomeUserInfo(javax.servlet.http.HttpServletRequest)={[/homeUserInfo/selectHomeUserInfo]}}
  2019-01-28 17:55:31,656 [main] INFO  - Mapped "{[/homeUserInfo/updateHomeUserInfo]}" onto public java.lang.Object com.sys.controller.home.HomeUserInfoController.updateHomeUserInfo(javax.servlet.http.HttpServletRequest)
  2019-01-28 17:55:31,657 [main] INFO  - Mapped "{[/homeUserInfo/selectHomeUserInfo]}" onto public java.lang.Object com.sys.controller.home.HomeUserInfoController.selectHomeUserInfo(javax.servlet.http.HttpServletRequest)
  2019-01-28 17:55:31,658 [main] DEBUG - 3 request handler methods found on class com.sys.controller.home.PageColumnController: {public java.lang.String com.sys.controller.home.PageColumnController.showPage(java.lang.String,javax.servlet.http.HttpSession)={[/pageColumn/{page}]}, public java.lang.String com.sys.controller.home.PageColumnController.showPageExternal(java.lang.String,javax.servlet.http.HttpSession)={[/pageColumn/external/{page}]}, public java.lang.String com.sys.controller.home.PageColumnController.showDataTag()={[/pageColumn/dataTag]}}
  2019-01-28 17:55:31,658 [main] INFO  - Mapped "{[/pageColumn/{page}]}" onto public java.lang.String com.sys.controller.home.PageColumnController.showPage(java.lang.String,javax.servlet.http.HttpSession)
  2019-01-28 17:55:31,659 [main] INFO  - Mapped "{[/pageColumn/external/{page}]}" onto public java.lang.String com.sys.controller.home.PageColumnController.showPageExternal(java.lang.String,javax.servlet.http.HttpSession)
  2019-01-28 17:55:31,659 [main] INFO  - Mapped "{[/pageColumn/dataTag]}" onto public java.lang.String com.sys.controller.home.PageColumnController.showDataTag()
  2019-01-28 17:55:31,660 [main] DEBUG - 4 request handler methods found on class com.sys.controller.house.BuidInfoController: {public java.lang.Object com.sys.controller.house.BuidInfoController.findBuildInfoByIid(java.lang.String)={[/BuidInfo/findBuildInfoByIid]}, public java.lang.Object com.sys.controller.house.BuidInfoController.findBuildInfoByMap(java.lang.String)={[/BuidInfo/findBuildInfoByMap]}, public java.lang.String com.sys.controller.house.BuidInfoController.impotr(javax.servlet.http.HttpServletRequest) throws java.lang.Exception={[/BuidInfo/import]}, public java.lang.Object com.sys.controller.house.BuidInfoController.deleteBuid(java.lang.String)={[/BuidInfo/deleteBuid]}}
  2019-01-28 17:55:31,661 [main] INFO  - Mapped "{[/BuidInfo/findBuildInfoByIid]}" onto public java.lang.Object com.sys.controller.house.BuidInfoController.findBuildInfoByIid(java.lang.String)
  2019-01-28 17:55:31,661 [main] INFO  - Mapped "{[/BuidInfo/findBuildInfoByMap]}" onto public java.lang.Object com.sys.controller.house.BuidInfoController.findBuildInfoByMap(java.lang.String)
  2019-01-28 17:55:31,661 [main] INFO  - Mapped "{[/BuidInfo/import]}" onto public java.lang.String com.sys.controller.house.BuidInfoController.impotr(javax.servlet.http.HttpServletRequest) throws java.lang.Exception
  2019-01-28 17:55:31,662 [main] INFO  - Mapped "{[/BuidInfo/deleteBuid]}" onto public java.lang.Object com.sys.controller.house.BuidInfoController.deleteBuid(java.lang.String)
  2019-01-28 17:55:31,664 [main] DEBUG - 9 request handler methods found on class com.sys.controller.house.FactMappingController: {public java.lang.Object com.sys.controller.house.FactMappingController.findFactByItemid(java.lang.String,java.lang.String)={[/FactMapping/findFactByItemid]}, public java.lang.Object com.sys.controller.house.FactMappingController.findFactlxByBid(java.lang.String,java.lang.String,java.lang.String)={[/FactMapping/findFactlxByBid]}, public java.lang.Object com.sys.controller.house.FactMappingController.findFactByFwId(java.lang.String,javax.servlet.http.HttpServletRequest)={[/FactMapping/findFactByFwId]}, public java.lang.Object com.sys.controller.house.FactMappingController.findFactByMap(java.lang.String,java.lang.String,java.lang.String)={[/FactMapping/findFactByMap]}, public java.lang.Object com.sys.controller.house.FactMappingController.findFactByBuildingInfoId(java.lang.String)={[/FactMapping/findFactByBuildingInfoId]}, public java.lang.Object com.sys.controller.house.FactMappingController.findFactByApplyid(java.lang.String)={[/FactMapping/findFactByApplyid]}, public java.lang.Object com.sys.controller.house.FactMappingController.findFactCountByApplyid(java.lang.String)={[/FactMapping/findFactCountByApplyid]}, public java.lang.String com.sys.controller.house.FactMappingController.impotr(javax.servlet.http.HttpServletRequest) throws java.lang.Exception={[/FactMapping/import]}, public java.lang.Object com.sys.controller.house.FactMappingController.deleteHouses(java.lang.String)={[/FactMapping/deleteHouses]}}
  2019-01-28 17:55:31,664 [main] INFO  - Mapped "{[/FactMapping/findFactByItemid]}" onto public java.lang.Object com.sys.controller.house.FactMappingController.findFactByItemid(java.lang.String,java.lang.String)
  2019-01-28 17:55:31,665 [main] INFO  - Mapped "{[/FactMapping/findFactlxByBid]}" onto public java.lang.Object com.sys.controller.house.FactMappingController.findFactlxByBid(java.lang.String,java.lang.String,java.lang.String)
  2019-01-28 17:55:31,665 [main] INFO  - Mapped "{[/FactMapping/findFactByFwId]}" onto public java.lang.Object com.sys.controller.house.FactMappingController.findFactByFwId(java.lang.String,javax.servlet.http.HttpServletRequest)
  2019-01-28 17:55:31,665 [main] INFO  - Mapped "{[/FactMapping/findFactByMap]}" onto public java.lang.Object com.sys.controller.house.FactMappingController.findFactByMap(java.lang.String,java.lang.String,java.lang.String)
  2019-01-28 17:55:31,666 [main] INFO  - Mapped "{[/FactMapping/findFactByBuildingInfoId]}" onto public java.lang.Object com.sys.controller.house.FactMappingController.findFactByBuildingInfoId(java.lang.String)
  2019-01-28 17:55:31,666 [main] INFO  - Mapped "{[/FactMapping/findFactByApplyid]}" onto public java.lang.Object com.sys.controller.house.FactMappingController.findFactByApplyid(java.lang.String)
  2019-01-28 17:55:31,669 [main] INFO  - Mapped "{[/FactMapping/findFactCountByApplyid]}" onto public java.lang.Object com.sys.controller.house.FactMappingController.findFactCountByApplyid(java.lang.String)
  2019-01-28 17:55:31,670 [main] INFO  - Mapped "{[/FactMapping/import]}" onto public java.lang.String com.sys.controller.house.FactMappingController.impotr(javax.servlet.http.HttpServletRequest) throws java.lang.Exception
  2019-01-28 17:55:31,671 [main] INFO  - Mapped "{[/FactMapping/deleteHouses]}" onto public java.lang.Object com.sys.controller.house.FactMappingController.deleteHouses(java.lang.String)
  2019-01-28 17:55:31,672 [main] DEBUG - 4 request handler methods found on class com.sys.controller.house.HisRentController: {public java.lang.Object com.sys.controller.house.HisRentController.updateSFSJBySqid(javax.servlet.http.HttpServletRequest)={[/hisRent/updateSFSJBySqid]}, public java.lang.Object com.sys.controller.house.HisRentController.findByFwId(java.lang.String,java.lang.String,java.lang.String)={[/hisRent/findByFwId]}, public java.lang.Object com.sys.controller.house.HisRentController.updateHisRent(com.sys.pojo.HisRent)={[/hisRent/updateHisRent]}, public java.lang.Object com.sys.controller.house.HisRentController.addHisRent(javax.servlet.http.HttpServletRequest)={[/hisRent/addHisRent]}}
  2019-01-28 17:55:31,672 [main] INFO  - Mapped "{[/hisRent/updateSFSJBySqid]}" onto public java.lang.Object com.sys.controller.house.HisRentController.updateSFSJBySqid(javax.servlet.http.HttpServletRequest)
  2019-01-28 17:55:31,672 [main] INFO  - Mapped "{[/hisRent/findByFwId]}" onto public java.lang.Object com.sys.controller.house.HisRentController.findByFwId(java.lang.String,java.lang.String,java.lang.String)
  2019-01-28 17:55:31,673 [main] INFO  - Mapped "{[/hisRent/updateHisRent]}" onto public java.lang.Object com.sys.controller.house.HisRentController.updateHisRent(com.sys.pojo.HisRent)
  2019-01-28 17:55:31,673 [main] INFO  - Mapped "{[/hisRent/addHisRent]}" onto public java.lang.Object com.sys.controller.house.HisRentController.addHisRent(javax.servlet.http.HttpServletRequest)
  2019-01-28 17:55:31,674 [main] DEBUG - 3 request handler methods found on class com.sys.controller.house.ItemCodeInfoController: {public java.lang.Object com.sys.controller.house.ItemCodeInfoController.select()={[/ItemCodeInfo/select]}, public java.lang.String com.sys.controller.house.ItemCodeInfoController.impotr(javax.servlet.http.HttpServletRequest) throws java.lang.Exception={[/ItemCodeInfo/import]}, public java.lang.Object com.sys.controller.house.ItemCodeInfoController.deleteItem(java.lang.String)={[/ItemCodeInfo/deleteItem]}}
  2019-01-28 17:55:31,675 [main] INFO  - Mapped "{[/ItemCodeInfo/select]}" onto public java.lang.Object com.sys.controller.house.ItemCodeInfoController.select()
  2019-01-28 17:55:31,675 [main] INFO  - Mapped "{[/ItemCodeInfo/import]}" onto public java.lang.String com.sys.controller.house.ItemCodeInfoController.impotr(javax.servlet.http.HttpServletRequest) throws java.lang.Exception
  2019-01-28 17:55:31,675 [main] INFO  - Mapped "{[/ItemCodeInfo/deleteItem]}" onto public java.lang.Object com.sys.controller.house.ItemCodeInfoController.deleteItem(java.lang.String)
  2019-01-28 17:55:31,677 [main] DEBUG - 9 request handler methods found on class com.sys.controller.house.SourceHouseController: {public java.lang.Object com.sys.controller.house.SourceHouseController.updateReturnHouse(java.lang.String,java.lang.String,java.lang.String,javax.servlet.http.HttpServletRequest)={[/sourceHouse/updateReturnHouse]}, public java.lang.Object com.sys.controller.house.SourceHouseController.updateHouses(java.lang.String,java.lang.String)={[/sourceHouse/updateHouses]}, public java.lang.Object com.sys.controller.house.SourceHouseController.findSourceHouses()={[/sourceHouse/findSourceHouses]}, public java.lang.Object com.sys.controller.house.SourceHouseController.getJSFHouseFile(javax.servlet.http.HttpServletRequest)={[/sourceHouse/getJSFHouseFile]}, public java.lang.Object com.sys.controller.house.SourceHouseController.updateHouseReset(java.lang.String,java.lang.String,java.lang.String,java.lang.String,java.lang.String,javax.servlet.http.HttpServletRequest)={[/sourceHouse/updateHouseReset]}, public java.lang.Object com.sys.controller.house.SourceHouseController.getConfirmFile(javax.servlet.http.HttpServletRequest)={[/sourceHouse/getConfirmFile]}, public java.lang.Object com.sys.controller.house.SourceHouseController.saveSourceHouse(java.lang.String,java.lang.String,java.lang.String,java.lang.String)={[/sourceHouse/saveSourceHouse]}, public java.lang.Object com.sys.controller.house.SourceHouseController.updateHouseFenPei(java.lang.String,java.lang.String,java.lang.String,java.lang.String,java.lang.String,javax.servlet.http.HttpServletRequest)={[/sourceHouse/updateHouseFenPei]}, public java.lang.Object com.sys.controller.house.SourceHouseController.getReturnHouseFile(javax.servlet.http.HttpServletRequest,javax.servlet.http.HttpServletResponse)={[/sourceHouse/getReturnHouseFile]}}
  2019-01-28 17:55:31,677 [main] INFO  - Mapped "{[/sourceHouse/updateReturnHouse]}" onto public java.lang.Object com.sys.controller.house.SourceHouseController.updateReturnHouse(java.lang.String,java.lang.String,java.lang.String,javax.servlet.http.HttpServletRequest)
  2019-01-28 17:55:31,678 [main] INFO  - Mapped "{[/sourceHouse/updateHouses]}" onto public java.lang.Object com.sys.controller.house.SourceHouseController.updateHouses(java.lang.String,java.lang.String)
  2019-01-28 17:55:31,678 [main] INFO  - Mapped "{[/sourceHouse/findSourceHouses]}" onto public java.lang.Object com.sys.controller.house.SourceHouseController.findSourceHouses()
  2019-01-28 17:55:31,678 [main] INFO  - Mapped "{[/sourceHouse/getJSFHouseFile]}" onto public java.lang.Object com.sys.controller.house.SourceHouseController.getJSFHouseFile(javax.servlet.http.HttpServletRequest)
  2019-01-28 17:55:31,679 [main] INFO  - Mapped "{[/sourceHouse/updateHouseReset]}" onto public java.lang.Object com.sys.controller.house.SourceHouseController.updateHouseReset(java.lang.String,java.lang.String,java.lang.String,java.lang.String,java.lang.String,javax.servlet.http.HttpServletRequest)
  2019-01-28 17:55:31,679 [main] INFO  - Mapped "{[/sourceHouse/getConfirmFile]}" onto public java.lang.Object com.sys.controller.house.SourceHouseController.getConfirmFile(javax.servlet.http.HttpServletRequest)
  2019-01-28 17:55:31,679 [main] INFO  - Mapped "{[/sourceHouse/saveSourceHouse]}" onto public java.lang.Object com.sys.controller.house.SourceHouseController.saveSourceHouse(java.lang.String,java.lang.String,java.lang.String,java.lang.String)
  2019-01-28 17:55:31,680 [main] INFO  - Mapped "{[/sourceHouse/updateHouseFenPei]}" onto public java.lang.Object com.sys.controller.house.SourceHouseController.updateHouseFenPei(java.lang.String,java.lang.String,java.lang.String,java.lang.String,java.lang.String,javax.servlet.http.HttpServletRequest)
  2019-01-28 17:55:31,680 [main] INFO  - Mapped "{[/sourceHouse/getReturnHouseFile]}" onto public java.lang.Object com.sys.controller.house.SourceHouseController.getReturnHouseFile(javax.servlet.http.HttpServletRequest,javax.servlet.http.HttpServletResponse)
  2019-01-28 17:55:31,681 [main] DEBUG - 4 request handler methods found on class com.sys.controller.ImageInfoController: {public java.lang.Object com.sys.controller.ImageInfoController.selectByConditions(javax.servlet.http.HttpServletRequest)={[/imageInfo/selectFile]}, public java.lang.Object com.sys.controller.ImageInfoController.deleteByFileId(javax.servlet.http.HttpServletRequest)={[/imageInfo/deleteFile]}, public java.lang.Object com.sys.controller.ImageInfoController.UpdateByFileId()={[/imageInfo/updateFile]}, public java.lang.Object com.sys.controller.ImageInfoController.fileUpload(org.springframework.web.multipart.MultipartFile,javax.servlet.http.HttpServletRequest)={[/imageInfo/fileUpload]}}
  2019-01-28 17:55:31,682 [main] INFO  - Mapped "{[/imageInfo/selectFile]}" onto public java.lang.Object com.sys.controller.ImageInfoController.selectByConditions(javax.servlet.http.HttpServletRequest)
  2019-01-28 17:55:31,683 [main] INFO  - Mapped "{[/imageInfo/deleteFile]}" onto public java.lang.Object com.sys.controller.ImageInfoController.deleteByFileId(javax.servlet.http.HttpServletRequest)
  2019-01-28 17:55:31,683 [main] INFO  - Mapped "{[/imageInfo/updateFile]}" onto public java.lang.Object com.sys.controller.ImageInfoController.UpdateByFileId()
  2019-01-28 17:55:31,684 [main] INFO  - Mapped "{[/imageInfo/fileUpload]}" onto public java.lang.Object com.sys.controller.ImageInfoController.fileUpload(org.springframework.web.multipart.MultipartFile,javax.servlet.http.HttpServletRequest)
  2019-01-28 17:55:31,684 [main] DEBUG - 2 request handler methods found on class com.sys.controller.LoginController: {public java.lang.String com.sys.controller.LoginController.submitLogin(java.lang.String,java.lang.String,java.lang.String,javax.servlet.http.HttpServletRequest)={[/login/submitLogin]}, public java.lang.String com.sys.controller.LoginController.toIndex()={[/login/toIndex]}}
  2019-01-28 17:55:31,685 [main] INFO  - Mapped "{[/login/submitLogin]}" onto public java.lang.String com.sys.controller.LoginController.submitLogin(java.lang.String,java.lang.String,java.lang.String,javax.servlet.http.HttpServletRequest)
  2019-01-28 17:55:31,685 [main] INFO  - Mapped "{[/login/toIndex]}" onto public java.lang.String com.sys.controller.LoginController.toIndex()
  2019-01-28 17:55:31,686 [main] DEBUG - 9 request handler methods found on class com.sys.controller.lotnum.LotNumMaController: {public java.lang.Object com.sys.controller.lotnum.LotNumMaController.findLotList(javax.servlet.http.HttpServletRequest)={[/lotnum/findlotlist]}, public java.lang.String com.sys.controller.lotnum.LotNumMaController.toLotList()={[/lotnum/toLotList]}, public java.lang.Object com.sys.controller.lotnum.LotNumMaController.LotAllUser(javax.servlet.http.HttpServletRequest)={[/lotnum/lotAllUser]}, public java.lang.Object com.sys.controller.lotnum.LotNumMaController.rejectAllUser(javax.servlet.http.HttpServletRequest)={[/lotnum/rejectAllUser]}, public java.lang.String com.sys.controller.lotnum.LotNumMaController.toLotMa()={[/lotnum/toLotMa]}, public java.lang.Object com.sys.controller.lotnum.LotNumMaController.downLotList(javax.servlet.http.HttpServletRequest,javax.servlet.http.HttpServletResponse)={[/lotnum/downlotlist]}, public java.lang.Object com.sys.controller.lotnum.LotNumMaController.quitLotNum(java.lang.String,java.lang.String,javax.servlet.http.HttpServletRequest)={[/lotnum/quitLotNum],methods=[POST]}, public java.lang.Object com.sys.controller.lotnum.LotNumMaController.fileUpload(org.springframework.web.multipart.MultipartFile,javax.servlet.http.HttpServletRequest) throws java.lang.Exception={[/lotnum/uploadXml]}, public java.lang.Object com.sys.controller.lotnum.LotNumMaController.sendAllMessage(javax.servlet.http.HttpServletRequest)={[/lotnum/sendAllLotMessage]}}
  2019-01-28 17:55:31,687 [main] INFO  - Mapped "{[/lotnum/findlotlist]}" onto public java.lang.Object com.sys.controller.lotnum.LotNumMaController.findLotList(javax.servlet.http.HttpServletRequest)
  2019-01-28 17:55:31,687 [main] INFO  - Mapped "{[/lotnum/toLotList]}" onto public java.lang.String com.sys.controller.lotnum.LotNumMaController.toLotList()
  2019-01-28 17:55:31,688 [main] INFO  - Mapped "{[/lotnum/lotAllUser]}" onto public java.lang.Object com.sys.controller.lotnum.LotNumMaController.LotAllUser(javax.servlet.http.HttpServletRequest)
  2019-01-28 17:55:31,688 [main] INFO  - Mapped "{[/lotnum/rejectAllUser]}" onto public java.lang.Object com.sys.controller.lotnum.LotNumMaController.rejectAllUser(javax.servlet.http.HttpServletRequest)
  2019-01-28 17:55:31,688 [main] INFO  - Mapped "{[/lotnum/toLotMa]}" onto public java.lang.String com.sys.controller.lotnum.LotNumMaController.toLotMa()
  2019-01-28 17:55:31,689 [main] INFO  - Mapped "{[/lotnum/downlotlist]}" onto public java.lang.Object com.sys.controller.lotnum.LotNumMaController.downLotList(javax.servlet.http.HttpServletRequest,javax.servlet.http.HttpServletResponse)
  2019-01-28 17:55:31,689 [main] INFO  - Mapped "{[/lotnum/quitLotNum],methods=[POST]}" onto public java.lang.Object com.sys.controller.lotnum.LotNumMaController.quitLotNum(java.lang.String,java.lang.String,javax.servlet.http.HttpServletRequest)
  2019-01-28 17:55:31,689 [main] INFO  - Mapped "{[/lotnum/uploadXml]}" onto public java.lang.Object com.sys.controller.lotnum.LotNumMaController.fileUpload(org.springframework.web.multipart.MultipartFile,javax.servlet.http.HttpServletRequest) throws java.lang.Exception
  2019-01-28 17:55:31,690 [main] INFO  - Mapped "{[/lotnum/sendAllLotMessage]}" onto public java.lang.Object com.sys.controller.lotnum.LotNumMaController.sendAllMessage(javax.servlet.http.HttpServletRequest)
  2019-01-28 17:55:31,691 [main] DEBUG - 4 request handler methods found on class com.sys.controller.message.MessageController: {public java.lang.Object com.sys.controller.message.MessageController.findMessageList(javax.servlet.http.HttpServletRequest)={[/message/findMessageList]}, public java.lang.String com.sys.controller.message.MessageController.toMessageList(javax.servlet.http.HttpServletRequest)={[/message/toMessageList]}, public java.lang.String com.sys.controller.message.MessageController.sendMessage(javax.servlet.http.HttpServletRequest)={[/message/sendMessage]}, public java.lang.Object com.sys.controller.message.MessageController.notificationMessage(javax.servlet.http.HttpServletRequest)={[/message/notificationMessage]}}
  2019-01-28 17:55:31,691 [main] INFO  - Mapped "{[/message/findMessageList]}" onto public java.lang.Object com.sys.controller.message.MessageController.findMessageList(javax.servlet.http.HttpServletRequest)
  2019-01-28 17:55:31,691 [main] INFO  - Mapped "{[/message/toMessageList]}" onto public java.lang.String com.sys.controller.message.MessageController.toMessageList(javax.servlet.http.HttpServletRequest)
  2019-01-28 17:55:31,692 [main] INFO  - Mapped "{[/message/sendMessage]}" onto public java.lang.String com.sys.controller.message.MessageController.sendMessage(javax.servlet.http.HttpServletRequest)
  2019-01-28 17:55:31,692 [main] INFO  - Mapped "{[/message/notificationMessage]}" onto public java.lang.Object com.sys.controller.message.MessageController.notificationMessage(javax.servlet.http.HttpServletRequest)
  2019-01-28 17:55:31,704 [main] DEBUG - 62 request handler methods found on class com.sys.controller.PathController: {public java.lang.String com.sys.controller.PathController.toIndex()={[/path/toindex]}, public java.lang.String com.sys.controller.PathController.toApplyPrint()={[/path/toApplyPrint]}, public java.lang.String com.sys.controller.PathController.toexit(java.lang.Integer,javax.servlet.http.HttpSession)={[/path/toexit]}, public java.lang.String com.sys.controller.PathController.toFydr()={[/path/toFydr]}, public java.lang.String com.sys.controller.PathController.toButieReport()={[/path/toApplyButieReport]}, public java.lang.String com.sys.controller.PathController.lowPaulTrap()={[/path/lowPaulTrap]}, public java.lang.String com.sys.controller.PathController.toRole()={[/path/torole]}, public java.lang.String com.sys.controller.PathController.toNoAuditApply()={[/path/toNoAuditApply]}, public java.lang.String com.sys.controller.PathController.toJygzf()={[/path/toJygzf]}, public java.lang.String com.sys.controller.PathController.toAttachment()={[/path/toAttachment]}, public java.lang.String com.sys.controller.PathController.toAuditApply()={[/path/toAuditApply]}, public java.lang.String com.sys.controller.PathController.choose()={[/path/choose]}, public java.lang.String com.sys.controller.PathController.tonewRegist()={[/path/tonewRegist]}, public java.lang.String com.sys.controller.PathController.toWggzf()={[/path/toWggzf]}, public java.lang.String com.sys.controller.PathController.topassedRegist()={[/path/topassedRegist]}, public java.lang.String com.sys.controller.PathController.todsh()={[/path/todsh]}, public java.lang.String com.sys.controller.PathController.toNotification()={[/path/toNotification]}, public java.lang.String com.sys.controller.PathController.toSign()={[/path/toSign]}, public java.lang.String com.sys.controller.PathController.toysh()={[/path/toysh]}, public java.lang.String com.sys.controller.PathController.toDbtkbt()={[/path/toDbtkbt]}, public java.lang.String com.sys.controller.PathController.tologin()={[/path/tologin]}, public java.lang.String com.sys.controller.PathController.toHisTable()={[/path/toHisTable]}, public java.lang.String com.sys.controller.PathController.toFlowMa()={[/path/toFlowMa]}, public java.lang.String com.sys.controller.PathController.totype()={[/path/totype]}, public java.lang.String com.sys.controller.PathController.toChangePwd()={[/path/toChangePwd]}, public java.lang.String com.sys.controller.PathController.toFyxxgl()={[/path/toFyxxgl]}, public java.lang.String com.sys.controller.PathController.toWelcome()={[/path/towelcome]}, public java.lang.String com.sys.controller.PathController.toModule()={[/path/tomodule]}, public java.lang.String com.sys.controller.PathController.toEco()={[/path/toEco]}, public java.lang.String com.sys.controller.PathController.toUser()={[/path/touser]}, public java.lang.String com.sys.controller.PathController.toReturnHouse()={[/path/toReturnHouse]}, public org.springframework.web.servlet.ModelAndView com.sys.controller.PathController.toJjSyf()={[/path/toJjSyf]}, public java.lang.String com.sys.controller.PathController.toBzdsh()={[/path/toBzdsh]}, public java.lang.String com.sys.controller.PathController.toAuthor()={[/path/toauthor]}, public java.lang.String com.sys.controller.PathController.toFenPeiTable()={[/path/toFenPeiTable]}, public java.lang.String com.sys.controller.PathController.toChangeHouse()={[/path/toChangeHouse]}, public java.lang.String com.sys.controller.PathController.toBzysh()={[/path/toBzysh]}, public java.lang.String com.sys.controller.PathController.toFyfp()={[/path/toFyfp]}, public java.lang.String com.sys.controller.PathController.toCon()={[/path/tocon]}, public java.lang.String com.sys.controller.PathController.toActiv()={[/path/toActiv]}, public java.lang.String com.sys.controller.PathController.tofailRegist()={[/path/tofailRegist]}, public java.lang.String com.sys.controller.PathController.tohousema()={[/path/tohousema]}, public java.lang.String com.sys.controller.PathController.toSearchSign()={[/path/toSearchSign]}, public java.lang.String com.sys.controller.PathController.tohouseRation()={[/path/tohouseRation]}, public java.lang.String com.sys.controller.PathController.toHead()={[/path/tohead]}, public java.lang.String com.sys.controller.PathController.tohouseInfo()={[/path/tohouseInfo]}, public org.springframework.web.servlet.ModelAndView com.sys.controller.PathController.toDbtkgzf()={[/path/toDbtkgzf]}, public java.lang.String com.sys.controller.PathController.toQuitHouse()={[/path/toQuitHouse]}, public java.lang.String com.sys.controller.PathController.toFypj()={[/path/toFypj]}, public java.lang.String com.sys.controller.PathController.tohouseDis()={[/path/tohouseDis]}, public java.lang.String com.sys.controller.PathController.toDic()={[/path/todic]}, public java.lang.String com.sys.controller.PathController.toApplySign()={[/path/toApplySign]}, public java.lang.String com.sys.controller.PathController.toFileTest()={[/path/tomigrantWorkers]}, public java.lang.String com.sys.controller.PathController.toApplyType()={[/path/toApplyType]}, public java.lang.String com.sys.controller.PathController.toregiste()={[/path/toregiste]}, public java.lang.String com.sys.controller.PathController.toapplogin()={[/path/toapplogin]}, public java.lang.String com.sys.controller.PathController.toforgetPwd()={[/path/toforgetPwd]}, public java.lang.String com.sys.controller.PathController.toApplyChange()={[/path/toApplyChange]}, public java.lang.String com.sys.controller.PathController.toApplyIndex()={[/path/toApplyIndex]}, public java.lang.String com.sys.controller.PathController.toContractTemplate()={[/path/contractTemplate]}, public java.lang.String com.sys.controller.PathController.toLowRentPubHousing()={[/path/toLowRentPubHousing]}, public java.lang.String com.sys.controller.PathController.toMigrantWorkersApply()={[/path/tomirapply]}}
  2019-01-28 17:55:31,705 [main] INFO  - Mapped "{[/path/toindex]}" onto public java.lang.String com.sys.controller.PathController.toIndex()
  2019-01-28 17:55:31,705 [main] INFO  - Mapped "{[/path/toApplyPrint]}" onto public java.lang.String com.sys.controller.PathController.toApplyPrint()
  2019-01-28 17:55:31,706 [main] INFO  - Mapped "{[/path/toexit]}" onto public java.lang.String com.sys.controller.PathController.toexit(java.lang.Integer,javax.servlet.http.HttpSession)
  2019-01-28 17:55:31,706 [main] INFO  - Mapped "{[/path/toFydr]}" onto public java.lang.String com.sys.controller.PathController.toFydr()
  2019-01-28 17:55:31,706 [main] INFO  - Mapped "{[/path/toApplyButieReport]}" onto public java.lang.String com.sys.controller.PathController.toButieReport()
  2019-01-28 17:55:31,707 [main] INFO  - Mapped "{[/path/lowPaulTrap]}" onto public java.lang.String com.sys.controller.PathController.lowPaulTrap()
  2019-01-28 17:55:31,707 [main] INFO  - Mapped "{[/path/torole]}" onto public java.lang.String com.sys.controller.PathController.toRole()
  2019-01-28 17:55:31,708 [main] INFO  - Mapped "{[/path/toNoAuditApply]}" onto public java.lang.String com.sys.controller.PathController.toNoAuditApply()
  2019-01-28 17:55:31,708 [main] INFO  - Mapped "{[/path/toJygzf]}" onto public java.lang.String com.sys.controller.PathController.toJygzf()
  2019-01-28 17:55:31,709 [main] INFO  - Mapped "{[/path/toAttachment]}" onto public java.lang.String com.sys.controller.PathController.toAttachment()
  2019-01-28 17:55:31,709 [main] INFO  - Mapped "{[/path/toAuditApply]}" onto public java.lang.String com.sys.controller.PathController.toAuditApply()
  2019-01-28 17:55:31,709 [main] INFO  - Mapped "{[/path/choose]}" onto public java.lang.String com.sys.controller.PathController.choose()
  2019-01-28 17:55:31,710 [main] INFO  - Mapped "{[/path/tonewRegist]}" onto public java.lang.String com.sys.controller.PathController.tonewRegist()
  2019-01-28 17:55:31,710 [main] INFO  - Mapped "{[/path/toWggzf]}" onto public java.lang.String com.sys.controller.PathController.toWggzf()
  2019-01-28 17:55:31,710 [main] INFO  - Mapped "{[/path/topassedRegist]}" onto public java.lang.String com.sys.controller.PathController.topassedRegist()
  2019-01-28 17:55:31,711 [main] INFO  - Mapped "{[/path/todsh]}" onto public java.lang.String com.sys.controller.PathController.todsh()
  2019-01-28 17:55:31,711 [main] INFO  - Mapped "{[/path/toNotification]}" onto public java.lang.String com.sys.controller.PathController.toNotification()
  2019-01-28 17:55:31,711 [main] INFO  - Mapped "{[/path/toSign]}" onto public java.lang.String com.sys.controller.PathController.toSign()
  2019-01-28 17:55:31,712 [main] INFO  - Mapped "{[/path/toysh]}" onto public java.lang.String com.sys.controller.PathController.toysh()
  2019-01-28 17:55:31,712 [main] INFO  - Mapped "{[/path/toDbtkbt]}" onto public java.lang.String com.sys.controller.PathController.toDbtkbt()
  2019-01-28 17:55:31,712 [main] INFO  - Mapped "{[/path/tologin]}" onto public java.lang.String com.sys.controller.PathController.tologin()
  2019-01-28 17:55:31,712 [main] INFO  - Mapped "{[/path/toHisTable]}" onto public java.lang.String com.sys.controller.PathController.toHisTable()
  2019-01-28 17:55:31,713 [main] INFO  - Mapped "{[/path/toFlowMa]}" onto public java.lang.String com.sys.controller.PathController.toFlowMa()
  2019-01-28 17:55:31,713 [main] INFO  - Mapped "{[/path/totype]}" onto public java.lang.String com.sys.controller.PathController.totype()
  2019-01-28 17:55:31,713 [main] INFO  - Mapped "{[/path/toChangePwd]}" onto public java.lang.String com.sys.controller.PathController.toChangePwd()
  2019-01-28 17:55:31,714 [main] INFO  - Mapped "{[/path/toFyxxgl]}" onto public java.lang.String com.sys.controller.PathController.toFyxxgl()
  2019-01-28 17:55:31,714 [main] INFO  - Mapped "{[/path/towelcome]}" onto public java.lang.String com.sys.controller.PathController.toWelcome()
  2019-01-28 17:55:31,714 [main] INFO  - Mapped "{[/path/tomodule]}" onto public java.lang.String com.sys.controller.PathController.toModule()
  2019-01-28 17:55:31,714 [main] INFO  - Mapped "{[/path/toEco]}" onto public java.lang.String com.sys.controller.PathController.toEco()
  2019-01-28 17:55:31,715 [main] INFO  - Mapped "{[/path/touser]}" onto public java.lang.String com.sys.controller.PathController.toUser()
  2019-01-28 17:55:31,715 [main] INFO  - Mapped "{[/path/toReturnHouse]}" onto public java.lang.String com.sys.controller.PathController.toReturnHouse()
  2019-01-28 17:55:31,715 [main] INFO  - Mapped "{[/path/toJjSyf]}" onto public org.springframework.web.servlet.ModelAndView com.sys.controller.PathController.toJjSyf()
  2019-01-28 17:55:31,716 [main] INFO  - Mapped "{[/path/toBzdsh]}" onto public java.lang.String com.sys.controller.PathController.toBzdsh()
  2019-01-28 17:55:31,716 [main] INFO  - Mapped "{[/path/toauthor]}" onto public java.lang.String com.sys.controller.PathController.toAuthor()
  2019-01-28 17:55:31,716 [main] INFO  - Mapped "{[/path/toFenPeiTable]}" onto public java.lang.String com.sys.controller.PathController.toFenPeiTable()
  2019-01-28 17:55:31,717 [main] INFO  - Mapped "{[/path/toChangeHouse]}" onto public java.lang.String com.sys.controller.PathController.toChangeHouse()
  2019-01-28 17:55:31,717 [main] INFO  - Mapped "{[/path/toBzysh]}" onto public java.lang.String com.sys.controller.PathController.toBzysh()
  2019-01-28 17:55:31,717 [main] INFO  - Mapped "{[/path/toFyfp]}" onto public java.lang.String com.sys.controller.PathController.toFyfp()
  2019-01-28 17:55:31,717 [main] INFO  - Mapped "{[/path/tocon]}" onto public java.lang.String com.sys.controller.PathController.toCon()
  2019-01-28 17:55:31,718 [main] INFO  - Mapped "{[/path/toActiv]}" onto public java.lang.String com.sys.controller.PathController.toActiv()
  2019-01-28 17:55:31,718 [main] INFO  - Mapped "{[/path/tofailRegist]}" onto public java.lang.String com.sys.controller.PathController.tofailRegist()
  2019-01-28 17:55:31,718 [main] INFO  - Mapped "{[/path/tohousema]}" onto public java.lang.String com.sys.controller.PathController.tohousema()
  2019-01-28 17:55:31,718 [main] INFO  - Mapped "{[/path/toSearchSign]}" onto public java.lang.String com.sys.controller.PathController.toSearchSign()
  2019-01-28 17:55:31,719 [main] INFO  - Mapped "{[/path/tohouseRation]}" onto public java.lang.String com.sys.controller.PathController.tohouseRation()
  2019-01-28 17:55:31,719 [main] INFO  - Mapped "{[/path/tohead]}" onto public java.lang.String com.sys.controller.PathController.toHead()
  2019-01-28 17:55:31,719 [main] INFO  - Mapped "{[/path/tohouseInfo]}" onto public java.lang.String com.sys.controller.PathController.tohouseInfo()
  2019-01-28 17:55:31,720 [main] INFO  - Mapped "{[/path/toDbtkgzf]}" onto public org.springframework.web.servlet.ModelAndView com.sys.controller.PathController.toDbtkgzf()
  2019-01-28 17:55:31,720 [main] INFO  - Mapped "{[/path/toQuitHouse]}" onto public java.lang.String com.sys.controller.PathController.toQuitHouse()
  2019-01-28 17:55:31,720 [main] INFO  - Mapped "{[/path/toFypj]}" onto public java.lang.String com.sys.controller.PathController.toFypj()
  2019-01-28 17:55:31,721 [main] INFO  - Mapped "{[/path/tohouseDis]}" onto public java.lang.String com.sys.controller.PathController.tohouseDis()
  2019-01-28 17:55:31,721 [main] INFO  - Mapped "{[/path/todic]}" onto public java.lang.String com.sys.controller.PathController.toDic()
  2019-01-28 17:55:31,721 [main] INFO  - Mapped "{[/path/toApplySign]}" onto public java.lang.String com.sys.controller.PathController.toApplySign()
  2019-01-28 17:55:31,722 [main] INFO  - Mapped "{[/path/tomigrantWorkers]}" onto public java.lang.String com.sys.controller.PathController.toFileTest()
  2019-01-28 17:55:31,722 [main] INFO  - Mapped "{[/path/toApplyType]}" onto public java.lang.String com.sys.controller.PathController.toApplyType()
  2019-01-28 17:55:31,722 [main] INFO  - Mapped "{[/path/toregiste]}" onto public java.lang.String com.sys.controller.PathController.toregiste()
  2019-01-28 17:55:31,723 [main] INFO  - Mapped "{[/path/toapplogin]}" onto public java.lang.String com.sys.controller.PathController.toapplogin()
  2019-01-28 17:55:31,723 [main] INFO  - Mapped "{[/path/toforgetPwd]}" onto public java.lang.String com.sys.controller.PathController.toforgetPwd()
  2019-01-28 17:55:31,723 [main] INFO  - Mapped "{[/path/toApplyChange]}" onto public java.lang.String com.sys.controller.PathController.toApplyChange()
  2019-01-28 17:55:31,724 [main] INFO  - Mapped "{[/path/toApplyIndex]}" onto public java.lang.String com.sys.controller.PathController.toApplyIndex()
  2019-01-28 17:55:31,724 [main] INFO  - Mapped "{[/path/contractTemplate]}" onto public java.lang.String com.sys.controller.PathController.toContractTemplate()
  2019-01-28 17:55:31,724 [main] INFO  - Mapped "{[/path/toLowRentPubHousing]}" onto public java.lang.String com.sys.controller.PathController.toLowRentPubHousing()
  2019-01-28 17:55:31,725 [main] INFO  - Mapped "{[/path/tomirapply]}" onto public java.lang.String com.sys.controller.PathController.toMigrantWorkersApply()
  2019-01-28 17:55:31,726 [main] DEBUG - 1 request handler methods found on class com.sys.controller.report.LowSecurityReportController: {public java.lang.Object com.sys.controller.report.LowSecurityReportController.getRetain(javax.servlet.http.HttpServletRequest,javax.servlet.http.HttpServletResponse)={[/lowSecurityReport/report]}}
  2019-01-28 17:55:31,726 [main] INFO  - Mapped "{[/lowSecurityReport/report]}" onto public java.lang.Object com.sys.controller.report.LowSecurityReportController.getRetain(javax.servlet.http.HttpServletRequest,javax.servlet.http.HttpServletResponse)
  2019-01-28 17:55:31,728 [main] DEBUG - 9 request handler methods found on class com.sys.controller.sysma.FlowController: {public java.lang.Object com.sys.controller.sysma.FlowController.deleteFlow(java.lang.String)={[/flow/deleteFlow]}, public java.lang.Object com.sys.controller.sysma.FlowController.updateFlow(java.lang.String,java.lang.String,java.lang.String)={[/flow/updateFlow]}, public java.lang.Object com.sys.controller.sysma.FlowController.flowPage(java.lang.String,java.lang.String,java.lang.String)={[/flow/flowPage]}, public java.lang.Object com.sys.controller.sysma.FlowController.addFlow(java.lang.String,java.lang.String,java.lang.String)={[/flow/addFlow]}, public java.lang.String com.sys.controller.sysma.FlowController.toFlowAdd()={[/flow/toAddFlow]}, public java.lang.String com.sys.controller.sysma.FlowController.toFlowMana()={[/flow/toFlowMa]}, public java.lang.String com.sys.controller.sysma.FlowController.toFlowEdit(java.lang.String,java.lang.String,javax.servlet.http.HttpServletRequest) throws java.io.UnsupportedEncodingException={[/flow/toEditFlow]}, public java.lang.Object com.sys.controller.sysma.FlowController.updateFlowBaseInfo()={[/flow/updateFlowBaseInfo]}, public java.lang.Object com.sys.controller.sysma.FlowController.getTasksByFlowKey(java.lang.String)={[/flow/getTaskByFlowKey]}}
  2019-01-28 17:55:31,728 [main] INFO  - Mapped "{[/flow/deleteFlow]}" onto public java.lang.Object com.sys.controller.sysma.FlowController.deleteFlow(java.lang.String)
  2019-01-28 17:55:31,730 [main] INFO  - Mapped "{[/flow/updateFlow]}" onto public java.lang.Object com.sys.controller.sysma.FlowController.updateFlow(java.lang.String,java.lang.String,java.lang.String)
  2019-01-28 17:55:31,731 [main] INFO  - Mapped "{[/flow/flowPage]}" onto public java.lang.Object com.sys.controller.sysma.FlowController.flowPage(java.lang.String,java.lang.String,java.lang.String)
  2019-01-28 17:55:31,732 [main] INFO  - Mapped "{[/flow/addFlow]}" onto public java.lang.Object com.sys.controller.sysma.FlowController.addFlow(java.lang.String,java.lang.String,java.lang.String)
  2019-01-28 17:55:31,732 [main] INFO  - Mapped "{[/flow/toAddFlow]}" onto public java.lang.String com.sys.controller.sysma.FlowController.toFlowAdd()
  2019-01-28 17:55:31,732 [main] INFO  - Mapped "{[/flow/toFlowMa]}" onto public java.lang.String com.sys.controller.sysma.FlowController.toFlowMana()
  2019-01-28 17:55:31,733 [main] INFO  - Mapped "{[/flow/toEditFlow]}" onto public java.lang.String com.sys.controller.sysma.FlowController.toFlowEdit(java.lang.String,java.lang.String,javax.servlet.http.HttpServletRequest) throws java.io.UnsupportedEncodingException
  2019-01-28 17:55:31,733 [main] INFO  - Mapped "{[/flow/updateFlowBaseInfo]}" onto public java.lang.Object com.sys.controller.sysma.FlowController.updateFlowBaseInfo()
  2019-01-28 17:55:31,733 [main] INFO  - Mapped "{[/flow/getTaskByFlowKey]}" onto public java.lang.Object com.sys.controller.sysma.FlowController.getTasksByFlowKey(java.lang.String)
  2019-01-28 17:55:31,735 [main] DEBUG - 7 request handler methods found on class com.sys.controller.sysma.HolidayController: {public java.lang.Object com.sys.controller.sysma.HolidayController.addWeekDay(java.lang.String,java.lang.String,javax.servlet.http.HttpServletRequest) throws java.lang.Exception={[/holiday/addWeekDay],methods=[POST]}, public java.lang.String com.sys.controller.sysma.HolidayController.toHolidayList()={[/holiday/toholidaylist]}, public java.lang.String com.sys.controller.sysma.HolidayController.toAddWeekday()={[/holiday/toAddWeekday]}, public java.lang.Object com.sys.controller.sysma.HolidayController.addHoliday(java.lang.String,java.lang.String,java.lang.String,javax.servlet.http.HttpServletRequest) throws java.lang.Exception={[/holiday/addHoliday],methods=[POST]}, public java.lang.String com.sys.controller.sysma.HolidayController.toAddHoliday()={[/holiday/toAddHoliday]}, public java.lang.Object com.sys.controller.sysma.HolidayController.deleteSetDay(java.lang.String)={[/holiday/deleteSetDay]}, public java.lang.Object com.sys.controller.sysma.HolidayController.findHolidayList(javax.servlet.http.HttpServletRequest)={[/holiday/findHoliday],methods=[POST]}}
  2019-01-28 17:55:31,735 [main] INFO  - Mapped "{[/holiday/addWeekDay],methods=[POST]}" onto public java.lang.Object com.sys.controller.sysma.HolidayController.addWeekDay(java.lang.String,java.lang.String,javax.servlet.http.HttpServletRequest) throws java.lang.Exception
  2019-01-28 17:55:31,736 [main] INFO  - Mapped "{[/holiday/toholidaylist]}" onto public java.lang.String com.sys.controller.sysma.HolidayController.toHolidayList()
  2019-01-28 17:55:31,736 [main] INFO  - Mapped "{[/holiday/toAddWeekday]}" onto public java.lang.String com.sys.controller.sysma.HolidayController.toAddWeekday()
  2019-01-28 17:55:31,736 [main] INFO  - Mapped "{[/holiday/addHoliday],methods=[POST]}" onto public java.lang.Object com.sys.controller.sysma.HolidayController.addHoliday(java.lang.String,java.lang.String,java.lang.String,javax.servlet.http.HttpServletRequest) throws java.lang.Exception
  2019-01-28 17:55:31,737 [main] INFO  - Mapped "{[/holiday/toAddHoliday]}" onto public java.lang.String com.sys.controller.sysma.HolidayController.toAddHoliday()
  2019-01-28 17:55:31,737 [main] INFO  - Mapped "{[/holiday/deleteSetDay]}" onto public java.lang.Object com.sys.controller.sysma.HolidayController.deleteSetDay(java.lang.String)
  2019-01-28 17:55:31,737 [main] INFO  - Mapped "{[/holiday/findHoliday],methods=[POST]}" onto public java.lang.Object com.sys.controller.sysma.HolidayController.findHolidayList(javax.servlet.http.HttpServletRequest)
  2019-01-28 17:55:31,739 [main] DEBUG - 9 request handler methods found on class com.sys.controller.sysma.MenuInfoController: {public java.lang.Object com.sys.controller.sysma.MenuInfoController.findAllMouduleList() throws java.lang.Exception={[/menuInfo/findAllMouduleList]}, public java.lang.String com.sys.controller.sysma.MenuInfoController.toSetRole()={[/menuInfo/setRole]}, public java.lang.Object com.sys.controller.sysma.MenuInfoController.listModuleAll(java.lang.String,java.lang.String,java.lang.String)={[/menuInfo/listModuleAll]}, public java.lang.String com.sys.controller.sysma.MenuInfoController.addMenu()={[/menuInfo/addMenu]}, public java.lang.String com.sys.controller.sysma.MenuInfoController.editMenu()={[/menuInfo/editMenu]}, public java.lang.Object com.sys.controller.sysma.MenuInfoController.saveMenuInfo(com.sys.pojo.MenuInfo,java.lang.String)={[/menuInfo/saveMenuInfo]}, public java.lang.Object com.sys.controller.sysma.MenuInfoController.updateMenuInfo(com.sys.pojo.MenuInfo,java.lang.String,java.lang.String)={[/menuInfo/updateMenuInfo]}, public java.lang.Object com.sys.controller.sysma.MenuInfoController.deleteMenuInfo(java.lang.String)={[/menuInfo/deleteMenuInfo]}, public java.lang.Object com.sys.controller.sysma.MenuInfoController.loadMenu(javax.servlet.http.HttpSession)={[/menuInfo/loadMenu]}}
  2019-01-28 17:55:31,740 [main] INFO  - Mapped "{[/menuInfo/findAllMouduleList]}" onto public java.lang.Object com.sys.controller.sysma.MenuInfoController.findAllMouduleList() throws java.lang.Exception
  2019-01-28 17:55:31,741 [main] INFO  - Mapped "{[/menuInfo/setRole]}" onto public java.lang.String com.sys.controller.sysma.MenuInfoController.toSetRole()
  2019-01-28 17:55:31,741 [main] INFO  - Mapped "{[/menuInfo/listModuleAll]}" onto public java.lang.Object com.sys.controller.sysma.MenuInfoController.listModuleAll(java.lang.String,java.lang.String,java.lang.String)
  2019-01-28 17:55:31,741 [main] INFO  - Mapped "{[/menuInfo/addMenu]}" onto public java.lang.String com.sys.controller.sysma.MenuInfoController.addMenu()
  2019-01-28 17:55:31,742 [main] INFO  - Mapped "{[/menuInfo/editMenu]}" onto public java.lang.String com.sys.controller.sysma.MenuInfoController.editMenu()
  2019-01-28 17:55:31,742 [main] INFO  - Mapped "{[/menuInfo/saveMenuInfo]}" onto public java.lang.Object com.sys.controller.sysma.MenuInfoController.saveMenuInfo(com.sys.pojo.MenuInfo,java.lang.String)
  2019-01-28 17:55:31,742 [main] INFO  - Mapped "{[/menuInfo/updateMenuInfo]}" onto public java.lang.Object com.sys.controller.sysma.MenuInfoController.updateMenuInfo(com.sys.pojo.MenuInfo,java.lang.String,java.lang.String)
  2019-01-28 17:55:31,743 [main] INFO  - Mapped "{[/menuInfo/deleteMenuInfo]}" onto public java.lang.Object com.sys.controller.sysma.MenuInfoController.deleteMenuInfo(java.lang.String)
  2019-01-28 17:55:31,744 [main] INFO  - Mapped "{[/menuInfo/loadMenu]}" onto public java.lang.Object com.sys.controller.sysma.MenuInfoController.loadMenu(javax.servlet.http.HttpSession)
  2019-01-28 17:55:31,744 [main] DEBUG - 2 request handler methods found on class com.sys.controller.sysma.MenuRoleController: {public java.lang.Object com.sys.controller.sysma.MenuRoleController.selectByRoleId(java.lang.String)={[/MenuRole/selectByRoleId]}, public java.lang.Object com.sys.controller.sysma.MenuRoleController.saveMenuRole(java.lang.String,java.lang.String)={[/MenuRole/saveMenuRole]}}
  2019-01-28 17:55:31,745 [main] INFO  - Mapped "{[/MenuRole/selectByRoleId]}" onto public java.lang.Object com.sys.controller.sysma.MenuRoleController.selectByRoleId(java.lang.String)
  2019-01-28 17:55:31,745 [main] INFO  - Mapped "{[/MenuRole/saveMenuRole]}" onto public java.lang.Object com.sys.controller.sysma.MenuRoleController.saveMenuRole(java.lang.String,java.lang.String)
  2019-01-28 17:55:31,747 [main] DEBUG - 6 request handler methods found on class com.sys.controller.sysma.ParmController: {public java.lang.String com.sys.controller.sysma.ParmController.toEditParm()={[/parm/editParm]}, public java.lang.String com.sys.controller.sysma.ParmController.toAddParm()={[/parm/addParm]}, public java.lang.Object com.sys.controller.sysma.ParmController.selectParmByPage(java.lang.String,java.lang.String)={[/parm/selectParmByPage]}, public java.lang.Object com.sys.controller.sysma.ParmController.savaParm(com.sys.pojo.Parm)={[/parm/savaParm]}, public java.lang.Object com.sys.controller.sysma.ParmController.uodateParm(com.sys.pojo.Parm)={[/parm/uodateParm]}, public java.lang.Object com.sys.controller.sysma.ParmController.deletParm(java.lang.String)={[/parm/deletParm]}}
  2019-01-28 17:55:31,747 [main] INFO  - Mapped "{[/parm/editParm]}" onto public java.lang.String com.sys.controller.sysma.ParmController.toEditParm()
  2019-01-28 17:55:31,748 [main] INFO  - Mapped "{[/parm/addParm]}" onto public java.lang.String com.sys.controller.sysma.ParmController.toAddParm()
  2019-01-28 17:55:31,748 [main] INFO  - Mapped "{[/parm/selectParmByPage]}" onto public java.lang.Object com.sys.controller.sysma.ParmController.selectParmByPage(java.lang.String,java.lang.String)
  2019-01-28 17:55:31,749 [main] INFO  - Mapped "{[/parm/savaParm]}" onto public java.lang.Object com.sys.controller.sysma.ParmController.savaParm(com.sys.pojo.Parm)
  2019-01-28 17:55:31,749 [main] INFO  - Mapped "{[/parm/uodateParm]}" onto public java.lang.Object com.sys.controller.sysma.ParmController.uodateParm(com.sys.pojo.Parm)
  2019-01-28 17:55:31,750 [main] INFO  - Mapped "{[/parm/deletParm]}" onto public java.lang.Object com.sys.controller.sysma.ParmController.deletParm(java.lang.String)
  2019-01-28 17:55:31,752 [main] DEBUG - 14 request handler methods found on class com.sys.controller.sysma.ParmItemController: {public java.lang.Object com.sys.controller.sysma.ParmItemController.getOptions(java.lang.String)={[/ParmItem/getOptions]}, public java.lang.Object com.sys.controller.sysma.ParmItemController.selectGxExceptPeiou()={[/ParmItem/selectGxExceptPeiou]}, public java.lang.Object com.sys.controller.sysma.ParmItemController.selectSsqExceptCenter()={[/ParmItem/selectSsqExceptCenter]}, public java.lang.Object com.sys.controller.sysma.ParmItemController.findAllParmImteByChildren(com.sys.pojo.ParmItem)={[/ParmItem/findAllParmImteByChildren]}, public java.lang.Object com.sys.controller.sysma.ParmItemController.findFamylyOnlypozn()={[/ParmItem/findFamylyOnlypozn]}, public java.lang.String com.sys.controller.sysma.ParmItemController.toEditParmImte()={[/ParmItem/toEditParmImte]}, public java.lang.String com.sys.controller.sysma.ParmItemController.toAddParmImte()={[/ParmItem/addParmImte]}, public java.lang.Object com.sys.controller.sysma.ParmItemController.saveParmItem(com.sys.pojo.ParmItem,java.lang.String,java.lang.String)={[/ParmItem/saveParmItem]}, public java.lang.Object com.sys.controller.sysma.ParmItemController.updateParmItem(com.sys.pojo.ParmItem,java.lang.String,java.lang.String)={[/ParmItem/updateParmItem]}, public java.lang.Object com.sys.controller.sysma.ParmItemController.deletePamItem(java.lang.String,java.lang.String)={[/ParmItem/deletePamItem]}, public java.lang.Object com.sys.controller.sysma.ParmItemController.xzqOrder()={[/ParmItem/xzqOrder]}, public java.lang.Object com.sys.controller.sysma.ParmItemController.findAllQu()={[/ParmItem/findAllQu]}, public java.lang.Object com.sys.controller.sysma.ParmItemController.selectByPage(java.lang.String,java.lang.String,java.lang.String)={[/ParmItem/selectByPage]}, public java.lang.Object com.sys.controller.sysma.ParmItemController.findAllJd(java.lang.String)={[/ParmItem/findAllJd]}}
  2019-01-28 17:55:31,753 [main] INFO  - Mapped "{[/ParmItem/getOptions]}" onto public java.lang.Object com.sys.controller.sysma.ParmItemController.getOptions(java.lang.String)
  2019-01-28 17:55:31,753 [main] INFO  - Mapped "{[/ParmItem/selectGxExceptPeiou]}" onto public java.lang.Object com.sys.controller.sysma.ParmItemController.selectGxExceptPeiou()
  2019-01-28 17:55:31,754 [main] INFO  - Mapped "{[/ParmItem/selectSsqExceptCenter]}" onto public java.lang.Object com.sys.controller.sysma.ParmItemController.selectSsqExceptCenter()
  2019-01-28 17:55:31,754 [main] INFO  - Mapped "{[/ParmItem/findAllParmImteByChildren]}" onto public java.lang.Object com.sys.controller.sysma.ParmItemController.findAllParmImteByChildren(com.sys.pojo.ParmItem)
  2019-01-28 17:55:31,754 [main] INFO  - Mapped "{[/ParmItem/findFamylyOnlypozn]}" onto public java.lang.Object com.sys.controller.sysma.ParmItemController.findFamylyOnlypozn()
  2019-01-28 17:55:31,755 [main] INFO  - Mapped "{[/ParmItem/toEditParmImte]}" onto public java.lang.String com.sys.controller.sysma.ParmItemController.toEditParmImte()
  2019-01-28 17:55:31,755 [main] INFO  - Mapped "{[/ParmItem/addParmImte]}" onto public java.lang.String com.sys.controller.sysma.ParmItemController.toAddParmImte()
  2019-01-28 17:55:31,755 [main] INFO  - Mapped "{[/ParmItem/saveParmItem]}" onto public java.lang.Object com.sys.controller.sysma.ParmItemController.saveParmItem(com.sys.pojo.ParmItem,java.lang.String,java.lang.String)
  2019-01-28 17:55:31,756 [main] INFO  - Mapped "{[/ParmItem/updateParmItem]}" onto public java.lang.Object com.sys.controller.sysma.ParmItemController.updateParmItem(com.sys.pojo.ParmItem,java.lang.String,java.lang.String)
  2019-01-28 17:55:31,756 [main] INFO  - Mapped "{[/ParmItem/deletePamItem]}" onto public java.lang.Object com.sys.controller.sysma.ParmItemController.deletePamItem(java.lang.String,java.lang.String)
  2019-01-28 17:55:31,756 [main] INFO  - Mapped "{[/ParmItem/xzqOrder]}" onto public java.lang.Object com.sys.controller.sysma.ParmItemController.xzqOrder()
  2019-01-28 17:55:31,757 [main] INFO  - Mapped "{[/ParmItem/findAllQu]}" onto public java.lang.Object com.sys.controller.sysma.ParmItemController.findAllQu()
  2019-01-28 17:55:31,758 [main] INFO  - Mapped "{[/ParmItem/selectByPage]}" onto public java.lang.Object com.sys.controller.sysma.ParmItemController.selectByPage(java.lang.String,java.lang.String,java.lang.String)
  2019-01-28 17:55:31,758 [main] INFO  - Mapped "{[/ParmItem/findAllJd]}" onto public java.lang.Object com.sys.controller.sysma.ParmItemController.findAllJd(java.lang.String)
  2019-01-28 17:55:31,759 [main] DEBUG - 6 request handler methods found on class com.sys.controller.sysma.QxInfoController: {public java.lang.String com.sys.controller.sysma.QxInfoController.toauthoradd()={[/qxInfo/toauthoradd]}, public java.lang.Object com.sys.controller.sysma.QxInfoController.insertQxInfo(com.sys.pojo.QxInfo)={[/qxInfo/insertQxInfo]}, public java.lang.String com.sys.controller.sysma.QxInfoController.toauthoraedit()={[/qxInfo/toauthoraedit]}, public java.lang.Object com.sys.controller.sysma.QxInfoController.updateQxInfo(com.sys.pojo.QxInfo)={[/qxInfo/updateQxInfo]}, public java.lang.Object com.sys.controller.sysma.QxInfoController.deleteQxInfo(java.lang.String)={[/qxInfo/deleteQxInfo]}, public java.lang.Object com.sys.controller.sysma.QxInfoController.findAllQxInfo(java.lang.String,java.lang.String,java.lang.String)={[/qxInfo/findAllQxInfo]}}
  2019-01-28 17:55:31,760 [main] INFO  - Mapped "{[/qxInfo/toauthoradd]}" onto public java.lang.String com.sys.controller.sysma.QxInfoController.toauthoradd()
  2019-01-28 17:55:31,760 [main] INFO  - Mapped "{[/qxInfo/insertQxInfo]}" onto public java.lang.Object com.sys.controller.sysma.QxInfoController.insertQxInfo(com.sys.pojo.QxInfo)
  2019-01-28 17:55:31,761 [main] INFO  - Mapped "{[/qxInfo/toauthoraedit]}" onto public java.lang.String com.sys.controller.sysma.QxInfoController.toauthoraedit()
  2019-01-28 17:55:31,761 [main] INFO  - Mapped "{[/qxInfo/updateQxInfo]}" onto public java.lang.Object com.sys.controller.sysma.QxInfoController.updateQxInfo(com.sys.pojo.QxInfo)
  2019-01-28 17:55:31,761 [main] INFO  - Mapped "{[/qxInfo/deleteQxInfo]}" onto public java.lang.Object com.sys.controller.sysma.QxInfoController.deleteQxInfo(java.lang.String)
  2019-01-28 17:55:31,762 [main] INFO  - Mapped "{[/qxInfo/findAllQxInfo]}" onto public java.lang.Object com.sys.controller.sysma.QxInfoController.findAllQxInfo(java.lang.String,java.lang.String,java.lang.String)
  2019-01-28 17:55:31,763 [main] DEBUG - 7 request handler methods found on class com.sys.controller.sysma.RoleInfoController: {public java.lang.String com.sys.controller.sysma.RoleInfoController.toSetRole()={[/roleInfo/setRole]}, public java.lang.String com.sys.controller.sysma.RoleInfoController.toAddRole()={[/roleInfo/addRole]}, public java.lang.String com.sys.controller.sysma.RoleInfoController.toEditRole()={[/roleInfo/editRole]}, public java.lang.Object com.sys.controller.sysma.RoleInfoController.selectRoleInfo(java.lang.String,java.lang.String,java.lang.String)={[/roleInfo/selectRoleInfo]}, public java.lang.Object com.sys.controller.sysma.RoleInfoController.saveRoleInfo(com.sys.pojo.RoleInfo)={[/roleInfo/saveRoleInfo]}, public java.lang.Object com.sys.controller.sysma.RoleInfoController.updateRoleInfo(com.sys.pojo.RoleInfo)={[/roleInfo/updateRoleInfo]}, public java.lang.Object com.sys.controller.sysma.RoleInfoController.deleteRoleInfo(java.lang.String)={[/roleInfo/deleteRoleInfo]}}
  2019-01-28 17:55:31,764 [main] INFO  - Mapped "{[/roleInfo/setRole]}" onto public java.lang.String com.sys.controller.sysma.RoleInfoController.toSetRole()
  2019-01-28 17:55:31,764 [main] INFO  - Mapped "{[/roleInfo/addRole]}" onto public java.lang.String com.sys.controller.sysma.RoleInfoController.toAddRole()
  2019-01-28 17:55:31,765 [main] INFO  - Mapped "{[/roleInfo/editRole]}" onto public java.lang.String com.sys.controller.sysma.RoleInfoController.toEditRole()
  2019-01-28 17:55:31,765 [main] INFO  - Mapped "{[/roleInfo/selectRoleInfo]}" onto public java.lang.Object com.sys.controller.sysma.RoleInfoController.selectRoleInfo(java.lang.String,java.lang.String,java.lang.String)
  2019-01-28 17:55:31,765 [main] INFO  - Mapped "{[/roleInfo/saveRoleInfo]}" onto public java.lang.Object com.sys.controller.sysma.RoleInfoController.saveRoleInfo(com.sys.pojo.RoleInfo)
  2019-01-28 17:55:31,766 [main] INFO  - Mapped "{[/roleInfo/updateRoleInfo]}" onto public java.lang.Object com.sys.controller.sysma.RoleInfoController.updateRoleInfo(com.sys.pojo.RoleInfo)
  2019-01-28 17:55:31,766 [main] INFO  - Mapped "{[/roleInfo/deleteRoleInfo]}" onto public java.lang.Object com.sys.controller.sysma.RoleInfoController.deleteRoleInfo(java.lang.String)
  2019-01-28 17:55:31,768 [main] DEBUG - 10 request handler methods found on class com.sys.controller.sysma.UserInfoController: {public java.lang.Object com.sys.controller.sysma.UserInfoController.update(com.sys.pojo.UserInfo)={[/UserInfo/update]}, public java.lang.Object com.sys.controller.sysma.UserInfoController.delete(java.lang.String)={[/UserInfo/delete]}, public java.lang.Object com.sys.controller.sysma.UserInfoController.insert(com.sys.pojo.UserInfo)={[/UserInfo/insert]}, public java.lang.String com.sys.controller.sysma.UserInfoController.toBangRole()={[/UserInfo/toBangRole]}, public java.lang.Object com.sys.controller.sysma.UserInfoController.updatePerPass(java.lang.String,java.lang.String,java.lang.String,javax.servlet.http.HttpServletRequest) throws java.lang.Exception={[/UserInfo/updatePerPass],methods=[POST]}, public java.lang.String com.sys.controller.sysma.UserInfoController.touseredit()={[/UserInfo/touseredit]}, public java.lang.String com.sys.controller.sysma.UserInfoController.touseradd()={[/UserInfo/touseradd]}, public java.lang.Object com.sys.controller.sysma.UserInfoController.findUserByRoleId(java.lang.String)={[/UserInfo/findUserByRoleId]}, public java.lang.Object com.sys.controller.sysma.UserInfoController.findAllUserInfo(java.lang.String,java.lang.String,java.lang.String,java.lang.String,java.lang.String,java.lang.String,java.lang.String,java.lang.String)={[/UserInfo/findAllUserInfo]}, public java.lang.Object com.sys.controller.sysma.UserInfoController.updateUserInfoByCsh(com.sys.pojo.UserInfo)={[/UserInfo/updateUserInfoByCsh]}}
  2019-01-28 17:55:31,769 [main] INFO  - Mapped "{[/UserInfo/update]}" onto public java.lang.Object com.sys.controller.sysma.UserInfoController.update(com.sys.pojo.UserInfo)
  2019-01-28 17:55:31,769 [main] INFO  - Mapped "{[/UserInfo/delete]}" onto public java.lang.Object com.sys.controller.sysma.UserInfoController.delete(java.lang.String)
  2019-01-28 17:55:31,769 [main] INFO  - Mapped "{[/UserInfo/insert]}" onto public java.lang.Object com.sys.controller.sysma.UserInfoController.insert(com.sys.pojo.UserInfo)
  2019-01-28 17:55:31,770 [main] INFO  - Mapped "{[/UserInfo/toBangRole]}" onto public java.lang.String com.sys.controller.sysma.UserInfoController.toBangRole()
  2019-01-28 17:55:31,770 [main] INFO  - Mapped "{[/UserInfo/updatePerPass],methods=[POST]}" onto public java.lang.Object com.sys.controller.sysma.UserInfoController.updatePerPass(java.lang.String,java.lang.String,java.lang.String,javax.servlet.http.HttpServletRequest) throws java.lang.Exception
  2019-01-28 17:55:31,770 [main] INFO  - Mapped "{[/UserInfo/touseredit]}" onto public java.lang.String com.sys.controller.sysma.UserInfoController.touseredit()
  2019-01-28 17:55:31,771 [main] INFO  - Mapped "{[/UserInfo/touseradd]}" onto public java.lang.String com.sys.controller.sysma.UserInfoController.touseradd()
  2019-01-28 17:55:31,771 [main] INFO  - Mapped "{[/UserInfo/findUserByRoleId]}" onto public java.lang.Object com.sys.controller.sysma.UserInfoController.findUserByRoleId(java.lang.String)
  2019-01-28 17:55:31,771 [main] INFO  - Mapped "{[/UserInfo/findAllUserInfo]}" onto public java.lang.Object com.sys.controller.sysma.UserInfoController.findAllUserInfo(java.lang.String,java.lang.String,java.lang.String,java.lang.String,java.lang.String,java.lang.String,java.lang.String,java.lang.String)
  2019-01-28 17:55:31,772 [main] INFO  - Mapped "{[/UserInfo/updateUserInfoByCsh]}" onto public java.lang.Object com.sys.controller.sysma.UserInfoController.updateUserInfoByCsh(com.sys.pojo.UserInfo)
  2019-01-28 17:55:31,773 [main] DEBUG - 3 request handler methods found on class com.sys.controller.sysma.UserRoleInfoController: {public java.lang.Object com.sys.controller.sysma.UserRoleInfoController.findRoleByUid(java.lang.String)={[/UserRoleInfo/findRoleByUid]}, public java.lang.Object com.sys.controller.sysma.UserRoleInfoController.savaUserRoleInfo(java.lang.String,java.lang.String)={[/UserRoleInfo/savaUserRoleInfo]}, public java.lang.Object com.sys.controller.sysma.UserRoleInfoController.savaUserRoleInfoByUid(java.lang.String,java.lang.String)={[/UserRoleInfo/savaUserRoleInfoByUid]}}
  2019-01-28 17:55:31,773 [main] INFO  - Mapped "{[/UserRoleInfo/findRoleByUid]}" onto public java.lang.Object com.sys.controller.sysma.UserRoleInfoController.findRoleByUid(java.lang.String)
  2019-01-28 17:55:31,773 [main] INFO  - Mapped "{[/UserRoleInfo/savaUserRoleInfo]}" onto public java.lang.Object com.sys.controller.sysma.UserRoleInfoController.savaUserRoleInfo(java.lang.String,java.lang.String)
  2019-01-28 17:55:31,774 [main] INFO  - Mapped "{[/UserRoleInfo/savaUserRoleInfoByUid]}" onto public java.lang.Object com.sys.controller.sysma.UserRoleInfoController.savaUserRoleInfoByUid(java.lang.String,java.lang.String)
  2019-01-28 17:55:31,777 [main] DEBUG - 20 request handler methods found on class com.sys.controller.task.TaskController: {public org.springframework.web.servlet.ModelAndView com.sys.controller.task.TaskController.toAuditProcess(javax.servlet.http.HttpServletRequest)={[/task/toAuditProcess]}, public org.springframework.web.servlet.ModelAndView com.sys.controller.task.TaskController.rejectApplyCount(javax.servlet.http.HttpServletRequest)={[/task/rejectApplyCount]}, public org.springframework.web.servlet.ModelAndView com.sys.controller.task.TaskController.toApproveOpinion(javax.servlet.http.HttpServletRequest)={[/task/toApproveOpinion]}, public org.springframework.web.servlet.ModelAndView com.sys.controller.task.TaskController.toApprove(javax.servlet.http.HttpServletRequest)={[/task/toApprove]}, public org.springframework.web.servlet.ModelAndView com.sys.controller.task.TaskController.toApplyUpdate(javax.servlet.http.HttpServletRequest)={[/task/toApplyUpdate]}, public org.springframework.web.servlet.ModelAndView com.sys.controller.task.TaskController.toProcessSearch(javax.servlet.http.HttpServletRequest)={[/task/toApproveProcess]}, public org.springframework.web.servlet.ModelAndView com.sys.controller.task.TaskController.toApplyForHtLook(javax.servlet.http.HttpServletRequest)={[/task/toApplyForHtLook]}, public org.springframework.web.servlet.ModelAndView com.sys.controller.task.TaskController.toPerApprove(javax.servlet.http.HttpServletRequest)={[/task/toPerApprove]}, public java.lang.Object com.sys.controller.task.TaskController.getPerApprove(javax.servlet.http.HttpServletRequest)={[/task/getPerApprove]}, public org.springframework.web.servlet.ModelAndView com.sys.controller.task.TaskController.auditApplyCount(javax.servlet.http.HttpServletRequest)={[/task/auditApplyCount]}, public java.lang.Object com.sys.controller.task.TaskController.listPerHisTask(javax.servlet.http.HttpServletRequest)={[/task/listPerHisTask]}, public java.lang.Object com.sys.controller.task.TaskController.approveTask(javax.servlet.http.HttpServletRequest) throws org.quartz.SchedulerException={[/task/approveTask]}, public java.lang.Object com.sys.controller.task.TaskController.getHisProcess(java.lang.String)={[/task/getHisProcess]}, public void com.sys.controller.task.TaskController.downloadsEntity(javax.servlet.http.HttpServletRequest,javax.servlet.http.HttpServletResponse) throws java.lang.Exception={[/task/downloadDsh]}, public java.lang.Object com.sys.controller.task.TaskController.getRejectApplyCount(javax.servlet.http.HttpServletRequest)={[/task/getRejectApplyCount]}, public java.lang.Object com.sys.controller.task.TaskController.getAuditApplyCount(javax.servlet.http.HttpServletRequest)={[/task/getAuditApplyCount]}, public java.lang.Object com.sys.controller.task.TaskController.listPerToHandleTask(javax.servlet.http.HttpServletRequest)={[/task/listPerToHandleTask]}, public java.lang.Object com.sys.controller.task.TaskController.findProcessTaskAndComment(javax.servlet.http.HttpServletRequest)={[/task/listComment]}, public java.lang.Object com.sys.controller.task.TaskController.findProcessTaskAndCommentCX(javax.servlet.http.HttpServletRequest)={[/task/listCommentCX]}, public java.lang.Object com.sys.controller.task.TaskController.getApproveProcess(java.lang.String)={[/task/getApproveProcess]}}
  2019-01-28 17:55:31,778 [main] INFO  - Mapped "{[/task/toAuditProcess]}" onto public org.springframework.web.servlet.ModelAndView com.sys.controller.task.TaskController.toAuditProcess(javax.servlet.http.HttpServletRequest)
  2019-01-28 17:55:31,778 [main] INFO  - Mapped "{[/task/rejectApplyCount]}" onto public org.springframework.web.servlet.ModelAndView com.sys.controller.task.TaskController.rejectApplyCount(javax.servlet.http.HttpServletRequest)
  2019-01-28 17:55:31,779 [main] INFO  - Mapped "{[/task/toApproveOpinion]}" onto public org.springframework.web.servlet.ModelAndView com.sys.controller.task.TaskController.toApproveOpinion(javax.servlet.http.HttpServletRequest)
  2019-01-28 17:55:31,779 [main] INFO  - Mapped "{[/task/toApprove]}" onto public org.springframework.web.servlet.ModelAndView com.sys.controller.task.TaskController.toApprove(javax.servlet.http.HttpServletRequest)
  2019-01-28 17:55:31,779 [main] INFO  - Mapped "{[/task/toApplyUpdate]}" onto public org.springframework.web.servlet.ModelAndView com.sys.controller.task.TaskController.toApplyUpdate(javax.servlet.http.HttpServletRequest)
  2019-01-28 17:55:31,780 [main] INFO  - Mapped "{[/task/toApproveProcess]}" onto public org.springframework.web.servlet.ModelAndView com.sys.controller.task.TaskController.toProcessSearch(javax.servlet.http.HttpServletRequest)
  2019-01-28 17:55:31,780 [main] INFO  - Mapped "{[/task/toApplyForHtLook]}" onto public org.springframework.web.servlet.ModelAndView com.sys.controller.task.TaskController.toApplyForHtLook(javax.servlet.http.HttpServletRequest)
  2019-01-28 17:55:31,780 [main] INFO  - Mapped "{[/task/toPerApprove]}" onto public org.springframework.web.servlet.ModelAndView com.sys.controller.task.TaskController.toPerApprove(javax.servlet.http.HttpServletRequest)
  2019-01-28 17:55:31,781 [main] INFO  - Mapped "{[/task/getPerApprove]}" onto public java.lang.Object com.sys.controller.task.TaskController.getPerApprove(javax.servlet.http.HttpServletRequest)
  2019-01-28 17:55:31,781 [main] INFO  - Mapped "{[/task/auditApplyCount]}" onto public org.springframework.web.servlet.ModelAndView com.sys.controller.task.TaskController.auditApplyCount(javax.servlet.http.HttpServletRequest)
  2019-01-28 17:55:31,782 [main] INFO  - Mapped "{[/task/listPerHisTask]}" onto public java.lang.Object com.sys.controller.task.TaskController.listPerHisTask(javax.servlet.http.HttpServletRequest)
  2019-01-28 17:55:31,782 [main] INFO  - Mapped "{[/task/approveTask]}" onto public java.lang.Object com.sys.controller.task.TaskController.approveTask(javax.servlet.http.HttpServletRequest) throws org.quartz.SchedulerException
  2019-01-28 17:55:31,782 [main] INFO  - Mapped "{[/task/getHisProcess]}" onto public java.lang.Object com.sys.controller.task.TaskController.getHisProcess(java.lang.String)
  2019-01-28 17:55:31,783 [main] INFO  - Mapped "{[/task/downloadDsh]}" onto public void com.sys.controller.task.TaskController.downloadsEntity(javax.servlet.http.HttpServletRequest,javax.servlet.http.HttpServletResponse) throws java.lang.Exception
  2019-01-28 17:55:31,783 [main] INFO  - Mapped "{[/task/getRejectApplyCount]}" onto public java.lang.Object com.sys.controller.task.TaskController.getRejectApplyCount(javax.servlet.http.HttpServletRequest)
  2019-01-28 17:55:31,784 [main] INFO  - Mapped "{[/task/getAuditApplyCount]}" onto public java.lang.Object com.sys.controller.task.TaskController.getAuditApplyCount(javax.servlet.http.HttpServletRequest)
  2019-01-28 17:55:31,784 [main] INFO  - Mapped "{[/task/listPerToHandleTask]}" onto public java.lang.Object com.sys.controller.task.TaskController.listPerToHandleTask(javax.servlet.http.HttpServletRequest)
  2019-01-28 17:55:31,784 [main] INFO  - Mapped "{[/task/listComment]}" onto public java.lang.Object com.sys.controller.task.TaskController.findProcessTaskAndComment(javax.servlet.http.HttpServletRequest)
  2019-01-28 17:55:31,785 [main] INFO  - Mapped "{[/task/listCommentCX]}" onto public java.lang.Object com.sys.controller.task.TaskController.findProcessTaskAndCommentCX(javax.servlet.http.HttpServletRequest)
  2019-01-28 17:55:31,785 [main] INFO  - Mapped "{[/task/getApproveProcess]}" onto public java.lang.Object com.sys.controller.task.TaskController.getApproveProcess(java.lang.String)
  2019-01-28 17:55:31,786 [main] DEBUG - 6 request handler methods found on class com.sys.controller.task.TaskNsController: {public java.lang.Object com.sys.controller.task.TaskNsController.listPerHisTask(javax.servlet.http.HttpServletRequest)={[/nstask/listPerNsHisTask]}, public java.lang.String com.sys.controller.task.TaskNsController.toInformNs()={[/nstask/toinformNs]}, public java.lang.String com.sys.controller.task.TaskNsController.informNsNew()={[/nstask/informNsNew]}, public java.lang.String com.sys.controller.task.TaskNsController.toMesInform()={[/nstask/toMesInform]}, public java.lang.Object com.sys.controller.task.TaskNsController.getInformList(javax.servlet.http.HttpServletRequest)={[/nstask/listInform]}, public java.lang.Object com.sys.controller.task.TaskNsController.listPerToHandleTask(javax.servlet.http.HttpServletRequest)={[/nstask/listPerToHandleNsTask]}}
  2019-01-28 17:55:31,787 [main] INFO  - Mapped "{[/nstask/listPerNsHisTask]}" onto public java.lang.Object com.sys.controller.task.TaskNsController.listPerHisTask(javax.servlet.http.HttpServletRequest)
  2019-01-28 17:55:31,787 [main] INFO  - Mapped "{[/nstask/toinformNs]}" onto public java.lang.String com.sys.controller.task.TaskNsController.toInformNs()
  2019-01-28 17:55:31,787 [main] INFO  - Mapped "{[/nstask/informNsNew]}" onto public java.lang.String com.sys.controller.task.TaskNsController.informNsNew()
  2019-01-28 17:55:31,788 [main] INFO  - Mapped "{[/nstask/toMesInform]}" onto public java.lang.String com.sys.controller.task.TaskNsController.toMesInform()
  2019-01-28 17:55:31,788 [main] INFO  - Mapped "{[/nstask/listInform]}" onto public java.lang.Object com.sys.controller.task.TaskNsController.getInformList(javax.servlet.http.HttpServletRequest)
  2019-01-28 17:55:31,788 [main] INFO  - Mapped "{[/nstask/listPerToHandleNsTask]}" onto public java.lang.Object com.sys.controller.task.TaskNsController.listPerToHandleTask(javax.servlet.http.HttpServletRequest)
  2019-01-28 17:55:31,789 [main] DEBUG - 1 request handler methods found on class com.sys.controller.TestController: {public java.lang.String com.sys.controller.TestController.toTest()={[/test/totest]}}
  2019-01-28 17:55:31,789 [main] INFO  - Mapped "{[/test/totest]}" onto public java.lang.String com.sys.controller.TestController.toTest()
  2019-01-28 17:55:31,790 [main] DEBUG - 1 request handler methods found on class com.sys.controller.ueditor.UploadController: {public void com.sys.controller.ueditor.UploadController.upload(org.springframework.web.multipart.MultipartFile,javax.servlet.http.HttpServletRequest,javax.servlet.http.HttpServletResponse) throws java.lang.Exception={[/umeditor/upload],methods=[POST]}}
  2019-01-28 17:55:31,790 [main] INFO  - Mapped "{[/umeditor/upload],methods=[POST]}" onto public void com.sys.controller.ueditor.UploadController.upload(org.springframework.web.multipart.MultipartFile,javax.servlet.http.HttpServletRequest,javax.servlet.http.HttpServletResponse) throws java.lang.Exception
  2019-01-28 17:55:31,791 [main] DEBUG - 3 request handler methods found on class com.sys.controller.VolelearcController: {public java.lang.String com.sys.controller.VolelearcController.addUpload(javax.servlet.http.HttpServletRequest) throws java.lang.IllegalStateException,java.io.IOException={[/volel/uoloadVolel]}, public java.lang.Object com.sys.controller.VolelearcController.deleteDetail(java.lang.String)={[/volel/deleteDetail]}, public java.lang.String com.sys.controller.VolelearcController.addUploadByOne(javax.servlet.http.HttpServletRequest,javax.servlet.http.HttpServletResponse) throws java.lang.IllegalStateException,java.io.IOException={[/volel/uoloadVolelByOne]}}
  2019-01-28 17:55:31,792 [main] INFO  - Mapped "{[/volel/uoloadVolel]}" onto public java.lang.String com.sys.controller.VolelearcController.addUpload(javax.servlet.http.HttpServletRequest) throws java.lang.IllegalStateException,java.io.IOException
  2019-01-28 17:55:31,792 [main] INFO  - Mapped "{[/volel/deleteDetail]}" onto public java.lang.Object com.sys.controller.VolelearcController.deleteDetail(java.lang.String)
  2019-01-28 17:55:31,792 [main] INFO  - Mapped "{[/volel/uoloadVolelByOne]}" onto public java.lang.String com.sys.controller.VolelearcController.addUploadByOne(javax.servlet.http.HttpServletRequest,javax.servlet.http.HttpServletResponse) throws java.lang.IllegalStateException,java.io.IOException
  2019-01-28 17:55:31,793 [main] DEBUG - Returning cached instance of singleton bean 'org.springframework.aop.support.DefaultBeanFactoryPointcutAdvisor#0'
  2019-01-28 17:55:31,793 [main] DEBUG - Returning cached instance of singleton bean 'org.springframework.cache.config.internalCacheAdvisor'
  2019-01-28 17:55:31,793 [main] DEBUG - Returning cached instance of singleton bean 'org.springframework.aop.support.DefaultBeanFactoryPointcutAdvisor#0'
  2019-01-28 17:55:31,793 [main] DEBUG - Returning cached instance of singleton bean 'org.springframework.cache.config.internalCacheAdvisor'
  2019-01-28 17:55:31,801 [main] DEBUG - Finished creating instance of bean 'org.springframework.web.servlet.mvc.method.annotation.RequestMappingHandlerMapping'
  2019-01-28 17:55:31,802 [main] DEBUG - Returning cached instance of singleton bean 'mvcCorsConfigurations'
  2019-01-28 17:55:31,802 [main] DEBUG - Returning cached instance of singleton bean 'org.springframework.format.support.FormattingConversionServiceFactoryBean#0'
  2019-01-28 17:55:31,802 [main] DEBUG - Creating shared instance of singleton bean 'org.springframework.web.servlet.mvc.method.annotation.RequestMappingHandlerAdapter'
  2019-01-28 17:55:31,802 [main] DEBUG - Creating instance of bean 'org.springframework.web.servlet.mvc.method.annotation.RequestMappingHandlerAdapter'
  2019-01-28 17:55:31,802 [main] DEBUG - Returning cached instance of singleton bean 'org.springframework.aop.support.DefaultBeanFactoryPointcutAdvisor#0'
  2019-01-28 17:55:31,803 [main] DEBUG - Returning cached instance of singleton bean 'org.springframework.cache.config.internalCacheAdvisor'
  2019-01-28 17:55:31,808 [main] DEBUG - Eagerly caching bean 'org.springframework.web.servlet.mvc.method.annotation.RequestMappingHandlerAdapter' to allow for resolving potential circular references
  2019-01-28 17:55:31,815 [main] DEBUG - Returning cached instance of singleton bean 'mvcContentNegotiationManager'
  2019-01-28 17:55:31,816 [main] DEBUG - Creating instance of bean '(inner bean)#46612bfc'
  2019-01-28 17:55:31,816 [main] DEBUG - Returning cached instance of singleton bean 'org.springframework.aop.support.DefaultBeanFactoryPointcutAdvisor#0'
  2019-01-28 17:55:31,817 [main] DEBUG - Returning cached instance of singleton bean 'org.springframework.cache.config.internalCacheAdvisor'
  2019-01-28 17:55:31,818 [main] DEBUG - Returning cached instance of singleton bean 'org.springframework.format.support.FormattingConversionServiceFactoryBean#1'
  2019-01-28 17:55:31,819 [main] DEBUG - Returning cached instance of singleton bean 'org.springframework.aop.support.DefaultBeanFactoryPointcutAdvisor#0'
  2019-01-28 17:55:31,819 [main] DEBUG - Returning cached instance of singleton bean 'org.springframework.cache.config.internalCacheAdvisor'
  2019-01-28 17:55:31,819 [main] DEBUG - Returning cached instance of singleton bean 'org.springframework.aop.support.DefaultBeanFactoryPointcutAdvisor#0'
  2019-01-28 17:55:31,820 [main] DEBUG - Returning cached instance of singleton bean 'org.springframework.cache.config.internalCacheAdvisor'
  2019-01-28 17:55:31,821 [main] DEBUG - Finished creating instance of bean '(inner bean)#46612bfc'
  2019-01-28 17:55:31,821 [main] DEBUG - Creating shared instance of singleton bean 'stringHttpMessageConverter'
  2019-01-28 17:55:31,822 [main] DEBUG - Creating instance of bean 'stringHttpMessageConverter'
  2019-01-28 17:55:31,822 [main] DEBUG - Returning cached instance of singleton bean 'org.springframework.aop.support.DefaultBeanFactoryPointcutAdvisor#0'
  2019-01-28 17:55:31,822 [main] DEBUG - Returning cached instance of singleton bean 'org.springframework.cache.config.internalCacheAdvisor'
  2019-01-28 17:55:31,825 [main] DEBUG - Eagerly caching bean 'stringHttpMessageConverter' to allow for resolving potential circular references
  2019-01-28 17:55:31,827 [main] DEBUG - Returning cached instance of singleton bean 'org.springframework.aop.support.DefaultBeanFactoryPointcutAdvisor#0'
  2019-01-28 17:55:31,828 [main] DEBUG - Returning cached instance of singleton bean 'org.springframework.cache.config.internalCacheAdvisor'
  2019-01-28 17:55:31,828 [main] DEBUG - Returning cached instance of singleton bean 'org.springframework.aop.support.DefaultBeanFactoryPointcutAdvisor#0'
  2019-01-28 17:55:31,828 [main] DEBUG - Returning cached instance of singleton bean 'org.springframework.cache.config.internalCacheAdvisor'
  2019-01-28 17:55:31,832 [main] DEBUG - Finished creating instance of bean 'stringHttpMessageConverter'
  2019-01-28 17:55:31,832 [main] DEBUG - Creating instance of bean 'org.springframework.http.converter.json.MappingJackson2HttpMessageConverter#0'
  2019-01-28 17:55:31,833 [main] DEBUG - Returning cached instance of singleton bean 'org.springframework.aop.support.DefaultBeanFactoryPointcutAdvisor#0'
  2019-01-28 17:55:31,833 [main] DEBUG - Returning cached instance of singleton bean 'org.springframework.cache.config.internalCacheAdvisor'
  2019-01-28 17:55:31,840 [main] DEBUG - Creating instance of bean 'com.sys.common.dataconver.CustomObjectMapper#79d7035'
  2019-01-28 17:55:31,841 [main] DEBUG - Returning cached instance of singleton bean 'org.springframework.aop.support.DefaultBeanFactoryPointcutAdvisor#0'
  2019-01-28 17:55:31,841 [main] DEBUG - Returning cached instance of singleton bean 'org.springframework.cache.config.internalCacheAdvisor'
  2019-01-28 17:55:31,846 [main] DEBUG - Creating instance of bean 'java.text.SimpleDateFormat#457a5b2d'
  2019-01-28 17:55:31,847 [main] DEBUG - Returning cached instance of singleton bean 'org.springframework.aop.support.DefaultBeanFactoryPointcutAdvisor#0'
  2019-01-28 17:55:31,847 [main] DEBUG - Returning cached instance of singleton bean 'org.springframework.cache.config.internalCacheAdvisor'
  2019-01-28 17:55:31,851 [main] DEBUG - Returning cached instance of singleton bean 'org.springframework.aop.support.DefaultBeanFactoryPointcutAdvisor#0'
  2019-01-28 17:55:31,852 [main] DEBUG - Returning cached instance of singleton bean 'org.springframework.cache.config.internalCacheAdvisor'
  2019-01-28 17:55:31,852 [main] DEBUG - Returning cached instance of singleton bean 'org.springframework.aop.support.DefaultBeanFactoryPointcutAdvisor#0'
  2019-01-28 17:55:31,853 [main] DEBUG - Returning cached instance of singleton bean 'org.springframework.cache.config.internalCacheAdvisor'
  2019-01-28 17:55:31,857 [main] DEBUG - Finished creating instance of bean 'java.text.SimpleDateFormat#457a5b2d'
  2019-01-28 17:55:31,857 [main] DEBUG - Returning cached instance of singleton bean 'org.springframework.aop.support.DefaultBeanFactoryPointcutAdvisor#0'
  2019-01-28 17:55:31,858 [main] DEBUG - Returning cached instance of singleton bean 'org.springframework.cache.config.internalCacheAdvisor'
  2019-01-28 17:55:31,858 [main] DEBUG - Returning cached instance of singleton bean 'org.springframework.aop.support.DefaultBeanFactoryPointcutAdvisor#0'
  2019-01-28 17:55:31,858 [main] DEBUG - Returning cached instance of singleton bean 'org.springframework.cache.config.internalCacheAdvisor'
  2019-01-28 17:55:31,869 [main] DEBUG - Finished creating instance of bean 'com.sys.common.dataconver.CustomObjectMapper#79d7035'
  2019-01-28 17:55:31,870 [main] DEBUG - Returning cached instance of singleton bean 'org.springframework.aop.support.DefaultBeanFactoryPointcutAdvisor#0'
  2019-01-28 17:55:31,870 [main] DEBUG - Returning cached instance of singleton bean 'org.springframework.cache.config.internalCacheAdvisor'
  2019-01-28 17:55:31,870 [main] DEBUG - Returning cached instance of singleton bean 'org.springframework.aop.support.DefaultBeanFactoryPointcutAdvisor#0'
  2019-01-28 17:55:31,871 [main] DEBUG - Returning cached instance of singleton bean 'org.springframework.cache.config.internalCacheAdvisor'
  2019-01-28 17:55:31,885 [main] DEBUG - Finished creating instance of bean 'org.springframework.http.converter.json.MappingJackson2HttpMessageConverter#0'
  2019-01-28 17:55:31,885 [main] DEBUG - Creating instance of bean '(inner bean)#514377fc'
  2019-01-28 17:55:31,886 [main] DEBUG - Returning cached instance of singleton bean 'org.springframework.aop.support.DefaultBeanFactoryPointcutAdvisor#0'
  2019-01-28 17:55:31,886 [main] DEBUG - Returning cached instance of singleton bean 'org.springframework.cache.config.internalCacheAdvisor'
  2019-01-28 17:55:31,889 [main] DEBUG - Returning cached instance of singleton bean 'org.springframework.aop.support.DefaultBeanFactoryPointcutAdvisor#0'
  2019-01-28 17:55:31,890 [main] DEBUG - Returning cached instance of singleton bean 'org.springframework.cache.config.internalCacheAdvisor'
  2019-01-28 17:55:31,891 [main] DEBUG - Returning cached instance of singleton bean 'org.springframework.aop.support.DefaultBeanFactoryPointcutAdvisor#0'
  2019-01-28 17:55:31,891 [main] DEBUG - Returning cached instance of singleton bean 'org.springframework.cache.config.internalCacheAdvisor'
  2019-01-28 17:55:31,894 [main] DEBUG - Finished creating instance of bean '(inner bean)#514377fc'
  2019-01-28 17:55:31,895 [main] DEBUG - Creating instance of bean '(inner bean)#2e4eda17'
  2019-01-28 17:55:31,895 [main] DEBUG - Returning cached instance of singleton bean 'org.springframework.aop.support.DefaultBeanFactoryPointcutAdvisor#0'
  2019-01-28 17:55:31,895 [main] DEBUG - Returning cached instance of singleton bean 'org.springframework.cache.config.internalCacheAdvisor'
  2019-01-28 17:55:31,896 [main] DEBUG - Returning cached instance of singleton bean 'org.springframework.aop.support.DefaultBeanFactoryPointcutAdvisor#0'
  2019-01-28 17:55:31,897 [main] DEBUG - Returning cached instance of singleton bean 'org.springframework.cache.config.internalCacheAdvisor'
  2019-01-28 17:55:31,897 [main] DEBUG - Returning cached instance of singleton bean 'org.springframework.aop.support.DefaultBeanFactoryPointcutAdvisor#0'
  2019-01-28 17:55:31,897 [main] DEBUG - Returning cached instance of singleton bean 'org.springframework.cache.config.internalCacheAdvisor'
  2019-01-28 17:55:31,898 [main] DEBUG - Finished creating instance of bean '(inner bean)#2e4eda17'
  2019-01-28 17:55:31,898 [main] DEBUG - Creating instance of bean '(inner bean)#7b5021d1'
  2019-01-28 17:55:31,899 [main] DEBUG - Returning cached instance of singleton bean 'org.springframework.aop.support.DefaultBeanFactoryPointcutAdvisor#0'
  2019-01-28 17:55:31,899 [main] DEBUG - Returning cached instance of singleton bean 'org.springframework.cache.config.internalCacheAdvisor'
  2019-01-28 17:55:31,904 [main] DEBUG - Returning cached instance of singleton bean 'org.springframework.aop.support.DefaultBeanFactoryPointcutAdvisor#0'
  2019-01-28 17:55:31,904 [main] DEBUG - Returning cached instance of singleton bean 'org.springframework.cache.config.internalCacheAdvisor'
  2019-01-28 17:55:31,904 [main] DEBUG - Returning cached instance of singleton bean 'org.springframework.aop.support.DefaultBeanFactoryPointcutAdvisor#0'
  2019-01-28 17:55:31,905 [main] DEBUG - Returning cached instance of singleton bean 'org.springframework.cache.config.internalCacheAdvisor'
  2019-01-28 17:55:31,908 [main] DEBUG - Finished creating instance of bean '(inner bean)#7b5021d1'
  2019-01-28 17:55:31,908 [main] DEBUG - Creating instance of bean '(inner bean)#6befbb12'
  2019-01-28 17:55:31,909 [main] DEBUG - Returning cached instance of singleton bean 'org.springframework.aop.support.DefaultBeanFactoryPointcutAdvisor#0'
  2019-01-28 17:55:31,909 [main] DEBUG - Returning cached instance of singleton bean 'org.springframework.cache.config.internalCacheAdvisor'
  2019-01-28 17:55:31,912 [main] DEBUG - Returning cached instance of singleton bean 'org.springframework.aop.support.DefaultBeanFactoryPointcutAdvisor#0'
  2019-01-28 17:55:31,913 [main] DEBUG - Returning cached instance of singleton bean 'org.springframework.cache.config.internalCacheAdvisor'
  2019-01-28 17:55:31,913 [main] DEBUG - Returning cached instance of singleton bean 'org.springframework.aop.support.DefaultBeanFactoryPointcutAdvisor#0'
  2019-01-28 17:55:31,913 [main] DEBUG - Returning cached instance of singleton bean 'org.springframework.cache.config.internalCacheAdvisor'
  2019-01-28 17:55:31,917 [main] DEBUG - Finished creating instance of bean '(inner bean)#6befbb12'
  2019-01-28 17:55:31,918 [main] DEBUG - Creating instance of bean '(inner bean)#7af1d072'
  2019-01-28 17:55:31,918 [main] DEBUG - Returning cached instance of singleton bean 'org.springframework.aop.support.DefaultBeanFactoryPointcutAdvisor#0'
  2019-01-28 17:55:31,918 [main] DEBUG - Returning cached instance of singleton bean 'org.springframework.cache.config.internalCacheAdvisor'
  2019-01-28 17:55:31,926 [main] DEBUG - Returning cached instance of singleton bean 'org.springframework.aop.support.DefaultBeanFactoryPointcutAdvisor#0'
  2019-01-28 17:55:31,926 [main] DEBUG - Returning cached instance of singleton bean 'org.springframework.cache.config.internalCacheAdvisor'
  2019-01-28 17:55:31,927 [main] DEBUG - Returning cached instance of singleton bean 'org.springframework.aop.support.DefaultBeanFactoryPointcutAdvisor#0'
  2019-01-28 17:55:31,927 [main] DEBUG - Returning cached instance of singleton bean 'org.springframework.cache.config.internalCacheAdvisor'
  2019-01-28 17:55:31,930 [main] DEBUG - Finished creating instance of bean '(inner bean)#7af1d072'
  2019-01-28 17:55:31,930 [main] DEBUG - Creating instance of bean '(inner bean)#17216605'
  2019-01-28 17:55:31,930 [main] DEBUG - Returning cached instance of singleton bean 'org.springframework.aop.support.DefaultBeanFactoryPointcutAdvisor#0'
  2019-01-28 17:55:31,931 [main] DEBUG - Returning cached instance of singleton bean 'org.springframework.cache.config.internalCacheAdvisor'
  2019-01-28 17:55:31,933 [main] DEBUG - Returning cached instance of singleton bean 'org.springframework.aop.support.DefaultBeanFactoryPointcutAdvisor#0'
  2019-01-28 17:55:31,934 [main] DEBUG - Returning cached instance of singleton bean 'org.springframework.cache.config.internalCacheAdvisor'
  2019-01-28 17:55:31,934 [main] DEBUG - Returning cached instance of singleton bean 'org.springframework.aop.support.DefaultBeanFactoryPointcutAdvisor#0'
  2019-01-28 17:55:31,934 [main] DEBUG - Returning cached instance of singleton bean 'org.springframework.cache.config.internalCacheAdvisor'
  2019-01-28 17:55:31,941 [main] DEBUG - Finished creating instance of bean '(inner bean)#17216605'
  2019-01-28 17:55:31,942 [main] DEBUG - Creating instance of bean '(inner bean)#11826398'
  2019-01-28 17:55:31,942 [main] DEBUG - Returning cached instance of singleton bean 'org.springframework.aop.support.DefaultBeanFactoryPointcutAdvisor#0'
  2019-01-28 17:55:31,942 [main] DEBUG - Returning cached instance of singleton bean 'org.springframework.cache.config.internalCacheAdvisor'
  2019-01-28 17:55:31,943 [main] DEBUG - Creating instance of bean '(inner bean)#6c5ca0b6'
  2019-01-28 17:55:31,943 [main] DEBUG - Returning cached instance of singleton bean 'org.springframework.aop.support.DefaultBeanFactoryPointcutAdvisor#0'
  2019-01-28 17:55:31,944 [main] DEBUG - Returning cached instance of singleton bean 'org.springframework.cache.config.internalCacheAdvisor'
  2019-01-28 17:55:31,950 [main] DEBUG - Invoking afterPropertiesSet() on bean with name '(inner bean)#6c5ca0b6'
  2019-01-28 17:55:31,954 [main] DEBUG - Returning cached instance of singleton bean 'org.springframework.aop.support.DefaultBeanFactoryPointcutAdvisor#0'
  2019-01-28 17:55:31,954 [main] DEBUG - Returning cached instance of singleton bean 'org.springframework.cache.config.internalCacheAdvisor'
  2019-01-28 17:55:31,955 [main] DEBUG - Returning cached instance of singleton bean 'org.springframework.aop.support.DefaultBeanFactoryPointcutAdvisor#0'
  2019-01-28 17:55:31,955 [main] DEBUG - Returning cached instance of singleton bean 'org.springframework.cache.config.internalCacheAdvisor'
  2019-01-28 17:55:31,957 [main] DEBUG - Finished creating instance of bean '(inner bean)#6c5ca0b6'
  2019-01-28 17:55:31,957 [main] DEBUG - Returning cached instance of singleton bean 'org.springframework.aop.support.DefaultBeanFactoryPointcutAdvisor#0'
  2019-01-28 17:55:31,957 [main] DEBUG - Returning cached instance of singleton bean 'org.springframework.cache.config.internalCacheAdvisor'
  2019-01-28 17:55:31,958 [main] DEBUG - Returning cached instance of singleton bean 'org.springframework.aop.support.DefaultBeanFactoryPointcutAdvisor#0'
  2019-01-28 17:55:31,958 [main] DEBUG - Returning cached instance of singleton bean 'org.springframework.cache.config.internalCacheAdvisor'
  2019-01-28 17:55:31,960 [main] DEBUG - Returning cached instance of singleton bean 'org.springframework.aop.support.DefaultBeanFactoryPointcutAdvisor#0'
  2019-01-28 17:55:31,961 [main] DEBUG - Returning cached instance of singleton bean 'org.springframework.cache.config.internalCacheAdvisor'
  2019-01-28 17:55:31,961 [main] DEBUG - Returning cached instance of singleton bean 'org.springframework.aop.support.DefaultBeanFactoryPointcutAdvisor#0'
  2019-01-28 17:55:31,961 [main] DEBUG - Returning cached instance of singleton bean 'org.springframework.cache.config.internalCacheAdvisor'
  2019-01-28 17:55:31,962 [main] DEBUG - Finished creating instance of bean '(inner bean)#11826398'
  2019-01-28 17:55:31,962 [main] DEBUG - Creating instance of bean '(inner bean)#1144a02b'
  2019-01-28 17:55:31,963 [main] DEBUG - Returning cached instance of singleton bean 'org.springframework.aop.support.DefaultBeanFactoryPointcutAdvisor#0'
  2019-01-28 17:55:31,964 [main] DEBUG - Returning cached instance of singleton bean 'org.springframework.cache.config.internalCacheAdvisor'
  2019-01-28 17:55:31,965 [main] DEBUG - Returning cached instance of singleton bean 'org.springframework.aop.support.DefaultBeanFactoryPointcutAdvisor#0'
  2019-01-28 17:55:31,966 [main] DEBUG - Returning cached instance of singleton bean 'org.springframework.cache.config.internalCacheAdvisor'
  2019-01-28 17:55:31,966 [main] DEBUG - Returning cached instance of singleton bean 'org.springframework.aop.support.DefaultBeanFactoryPointcutAdvisor#0'
  2019-01-28 17:55:31,966 [main] DEBUG - Returning cached instance of singleton bean 'org.springframework.cache.config.internalCacheAdvisor'
  2019-01-28 17:55:31,969 [main] DEBUG - Finished creating instance of bean '(inner bean)#1144a02b'
  2019-01-28 17:55:31,969 [main] DEBUG - Creating instance of bean '(inner bean)#26a4f9ed'
  2019-01-28 17:55:31,969 [main] DEBUG - Returning cached instance of singleton bean 'org.springframework.aop.support.DefaultBeanFactoryPointcutAdvisor#0'
  2019-01-28 17:55:31,970 [main] DEBUG - Returning cached instance of singleton bean 'org.springframework.cache.config.internalCacheAdvisor'
  2019-01-28 17:55:31,971 [main] DEBUG - Returning cached instance of singleton bean 'org.springframework.aop.support.DefaultBeanFactoryPointcutAdvisor#0'
  2019-01-28 17:55:31,972 [main] DEBUG - Returning cached instance of singleton bean 'org.springframework.cache.config.internalCacheAdvisor'
  2019-01-28 17:55:31,972 [main] DEBUG - Returning cached instance of singleton bean 'org.springframework.aop.support.DefaultBeanFactoryPointcutAdvisor#0'
  2019-01-28 17:55:31,972 [main] DEBUG - Returning cached instance of singleton bean 'org.springframework.cache.config.internalCacheAdvisor'
  2019-01-28 17:55:31,974 [main] DEBUG - Finished creating instance of bean '(inner bean)#26a4f9ed'
  2019-01-28 17:55:31,975 [main] DEBUG - Invoking afterPropertiesSet() on bean with name 'org.springframework.web.servlet.mvc.method.annotation.RequestMappingHandlerAdapter'
  2019-01-28 17:55:31,975 [main] INFO  - Looking for @ControllerAdvice: org.springframework.context.support.FileSystemXmlApplicationContext@1c30cb85: startup date [Mon Jan 28 17:55:26 CST 2019]; root of context hierarchy
  2019-01-28 17:55:31,978 [main] DEBUG - Returning cached instance of singleton bean 'org.springframework.aop.support.DefaultBeanFactoryPointcutAdvisor#0'
  2019-01-28 17:55:31,979 [main] DEBUG - Returning cached instance of singleton bean 'org.springframework.cache.config.internalCacheAdvisor'
  2019-01-28 17:55:31,979 [main] DEBUG - Returning cached instance of singleton bean 'org.springframework.aop.support.DefaultBeanFactoryPointcutAdvisor#0'
  2019-01-28 17:55:31,979 [main] DEBUG - Returning cached instance of singleton bean 'org.springframework.cache.config.internalCacheAdvisor'
  2019-01-28 17:55:31,984 [main] DEBUG - Finished creating instance of bean 'org.springframework.web.servlet.mvc.method.annotation.RequestMappingHandlerAdapter'
  2019-01-28 17:55:31,984 [main] DEBUG - Creating shared instance of singleton bean 'mvcUriComponentsContributor'
  2019-01-28 17:55:31,984 [main] DEBUG - Creating instance of bean 'mvcUriComponentsContributor'
  2019-01-28 17:55:31,984 [main] DEBUG - Returning cached instance of singleton bean 'org.springframework.aop.support.DefaultBeanFactoryPointcutAdvisor#0'
  2019-01-28 17:55:31,985 [main] DEBUG - Returning cached instance of singleton bean 'org.springframework.cache.config.internalCacheAdvisor'
  2019-01-28 17:55:31,985 [main] DEBUG - Eagerly caching bean 'mvcUriComponentsContributor' to allow for resolving potential circular references
  2019-01-28 17:55:31,987 [main] DEBUG - Creating instance of bean '(inner bean)#7a572ea0'
  2019-01-28 17:55:31,988 [main] DEBUG - Returning cached instance of singleton bean 'org.springframework.aop.support.DefaultBeanFactoryPointcutAdvisor#0'
  2019-01-28 17:55:31,988 [main] DEBUG - Returning cached instance of singleton bean 'org.springframework.cache.config.internalCacheAdvisor'
  2019-01-28 17:55:31,993 [main] DEBUG - Returning cached instance of singleton bean 'mvcContentNegotiationManager'
  2019-01-28 17:55:31,994 [main] DEBUG - Creating instance of bean '(inner bean)#46612bfc#1'
  2019-01-28 17:55:31,995 [main] DEBUG - Returning cached instance of singleton bean 'org.springframework.aop.support.DefaultBeanFactoryPointcutAdvisor#0'
  2019-01-28 17:55:31,995 [main] DEBUG - Returning cached instance of singleton bean 'org.springframework.cache.config.internalCacheAdvisor'
  2019-01-28 17:55:31,995 [main] DEBUG - Returning cached instance of singleton bean 'org.springframework.format.support.FormattingConversionServiceFactoryBean#1'
  2019-01-28 17:55:31,996 [main] DEBUG - Returning cached instance of singleton bean 'org.springframework.aop.support.DefaultBeanFactoryPointcutAdvisor#0'
  2019-01-28 17:55:31,996 [main] DEBUG - Returning cached instance of singleton bean 'org.springframework.cache.config.internalCacheAdvisor'
  2019-01-28 17:55:31,996 [main] DEBUG - Returning cached instance of singleton bean 'org.springframework.aop.support.DefaultBeanFactoryPointcutAdvisor#0'
  2019-01-28 17:55:31,996 [main] DEBUG - Returning cached instance of singleton bean 'org.springframework.cache.config.internalCacheAdvisor'
  2019-01-28 17:55:31,997 [main] DEBUG - Finished creating instance of bean '(inner bean)#46612bfc#1'
  2019-01-28 17:55:31,997 [main] DEBUG - Returning cached instance of singleton bean 'stringHttpMessageConverter'
  2019-01-28 17:55:31,997 [main] DEBUG - Creating instance of bean 'org.springframework.http.converter.json.MappingJackson2HttpMessageConverter#0#1'
  2019-01-28 17:55:31,998 [main] DEBUG - Returning cached instance of singleton bean 'org.springframework.aop.support.DefaultBeanFactoryPointcutAdvisor#0'
  2019-01-28 17:55:31,999 [main] DEBUG - Returning cached instance of singleton bean 'org.springframework.cache.config.internalCacheAdvisor'
  2019-01-28 17:55:32,005 [main] DEBUG - Creating instance of bean 'com.sys.common.dataconver.CustomObjectMapper#79d7035#1'
  2019-01-28 17:55:32,006 [main] DEBUG - Returning cached instance of singleton bean 'org.springframework.aop.support.DefaultBeanFactoryPointcutAdvisor#0'
  2019-01-28 17:55:32,006 [main] DEBUG - Returning cached instance of singleton bean 'org.springframework.cache.config.internalCacheAdvisor'
  2019-01-28 17:55:32,008 [main] DEBUG - Creating instance of bean 'java.text.SimpleDateFormat#457a5b2d#1'
  2019-01-28 17:55:32,008 [main] DEBUG - Returning cached instance of singleton bean 'org.springframework.aop.support.DefaultBeanFactoryPointcutAdvisor#0'
  2019-01-28 17:55:32,009 [main] DEBUG - Returning cached instance of singleton bean 'org.springframework.cache.config.internalCacheAdvisor'
  2019-01-28 17:55:32,010 [main] DEBUG - Returning cached instance of singleton bean 'org.springframework.aop.support.DefaultBeanFactoryPointcutAdvisor#0'
  2019-01-28 17:55:32,010 [main] DEBUG - Returning cached instance of singleton bean 'org.springframework.cache.config.internalCacheAdvisor'
  2019-01-28 17:55:32,010 [main] DEBUG - Returning cached instance of singleton bean 'org.springframework.aop.support.DefaultBeanFactoryPointcutAdvisor#0'
  2019-01-28 17:55:32,010 [main] DEBUG - Returning cached instance of singleton bean 'org.springframework.cache.config.internalCacheAdvisor'
  2019-01-28 17:55:32,011 [main] DEBUG - Finished creating instance of bean 'java.text.SimpleDateFormat#457a5b2d#1'
  2019-01-28 17:55:32,012 [main] DEBUG - Returning cached instance of singleton bean 'org.springframework.aop.support.DefaultBeanFactoryPointcutAdvisor#0'
  2019-01-28 17:55:32,012 [main] DEBUG - Returning cached instance of singleton bean 'org.springframework.cache.config.internalCacheAdvisor'
  2019-01-28 17:55:32,012 [main] DEBUG - Returning cached instance of singleton bean 'org.springframework.aop.support.DefaultBeanFactoryPointcutAdvisor#0'
  2019-01-28 17:55:32,013 [main] DEBUG - Returning cached instance of singleton bean 'org.springframework.cache.config.internalCacheAdvisor'
  2019-01-28 17:55:32,015 [main] DEBUG - Finished creating instance of bean 'com.sys.common.dataconver.CustomObjectMapper#79d7035#1'
  2019-01-28 17:55:32,020 [main] DEBUG - Returning cached instance of singleton bean 'org.springframework.aop.support.DefaultBeanFactoryPointcutAdvisor#0'
  2019-01-28 17:55:32,021 [main] DEBUG - Returning cached instance of singleton bean 'org.springframework.cache.config.internalCacheAdvisor'
  2019-01-28 17:55:32,021 [main] DEBUG - Returning cached instance of singleton bean 'org.springframework.aop.support.DefaultBeanFactoryPointcutAdvisor#0'
  2019-01-28 17:55:32,021 [main] DEBUG - Returning cached instance of singleton bean 'org.springframework.cache.config.internalCacheAdvisor'
  2019-01-28 17:55:32,023 [main] DEBUG - Finished creating instance of bean 'org.springframework.http.converter.json.MappingJackson2HttpMessageConverter#0#1'
  2019-01-28 17:55:32,024 [main] DEBUG - Creating instance of bean '(inner bean)#514377fc#1'
  2019-01-28 17:55:32,024 [main] DEBUG - Returning cached instance of singleton bean 'org.springframework.aop.support.DefaultBeanFactoryPointcutAdvisor#0'
  2019-01-28 17:55:32,025 [main] DEBUG - Returning cached instance of singleton bean 'org.springframework.cache.config.internalCacheAdvisor'
  2019-01-28 17:55:32,025 [main] DEBUG - Returning cached instance of singleton bean 'org.springframework.aop.support.DefaultBeanFactoryPointcutAdvisor#0'
  2019-01-28 17:55:32,026 [main] DEBUG - Returning cached instance of singleton bean 'org.springframework.cache.config.internalCacheAdvisor'
  2019-01-28 17:55:32,026 [main] DEBUG - Returning cached instance of singleton bean 'org.springframework.aop.support.DefaultBeanFactoryPointcutAdvisor#0'
  2019-01-28 17:55:32,026 [main] DEBUG - Returning cached instance of singleton bean 'org.springframework.cache.config.internalCacheAdvisor'
  2019-01-28 17:55:32,027 [main] DEBUG - Finished creating instance of bean '(inner bean)#514377fc#1'
  2019-01-28 17:55:32,027 [main] DEBUG - Creating instance of bean '(inner bean)#2e4eda17#1'
  2019-01-28 17:55:32,028 [main] DEBUG - Returning cached instance of singleton bean 'org.springframework.aop.support.DefaultBeanFactoryPointcutAdvisor#0'
  2019-01-28 17:55:32,028 [main] DEBUG - Returning cached instance of singleton bean 'org.springframework.cache.config.internalCacheAdvisor'
  2019-01-28 17:55:32,028 [main] DEBUG - Returning cached instance of singleton bean 'org.springframework.aop.support.DefaultBeanFactoryPointcutAdvisor#0'
  2019-01-28 17:55:32,029 [main] DEBUG - Returning cached instance of singleton bean 'org.springframework.cache.config.internalCacheAdvisor'
  2019-01-28 17:55:32,029 [main] DEBUG - Returning cached instance of singleton bean 'org.springframework.aop.support.DefaultBeanFactoryPointcutAdvisor#0'
  2019-01-28 17:55:32,029 [main] DEBUG - Returning cached instance of singleton bean 'org.springframework.cache.config.internalCacheAdvisor'
  2019-01-28 17:55:32,030 [main] DEBUG - Finished creating instance of bean '(inner bean)#2e4eda17#1'
  2019-01-28 17:55:32,030 [main] DEBUG - Creating instance of bean '(inner bean)#7b5021d1#1'
  2019-01-28 17:55:32,031 [main] DEBUG - Returning cached instance of singleton bean 'org.springframework.aop.support.DefaultBeanFactoryPointcutAdvisor#0'
  2019-01-28 17:55:32,031 [main] DEBUG - Returning cached instance of singleton bean 'org.springframework.cache.config.internalCacheAdvisor'
  2019-01-28 17:55:32,031 [main] DEBUG - Returning cached instance of singleton bean 'org.springframework.aop.support.DefaultBeanFactoryPointcutAdvisor#0'
  2019-01-28 17:55:32,032 [main] DEBUG - Returning cached instance of singleton bean 'org.springframework.cache.config.internalCacheAdvisor'
  2019-01-28 17:55:32,032 [main] DEBUG - Returning cached instance of singleton bean 'org.springframework.aop.support.DefaultBeanFactoryPointcutAdvisor#0'
  2019-01-28 17:55:32,032 [main] DEBUG - Returning cached instance of singleton bean 'org.springframework.cache.config.internalCacheAdvisor'
  2019-01-28 17:55:32,036 [main] DEBUG - Finished creating instance of bean '(inner bean)#7b5021d1#1'
  2019-01-28 17:55:32,036 [main] DEBUG - Creating instance of bean '(inner bean)#6befbb12#1'
  2019-01-28 17:55:32,037 [main] DEBUG - Returning cached instance of singleton bean 'org.springframework.aop.support.DefaultBeanFactoryPointcutAdvisor#0'
  2019-01-28 17:55:32,037 [main] DEBUG - Returning cached instance of singleton bean 'org.springframework.cache.config.internalCacheAdvisor'
  2019-01-28 17:55:32,038 [main] DEBUG - Returning cached instance of singleton bean 'org.springframework.aop.support.DefaultBeanFactoryPointcutAdvisor#0'
  2019-01-28 17:55:32,039 [main] DEBUG - Returning cached instance of singleton bean 'org.springframework.cache.config.internalCacheAdvisor'
  2019-01-28 17:55:32,039 [main] DEBUG - Returning cached instance of singleton bean 'org.springframework.aop.support.DefaultBeanFactoryPointcutAdvisor#0'
  2019-01-28 17:55:32,039 [main] DEBUG - Returning cached instance of singleton bean 'org.springframework.cache.config.internalCacheAdvisor'
  2019-01-28 17:55:32,040 [main] DEBUG - Finished creating instance of bean '(inner bean)#6befbb12#1'
  2019-01-28 17:55:32,040 [main] DEBUG - Creating instance of bean '(inner bean)#7af1d072#1'
  2019-01-28 17:55:32,041 [main] DEBUG - Returning cached instance of singleton bean 'org.springframework.aop.support.DefaultBeanFactoryPointcutAdvisor#0'
  2019-01-28 17:55:32,041 [main] DEBUG - Returning cached instance of singleton bean 'org.springframework.cache.config.internalCacheAdvisor'
  2019-01-28 17:55:32,049 [main] DEBUG - Returning cached instance of singleton bean 'org.springframework.aop.support.DefaultBeanFactoryPointcutAdvisor#0'
  2019-01-28 17:55:32,050 [main] DEBUG - Returning cached instance of singleton bean 'org.springframework.cache.config.internalCacheAdvisor'
  2019-01-28 17:55:32,050 [main] DEBUG - Returning cached instance of singleton bean 'org.springframework.aop.support.DefaultBeanFactoryPointcutAdvisor#0'
  2019-01-28 17:55:32,050 [main] DEBUG - Returning cached instance of singleton bean 'org.springframework.cache.config.internalCacheAdvisor'
  2019-01-28 17:55:32,051 [main] DEBUG - Finished creating instance of bean '(inner bean)#7af1d072#1'
  2019-01-28 17:55:32,051 [main] DEBUG - Creating instance of bean '(inner bean)#17216605#1'
  2019-01-28 17:55:32,052 [main] DEBUG - Returning cached instance of singleton bean 'org.springframework.aop.support.DefaultBeanFactoryPointcutAdvisor#0'
  2019-01-28 17:55:32,052 [main] DEBUG - Returning cached instance of singleton bean 'org.springframework.cache.config.internalCacheAdvisor'
  2019-01-28 17:55:32,053 [main] DEBUG - Returning cached instance of singleton bean 'org.springframework.aop.support.DefaultBeanFactoryPointcutAdvisor#0'
  2019-01-28 17:55:32,054 [main] DEBUG - Returning cached instance of singleton bean 'org.springframework.cache.config.internalCacheAdvisor'
  2019-01-28 17:55:32,054 [main] DEBUG - Returning cached instance of singleton bean 'org.springframework.aop.support.DefaultBeanFactoryPointcutAdvisor#0'
  2019-01-28 17:55:32,054 [main] DEBUG - Returning cached instance of singleton bean 'org.springframework.cache.config.internalCacheAdvisor'
  2019-01-28 17:55:32,055 [main] DEBUG - Finished creating instance of bean '(inner bean)#17216605#1'
  2019-01-28 17:55:32,055 [main] DEBUG - Creating instance of bean '(inner bean)#11826398#1'
  2019-01-28 17:55:32,056 [main] DEBUG - Returning cached instance of singleton bean 'org.springframework.aop.support.DefaultBeanFactoryPointcutAdvisor#0'
  2019-01-28 17:55:32,056 [main] DEBUG - Returning cached instance of singleton bean 'org.springframework.cache.config.internalCacheAdvisor'
  2019-01-28 17:55:32,056 [main] DEBUG - Creating instance of bean '(inner bean)#6c5ca0b6#1'
  2019-01-28 17:55:32,056 [main] DEBUG - Returning cached instance of singleton bean 'org.springframework.aop.support.DefaultBeanFactoryPointcutAdvisor#0'
  2019-01-28 17:55:32,057 [main] DEBUG - Returning cached instance of singleton bean 'org.springframework.cache.config.internalCacheAdvisor'
  2019-01-28 17:55:32,057 [main] DEBUG - Invoking afterPropertiesSet() on bean with name '(inner bean)#6c5ca0b6#1'
  2019-01-28 17:55:32,061 [main] DEBUG - Returning cached instance of singleton bean 'org.springframework.aop.support.DefaultBeanFactoryPointcutAdvisor#0'
  2019-01-28 17:55:32,061 [main] DEBUG - Returning cached instance of singleton bean 'org.springframework.cache.config.internalCacheAdvisor'
  2019-01-28 17:55:32,061 [main] DEBUG - Returning cached instance of singleton bean 'org.springframework.aop.support.DefaultBeanFactoryPointcutAdvisor#0'
  2019-01-28 17:55:32,064 [main] DEBUG - Returning cached instance of singleton bean 'org.springframework.cache.config.internalCacheAdvisor'
  2019-01-28 17:55:32,065 [main] DEBUG - Finished creating instance of bean '(inner bean)#6c5ca0b6#1'
  2019-01-28 17:55:32,066 [main] DEBUG - Returning cached instance of singleton bean 'org.springframework.aop.support.DefaultBeanFactoryPointcutAdvisor#0'
  2019-01-28 17:55:32,066 [main] DEBUG - Returning cached instance of singleton bean 'org.springframework.cache.config.internalCacheAdvisor'
  2019-01-28 17:55:32,066 [main] DEBUG - Returning cached instance of singleton bean 'org.springframework.aop.support.DefaultBeanFactoryPointcutAdvisor#0'
  2019-01-28 17:55:32,066 [main] DEBUG - Returning cached instance of singleton bean 'org.springframework.cache.config.internalCacheAdvisor'
  2019-01-28 17:55:32,068 [main] DEBUG - Returning cached instance of singleton bean 'org.springframework.aop.support.DefaultBeanFactoryPointcutAdvisor#0'
  2019-01-28 17:55:32,069 [main] DEBUG - Returning cached instance of singleton bean 'org.springframework.cache.config.internalCacheAdvisor'
  2019-01-28 17:55:32,069 [main] DEBUG - Returning cached instance of singleton bean 'org.springframework.aop.support.DefaultBeanFactoryPointcutAdvisor#0'
  2019-01-28 17:55:32,069 [main] DEBUG - Returning cached instance of singleton bean 'org.springframework.cache.config.internalCacheAdvisor'
  2019-01-28 17:55:32,070 [main] DEBUG - Finished creating instance of bean '(inner bean)#11826398#1'
  2019-01-28 17:55:32,070 [main] DEBUG - Creating instance of bean '(inner bean)#1144a02b#1'
  2019-01-28 17:55:32,071 [main] DEBUG - Returning cached instance of singleton bean 'org.springframework.aop.support.DefaultBeanFactoryPointcutAdvisor#0'
  2019-01-28 17:55:32,071 [main] DEBUG - Returning cached instance of singleton bean 'org.springframework.cache.config.internalCacheAdvisor'
  2019-01-28 17:55:32,071 [main] DEBUG - Returning cached instance of singleton bean 'org.springframework.aop.support.DefaultBeanFactoryPointcutAdvisor#0'
  2019-01-28 17:55:32,072 [main] DEBUG - Returning cached instance of singleton bean 'org.springframework.cache.config.internalCacheAdvisor'
  2019-01-28 17:55:32,072 [main] DEBUG - Returning cached instance of singleton bean 'org.springframework.aop.support.DefaultBeanFactoryPointcutAdvisor#0'
  2019-01-28 17:55:32,072 [main] DEBUG - Returning cached instance of singleton bean 'org.springframework.cache.config.internalCacheAdvisor'
  2019-01-28 17:55:32,073 [main] DEBUG - Finished creating instance of bean '(inner bean)#1144a02b#1'
  2019-01-28 17:55:32,073 [main] DEBUG - Creating instance of bean '(inner bean)#26a4f9ed#1'
  2019-01-28 17:55:32,073 [main] DEBUG - Returning cached instance of singleton bean 'org.springframework.aop.support.DefaultBeanFactoryPointcutAdvisor#0'
  2019-01-28 17:55:32,074 [main] DEBUG - Returning cached instance of singleton bean 'org.springframework.cache.config.internalCacheAdvisor'
  2019-01-28 17:55:32,074 [main] DEBUG - Returning cached instance of singleton bean 'org.springframework.aop.support.DefaultBeanFactoryPointcutAdvisor#0'
  2019-01-28 17:55:32,074 [main] DEBUG - Returning cached instance of singleton bean 'org.springframework.cache.config.internalCacheAdvisor'
  2019-01-28 17:55:32,074 [main] DEBUG - Returning cached instance of singleton bean 'org.springframework.aop.support.DefaultBeanFactoryPointcutAdvisor#0'
  2019-01-28 17:55:32,075 [main] DEBUG - Returning cached instance of singleton bean 'org.springframework.cache.config.internalCacheAdvisor'
  2019-01-28 17:55:32,075 [main] DEBUG - Finished creating instance of bean '(inner bean)#26a4f9ed#1'
  2019-01-28 17:55:32,076 [main] DEBUG - Invoking afterPropertiesSet() on bean with name '(inner bean)#7a572ea0'
  2019-01-28 17:55:32,076 [main] INFO  - Looking for @ControllerAdvice: org.springframework.context.support.FileSystemXmlApplicationContext@1c30cb85: startup date [Mon Jan 28 17:55:26 CST 2019]; root of context hierarchy
  2019-01-28 17:55:32,079 [main] DEBUG - Returning cached instance of singleton bean 'org.springframework.aop.support.DefaultBeanFactoryPointcutAdvisor#0'
  2019-01-28 17:55:32,079 [main] DEBUG - Returning cached instance of singleton bean 'org.springframework.cache.config.internalCacheAdvisor'
  2019-01-28 17:55:32,080 [main] DEBUG - Returning cached instance of singleton bean 'org.springframework.aop.support.DefaultBeanFactoryPointcutAdvisor#0'
  2019-01-28 17:55:32,080 [main] DEBUG - Returning cached instance of singleton bean 'org.springframework.cache.config.internalCacheAdvisor'
  2019-01-28 17:55:32,081 [main] DEBUG - Finished creating instance of bean '(inner bean)#7a572ea0'
  2019-01-28 17:55:32,081 [main] DEBUG - Returning cached instance of singleton bean 'org.springframework.format.support.FormattingConversionServiceFactoryBean#1'
  2019-01-28 17:55:32,081 [main] DEBUG - Invoking afterPropertiesSet() on bean with name 'mvcUriComponentsContributor'
  2019-01-28 17:55:32,082 [main] DEBUG - Returning cached instance of singleton bean 'org.springframework.aop.support.DefaultBeanFactoryPointcutAdvisor#0'
  2019-01-28 17:55:32,082 [main] DEBUG - Returning cached instance of singleton bean 'org.springframework.cache.config.internalCacheAdvisor'
  2019-01-28 17:55:32,082 [main] DEBUG - Returning cached instance of singleton bean 'org.springframework.aop.support.DefaultBeanFactoryPointcutAdvisor#0'
  2019-01-28 17:55:32,083 [main] DEBUG - Returning cached instance of singleton bean 'org.springframework.cache.config.internalCacheAdvisor'
  2019-01-28 17:55:32,084 [main] DEBUG - Finished creating instance of bean 'mvcUriComponentsContributor'
  2019-01-28 17:55:32,084 [main] DEBUG - Returning cached instance of singleton bean 'org.springframework.web.servlet.handler.MappedInterceptor#0'
  2019-01-28 17:55:32,084 [main] DEBUG - Creating shared instance of singleton bean 'org.springframework.web.servlet.mvc.method.annotation.ExceptionHandlerExceptionResolver#0'
  2019-01-28 17:55:32,084 [main] DEBUG - Creating instance of bean 'org.springframework.web.servlet.mvc.method.annotation.ExceptionHandlerExceptionResolver#0'
  2019-01-28 17:55:32,084 [main] DEBUG - Returning cached instance of singleton bean 'org.springframework.aop.support.DefaultBeanFactoryPointcutAdvisor#0'
  2019-01-28 17:55:32,085 [main] DEBUG - Returning cached instance of singleton bean 'org.springframework.cache.config.internalCacheAdvisor'
  2019-01-28 17:55:32,091 [main] DEBUG - Eagerly caching bean 'org.springframework.web.servlet.mvc.method.annotation.ExceptionHandlerExceptionResolver#0' to allow for resolving potential circular references
  2019-01-28 17:55:32,095 [main] DEBUG - Returning cached instance of singleton bean 'mvcContentNegotiationManager'
  2019-01-28 17:55:32,095 [main] DEBUG - Creating instance of bean '(inner bean)#4e974b9e'
  2019-01-28 17:55:32,095 [main] DEBUG - Returning cached instance of singleton bean 'org.springframework.aop.support.DefaultBeanFactoryPointcutAdvisor#0'
  2019-01-28 17:55:32,096 [main] DEBUG - Returning cached instance of singleton bean 'org.springframework.cache.config.internalCacheAdvisor'
  2019-01-28 17:55:32,096 [main] DEBUG - Returning cached instance of singleton bean 'org.springframework.aop.support.DefaultBeanFactoryPointcutAdvisor#0'
  2019-01-28 17:55:32,096 [main] DEBUG - Returning cached instance of singleton bean 'org.springframework.cache.config.internalCacheAdvisor'
  2019-01-28 17:55:32,097 [main] DEBUG - Returning cached instance of singleton bean 'org.springframework.aop.support.DefaultBeanFactoryPointcutAdvisor#0'
  2019-01-28 17:55:32,097 [main] DEBUG - Returning cached instance of singleton bean 'org.springframework.cache.config.internalCacheAdvisor'
  2019-01-28 17:55:32,098 [main] DEBUG - Finished creating instance of bean '(inner bean)#4e974b9e'
  2019-01-28 17:55:32,098 [main] DEBUG - Creating instance of bean '(inner bean)#370c7cc5'
  2019-01-28 17:55:32,098 [main] DEBUG - Returning cached instance of singleton bean 'org.springframework.aop.support.DefaultBeanFactoryPointcutAdvisor#0'
  2019-01-28 17:55:32,098 [main] DEBUG - Returning cached instance of singleton bean 'org.springframework.cache.config.internalCacheAdvisor'
  2019-01-28 17:55:32,099 [main] DEBUG - Returning cached instance of singleton bean 'org.springframework.aop.support.DefaultBeanFactoryPointcutAdvisor#0'
  2019-01-28 17:55:32,099 [main] DEBUG - Returning cached instance of singleton bean 'org.springframework.cache.config.internalCacheAdvisor'
  2019-01-28 17:55:32,099 [main] DEBUG - Returning cached instance of singleton bean 'org.springframework.aop.support.DefaultBeanFactoryPointcutAdvisor#0'
  2019-01-28 17:55:32,100 [main] DEBUG - Returning cached instance of singleton bean 'org.springframework.cache.config.internalCacheAdvisor'
  2019-01-28 17:55:32,100 [main] DEBUG - Finished creating instance of bean '(inner bean)#370c7cc5'
  2019-01-28 17:55:32,101 [main] DEBUG - Creating instance of bean '(inner bean)#61b838f2'
  2019-01-28 17:55:32,101 [main] DEBUG - Returning cached instance of singleton bean 'org.springframework.aop.support.DefaultBeanFactoryPointcutAdvisor#0'
  2019-01-28 17:55:32,101 [main] DEBUG - Returning cached instance of singleton bean 'org.springframework.cache.config.internalCacheAdvisor'
  2019-01-28 17:55:32,102 [main] DEBUG - Returning cached instance of singleton bean 'org.springframework.aop.support.DefaultBeanFactoryPointcutAdvisor#0'
  2019-01-28 17:55:32,102 [main] DEBUG - Returning cached instance of singleton bean 'org.springframework.cache.config.internalCacheAdvisor'
  2019-01-28 17:55:32,102 [main] DEBUG - Returning cached instance of singleton bean 'org.springframework.aop.support.DefaultBeanFactoryPointcutAdvisor#0'
  2019-01-28 17:55:32,103 [main] DEBUG - Returning cached instance of singleton bean 'org.springframework.cache.config.internalCacheAdvisor'
  2019-01-28 17:55:32,103 [main] DEBUG - Finished creating instance of bean '(inner bean)#61b838f2'
  2019-01-28 17:55:32,104 [main] DEBUG - Creating instance of bean '(inner bean)#2a04ab05'
  2019-01-28 17:55:32,104 [main] DEBUG - Returning cached instance of singleton bean 'org.springframework.aop.support.DefaultBeanFactoryPointcutAdvisor#0'
  2019-01-28 17:55:32,104 [main] DEBUG - Returning cached instance of singleton bean 'org.springframework.cache.config.internalCacheAdvisor'
  2019-01-28 17:55:32,106 [main] DEBUG - Returning cached instance of singleton bean 'org.springframework.aop.support.DefaultBeanFactoryPointcutAdvisor#0'
  2019-01-28 17:55:32,106 [main] DEBUG - Returning cached instance of singleton bean 'org.springframework.cache.config.internalCacheAdvisor'
  2019-01-28 17:55:32,107 [main] DEBUG - Returning cached instance of singleton bean 'org.springframework.aop.support.DefaultBeanFactoryPointcutAdvisor#0'
  2019-01-28 17:55:32,107 [main] DEBUG - Returning cached instance of singleton bean 'org.springframework.cache.config.internalCacheAdvisor'
  2019-01-28 17:55:32,107 [main] DEBUG - Finished creating instance of bean '(inner bean)#2a04ab05'
  2019-01-28 17:55:32,108 [main] DEBUG - Creating instance of bean '(inner bean)#2a5abd3c'
  2019-01-28 17:55:32,108 [main] DEBUG - Returning cached instance of singleton bean 'org.springframework.aop.support.DefaultBeanFactoryPointcutAdvisor#0'
  2019-01-28 17:55:32,108 [main] DEBUG - Returning cached instance of singleton bean 'org.springframework.cache.config.internalCacheAdvisor'
  2019-01-28 17:55:32,113 [main] DEBUG - Returning cached instance of singleton bean 'org.springframework.aop.support.DefaultBeanFactoryPointcutAdvisor#0'
  2019-01-28 17:55:32,113 [main] DEBUG - Returning cached instance of singleton bean 'org.springframework.cache.config.internalCacheAdvisor'
  2019-01-28 17:55:32,114 [main] DEBUG - Returning cached instance of singleton bean 'org.springframework.aop.support.DefaultBeanFactoryPointcutAdvisor#0'
  2019-01-28 17:55:32,114 [main] DEBUG - Returning cached instance of singleton bean 'org.springframework.cache.config.internalCacheAdvisor'
  2019-01-28 17:55:32,114 [main] DEBUG - Finished creating instance of bean '(inner bean)#2a5abd3c'
  2019-01-28 17:55:32,115 [main] DEBUG - Creating instance of bean '(inner bean)#15a8cebd'
  2019-01-28 17:55:32,115 [main] DEBUG - Returning cached instance of singleton bean 'org.springframework.aop.support.DefaultBeanFactoryPointcutAdvisor#0'
  2019-01-28 17:55:32,115 [main] DEBUG - Returning cached instance of singleton bean 'org.springframework.cache.config.internalCacheAdvisor'
  2019-01-28 17:55:32,116 [main] DEBUG - Returning cached instance of singleton bean 'org.springframework.aop.support.DefaultBeanFactoryPointcutAdvisor#0'
  2019-01-28 17:55:32,117 [main] DEBUG - Returning cached instance of singleton bean 'org.springframework.cache.config.internalCacheAdvisor'
  2019-01-28 17:55:32,117 [main] DEBUG - Returning cached instance of singleton bean 'org.springframework.aop.support.DefaultBeanFactoryPointcutAdvisor#0'
  2019-01-28 17:55:32,117 [main] DEBUG - Returning cached instance of singleton bean 'org.springframework.cache.config.internalCacheAdvisor'
  2019-01-28 17:55:32,118 [main] DEBUG - Finished creating instance of bean '(inner bean)#15a8cebd'
  2019-01-28 17:55:32,118 [main] DEBUG - Creating instance of bean '(inner bean)#274fdea6'
  2019-01-28 17:55:32,118 [main] DEBUG - Returning cached instance of singleton bean 'org.springframework.aop.support.DefaultBeanFactoryPointcutAdvisor#0'
  2019-01-28 17:55:32,119 [main] DEBUG - Returning cached instance of singleton bean 'org.springframework.cache.config.internalCacheAdvisor'
  2019-01-28 17:55:32,119 [main] DEBUG - Creating instance of bean '(inner bean)#74c121d4'
  2019-01-28 17:55:32,119 [main] DEBUG - Returning cached instance of singleton bean 'org.springframework.aop.support.DefaultBeanFactoryPointcutAdvisor#0'
  2019-01-28 17:55:32,119 [main] DEBUG - Returning cached instance of singleton bean 'org.springframework.cache.config.internalCacheAdvisor'
  2019-01-28 17:55:32,120 [main] DEBUG - Invoking afterPropertiesSet() on bean with name '(inner bean)#74c121d4'
  2019-01-28 17:55:32,124 [main] DEBUG - Returning cached instance of singleton bean 'org.springframework.aop.support.DefaultBeanFactoryPointcutAdvisor#0'
  2019-01-28 17:55:32,124 [main] DEBUG - Returning cached instance of singleton bean 'org.springframework.cache.config.internalCacheAdvisor'
  2019-01-28 17:55:32,124 [main] DEBUG - Returning cached instance of singleton bean 'org.springframework.aop.support.DefaultBeanFactoryPointcutAdvisor#0'
  2019-01-28 17:55:32,125 [main] DEBUG - Returning cached instance of singleton bean 'org.springframework.cache.config.internalCacheAdvisor'
  2019-01-28 17:55:32,125 [main] DEBUG - Finished creating instance of bean '(inner bean)#74c121d4'
  2019-01-28 17:55:32,125 [main] DEBUG - Returning cached instance of singleton bean 'org.springframework.aop.support.DefaultBeanFactoryPointcutAdvisor#0'
  2019-01-28 17:55:32,126 [main] DEBUG - Returning cached instance of singleton bean 'org.springframework.cache.config.internalCacheAdvisor'
  2019-01-28 17:55:32,126 [main] DEBUG - Returning cached instance of singleton bean 'org.springframework.aop.support.DefaultBeanFactoryPointcutAdvisor#0'
  2019-01-28 17:55:32,126 [main] DEBUG - Returning cached instance of singleton bean 'org.springframework.cache.config.internalCacheAdvisor'
  2019-01-28 17:55:32,128 [main] DEBUG - Returning cached instance of singleton bean 'org.springframework.aop.support.DefaultBeanFactoryPointcutAdvisor#0'
  2019-01-28 17:55:32,128 [main] DEBUG - Returning cached instance of singleton bean 'org.springframework.cache.config.internalCacheAdvisor'
  2019-01-28 17:55:32,129 [main] DEBUG - Returning cached instance of singleton bean 'org.springframework.aop.support.DefaultBeanFactoryPointcutAdvisor#0'
  2019-01-28 17:55:32,130 [main] DEBUG - Returning cached instance of singleton bean 'org.springframework.cache.config.internalCacheAdvisor'
  2019-01-28 17:55:32,130 [main] DEBUG - Finished creating instance of bean '(inner bean)#274fdea6'
  2019-01-28 17:55:32,131 [main] DEBUG - Creating instance of bean '(inner bean)#661e1399'
  2019-01-28 17:55:32,131 [main] DEBUG - Returning cached instance of singleton bean 'org.springframework.aop.support.DefaultBeanFactoryPointcutAdvisor#0'
  2019-01-28 17:55:32,131 [main] DEBUG - Returning cached instance of singleton bean 'org.springframework.cache.config.internalCacheAdvisor'
  2019-01-28 17:55:32,132 [main] DEBUG - Returning cached instance of singleton bean 'org.springframework.aop.support.DefaultBeanFactoryPointcutAdvisor#0'
  2019-01-28 17:55:32,132 [main] DEBUG - Returning cached instance of singleton bean 'org.springframework.cache.config.internalCacheAdvisor'
  2019-01-28 17:55:32,132 [main] DEBUG - Returning cached instance of singleton bean 'org.springframework.aop.support.DefaultBeanFactoryPointcutAdvisor#0'
  2019-01-28 17:55:32,132 [main] DEBUG - Returning cached instance of singleton bean 'org.springframework.cache.config.internalCacheAdvisor'
  2019-01-28 17:55:32,133 [main] DEBUG - Finished creating instance of bean '(inner bean)#661e1399'
  2019-01-28 17:55:32,133 [main] DEBUG - Invoking afterPropertiesSet() on bean with name 'org.springframework.web.servlet.mvc.method.annotation.ExceptionHandlerExceptionResolver#0'
  2019-01-28 17:55:32,133 [main] DEBUG - Looking for exception mappings: org.springframework.context.support.FileSystemXmlApplicationContext@1c30cb85: startup date [Mon Jan 28 17:55:26 CST 2019]; root of context hierarchy
  2019-01-28 17:55:32,136 [main] DEBUG - Returning cached instance of singleton bean 'org.springframework.aop.support.DefaultBeanFactoryPointcutAdvisor#0'
  2019-01-28 17:55:32,136 [main] DEBUG - Returning cached instance of singleton bean 'org.springframework.cache.config.internalCacheAdvisor'
  2019-01-28 17:55:32,136 [main] DEBUG - Returning cached instance of singleton bean 'org.springframework.aop.support.DefaultBeanFactoryPointcutAdvisor#0'
  2019-01-28 17:55:32,137 [main] DEBUG - Returning cached instance of singleton bean 'org.springframework.cache.config.internalCacheAdvisor'
  2019-01-28 17:55:32,139 [main] DEBUG - Finished creating instance of bean 'org.springframework.web.servlet.mvc.method.annotation.ExceptionHandlerExceptionResolver#0'
  2019-01-28 17:55:32,139 [main] DEBUG - Creating shared instance of singleton bean 'org.springframework.web.servlet.mvc.annotation.ResponseStatusExceptionResolver#0'
  2019-01-28 17:55:32,140 [main] DEBUG - Creating instance of bean 'org.springframework.web.servlet.mvc.annotation.ResponseStatusExceptionResolver#0'
  2019-01-28 17:55:32,140 [main] DEBUG - Returning cached instance of singleton bean 'org.springframework.aop.support.DefaultBeanFactoryPointcutAdvisor#0'
  2019-01-28 17:55:32,140 [main] DEBUG - Returning cached instance of singleton bean 'org.springframework.cache.config.internalCacheAdvisor'
  2019-01-28 17:55:32,140 [main] DEBUG - Eagerly caching bean 'org.springframework.web.servlet.mvc.annotation.ResponseStatusExceptionResolver#0' to allow for resolving potential circular references
  2019-01-28 17:55:32,143 [main] DEBUG - Returning cached instance of singleton bean 'org.springframework.aop.support.DefaultBeanFactoryPointcutAdvisor#0'
  2019-01-28 17:55:32,144 [main] DEBUG - Returning cached instance of singleton bean 'org.springframework.cache.config.internalCacheAdvisor'
  2019-01-28 17:55:32,144 [main] DEBUG - Returning cached instance of singleton bean 'org.springframework.aop.support.DefaultBeanFactoryPointcutAdvisor#0'
  2019-01-28 17:55:32,144 [main] DEBUG - Returning cached instance of singleton bean 'org.springframework.cache.config.internalCacheAdvisor'
  2019-01-28 17:55:32,145 [main] DEBUG - Finished creating instance of bean 'org.springframework.web.servlet.mvc.annotation.ResponseStatusExceptionResolver#0'
  2019-01-28 17:55:32,145 [main] DEBUG - Creating shared instance of singleton bean 'org.springframework.web.servlet.mvc.support.DefaultHandlerExceptionResolver#0'
  2019-01-28 17:55:32,145 [main] DEBUG - Creating instance of bean 'org.springframework.web.servlet.mvc.support.DefaultHandlerExceptionResolver#0'
  2019-01-28 17:55:32,146 [main] DEBUG - Returning cached instance of singleton bean 'org.springframework.aop.support.DefaultBeanFactoryPointcutAdvisor#0'
  2019-01-28 17:55:32,146 [main] DEBUG - Returning cached instance of singleton bean 'org.springframework.cache.config.internalCacheAdvisor'
  2019-01-28 17:55:32,146 [main] DEBUG - Eagerly caching bean 'org.springframework.web.servlet.mvc.support.DefaultHandlerExceptionResolver#0' to allow for resolving potential circular references
  2019-01-28 17:55:32,148 [main] DEBUG - Returning cached instance of singleton bean 'org.springframework.aop.support.DefaultBeanFactoryPointcutAdvisor#0'
  2019-01-28 17:55:32,148 [main] DEBUG - Returning cached instance of singleton bean 'org.springframework.cache.config.internalCacheAdvisor'
  2019-01-28 17:55:32,149 [main] DEBUG - Returning cached instance of singleton bean 'org.springframework.aop.support.DefaultBeanFactoryPointcutAdvisor#0'
  2019-01-28 17:55:32,149 [main] DEBUG - Returning cached instance of singleton bean 'org.springframework.cache.config.internalCacheAdvisor'
  2019-01-28 17:55:32,150 [main] DEBUG - Finished creating instance of bean 'org.springframework.web.servlet.mvc.support.DefaultHandlerExceptionResolver#0'
  2019-01-28 17:55:32,151 [main] DEBUG - Creating shared instance of singleton bean 'org.springframework.web.servlet.handler.BeanNameUrlHandlerMapping'
  2019-01-28 17:55:32,151 [main] DEBUG - Creating instance of bean 'org.springframework.web.servlet.handler.BeanNameUrlHandlerMapping'
  2019-01-28 17:55:32,151 [main] DEBUG - Returning cached instance of singleton bean 'org.springframework.aop.support.DefaultBeanFactoryPointcutAdvisor#0'
  2019-01-28 17:55:32,151 [main] DEBUG - Returning cached instance of singleton bean 'org.springframework.cache.config.internalCacheAdvisor'
  2019-01-28 17:55:32,152 [main] DEBUG - Eagerly caching bean 'org.springframework.web.servlet.handler.BeanNameUrlHandlerMapping' to allow for resolving potential circular references
  2019-01-28 17:55:32,157 [main] DEBUG - Returning cached instance of singleton bean 'mvcCorsConfigurations'
  2019-01-28 17:55:32,158 [main] DEBUG - Returning cached instance of singleton bean 'org.springframework.web.servlet.handler.MappedInterceptor#0'
  2019-01-28 17:55:32,158 [main] DEBUG - Returning cached instance of singleton bean 'org.springframework.web.servlet.handler.MappedInterceptor#1'
  2019-01-28 17:55:32,158 [main] DEBUG - Returning cached instance of singleton bean 'org.springframework.web.servlet.handler.MappedInterceptor#2'
  2019-01-28 17:55:32,159 [main] DEBUG - Looking for URL mappings in application context: org.springframework.context.support.FileSystemXmlApplicationContext@1c30cb85: startup date [Mon Jan 28 17:55:26 CST 2019]; root of context hierarchy
  2019-01-28 17:55:32,159 [main] DEBUG - Rejected bean name 'propertyConfigurer': no URL paths identified
  2019-01-28 17:55:32,159 [main] DEBUG - Rejected bean name 'dataSource': no URL paths identified
  2019-01-28 17:55:32,159 [main] DEBUG - Rejected bean name 'sqlSessionFactory': no URL paths identified
  2019-01-28 17:55:32,160 [main] DEBUG - Rejected bean name 'org.mybatis.spring.mapper.MapperScannerConfigurer#0': no URL paths identified
  2019-01-28 17:55:32,160 [main] DEBUG - Rejected bean name 'transactionManager': no URL paths identified
  2019-01-28 17:55:32,160 [main] DEBUG - Rejected bean name 'org.springframework.scheduling.quartz.SchedulerFactoryBean#0': no URL paths identified
  2019-01-28 17:55:32,160 [main] DEBUG - Rejected bean name 'txAdvice': no URL paths identified
  2019-01-28 17:55:32,160 [main] DEBUG - Rejected bean name 'org.springframework.aop.config.internalAutoProxyCreator': no URL paths identified
  2019-01-28 17:55:32,161 [main] DEBUG - Rejected bean name 'serviceOperation': no URL paths identified
  2019-01-28 17:55:32,161 [main] DEBUG - Rejected bean name 'org.springframework.aop.support.DefaultBeanFactoryPointcutAdvisor#0': no URL paths identified
  2019-01-28 17:55:32,161 [main] DEBUG - Rejected bean name 'batchutil': no URL paths identified
  2019-01-28 17:55:32,161 [main] DEBUG - Rejected bean name 'dynamicallyGeneratedWordUtil': no URL paths identified
  2019-01-28 17:55:32,162 [main] DEBUG - Rejected bean name 'sendPhoneCodeUtil': no URL paths identified
  2019-01-28 17:55:32,162 [main] DEBUG - Rejected bean name 'actGroupEntityService': no URL paths identified
  2019-01-28 17:55:32,162 [main] DEBUG - Rejected bean name 'actUserEntityService': no URL paths identified
  2019-01-28 17:55:32,162 [main] DEBUG - Rejected bean name 'annexFileService': no URL paths identified
  2019-01-28 17:55:32,162 [main] DEBUG - Rejected bean name 'applyButieService': no URL paths identified
  2019-01-28 17:55:32,163 [main] DEBUG - Rejected bean name 'applyChangeService': no URL paths identified
  2019-01-28 17:55:32,163 [main] DEBUG - Rejected bean name 'applyFamilyMemberService': no URL paths identified
  2019-01-28 17:55:32,163 [main] DEBUG - Rejected bean name 'applyForForeignService': no URL paths identified
  2019-01-28 17:55:32,163 [main] DEBUG - Rejected bean name 'applyForgraDuateService': no URL paths identified
  2019-01-28 17:55:32,163 [main] DEBUG - Rejected bean name 'applyNsService': no URL paths identified
  2019-01-28 17:55:32,164 [main] DEBUG - Rejected bean name 'applyService': no URL paths identified
  2019-01-28 17:55:32,164 [main] DEBUG - Rejected bean name 'applyUnitService': no URL paths identified
  2019-01-28 17:55:32,164 [main] DEBUG - Rejected bean name 'applyUserInfoFormService': no URL paths identified
  2019-01-28 17:55:32,164 [main] DEBUG - Rejected bean name 'approveRecordService': no URL paths identified
  2019-01-28 17:55:32,164 [main] DEBUG - Rejected bean name 'approveService': no URL paths identified
  2019-01-28 17:55:32,165 [main] DEBUG - Rejected bean name 'applyUserinfoService': no URL paths identified
  2019-01-28 17:55:32,166 [main] DEBUG - Rejected bean name 'blgshService': no URL paths identified
  2019-01-28 17:55:32,166 [main] DEBUG - Rejected bean name 'bliveGongSService': no URL paths identified
  2019-01-28 17:55:32,166 [main] DEBUG - Rejected bean name 'buidInfoService': no URL paths identified
  2019-01-28 17:55:32,166 [main] DEBUG - Rejected bean name 'messageAndFormService': no URL paths identified
  2019-01-28 17:55:32,166 [main] DEBUG - Rejected bean name 'contractDetailService': no URL paths identified
  2019-01-28 17:55:32,167 [main] DEBUG - Rejected bean name 'contractTemplateService': no URL paths identified
  2019-01-28 17:55:32,167 [main] DEBUG - Rejected bean name 'factMappingService': no URL paths identified
  2019-01-28 17:55:32,167 [main] DEBUG - Rejected bean name 'flowService': no URL paths identified
  2019-01-28 17:55:32,170 [main] DEBUG - Rejected bean name 'hisRentService': no URL paths identified
  2019-01-28 17:55:32,170 [main] DEBUG - Rejected bean name 'articleInfoService': no URL paths identified
  2019-01-28 17:55:32,171 [main] DEBUG - Rejected bean name 'columnInfoService': no URL paths identified
  2019-01-28 17:55:32,171 [main] DEBUG - Rejected bean name 'fileFtpService': no URL paths identified
  2019-01-28 17:55:32,171 [main] DEBUG - Rejected bean name 'homeUserInfoService': no URL paths identified
  2019-01-28 17:55:32,171 [main] DEBUG - Rejected bean name 'imageInfoService': no URL paths identified
  2019-01-28 17:55:32,171 [main] DEBUG - Rejected bean name 'itemCodeInfoService': no URL paths identified
  2019-01-28 17:55:32,172 [main] DEBUG - Rejected bean name 'listNumberService': no URL paths identified
  2019-01-28 17:55:32,172 [main] DEBUG - Rejected bean name 'lotNumService': no URL paths identified
  2019-01-28 17:55:32,172 [main] DEBUG - Rejected bean name 'menuInfoService': no URL paths identified
  2019-01-28 17:55:32,172 [main] DEBUG - Rejected bean name 'menuRoleService': no URL paths identified
  2019-01-28 17:55:32,172 [main] DEBUG - Rejected bean name 'messageService': no URL paths identified
  2019-01-28 17:55:32,173 [main] DEBUG - Rejected bean name 'myTaskService': no URL paths identified
  2019-01-28 17:55:32,173 [main] DEBUG - Rejected bean name 'parmItemService': no URL paths identified
  2019-01-28 17:55:32,173 [main] DEBUG - Rejected bean name 'parmService': no URL paths identified
  2019-01-28 17:55:32,173 [main] DEBUG - Rejected bean name 'qxInfoService': no URL paths identified
  2019-01-28 17:55:32,173 [main] DEBUG - Rejected bean name 'lowSecurityReportService': no URL paths identified
  2019-01-28 17:55:32,174 [main] DEBUG - Rejected bean name 'roleInfoService': no URL paths identified
  2019-01-28 17:55:32,174 [main] DEBUG - Rejected bean name 'scheduleJobService': no URL paths identified
  2019-01-28 17:55:32,174 [main] DEBUG - Rejected bean name 'serialNumService': no URL paths identified
  2019-01-28 17:55:32,174 [main] DEBUG - Rejected bean name 'sourceHouseService': no URL paths identified
  2019-01-28 17:55:32,174 [main] DEBUG - Rejected bean name 'sysExcelInfoService': no URL paths identified
  2019-01-28 17:55:32,175 [main] DEBUG - Rejected bean name 'holidayService': no URL paths identified
  2019-01-28 17:55:32,175 [main] DEBUG - Rejected bean name 'userInfoService': no URL paths identified
  2019-01-28 17:55:32,175 [main] DEBUG - Rejected bean name 'userRoleInfoService': no URL paths identified
  2019-01-28 17:55:32,175 [main] DEBUG - Rejected bean name 'userTaskService': no URL paths identified
  2019-01-28 17:55:32,176 [main] DEBUG - Rejected bean name 'volelearcDtlService': no URL paths identified
  2019-01-28 17:55:32,176 [main] DEBUG - Rejected bean name 'volelearcService': no URL paths identified
  2019-01-28 17:55:32,176 [main] DEBUG - Rejected bean name 'org.springframework.context.annotation.internalConfigurationAnnotationProcessor': no URL paths identified
  2019-01-28 17:55:32,176 [main] DEBUG - Rejected bean name 'org.springframework.context.annotation.internalAutowiredAnnotationProcessor': no URL paths identified
  2019-01-28 17:55:32,177 [main] DEBUG - Rejected bean name 'org.springframework.context.annotation.internalRequiredAnnotationProcessor': no URL paths identified
  2019-01-28 17:55:32,177 [main] DEBUG - Rejected bean name 'org.springframework.context.annotation.internalCommonAnnotationProcessor': no URL paths identified
  2019-01-28 17:55:32,177 [main] DEBUG - Rejected bean name 'org.springframework.context.event.internalEventListenerProcessor': no URL paths identified
  2019-01-28 17:55:32,177 [main] DEBUG - Rejected bean name 'org.springframework.context.event.internalEventListenerFactory': no URL paths identified
  2019-01-28 17:55:32,177 [main] DEBUG - Rejected bean name 'org.springframework.cache.annotation.AnnotationCacheOperationSource#0': no URL paths identified
  2019-01-28 17:55:32,178 [main] DEBUG - Rejected bean name 'org.springframework.cache.interceptor.CacheInterceptor#0': no URL paths identified
  2019-01-28 17:55:32,178 [main] DEBUG - Rejected bean name 'org.springframework.cache.config.internalCacheAdvisor': no URL paths identified
  2019-01-28 17:55:32,178 [main] DEBUG - Rejected bean name 'cacheManager1': no URL paths identified
  2019-01-28 17:55:32,178 [main] DEBUG - Rejected bean name 'ehcache': no URL paths identified
  2019-01-28 17:55:32,178 [main] DEBUG - Rejected bean name 'objectMapper': no URL paths identified
  2019-01-28 17:55:32,179 [main] DEBUG - Rejected bean name 'processEngineConfiguration': no URL paths identified
  2019-01-28 17:55:32,179 [main] DEBUG - Rejected bean name 'processEngine': no URL paths identified
  2019-01-28 17:55:32,179 [main] DEBUG - Rejected bean name 'repositoryService': no URL paths identified
  2019-01-28 17:55:32,179 [main] DEBUG - Rejected bean name 'runtimeService': no URL paths identified
  2019-01-28 17:55:32,179 [main] DEBUG - Rejected bean name 'taskService': no URL paths identified
  2019-01-28 17:55:32,180 [main] DEBUG - Rejected bean name 'historyService': no URL paths identified
  2019-01-28 17:55:32,180 [main] DEBUG - Rejected bean name 'managementService': no URL paths identified
  2019-01-28 17:55:32,180 [main] DEBUG - Rejected bean name 'identityService': no URL paths identified
  2019-01-28 17:55:32,180 [main] DEBUG - Rejected bean name 'formService': no URL paths identified
  2019-01-28 17:55:32,181 [main] DEBUG - Rejected bean name 'mvcContentNegotiationManager': no URL paths identified
  2019-01-28 17:55:32,181 [main] DEBUG - Rejected bean name 'org.springframework.web.servlet.mvc.method.annotation.RequestMappingHandlerMapping': no URL paths identified
  2019-01-28 17:55:32,181 [main] DEBUG - Rejected bean name 'mvcCorsConfigurations': no URL paths identified
  2019-01-28 17:55:32,181 [main] DEBUG - Rejected bean name 'org.springframework.format.support.FormattingConversionServiceFactoryBean#0': no URL paths identified
  2019-01-28 17:55:32,181 [main] DEBUG - Rejected bean name 'org.springframework.web.servlet.mvc.method.annotation.RequestMappingHandlerAdapter': no URL paths identified
  2019-01-28 17:55:32,182 [main] DEBUG - Rejected bean name 'mvcUriComponentsContributor': no URL paths identified
  2019-01-28 17:55:32,182 [main] DEBUG - Rejected bean name 'org.springframework.web.servlet.handler.MappedInterceptor#0': no URL paths identified
  2019-01-28 17:55:32,182 [main] DEBUG - Rejected bean name 'org.springframework.web.servlet.mvc.method.annotation.ExceptionHandlerExceptionResolver#0': no URL paths identified
  2019-01-28 17:55:32,183 [main] DEBUG - Rejected bean name 'org.springframework.web.servlet.mvc.annotation.ResponseStatusExceptionResolver#0': no URL paths identified
  2019-01-28 17:55:32,183 [main] DEBUG - Rejected bean name 'org.springframework.web.servlet.mvc.support.DefaultHandlerExceptionResolver#0': no URL paths identified
  2019-01-28 17:55:32,183 [main] DEBUG - Rejected bean name 'org.springframework.web.servlet.handler.BeanNameUrlHandlerMapping': no URL paths identified
  2019-01-28 17:55:32,184 [main] DEBUG - Rejected bean name 'org.springframework.web.servlet.mvc.HttpRequestHandlerAdapter': no URL paths identified
  2019-01-28 17:55:32,184 [main] DEBUG - Rejected bean name 'org.springframework.web.servlet.mvc.SimpleControllerHandlerAdapter': no URL paths identified
  2019-01-28 17:55:32,184 [main] DEBUG - Rejected bean name 'org.springframework.format.support.FormattingConversionServiceFactoryBean#1': no URL paths identified
  2019-01-28 17:55:32,184 [main] DEBUG - Rejected bean name 'org.springframework.web.servlet.handler.MappedInterceptor#1': no URL paths identified
  2019-01-28 17:55:32,184 [main] DEBUG - Rejected bean name 'org.springframework.web.servlet.mvc.method.annotation.ExceptionHandlerExceptionResolver#1': no URL paths identified
  2019-01-28 17:55:32,185 [main] DEBUG - Rejected bean name 'org.springframework.web.servlet.mvc.annotation.ResponseStatusExceptionResolver#1': no URL paths identified
  2019-01-28 17:55:32,185 [main] DEBUG - Rejected bean name 'org.springframework.web.servlet.mvc.support.DefaultHandlerExceptionResolver#1': no URL paths identified
  2019-01-28 17:55:32,185 [main] DEBUG - Rejected bean name 'viewResolver': no URL paths identified
  2019-01-28 17:55:32,185 [main] DEBUG - Rejected bean name 'org.springframework.web.servlet.handler.MappedInterceptor#2': no URL paths identified
  2019-01-28 17:55:32,185 [main] DEBUG - Rejected bean name 'multipartResolver': no URL paths identified
  2019-01-28 17:55:32,186 [main] DEBUG - Rejected bean name 'stringHttpMessageConverter': no URL paths identified
  2019-01-28 17:55:32,186 [main] DEBUG - Rejected bean name 'appApplyController': no URL paths identified
  2019-01-28 17:55:32,186 [main] DEBUG - Rejected bean name 'appController': no URL paths identified
  2019-01-28 17:55:32,186 [main] DEBUG - Rejected bean name 'appLoginController': no URL paths identified
  2019-01-28 17:55:32,186 [main] DEBUG - Rejected bean name 'applyButieController': no URL paths identified
  2019-01-28 17:55:32,187 [main] DEBUG - Rejected bean name 'applyChangeController': no URL paths identified
  2019-01-28 17:55:32,187 [main] DEBUG - Rejected bean name 'applyController': no URL paths identified
  2019-01-28 17:55:32,187 [main] DEBUG - Rejected bean name 'applyForForeginController': no URL paths identified
  2019-01-28 17:55:32,187 [main] DEBUG - Rejected bean name 'applyForgraDuateController': no URL paths identified
  2019-01-28 17:55:32,187 [main] DEBUG - Rejected bean name 'applyNsController': no URL paths identified
  2019-01-28 17:55:32,188 [main] DEBUG - Rejected bean name 'applyTypeController': no URL paths identified
  2019-01-28 17:55:32,188 [main] DEBUG - Rejected bean name 'applyUserInfoFormController': no URL paths identified
  2019-01-28 17:55:32,188 [main] DEBUG - Rejected bean name 'approveController': no URL paths identified
  2019-01-28 17:55:32,188 [main] DEBUG - Rejected bean name 'applyUserinfoController': no URL paths identified
  2019-01-28 17:55:32,188 [main] DEBUG - Rejected bean name 'blgshController': no URL paths identified
  2019-01-28 17:55:32,189 [main] DEBUG - Rejected bean name 'bliveGongSController': no URL paths identified
  2019-01-28 17:55:32,189 [main] DEBUG - Rejected bean name 'contractDetailController': no URL paths identified
  2019-01-28 17:55:32,189 [main] DEBUG - Rejected bean name 'contractTemplateController': no URL paths identified
  2019-01-28 17:55:32,189 [main] DEBUG - Rejected bean name 'exportExcelController': no URL paths identified
  2019-01-28 17:55:32,189 [main] DEBUG - Rejected bean name 'fileController': no URL paths identified
  2019-01-28 17:55:32,190 [main] DEBUG - Rejected bean name 'articleInfoController': no URL paths identified
  2019-01-28 17:55:32,190 [main] DEBUG - Rejected bean name 'columnInfoController': no URL paths identified
  2019-01-28 17:55:32,190 [main] DEBUG - Rejected bean name 'fileFtpController': no URL paths identified
  2019-01-28 17:55:32,190 [main] DEBUG - Rejected bean name 'homeUserInfoController': no URL paths identified
  2019-01-28 17:55:32,190 [main] DEBUG - Rejected bean name 'pageColumnController': no URL paths identified
  2019-01-28 17:55:32,191 [main] DEBUG - Rejected bean name 'buidInfoController': no URL paths identified
  2019-01-28 17:55:32,191 [main] DEBUG - Rejected bean name 'factMappingController': no URL paths identified
  2019-01-28 17:55:32,191 [main] DEBUG - Rejected bean name 'hisRentController': no URL paths identified
  2019-01-28 17:55:32,191 [main] DEBUG - Rejected bean name 'itemCodeInfoController': no URL paths identified
  2019-01-28 17:55:32,191 [main] DEBUG - Rejected bean name 'sourceHouseController': no URL paths identified
  2019-01-28 17:55:32,192 [main] DEBUG - Rejected bean name 'imageInfoController': no URL paths identified
  2019-01-28 17:55:32,192 [main] DEBUG - Rejected bean name 'loginController': no URL paths identified
  2019-01-28 17:55:32,192 [main] DEBUG - Rejected bean name 'lotNumMaController': no URL paths identified
  2019-01-28 17:55:32,192 [main] DEBUG - Rejected bean name 'messageController': no URL paths identified
  2019-01-28 17:55:32,192 [main] DEBUG - Rejected bean name 'pathController': no URL paths identified
  2019-01-28 17:55:32,193 [main] DEBUG - Rejected bean name 'lowSecurityReportController': no URL paths identified
  2019-01-28 17:55:32,193 [main] DEBUG - Rejected bean name 'flowController': no URL paths identified
  2019-01-28 17:55:32,193 [main] DEBUG - Rejected bean name 'holidayController': no URL paths identified
  2019-01-28 17:55:32,193 [main] DEBUG - Rejected bean name 'menuInfoController': no URL paths identified
  2019-01-28 17:55:32,194 [main] DEBUG - Rejected bean name 'menuRoleController': no URL paths identified
  2019-01-28 17:55:32,194 [main] DEBUG - Rejected bean name 'parmController': no URL paths identified
  2019-01-28 17:55:32,194 [main] DEBUG - Rejected bean name 'parmItemController': no URL paths identified
  2019-01-28 17:55:32,194 [main] DEBUG - Rejected bean name 'qxInfoController': no URL paths identified
  2019-01-28 17:55:32,194 [main] DEBUG - Rejected bean name 'roleInfoController': no URL paths identified
  2019-01-28 17:55:32,195 [main] DEBUG - Rejected bean name 'userInfoController': no URL paths identified
  2019-01-28 17:55:32,195 [main] DEBUG - Rejected bean name 'userRoleInfoController': no URL paths identified
  2019-01-28 17:55:32,195 [main] DEBUG - Rejected bean name 'taskController': no URL paths identified
  2019-01-28 17:55:32,195 [main] DEBUG - Rejected bean name 'taskNsController': no URL paths identified
  2019-01-28 17:55:32,195 [main] DEBUG - Rejected bean name 'testController': no URL paths identified
  2019-01-28 17:55:32,196 [main] DEBUG - Rejected bean name 'uploadController': no URL paths identified
  2019-01-28 17:55:32,196 [main] DEBUG - Rejected bean name 'volelearcController': no URL paths identified
  2019-01-28 17:55:32,196 [main] DEBUG - Rejected bean name 'org.springframework.web.servlet.resource.DefaultServletHttpRequestHandler#0': no URL paths identified
  2019-01-28 17:55:32,196 [main] DEBUG - Rejected bean name 'org.springframework.web.servlet.handler.SimpleUrlHandlerMapping#0': no URL paths identified
  2019-01-28 17:55:32,196 [main] DEBUG - Rejected bean name 'annexFileMapper': no URL paths identified
  2019-01-28 17:55:32,197 [main] DEBUG - Rejected bean name 'applyButieMapper': no URL paths identified
  2019-01-28 17:55:32,197 [main] DEBUG - Rejected bean name 'applyChangeMapper': no URL paths identified
  2019-01-28 17:55:32,197 [main] DEBUG - Rejected bean name 'applyFamilyHouseChangeMapper': no URL paths identified
  2019-01-28 17:55:32,197 [main] DEBUG - Rejected bean name 'applyFamilyHouseMapper': no URL paths identified
  2019-01-28 17:55:32,197 [main] DEBUG - Rejected bean name 'applyFamilyMemberMapper': no URL paths identified
  2019-01-28 17:55:32,198 [main] DEBUG - Rejected bean name 'applyForForeignMapper': no URL paths identified
  2019-01-28 17:55:32,198 [main] DEBUG - Rejected bean name 'applyForgraDuateMapper': no URL paths identified
  2019-01-28 17:55:32,198 [main] DEBUG - Rejected bean name 'applyMapper': no URL paths identified
  2019-01-28 17:55:32,198 [main] DEBUG - Rejected bean name 'applyNsMapper': no URL paths identified
  2019-01-28 17:55:32,199 [main] DEBUG - Rejected bean name 'applyUnitMapper': no URL paths identified
  2019-01-28 17:55:32,199 [main] DEBUG - Rejected bean name 'approveMapper': no URL paths identified
  2019-01-28 17:55:32,199 [main] DEBUG - Rejected bean name 'approveRecordMapper': no URL paths identified
  2019-01-28 17:55:32,199 [main] DEBUG - Rejected bean name 'applyUserInfoFormMapper': no URL paths identified
  2019-01-28 17:55:32,199 [main] DEBUG - Rejected bean name 'applyUserinfoMapper': no URL paths identified
  2019-01-28 17:55:32,200 [main] DEBUG - Rejected bean name 'articleInfoMapper': no URL paths identified
  2019-01-28 17:55:32,200 [main] DEBUG - Rejected bean name 'blgshMapper': no URL paths identified
  2019-01-28 17:55:32,200 [main] DEBUG - Rejected bean name 'bliveGongsDetailMapper': no URL paths identified
  2019-01-28 17:55:32,200 [main] DEBUG - Rejected bean name 'bliveGongSMapper': no URL paths identified
  2019-01-28 17:55:32,201 [main] DEBUG - Rejected bean name 'buidInfoMapper': no URL paths identified
  2019-01-28 17:55:32,201 [main] DEBUG - Rejected bean name 'columnInfoMapper': no URL paths identified
  2019-01-28 17:55:32,201 [main] DEBUG - Rejected bean name 'contractDetailMapper': no URL paths identified
  2019-01-28 17:55:32,201 [main] DEBUG - Rejected bean name 'contractMapper': no URL paths identified
  2019-01-28 17:55:32,202 [main] DEBUG - Rejected bean name 'contractTemplateMapper': no URL paths identified
  2019-01-28 17:55:32,202 [main] DEBUG - Rejected bean name 'excelMapper': no URL paths identified
  2019-01-28 17:55:32,203 [main] DEBUG - Rejected bean name 'factMappingMapper': no URL paths identified
  2019-01-28 17:55:32,203 [main] DEBUG - Rejected bean name 'hisRentMapper': no URL paths identified
  2019-01-28 17:55:32,203 [main] DEBUG - Rejected bean name 'holidayMapper': no URL paths identified
  2019-01-28 17:55:32,203 [main] DEBUG - Rejected bean name 'homeUserInfoMapper': no URL paths identified
  2019-01-28 17:55:32,203 [main] DEBUG - Rejected bean name 'imageInfoMapper': no URL paths identified
  2019-01-28 17:55:32,204 [main] DEBUG - Rejected bean name 'IMapper': no URL paths identified
  2019-01-28 17:55:32,204 [main] DEBUG - Rejected bean name 'itemCodeInfoMapper': no URL paths identified
  2019-01-28 17:55:32,204 [main] DEBUG - Rejected bean name 'listNumberMapper': no URL paths identified
  2019-01-28 17:55:32,204 [main] DEBUG - Rejected bean name 'lotNumMapper': no URL paths identified
  2019-01-28 17:55:32,204 [main] DEBUG - Rejected bean name 'menuInfoMapper': no URL paths identified
  2019-01-28 17:55:32,205 [main] DEBUG - Rejected bean name 'menuRoleInfoMapper': no URL paths identified
  2019-01-28 17:55:32,205 [main] DEBUG - Rejected bean name 'messageMapper': no URL paths identified
  2019-01-28 17:55:32,205 [main] DEBUG - Rejected bean name 'parmItemMapper': no URL paths identified
  2019-01-28 17:55:32,205 [main] DEBUG - Rejected bean name 'parmMapper': no URL paths identified
  2019-01-28 17:55:32,206 [main] DEBUG - Rejected bean name 'qxInfoMapper': no URL paths identified
  2019-01-28 17:55:32,206 [main] DEBUG - Rejected bean name 'qxRoleInfoMapper': no URL paths identified
  2019-01-28 17:55:32,206 [main] DEBUG - Rejected bean name 'lowSecurityReportMapper': no URL paths identified
  2019-01-28 17:55:32,206 [main] DEBUG - Rejected bean name 'roleInfoMapper': no URL paths identified
  2019-01-28 17:55:32,206 [main] DEBUG - Rejected bean name 'serialNumHeadMapper': no URL paths identified
  2019-01-28 17:55:32,207 [main] DEBUG - Rejected bean name 'serialNumLineMapper': no URL paths identified
  2019-01-28 17:55:32,207 [main] DEBUG - Rejected bean name 'sourceHouseMapper': no URL paths identified
  2019-01-28 17:55:32,207 [main] DEBUG - Rejected bean name 'userInfoMapper': no URL paths identified
  2019-01-28 17:55:32,207 [main] DEBUG - Rejected bean name 'userRoleInfoMapper': no URL paths identified
  2019-01-28 17:55:32,207 [main] DEBUG - Rejected bean name 'userTaskMapper': no URL paths identified
  2019-01-28 17:55:32,208 [main] DEBUG - Rejected bean name 'volelearcDtlMapper': no URL paths identified
  2019-01-28 17:55:32,208 [main] DEBUG - Rejected bean name 'volelearcMapper': no URL paths identified
  2019-01-28 17:55:32,208 [main] DEBUG - Rejected bean name 'environment': no URL paths identified
  2019-01-28 17:55:32,208 [main] DEBUG - Rejected bean name 'systemProperties': no URL paths identified
  2019-01-28 17:55:32,208 [main] DEBUG - Rejected bean name 'systemEnvironment': no URL paths identified
  2019-01-28 17:55:32,209 [main] DEBUG - Rejected bean name 'org.springframework.context.annotation.ConfigurationClassPostProcessor.importRegistry': no URL paths identified
  2019-01-28 17:55:32,209 [main] DEBUG - Rejected bean name 'messageSource': no URL paths identified
  2019-01-28 17:55:32,209 [main] DEBUG - Rejected bean name 'applicationEventMulticaster': no URL paths identified
  2019-01-28 17:55:32,209 [main] DEBUG - Returning cached instance of singleton bean 'org.springframework.aop.support.DefaultBeanFactoryPointcutAdvisor#0'
  2019-01-28 17:55:32,209 [main] DEBUG - Returning cached instance of singleton bean 'org.springframework.cache.config.internalCacheAdvisor'
  2019-01-28 17:55:32,210 [main] DEBUG - Returning cached instance of singleton bean 'org.springframework.aop.support.DefaultBeanFactoryPointcutAdvisor#0'
  2019-01-28 17:55:32,210 [main] DEBUG - Returning cached instance of singleton bean 'org.springframework.cache.config.internalCacheAdvisor'
  2019-01-28 17:55:32,212 [main] DEBUG - Finished creating instance of bean 'org.springframework.web.servlet.handler.BeanNameUrlHandlerMapping'
  2019-01-28 17:55:32,212 [main] DEBUG - Creating shared instance of singleton bean 'org.springframework.web.servlet.mvc.HttpRequestHandlerAdapter'
  2019-01-28 17:55:32,213 [main] DEBUG - Creating instance of bean 'org.springframework.web.servlet.mvc.HttpRequestHandlerAdapter'
  2019-01-28 17:55:32,213 [main] DEBUG - Returning cached instance of singleton bean 'org.springframework.aop.support.DefaultBeanFactoryPointcutAdvisor#0'
  2019-01-28 17:55:32,213 [main] DEBUG - Returning cached instance of singleton bean 'org.springframework.cache.config.internalCacheAdvisor'
  2019-01-28 17:55:32,214 [main] DEBUG - Eagerly caching bean 'org.springframework.web.servlet.mvc.HttpRequestHandlerAdapter' to allow for resolving potential circular references
  2019-01-28 17:55:32,215 [main] DEBUG - Returning cached instance of singleton bean 'org.springframework.aop.support.DefaultBeanFactoryPointcutAdvisor#0'
  2019-01-28 17:55:32,216 [main] DEBUG - Returning cached instance of singleton bean 'org.springframework.cache.config.internalCacheAdvisor'
  2019-01-28 17:55:32,216 [main] DEBUG - Returning cached instance of singleton bean 'org.springframework.aop.support.DefaultBeanFactoryPointcutAdvisor#0'
  2019-01-28 17:55:32,216 [main] DEBUG - Returning cached instance of singleton bean 'org.springframework.cache.config.internalCacheAdvisor'
  2019-01-28 17:55:32,217 [main] DEBUG - Finished creating instance of bean 'org.springframework.web.servlet.mvc.HttpRequestHandlerAdapter'
  2019-01-28 17:55:32,217 [main] DEBUG - Creating shared instance of singleton bean 'org.springframework.web.servlet.mvc.SimpleControllerHandlerAdapter'
  2019-01-28 17:55:32,217 [main] DEBUG - Creating instance of bean 'org.springframework.web.servlet.mvc.SimpleControllerHandlerAdapter'
  2019-01-28 17:55:32,218 [main] DEBUG - Returning cached instance of singleton bean 'org.springframework.aop.support.DefaultBeanFactoryPointcutAdvisor#0'
  2019-01-28 17:55:32,218 [main] DEBUG - Returning cached instance of singleton bean 'org.springframework.cache.config.internalCacheAdvisor'
  2019-01-28 17:55:32,218 [main] DEBUG - Eagerly caching bean 'org.springframework.web.servlet.mvc.SimpleControllerHandlerAdapter' to allow for resolving potential circular references
  2019-01-28 17:55:32,219 [main] DEBUG - Returning cached instance of singleton bean 'org.springframework.aop.support.DefaultBeanFactoryPointcutAdvisor#0'
  2019-01-28 17:55:32,220 [main] DEBUG - Returning cached instance of singleton bean 'org.springframework.cache.config.internalCacheAdvisor'
  2019-01-28 17:55:32,220 [main] DEBUG - Returning cached instance of singleton bean 'org.springframework.aop.support.DefaultBeanFactoryPointcutAdvisor#0'
  2019-01-28 17:55:32,220 [main] DEBUG - Returning cached instance of singleton bean 'org.springframework.cache.config.internalCacheAdvisor'
  2019-01-28 17:55:32,221 [main] DEBUG - Finished creating instance of bean 'org.springframework.web.servlet.mvc.SimpleControllerHandlerAdapter'
  2019-01-28 17:55:32,223 [main] DEBUG - Returning cached instance of singleton bean 'org.springframework.format.support.FormattingConversionServiceFactoryBean#1'
  2019-01-28 17:55:32,224 [main] DEBUG - Returning cached instance of singleton bean 'org.springframework.web.servlet.handler.MappedInterceptor#1'
  2019-01-28 17:55:32,224 [main] DEBUG - Creating shared instance of singleton bean 'org.springframework.web.servlet.mvc.method.annotation.ExceptionHandlerExceptionResolver#1'
  2019-01-28 17:55:32,225 [main] DEBUG - Creating instance of bean 'org.springframework.web.servlet.mvc.method.annotation.ExceptionHandlerExceptionResolver#1'
  2019-01-28 17:55:32,225 [main] DEBUG - Returning cached instance of singleton bean 'org.springframework.aop.support.DefaultBeanFactoryPointcutAdvisor#0'
  2019-01-28 17:55:32,225 [main] DEBUG - Returning cached instance of singleton bean 'org.springframework.cache.config.internalCacheAdvisor'
  2019-01-28 17:55:32,231 [main] DEBUG - Eagerly caching bean 'org.springframework.web.servlet.mvc.method.annotation.ExceptionHandlerExceptionResolver#1' to allow for resolving potential circular references
  2019-01-28 17:55:32,231 [main] DEBUG - Returning cached instance of singleton bean 'mvcContentNegotiationManager'
  2019-01-28 17:55:32,232 [main] DEBUG - Returning cached instance of singleton bean 'stringHttpMessageConverter'
  2019-01-28 17:55:32,232 [main] DEBUG - Creating instance of bean 'org.springframework.http.converter.json.MappingJackson2HttpMessageConverter#0#2'
  2019-01-28 17:55:32,232 [main] DEBUG - Returning cached instance of singleton bean 'org.springframework.aop.support.DefaultBeanFactoryPointcutAdvisor#0'
  2019-01-28 17:55:32,232 [main] DEBUG - Returning cached instance of singleton bean 'org.springframework.cache.config.internalCacheAdvisor'
  2019-01-28 17:55:32,238 [main] DEBUG - Creating instance of bean 'com.sys.common.dataconver.CustomObjectMapper#79d7035#2'
  2019-01-28 17:55:32,238 [main] DEBUG - Returning cached instance of singleton bean 'org.springframework.aop.support.DefaultBeanFactoryPointcutAdvisor#0'
  2019-01-28 17:55:32,238 [main] DEBUG - Returning cached instance of singleton bean 'org.springframework.cache.config.internalCacheAdvisor'
  2019-01-28 17:55:32,242 [main] DEBUG - Creating instance of bean 'java.text.SimpleDateFormat#457a5b2d#2'
  2019-01-28 17:55:32,274 [main] DEBUG - Returning cached instance of singleton bean 'org.springframework.aop.support.DefaultBeanFactoryPointcutAdvisor#0'
  2019-01-28 17:55:32,274 [main] DEBUG - Returning cached instance of singleton bean 'org.springframework.cache.config.internalCacheAdvisor'
  2019-01-28 17:55:32,276 [main] DEBUG - Returning cached instance of singleton bean 'org.springframework.aop.support.DefaultBeanFactoryPointcutAdvisor#0'
  2019-01-28 17:55:32,276 [main] DEBUG - Returning cached instance of singleton bean 'org.springframework.cache.config.internalCacheAdvisor'
  2019-01-28 17:55:32,277 [main] DEBUG - Returning cached instance of singleton bean 'org.springframework.aop.support.DefaultBeanFactoryPointcutAdvisor#0'
  2019-01-28 17:55:32,277 [main] DEBUG - Returning cached instance of singleton bean 'org.springframework.cache.config.internalCacheAdvisor'
  2019-01-28 17:55:32,277 [main] DEBUG - Finished creating instance of bean 'java.text.SimpleDateFormat#457a5b2d#2'
  2019-01-28 17:55:32,278 [main] DEBUG - Returning cached instance of singleton bean 'org.springframework.aop.support.DefaultBeanFactoryPointcutAdvisor#0'
  2019-01-28 17:55:32,278 [main] DEBUG - Returning cached instance of singleton bean 'org.springframework.cache.config.internalCacheAdvisor'
  2019-01-28 17:55:32,278 [main] DEBUG - Returning cached instance of singleton bean 'org.springframework.aop.support.DefaultBeanFactoryPointcutAdvisor#0'
  2019-01-28 17:55:32,279 [main] DEBUG - Returning cached instance of singleton bean 'org.springframework.cache.config.internalCacheAdvisor'
  2019-01-28 17:55:32,281 [main] DEBUG - Finished creating instance of bean 'com.sys.common.dataconver.CustomObjectMapper#79d7035#2'
  2019-01-28 17:55:32,282 [main] DEBUG - Returning cached instance of singleton bean 'org.springframework.aop.support.DefaultBeanFactoryPointcutAdvisor#0'
  2019-01-28 17:55:32,282 [main] DEBUG - Returning cached instance of singleton bean 'org.springframework.cache.config.internalCacheAdvisor'
  2019-01-28 17:55:32,283 [main] DEBUG - Returning cached instance of singleton bean 'org.springframework.aop.support.DefaultBeanFactoryPointcutAdvisor#0'
  2019-01-28 17:55:32,283 [main] DEBUG - Returning cached instance of singleton bean 'org.springframework.cache.config.internalCacheAdvisor'
  2019-01-28 17:55:32,284 [main] DEBUG - Finished creating instance of bean 'org.springframework.http.converter.json.MappingJackson2HttpMessageConverter#0#2'
  2019-01-28 17:55:32,284 [main] DEBUG - Creating instance of bean '(inner bean)#514377fc#2'
  2019-01-28 17:55:32,284 [main] DEBUG - Returning cached instance of singleton bean 'org.springframework.aop.support.DefaultBeanFactoryPointcutAdvisor#0'
  2019-01-28 17:55:32,284 [main] DEBUG - Returning cached instance of singleton bean 'org.springframework.cache.config.internalCacheAdvisor'
  2019-01-28 17:55:32,285 [main] DEBUG - Returning cached instance of singleton bean 'org.springframework.aop.support.DefaultBeanFactoryPointcutAdvisor#0'
  2019-01-28 17:55:32,285 [main] DEBUG - Returning cached instance of singleton bean 'org.springframework.cache.config.internalCacheAdvisor'
  2019-01-28 17:55:32,285 [main] DEBUG - Returning cached instance of singleton bean 'org.springframework.aop.support.DefaultBeanFactoryPointcutAdvisor#0'
  2019-01-28 17:55:32,785 [main] DEBUG - Returning cached instance of singleton bean 'org.springframework.cache.config.internalCacheAdvisor'
  2019-01-28 17:55:32,786 [main] DEBUG - Finished creating instance of bean '(inner bean)#514377fc#2'
  2019-01-28 17:55:32,787 [main] DEBUG - Creating instance of bean '(inner bean)#2e4eda17#2'
  2019-01-28 17:55:32,787 [main] DEBUG - Returning cached instance of singleton bean 'org.springframework.aop.support.DefaultBeanFactoryPointcutAdvisor#0'
  2019-01-28 17:55:32,788 [main] DEBUG - Returning cached instance of singleton bean 'org.springframework.cache.config.internalCacheAdvisor'
  2019-01-28 17:55:32,788 [main] DEBUG - Returning cached instance of singleton bean 'org.springframework.aop.support.DefaultBeanFactoryPointcutAdvisor#0'
  2019-01-28 17:55:32,789 [main] DEBUG - Returning cached instance of singleton bean 'org.springframework.cache.config.internalCacheAdvisor'
  2019-01-28 17:55:32,789 [main] DEBUG - Returning cached instance of singleton bean 'org.springframework.aop.support.DefaultBeanFactoryPointcutAdvisor#0'
  2019-01-28 17:55:32,789 [main] DEBUG - Returning cached instance of singleton bean 'org.springframework.cache.config.internalCacheAdvisor'
  2019-01-28 17:55:32,790 [main] DEBUG - Finished creating instance of bean '(inner bean)#2e4eda17#2'
  2019-01-28 17:55:32,791 [main] DEBUG - Creating instance of bean '(inner bean)#7b5021d1#2'
  2019-01-28 17:55:32,791 [main] DEBUG - Returning cached instance of singleton bean 'org.springframework.aop.support.DefaultBeanFactoryPointcutAdvisor#0'
  2019-01-28 17:55:32,792 [main] DEBUG - Returning cached instance of singleton bean 'org.springframework.cache.config.internalCacheAdvisor'
  2019-01-28 17:55:32,792 [main] DEBUG - Returning cached instance of singleton bean 'org.springframework.aop.support.DefaultBeanFactoryPointcutAdvisor#0'
  2019-01-28 17:55:32,793 [main] DEBUG - Returning cached instance of singleton bean 'org.springframework.cache.config.internalCacheAdvisor'
  2019-01-28 17:55:32,793 [main] DEBUG - Returning cached instance of singleton bean 'org.springframework.aop.support.DefaultBeanFactoryPointcutAdvisor#0'
  2019-01-28 17:55:32,793 [main] DEBUG - Returning cached instance of singleton bean 'org.springframework.cache.config.internalCacheAdvisor'
  2019-01-28 17:55:32,795 [main] DEBUG - Finished creating instance of bean '(inner bean)#7b5021d1#2'
  2019-01-28 17:55:32,795 [main] DEBUG - Creating instance of bean '(inner bean)#6befbb12#2'
  2019-01-28 17:55:32,796 [main] DEBUG - Returning cached instance of singleton bean 'org.springframework.aop.support.DefaultBeanFactoryPointcutAdvisor#0'
  2019-01-28 17:55:32,796 [main] DEBUG - Returning cached instance of singleton bean 'org.springframework.cache.config.internalCacheAdvisor'
  2019-01-28 17:55:32,797 [main] DEBUG - Returning cached instance of singleton bean 'org.springframework.aop.support.DefaultBeanFactoryPointcutAdvisor#0'
  2019-01-28 17:55:32,798 [main] DEBUG - Returning cached instance of singleton bean 'org.springframework.cache.config.internalCacheAdvisor'
  2019-01-28 17:55:32,798 [main] DEBUG - Returning cached instance of singleton bean 'org.springframework.aop.support.DefaultBeanFactoryPointcutAdvisor#0'
  2019-01-28 17:55:32,798 [main] DEBUG - Returning cached instance of singleton bean 'org.springframework.cache.config.internalCacheAdvisor'
  2019-01-28 17:55:32,799 [main] DEBUG - Finished creating instance of bean '(inner bean)#6befbb12#2'
  2019-01-28 17:55:32,800 [main] DEBUG - Creating instance of bean '(inner bean)#7af1d072#2'
  2019-01-28 17:55:32,800 [main] DEBUG - Returning cached instance of singleton bean 'org.springframework.aop.support.DefaultBeanFactoryPointcutAdvisor#0'
  2019-01-28 17:55:32,801 [main] DEBUG - Returning cached instance of singleton bean 'org.springframework.cache.config.internalCacheAdvisor'
  2019-01-28 17:55:32,807 [main] DEBUG - Returning cached instance of singleton bean 'org.springframework.aop.support.DefaultBeanFactoryPointcutAdvisor#0'
  2019-01-28 17:55:32,808 [main] DEBUG - Returning cached instance of singleton bean 'org.springframework.cache.config.internalCacheAdvisor'
  2019-01-28 17:55:32,808 [main] DEBUG - Returning cached instance of singleton bean 'org.springframework.aop.support.DefaultBeanFactoryPointcutAdvisor#0'
  2019-01-28 17:55:32,809 [main] DEBUG - Returning cached instance of singleton bean 'org.springframework.cache.config.internalCacheAdvisor'
  2019-01-28 17:55:32,809 [main] DEBUG - Finished creating instance of bean '(inner bean)#7af1d072#2'
  2019-01-28 17:55:32,809 [main] DEBUG - Creating instance of bean '(inner bean)#17216605#2'
  2019-01-28 17:55:32,810 [main] DEBUG - Returning cached instance of singleton bean 'org.springframework.aop.support.DefaultBeanFactoryPointcutAdvisor#0'
  2019-01-28 17:55:32,810 [main] DEBUG - Returning cached instance of singleton bean 'org.springframework.cache.config.internalCacheAdvisor'
  2019-01-28 17:55:32,811 [main] DEBUG - Returning cached instance of singleton bean 'org.springframework.aop.support.DefaultBeanFactoryPointcutAdvisor#0'
  2019-01-28 17:55:32,814 [main] DEBUG - Returning cached instance of singleton bean 'org.springframework.cache.config.internalCacheAdvisor'
  2019-01-28 17:55:32,815 [main] DEBUG - Returning cached instance of singleton bean 'org.springframework.aop.support.DefaultBeanFactoryPointcutAdvisor#0'
  2019-01-28 17:55:32,815 [main] DEBUG - Returning cached instance of singleton bean 'org.springframework.cache.config.internalCacheAdvisor'
  2019-01-28 17:55:32,816 [main] DEBUG - Finished creating instance of bean '(inner bean)#17216605#2'
  2019-01-28 17:55:32,816 [main] DEBUG - Creating instance of bean '(inner bean)#11826398#2'
  2019-01-28 17:55:32,816 [main] DEBUG - Returning cached instance of singleton bean 'org.springframework.aop.support.DefaultBeanFactoryPointcutAdvisor#0'
  2019-01-28 17:55:32,817 [main] DEBUG - Returning cached instance of singleton bean 'org.springframework.cache.config.internalCacheAdvisor'
  2019-01-28 17:55:32,817 [main] DEBUG - Creating instance of bean '(inner bean)#6c5ca0b6#2'
  2019-01-28 17:55:32,817 [main] DEBUG - Returning cached instance of singleton bean 'org.springframework.aop.support.DefaultBeanFactoryPointcutAdvisor#0'
  2019-01-28 17:55:32,818 [main] DEBUG - Returning cached instance of singleton bean 'org.springframework.cache.config.internalCacheAdvisor'
  2019-01-28 17:55:32,818 [main] DEBUG - Invoking afterPropertiesSet() on bean with name '(inner bean)#6c5ca0b6#2'
  2019-01-28 17:55:32,824 [main] DEBUG - Returning cached instance of singleton bean 'org.springframework.aop.support.DefaultBeanFactoryPointcutAdvisor#0'
  2019-01-28 17:55:32,833 [main] DEBUG - Returning cached instance of singleton bean 'org.springframework.cache.config.internalCacheAdvisor'
  2019-01-28 17:55:32,833 [main] DEBUG - Returning cached instance of singleton bean 'org.springframework.aop.support.DefaultBeanFactoryPointcutAdvisor#0'
  2019-01-28 17:55:32,833 [main] DEBUG - Returning cached instance of singleton bean 'org.springframework.cache.config.internalCacheAdvisor'
  2019-01-28 17:55:32,834 [main] DEBUG - Finished creating instance of bean '(inner bean)#6c5ca0b6#2'
  2019-01-28 17:55:32,834 [main] DEBUG - Returning cached instance of singleton bean 'org.springframework.aop.support.DefaultBeanFactoryPointcutAdvisor#0'
  2019-01-28 17:55:32,835 [main] DEBUG - Returning cached instance of singleton bean 'org.springframework.cache.config.internalCacheAdvisor'
  2019-01-28 17:55:32,835 [main] DEBUG - Returning cached instance of singleton bean 'org.springframework.aop.support.DefaultBeanFactoryPointcutAdvisor#0'
  2019-01-28 17:55:32,835 [main] DEBUG - Returning cached instance of singleton bean 'org.springframework.cache.config.internalCacheAdvisor'
  2019-01-28 17:55:32,837 [main] DEBUG - Returning cached instance of singleton bean 'org.springframework.aop.support.DefaultBeanFactoryPointcutAdvisor#0'
  2019-01-28 17:55:32,837 [main] DEBUG - Returning cached instance of singleton bean 'org.springframework.cache.config.internalCacheAdvisor'
  2019-01-28 17:55:32,837 [main] DEBUG - Returning cached instance of singleton bean 'org.springframework.aop.support.DefaultBeanFactoryPointcutAdvisor#0'
  2019-01-28 17:55:32,838 [main] DEBUG - Returning cached instance of singleton bean 'org.springframework.cache.config.internalCacheAdvisor'
  2019-01-28 17:55:32,838 [main] DEBUG - Finished creating instance of bean '(inner bean)#11826398#2'
  2019-01-28 17:55:32,839 [main] DEBUG - Creating instance of bean '(inner bean)#5514579e'
  2019-01-28 17:55:32,839 [main] DEBUG - Returning cached instance of singleton bean 'org.springframework.aop.support.DefaultBeanFactoryPointcutAdvisor#0'
  2019-01-28 17:55:32,839 [main] DEBUG - Returning cached instance of singleton bean 'org.springframework.cache.config.internalCacheAdvisor'
  2019-01-28 17:55:32,840 [main] DEBUG - Returning cached instance of singleton bean 'org.springframework.aop.support.DefaultBeanFactoryPointcutAdvisor#0'
  2019-01-28 17:55:32,840 [main] DEBUG - Returning cached instance of singleton bean 'org.springframework.cache.config.internalCacheAdvisor'
  2019-01-28 17:55:32,840 [main] DEBUG - Returning cached instance of singleton bean 'org.springframework.aop.support.DefaultBeanFactoryPointcutAdvisor#0'
  2019-01-28 17:55:32,841 [main] DEBUG - Returning cached instance of singleton bean 'org.springframework.cache.config.internalCacheAdvisor'
  2019-01-28 17:55:32,841 [main] DEBUG - Finished creating instance of bean '(inner bean)#5514579e'
  2019-01-28 17:55:32,842 [main] DEBUG - Invoking afterPropertiesSet() on bean with name 'org.springframework.web.servlet.mvc.method.annotation.ExceptionHandlerExceptionResolver#1'
  2019-01-28 17:55:32,842 [main] DEBUG - Looking for exception mappings: org.springframework.context.support.FileSystemXmlApplicationContext@1c30cb85: startup date [Mon Jan 28 17:55:26 CST 2019]; root of context hierarchy
  2019-01-28 17:55:32,844 [main] DEBUG - Returning cached instance of singleton bean 'org.springframework.aop.support.DefaultBeanFactoryPointcutAdvisor#0'
  2019-01-28 17:55:32,845 [main] DEBUG - Returning cached instance of singleton bean 'org.springframework.cache.config.internalCacheAdvisor'
  2019-01-28 17:55:32,845 [main] DEBUG - Returning cached instance of singleton bean 'org.springframework.aop.support.DefaultBeanFactoryPointcutAdvisor#0'
  2019-01-28 17:55:32,845 [main] DEBUG - Returning cached instance of singleton bean 'org.springframework.cache.config.internalCacheAdvisor'
  2019-01-28 17:55:32,845 [main] DEBUG - Finished creating instance of bean 'org.springframework.web.servlet.mvc.method.annotation.ExceptionHandlerExceptionResolver#1'
  2019-01-28 17:55:32,846 [main] DEBUG - Creating shared instance of singleton bean 'org.springframework.web.servlet.mvc.annotation.ResponseStatusExceptionResolver#1'
  2019-01-28 17:55:32,846 [main] DEBUG - Creating instance of bean 'org.springframework.web.servlet.mvc.annotation.ResponseStatusExceptionResolver#1'
  2019-01-28 17:55:32,846 [main] DEBUG - Returning cached instance of singleton bean 'org.springframework.aop.support.DefaultBeanFactoryPointcutAdvisor#0'
  2019-01-28 17:55:32,846 [main] DEBUG - Returning cached instance of singleton bean 'org.springframework.cache.config.internalCacheAdvisor'
  2019-01-28 17:55:32,847 [main] DEBUG - Eagerly caching bean 'org.springframework.web.servlet.mvc.annotation.ResponseStatusExceptionResolver#1' to allow for resolving potential circular references
  2019-01-28 17:55:32,847 [main] DEBUG - Returning cached instance of singleton bean 'org.springframework.aop.support.DefaultBeanFactoryPointcutAdvisor#0'
  2019-01-28 17:55:32,847 [main] DEBUG - Returning cached instance of singleton bean 'org.springframework.cache.config.internalCacheAdvisor'
  2019-01-28 17:55:32,848 [main] DEBUG - Returning cached instance of singleton bean 'org.springframework.aop.support.DefaultBeanFactoryPointcutAdvisor#0'
  2019-01-28 17:55:32,848 [main] DEBUG - Returning cached instance of singleton bean 'org.springframework.cache.config.internalCacheAdvisor'
  2019-01-28 17:55:32,848 [main] DEBUG - Finished creating instance of bean 'org.springframework.web.servlet.mvc.annotation.ResponseStatusExceptionResolver#1'
  2019-01-28 17:55:32,848 [main] DEBUG - Creating shared instance of singleton bean 'org.springframework.web.servlet.mvc.support.DefaultHandlerExceptionResolver#1'
  2019-01-28 17:55:32,849 [main] DEBUG - Creating instance of bean 'org.springframework.web.servlet.mvc.support.DefaultHandlerExceptionResolver#1'
  2019-01-28 17:55:32,849 [main] DEBUG - Returning cached instance of singleton bean 'org.springframework.aop.support.DefaultBeanFactoryPointcutAdvisor#0'
  2019-01-28 17:55:32,849 [main] DEBUG - Returning cached instance of singleton bean 'org.springframework.cache.config.internalCacheAdvisor'
  2019-01-28 17:55:32,849 [main] DEBUG - Eagerly caching bean 'org.springframework.web.servlet.mvc.support.DefaultHandlerExceptionResolver#1' to allow for resolving potential circular references
  2019-01-28 17:55:32,850 [main] DEBUG - Returning cached instance of singleton bean 'org.springframework.aop.support.DefaultBeanFactoryPointcutAdvisor#0'
  2019-01-28 17:55:32,850 [main] DEBUG - Returning cached instance of singleton bean 'org.springframework.cache.config.internalCacheAdvisor'
  2019-01-28 17:55:32,850 [main] DEBUG - Returning cached instance of singleton bean 'org.springframework.aop.support.DefaultBeanFactoryPointcutAdvisor#0'
  2019-01-28 17:55:32,850 [main] DEBUG - Returning cached instance of singleton bean 'org.springframework.cache.config.internalCacheAdvisor'
  2019-01-28 17:55:32,851 [main] DEBUG - Finished creating instance of bean 'org.springframework.web.servlet.mvc.support.DefaultHandlerExceptionResolver#1'
  2019-01-28 17:55:32,851 [main] DEBUG - Creating shared instance of singleton bean 'viewResolver'
  2019-01-28 17:55:32,851 [main] DEBUG - Creating instance of bean 'viewResolver'
  2019-01-28 17:55:32,851 [main] DEBUG - Returning cached instance of singleton bean 'org.springframework.aop.support.DefaultBeanFactoryPointcutAdvisor#0'
  2019-01-28 17:55:32,852 [main] DEBUG - Returning cached instance of singleton bean 'org.springframework.cache.config.internalCacheAdvisor'
  2019-01-28 17:55:32,852 [main] DEBUG - Eagerly caching bean 'viewResolver' to allow for resolving potential circular references
  2019-01-28 17:55:32,856 [main] DEBUG - Returning cached instance of singleton bean 'org.springframework.aop.support.DefaultBeanFactoryPointcutAdvisor#0'
  2019-01-28 17:55:32,857 [main] DEBUG - Returning cached instance of singleton bean 'org.springframework.cache.config.internalCacheAdvisor'
  2019-01-28 17:55:32,857 [main] DEBUG - Returning cached instance of singleton bean 'org.springframework.aop.support.DefaultBeanFactoryPointcutAdvisor#0'
  2019-01-28 17:55:32,857 [main] DEBUG - Returning cached instance of singleton bean 'org.springframework.cache.config.internalCacheAdvisor'
  2019-01-28 17:55:32,860 [main] DEBUG - Finished creating instance of bean 'viewResolver'
  2019-01-28 17:55:32,862 [main] DEBUG - Returning cached instance of singleton bean 'org.springframework.web.servlet.handler.MappedInterceptor#2'
  2019-01-28 17:55:32,862 [main] DEBUG - Creating shared instance of singleton bean 'multipartResolver'
  2019-01-28 17:55:32,862 [main] DEBUG - Creating instance of bean 'multipartResolver'
  2019-01-28 17:55:32,863 [main] DEBUG - Returning cached instance of singleton bean 'org.springframework.aop.support.DefaultBeanFactoryPointcutAdvisor#0'
  2019-01-28 17:55:32,863 [main] DEBUG - Returning cached instance of singleton bean 'org.springframework.cache.config.internalCacheAdvisor'
  2019-01-28 17:55:32,863 [main] DEBUG - Eagerly caching bean 'multipartResolver' to allow for resolving potential circular references
  2019-01-28 17:55:32,866 [main] DEBUG - Returning cached instance of singleton bean 'org.springframework.aop.support.DefaultBeanFactoryPointcutAdvisor#0'
  2019-01-28 17:55:32,866 [main] DEBUG - Returning cached instance of singleton bean 'org.springframework.cache.config.internalCacheAdvisor'
  2019-01-28 17:55:32,866 [main] DEBUG - Returning cached instance of singleton bean 'org.springframework.aop.support.DefaultBeanFactoryPointcutAdvisor#0'
  2019-01-28 17:55:32,866 [main] DEBUG - Returning cached instance of singleton bean 'org.springframework.cache.config.internalCacheAdvisor'
  2019-01-28 17:55:32,868 [main] DEBUG - Finished creating instance of bean 'multipartResolver'
  2019-01-28 17:55:32,868 [main] DEBUG - Returning cached instance of singleton bean 'stringHttpMessageConverter'
  2019-01-28 17:55:32,868 [main] DEBUG - Creating shared instance of singleton bean 'appApplyController'
  2019-01-28 17:55:32,868 [main] DEBUG - Creating instance of bean 'appApplyController'
  2019-01-28 17:55:32,869 [main] DEBUG - Returning cached instance of singleton bean 'org.springframework.aop.support.DefaultBeanFactoryPointcutAdvisor#0'
  2019-01-28 17:55:32,869 [main] DEBUG - Returning cached instance of singleton bean 'org.springframework.cache.config.internalCacheAdvisor'
  2019-01-28 17:55:32,870 [main] DEBUG - Registered injected element on class [com.sys.controller.app.AppApplyController]: AutowiredFieldElement for private com.sys.service.apply.ApplyChangeService com.sys.controller.app.AppApplyController.applyChangeService
  2019-01-28 17:55:32,870 [main] DEBUG - Registered injected element on class [com.sys.controller.app.AppApplyController]: AutowiredFieldElement for private com.sys.service.apply.ApplyFamilyMemberService com.sys.controller.app.AppApplyController.applyFamilyMemberService
  2019-01-28 17:55:32,870 [main] DEBUG - Registered injected element on class [com.sys.controller.app.AppApplyController]: AutowiredFieldElement for private com.sys.service.apply.ApplyButieService com.sys.controller.app.AppApplyController.applyButieService
  2019-01-28 17:55:32,871 [main] DEBUG - Registered injected element on class [com.sys.controller.app.AppApplyController]: AutowiredFieldElement for private com.sys.service.apply.ApplyService com.sys.controller.app.AppApplyController.applyService
  2019-01-28 17:55:32,871 [main] DEBUG - Registered injected element on class [com.sys.controller.app.AppApplyController]: AutowiredFieldElement for private com.sys.service.apply.ApproveService com.sys.controller.app.AppApplyController.approveService
  2019-01-28 17:55:32,871 [main] DEBUG - Registered injected element on class [com.sys.controller.app.AppApplyController]: AutowiredFieldElement for private com.sys.service.ParmItemService com.sys.controller.app.AppApplyController.parmItemService
  2019-01-28 17:55:32,871 [main] DEBUG - Registered injected element on class [com.sys.controller.app.AppApplyController]: AutowiredFieldElement for com.sys.service.apply.ApproveService com.sys.controller.app.AppApplyController.appoveService
  2019-01-28 17:55:32,871 [main] DEBUG - Registered injected element on class [com.sys.controller.app.AppApplyController]: AutowiredFieldElement for private org.activiti.engine.TaskService com.sys.controller.app.AppApplyController.taskService
  2019-01-28 17:55:32,871 [main] DEBUG - Registered injected element on class [com.sys.controller.app.AppApplyController]: AutowiredFieldElement for private com.sys.service.ApplyUserinfoService com.sys.controller.app.AppApplyController.applyUserinfoService
  2019-01-28 17:55:32,872 [main] DEBUG - Registered injected element on class [com.sys.controller.app.AppApplyController]: AutowiredFieldElement for private com.sys.service.FlowService com.sys.controller.app.AppApplyController.flowService
  2019-01-28 17:55:32,872 [main] DEBUG - Eagerly caching bean 'appApplyController' to allow for resolving potential circular references
  2019-01-28 17:55:32,872 [main] DEBUG - Processing injected element of bean 'appApplyController': AutowiredFieldElement for private com.sys.service.apply.ApplyChangeService com.sys.controller.app.AppApplyController.applyChangeService
  2019-01-28 17:55:32,872 [main] DEBUG - Returning cached instance of singleton bean 'applyChangeService'
  2019-01-28 17:55:32,872 [main] DEBUG - Autowiring by type from bean name 'appApplyController' to bean named 'applyChangeService'
  2019-01-28 17:55:32,873 [main] DEBUG - Processing injected element of bean 'appApplyController': AutowiredFieldElement for private com.sys.service.apply.ApplyFamilyMemberService com.sys.controller.app.AppApplyController.applyFamilyMemberService
  2019-01-28 17:55:32,873 [main] DEBUG - Returning cached instance of singleton bean 'applyFamilyMemberService'
  2019-01-28 17:55:32,873 [main] DEBUG - Autowiring by type from bean name 'appApplyController' to bean named 'applyFamilyMemberService'
  2019-01-28 17:55:32,873 [main] DEBUG - Processing injected element of bean 'appApplyController': AutowiredFieldElement for private com.sys.service.apply.ApplyButieService com.sys.controller.app.AppApplyController.applyButieService
  2019-01-28 17:55:32,873 [main] DEBUG - Returning cached instance of singleton bean 'applyButieService'
  2019-01-28 17:55:32,874 [main] DEBUG - Autowiring by type from bean name 'appApplyController' to bean named 'applyButieService'
  2019-01-28 17:55:32,874 [main] DEBUG - Processing injected element of bean 'appApplyController': AutowiredFieldElement for private com.sys.service.apply.ApplyService com.sys.controller.app.AppApplyController.applyService
  2019-01-28 17:55:32,874 [main] DEBUG - Returning cached instance of singleton bean 'applyService'
  2019-01-28 17:55:32,874 [main] DEBUG - Autowiring by type from bean name 'appApplyController' to bean named 'applyService'
  2019-01-28 17:55:32,875 [main] DEBUG - Processing injected element of bean 'appApplyController': AutowiredFieldElement for private com.sys.service.apply.ApproveService com.sys.controller.app.AppApplyController.approveService
  2019-01-28 17:55:32,875 [main] DEBUG - Returning cached instance of singleton bean 'approveService'
  2019-01-28 17:55:32,875 [main] DEBUG - Autowiring by type from bean name 'appApplyController' to bean named 'approveService'
  2019-01-28 17:55:32,875 [main] DEBUG - Processing injected element of bean 'appApplyController': AutowiredFieldElement for private com.sys.service.ParmItemService com.sys.controller.app.AppApplyController.parmItemService
  2019-01-28 17:55:32,875 [main] DEBUG - Returning cached instance of singleton bean 'parmItemService'
  2019-01-28 17:55:32,875 [main] DEBUG - Autowiring by type from bean name 'appApplyController' to bean named 'parmItemService'
  2019-01-28 17:55:32,876 [main] DEBUG - Processing injected element of bean 'appApplyController': AutowiredFieldElement for com.sys.service.apply.ApproveService com.sys.controller.app.AppApplyController.appoveService
  2019-01-28 17:55:32,876 [main] DEBUG - Returning cached instance of singleton bean 'approveService'
  2019-01-28 17:55:32,876 [main] DEBUG - Autowiring by type from bean name 'appApplyController' to bean named 'approveService'
  2019-01-28 17:55:32,876 [main] DEBUG - Processing injected element of bean 'appApplyController': AutowiredFieldElement for private org.activiti.engine.TaskService com.sys.controller.app.AppApplyController.taskService
  2019-01-28 17:55:32,877 [main] DEBUG - Returning cached instance of singleton bean 'taskService'
  2019-01-28 17:55:32,877 [main] DEBUG - Autowiring by type from bean name 'appApplyController' to bean named 'taskService'
  2019-01-28 17:55:32,877 [main] DEBUG - Processing injected element of bean 'appApplyController': AutowiredFieldElement for private com.sys.service.ApplyUserinfoService com.sys.controller.app.AppApplyController.applyUserinfoService
  2019-01-28 17:55:32,877 [main] DEBUG - Returning cached instance of singleton bean 'applyUserinfoService'
  2019-01-28 17:55:32,877 [main] DEBUG - Autowiring by type from bean name 'appApplyController' to bean named 'applyUserinfoService'
  2019-01-28 17:55:32,877 [main] DEBUG - Processing injected element of bean 'appApplyController': AutowiredFieldElement for private com.sys.service.FlowService com.sys.controller.app.AppApplyController.flowService
  2019-01-28 17:55:32,878 [main] DEBUG - Returning cached instance of singleton bean 'flowService'
  2019-01-28 17:55:32,878 [main] DEBUG - Autowiring by type from bean name 'appApplyController' to bean named 'flowService'
  2019-01-28 17:55:32,878 [main] DEBUG - Returning cached instance of singleton bean 'org.springframework.aop.support.DefaultBeanFactoryPointcutAdvisor#0'
  2019-01-28 17:55:32,878 [main] DEBUG - Returning cached instance of singleton bean 'org.springframework.cache.config.internalCacheAdvisor'
  2019-01-28 17:55:32,879 [main] DEBUG - Returning cached instance of singleton bean 'org.springframework.aop.support.DefaultBeanFactoryPointcutAdvisor#0'
  2019-01-28 17:55:32,879 [main] DEBUG - Returning cached instance of singleton bean 'org.springframework.cache.config.internalCacheAdvisor'
  2019-01-28 17:55:32,881 [main] DEBUG - Finished creating instance of bean 'appApplyController'
  2019-01-28 17:55:32,881 [main] DEBUG - Creating shared instance of singleton bean 'appController'
  2019-01-28 17:55:32,882 [main] DEBUG - Creating instance of bean 'appController'
  2019-01-28 17:55:32,882 [main] DEBUG - Returning cached instance of singleton bean 'org.springframework.aop.support.DefaultBeanFactoryPointcutAdvisor#0'
  2019-01-28 17:55:32,882 [main] DEBUG - Returning cached instance of singleton bean 'org.springframework.cache.config.internalCacheAdvisor'
  2019-01-28 17:55:32,882 [main] DEBUG - Eagerly caching bean 'appController' to allow for resolving potential circular references
  2019-01-28 17:55:32,883 [main] DEBUG - Returning cached instance of singleton bean 'org.springframework.aop.support.DefaultBeanFactoryPointcutAdvisor#0'
  2019-01-28 17:55:32,883 [main] DEBUG - Returning cached instance of singleton bean 'org.springframework.cache.config.internalCacheAdvisor'
  2019-01-28 17:55:32,883 [main] DEBUG - Returning cached instance of singleton bean 'org.springframework.aop.support.DefaultBeanFactoryPointcutAdvisor#0'
  2019-01-28 17:55:32,883 [main] DEBUG - Returning cached instance of singleton bean 'org.springframework.cache.config.internalCacheAdvisor'
  2019-01-28 17:55:32,884 [main] DEBUG - Finished creating instance of bean 'appController'
  2019-01-28 17:55:32,885 [main] DEBUG - Creating shared instance of singleton bean 'appLoginController'
  2019-01-28 17:55:32,885 [main] DEBUG - Creating instance of bean 'appLoginController'
  2019-01-28 17:55:32,885 [main] DEBUG - Returning cached instance of singleton bean 'org.springframework.aop.support.DefaultBeanFactoryPointcutAdvisor#0'
  2019-01-28 17:55:32,885 [main] DEBUG - Returning cached instance of singleton bean 'org.springframework.cache.config.internalCacheAdvisor'
  2019-01-28 17:55:32,886 [main] DEBUG - Registered injected element on class [com.sys.controller.app.AppLoginController]: AutowiredFieldElement for com.sys.service.ApplyUserinfoService com.sys.controller.app.AppLoginController.applyUserinfoService
  2019-01-28 17:55:32,886 [main] DEBUG - Eagerly caching bean 'appLoginController' to allow for resolving potential circular references
  2019-01-28 17:55:32,886 [main] DEBUG - Processing injected element of bean 'appLoginController': AutowiredFieldElement for com.sys.service.ApplyUserinfoService com.sys.controller.app.AppLoginController.applyUserinfoService
  2019-01-28 17:55:32,887 [main] DEBUG - Returning cached instance of singleton bean 'applyUserinfoService'
  2019-01-28 17:55:32,887 [main] DEBUG - Autowiring by type from bean name 'appLoginController' to bean named 'applyUserinfoService'
  2019-01-28 17:55:32,887 [main] DEBUG - Returning cached instance of singleton bean 'org.springframework.aop.support.DefaultBeanFactoryPointcutAdvisor#0'
  2019-01-28 17:55:32,888 [main] DEBUG - Returning cached instance of singleton bean 'org.springframework.cache.config.internalCacheAdvisor'
  2019-01-28 17:55:32,888 [main] DEBUG - Returning cached instance of singleton bean 'org.springframework.aop.support.DefaultBeanFactoryPointcutAdvisor#0'
  2019-01-28 17:55:32,888 [main] DEBUG - Returning cached instance of singleton bean 'org.springframework.cache.config.internalCacheAdvisor'
  2019-01-28 17:55:32,889 [main] DEBUG - Finished creating instance of bean 'appLoginController'
  2019-01-28 17:55:32,889 [main] DEBUG - Creating shared instance of singleton bean 'applyButieController'
  2019-01-28 17:55:32,889 [main] DEBUG - Creating instance of bean 'applyButieController'
  2019-01-28 17:55:32,889 [main] DEBUG - Returning cached instance of singleton bean 'org.springframework.aop.support.DefaultBeanFactoryPointcutAdvisor#0'
  2019-01-28 17:55:32,889 [main] DEBUG - Returning cached instance of singleton bean 'org.springframework.cache.config.internalCacheAdvisor'
  2019-01-28 17:55:32,890 [main] DEBUG - Registered injected element on class [com.sys.controller.apply.ApplyButieController]: AutowiredFieldElement for private com.sys.service.apply.ApplyButieService com.sys.controller.apply.ApplyButieController.applyButieService
  2019-01-28 17:55:32,890 [main] DEBUG - Registered injected element on class [com.sys.controller.apply.ApplyButieController]: AutowiredFieldElement for private com.sys.service.ApplyUserinfoService com.sys.controller.apply.ApplyButieController.applyUserinfoService
  2019-01-28 17:55:32,890 [main] DEBUG - Eagerly caching bean 'applyButieController' to allow for resolving potential circular references
  2019-01-28 17:55:32,891 [main] DEBUG - Processing injected element of bean 'applyButieController': AutowiredFieldElement for private com.sys.service.apply.ApplyButieService com.sys.controller.apply.ApplyButieController.applyButieService
  2019-01-28 17:55:32,891 [main] DEBUG - Returning cached instance of singleton bean 'applyButieService'
  2019-01-28 17:55:32,891 [main] DEBUG - Autowiring by type from bean name 'applyButieController' to bean named 'applyButieService'
  2019-01-28 17:55:32,891 [main] DEBUG - Processing injected element of bean 'applyButieController': AutowiredFieldElement for private com.sys.service.ApplyUserinfoService com.sys.controller.apply.ApplyButieController.applyUserinfoService
  2019-01-28 17:55:32,892 [main] DEBUG - Returning cached instance of singleton bean 'applyUserinfoService'
  2019-01-28 17:55:32,892 [main] DEBUG - Autowiring by type from bean name 'applyButieController' to bean named 'applyUserinfoService'
  2019-01-28 17:55:32,892 [main] DEBUG - Returning cached instance of singleton bean 'org.springframework.aop.support.DefaultBeanFactoryPointcutAdvisor#0'
  2019-01-28 17:55:32,892 [main] DEBUG - Returning cached instance of singleton bean 'org.springframework.cache.config.internalCacheAdvisor'
  2019-01-28 17:55:32,892 [main] DEBUG - Returning cached instance of singleton bean 'org.springframework.aop.support.DefaultBeanFactoryPointcutAdvisor#0'
  2019-01-28 17:55:32,893 [main] DEBUG - Returning cached instance of singleton bean 'org.springframework.cache.config.internalCacheAdvisor'
  2019-01-28 17:55:32,894 [main] DEBUG - Finished creating instance of bean 'applyButieController'
  2019-01-28 17:55:32,894 [main] DEBUG - Creating shared instance of singleton bean 'applyChangeController'
  2019-01-28 17:55:32,894 [main] DEBUG - Creating instance of bean 'applyChangeController'
  2019-01-28 17:55:32,894 [main] DEBUG - Returning cached instance of singleton bean 'org.springframework.aop.support.DefaultBeanFactoryPointcutAdvisor#0'
  2019-01-28 17:55:32,895 [main] DEBUG - Returning cached instance of singleton bean 'org.springframework.cache.config.internalCacheAdvisor'
  2019-01-28 17:55:32,895 [main] DEBUG - Registered injected element on class [com.sys.controller.apply.ApplyChangeController]: AutowiredFieldElement for private com.sys.service.apply.ApplyChangeService com.sys.controller.apply.ApplyChangeController.applyChangeService
  2019-01-28 17:55:32,895 [main] DEBUG - Eagerly caching bean 'applyChangeController' to allow for resolving potential circular references
  2019-01-28 17:55:32,896 [main] DEBUG - Processing injected element of bean 'applyChangeController': AutowiredFieldElement for private com.sys.service.apply.ApplyChangeService com.sys.controller.apply.ApplyChangeController.applyChangeService
  2019-01-28 17:55:32,896 [main] DEBUG - Returning cached instance of singleton bean 'applyChangeService'
  2019-01-28 17:55:32,896 [main] DEBUG - Autowiring by type from bean name 'applyChangeController' to bean named 'applyChangeService'
  2019-01-28 17:55:32,896 [main] DEBUG - Returning cached instance of singleton bean 'org.springframework.aop.support.DefaultBeanFactoryPointcutAdvisor#0'
  2019-01-28 17:55:32,897 [main] DEBUG - Returning cached instance of singleton bean 'org.springframework.cache.config.internalCacheAdvisor'
  2019-01-28 17:55:32,897 [main] DEBUG - Returning cached instance of singleton bean 'org.springframework.aop.support.DefaultBeanFactoryPointcutAdvisor#0'
  2019-01-28 17:55:32,897 [main] DEBUG - Returning cached instance of singleton bean 'org.springframework.cache.config.internalCacheAdvisor'
  2019-01-28 17:55:32,898 [main] DEBUG - Finished creating instance of bean 'applyChangeController'
  2019-01-28 17:55:32,898 [main] DEBUG - Creating shared instance of singleton bean 'applyController'
  2019-01-28 17:55:32,898 [main] DEBUG - Creating instance of bean 'applyController'
  2019-01-28 17:55:32,898 [main] DEBUG - Returning cached instance of singleton bean 'org.springframework.aop.support.DefaultBeanFactoryPointcutAdvisor#0'
  2019-01-28 17:55:32,898 [main] DEBUG - Returning cached instance of singleton bean 'org.springframework.cache.config.internalCacheAdvisor'
  2019-01-28 17:55:32,899 [main] DEBUG - Registered injected element on class [com.sys.controller.apply.ApplyController]: AutowiredFieldElement for private com.sys.service.apply.ApplyService com.sys.controller.apply.ApplyController.applyService
  2019-01-28 17:55:32,899 [main] DEBUG - Registered injected element on class [com.sys.controller.apply.ApplyController]: AutowiredFieldElement for private com.sys.service.ApplyUserinfoService com.sys.controller.apply.ApplyController.applyUserinfoService
  2019-01-28 17:55:32,899 [main] DEBUG - Eagerly caching bean 'applyController' to allow for resolving potential circular references
  2019-01-28 17:55:32,900 [main] DEBUG - Processing injected element of bean 'applyController': AutowiredFieldElement for private com.sys.service.apply.ApplyService com.sys.controller.apply.ApplyController.applyService
  2019-01-28 17:55:32,901 [main] DEBUG - Returning cached instance of singleton bean 'applyService'
  2019-01-28 17:55:32,902 [main] DEBUG - Autowiring by type from bean name 'applyController' to bean named 'applyService'
  2019-01-28 17:55:32,902 [main] DEBUG - Processing injected element of bean 'applyController': AutowiredFieldElement for private com.sys.service.ApplyUserinfoService com.sys.controller.apply.ApplyController.applyUserinfoService
  2019-01-28 17:55:32,903 [main] DEBUG - Returning cached instance of singleton bean 'applyUserinfoService'
  2019-01-28 17:55:32,903 [main] DEBUG - Autowiring by type from bean name 'applyController' to bean named 'applyUserinfoService'
  2019-01-28 17:55:32,903 [main] DEBUG - Returning cached instance of singleton bean 'org.springframework.aop.support.DefaultBeanFactoryPointcutAdvisor#0'
  2019-01-28 17:55:32,903 [main] DEBUG - Returning cached instance of singleton bean 'org.springframework.cache.config.internalCacheAdvisor'
  2019-01-28 17:55:32,904 [main] DEBUG - Returning cached instance of singleton bean 'org.springframework.aop.support.DefaultBeanFactoryPointcutAdvisor#0'
  2019-01-28 17:55:32,904 [main] DEBUG - Returning cached instance of singleton bean 'org.springframework.cache.config.internalCacheAdvisor'
  2019-01-28 17:55:32,905 [main] DEBUG - Finished creating instance of bean 'applyController'
  2019-01-28 17:55:32,905 [main] DEBUG - Creating shared instance of singleton bean 'applyForForeginController'
  2019-01-28 17:55:32,905 [main] DEBUG - Creating instance of bean 'applyForForeginController'
  2019-01-28 17:55:32,906 [main] DEBUG - Returning cached instance of singleton bean 'org.springframework.aop.support.DefaultBeanFactoryPointcutAdvisor#0'
  2019-01-28 17:55:32,906 [main] DEBUG - Returning cached instance of singleton bean 'org.springframework.cache.config.internalCacheAdvisor'
  2019-01-28 17:55:32,906 [main] DEBUG - Registered injected element on class [com.sys.controller.apply.ApplyForForeginController]: AutowiredFieldElement for private com.sys.service.apply.ApplyForForeignService com.sys.controller.apply.ApplyForForeginController.applyForForeignService
  2019-01-28 17:55:32,906 [main] DEBUG - Registered injected element on class [com.sys.controller.apply.ApplyForForeginController]: AutowiredFieldElement for private com.sys.service.ApplyUserinfoService com.sys.controller.apply.ApplyForForeginController.applyUserinfoService
  2019-01-28 17:55:32,907 [main] DEBUG - Eagerly caching bean 'applyForForeginController' to allow for resolving potential circular references
  2019-01-28 17:55:32,907 [main] DEBUG - Processing injected element of bean 'applyForForeginController': AutowiredFieldElement for private com.sys.service.apply.ApplyForForeignService com.sys.controller.apply.ApplyForForeginController.applyForForeignService
  2019-01-28 17:55:32,907 [main] DEBUG - Returning cached instance of singleton bean 'applyForForeignService'
  2019-01-28 17:55:32,907 [main] DEBUG - Autowiring by type from bean name 'applyForForeginController' to bean named 'applyForForeignService'
  2019-01-28 17:55:32,907 [main] DEBUG - Processing injected element of bean 'applyForForeginController': AutowiredFieldElement for private com.sys.service.ApplyUserinfoService com.sys.controller.apply.ApplyForForeginController.applyUserinfoService
  2019-01-28 17:55:32,908 [main] DEBUG - Returning cached instance of singleton bean 'applyUserinfoService'
  2019-01-28 17:55:32,908 [main] DEBUG - Autowiring by type from bean name 'applyForForeginController' to bean named 'applyUserinfoService'
  2019-01-28 17:55:32,908 [main] DEBUG - Returning cached instance of singleton bean 'org.springframework.aop.support.DefaultBeanFactoryPointcutAdvisor#0'
  2019-01-28 17:55:32,908 [main] DEBUG - Returning cached instance of singleton bean 'org.springframework.cache.config.internalCacheAdvisor'
  2019-01-28 17:55:32,909 [main] DEBUG - Returning cached instance of singleton bean 'org.springframework.aop.support.DefaultBeanFactoryPointcutAdvisor#0'
  2019-01-28 17:55:32,909 [main] DEBUG - Returning cached instance of singleton bean 'org.springframework.cache.config.internalCacheAdvisor'
  2019-01-28 17:55:32,910 [main] DEBUG - Finished creating instance of bean 'applyForForeginController'
  2019-01-28 17:55:32,910 [main] DEBUG - Creating shared instance of singleton bean 'applyForgraDuateController'
  2019-01-28 17:55:32,910 [main] DEBUG - Creating instance of bean 'applyForgraDuateController'
  2019-01-28 17:55:32,910 [main] DEBUG - Returning cached instance of singleton bean 'org.springframework.aop.support.DefaultBeanFactoryPointcutAdvisor#0'
  2019-01-28 17:55:32,911 [main] DEBUG - Returning cached instance of singleton bean 'org.springframework.cache.config.internalCacheAdvisor'
  2019-01-28 17:55:32,911 [main] DEBUG - Registered injected element on class [com.sys.controller.apply.ApplyForgraDuateController]: AutowiredFieldElement for private com.sys.service.apply.ApplyForgraDuateService com.sys.controller.apply.ApplyForgraDuateController.applyForgraDuateService
  2019-01-28 17:55:32,911 [main] DEBUG - Registered injected element on class [com.sys.controller.apply.ApplyForgraDuateController]: AutowiredFieldElement for private com.sys.service.ApplyUserinfoService com.sys.controller.apply.ApplyForgraDuateController.applyUserinfoService
  2019-01-28 17:55:32,911 [main] DEBUG - Eagerly caching bean 'applyForgraDuateController' to allow for resolving potential circular references
  2019-01-28 17:55:32,912 [main] DEBUG - Processing injected element of bean 'applyForgraDuateController': AutowiredFieldElement for private com.sys.service.apply.ApplyForgraDuateService com.sys.controller.apply.ApplyForgraDuateController.applyForgraDuateService
  2019-01-28 17:55:32,912 [main] DEBUG - Returning cached instance of singleton bean 'applyForgraDuateService'
  2019-01-28 17:55:32,912 [main] DEBUG - Autowiring by type from bean name 'applyForgraDuateController' to bean named 'applyForgraDuateService'
  2019-01-28 17:55:32,912 [main] DEBUG - Processing injected element of bean 'applyForgraDuateController': AutowiredFieldElement for private com.sys.service.ApplyUserinfoService com.sys.controller.apply.ApplyForgraDuateController.applyUserinfoService
  2019-01-28 17:55:32,913 [main] DEBUG - Returning cached instance of singleton bean 'applyUserinfoService'
  2019-01-28 17:55:32,913 [main] DEBUG - Autowiring by type from bean name 'applyForgraDuateController' to bean named 'applyUserinfoService'
  2019-01-28 17:55:32,913 [main] DEBUG - Returning cached instance of singleton bean 'org.springframework.aop.support.DefaultBeanFactoryPointcutAdvisor#0'
  2019-01-28 17:55:32,913 [main] DEBUG - Returning cached instance of singleton bean 'org.springframework.cache.config.internalCacheAdvisor'
  2019-01-28 17:55:32,913 [main] DEBUG - Returning cached instance of singleton bean 'org.springframework.aop.support.DefaultBeanFactoryPointcutAdvisor#0'
  2019-01-28 17:55:32,914 [main] DEBUG - Returning cached instance of singleton bean 'org.springframework.cache.config.internalCacheAdvisor'
  2019-01-28 17:55:32,914 [main] DEBUG - Finished creating instance of bean 'applyForgraDuateController'
  2019-01-28 17:55:32,915 [main] DEBUG - Creating shared instance of singleton bean 'applyNsController'
  2019-01-28 17:55:32,915 [main] DEBUG - Creating instance of bean 'applyNsController'
  2019-01-28 17:55:32,915 [main] DEBUG - Returning cached instance of singleton bean 'org.springframework.aop.support.DefaultBeanFactoryPointcutAdvisor#0'
  2019-01-28 17:55:32,915 [main] DEBUG - Returning cached instance of singleton bean 'org.springframework.cache.config.internalCacheAdvisor'
  2019-01-28 17:55:32,916 [main] DEBUG - Registered injected element on class [com.sys.controller.apply.ApplyNsController]: AutowiredFieldElement for private com.sys.service.apply.ApplyNsService com.sys.controller.apply.ApplyNsController.applyNsService
  2019-01-28 17:55:32,916 [main] DEBUG - Registered injected element on class [com.sys.controller.apply.ApplyNsController]: AutowiredFieldElement for private com.sys.service.apply.ApproveService com.sys.controller.apply.ApplyNsController.approveService
  2019-01-28 17:55:32,916 [main] DEBUG - Registered injected element on class [com.sys.controller.apply.ApplyNsController]: AutowiredFieldElement for private org.activiti.engine.TaskService com.sys.controller.apply.ApplyNsController.taskService
  2019-01-28 17:55:32,916 [main] DEBUG - Registered injected element on class [com.sys.controller.apply.ApplyNsController]: AutowiredFieldElement for private org.activiti.engine.HistoryService com.sys.controller.apply.ApplyNsController.historyService
  2019-01-28 17:55:32,916 [main] DEBUG - Registered injected element on class [com.sys.controller.apply.ApplyNsController]: AutowiredFieldElement for private com.sys.service.RoleInfoService com.sys.controller.apply.ApplyNsController.roleInfoService
  2019-01-28 17:55:32,916 [main] DEBUG - Registered injected element on class [com.sys.controller.apply.ApplyNsController]: AutowiredFieldElement for private com.sys.service.ApplyUserinfoService com.sys.controller.apply.ApplyNsController.applyUserinfoService
  2019-01-28 17:55:32,917 [main] DEBUG - Eagerly caching bean 'applyNsController' to allow for resolving potential circular references
  2019-01-28 17:55:32,917 [main] DEBUG - Processing injected element of bean 'applyNsController': AutowiredFieldElement for private com.sys.service.apply.ApplyNsService com.sys.controller.apply.ApplyNsController.applyNsService
  2019-01-28 17:55:32,917 [main] DEBUG - Returning cached instance of singleton bean 'applyNsService'
  2019-01-28 17:55:32,917 [main] DEBUG - Autowiring by type from bean name 'applyNsController' to bean named 'applyNsService'
  2019-01-28 17:55:32,918 [main] DEBUG - Processing injected element of bean 'applyNsController': AutowiredFieldElement for private com.sys.service.apply.ApproveService com.sys.controller.apply.ApplyNsController.approveService
  2019-01-28 17:55:32,918 [main] DEBUG - Returning cached instance of singleton bean 'approveService'
  2019-01-28 17:55:32,918 [main] DEBUG - Autowiring by type from bean name 'applyNsController' to bean named 'approveService'
  2019-01-28 17:55:32,918 [main] DEBUG - Processing injected element of bean 'applyNsController': AutowiredFieldElement for private org.activiti.engine.TaskService com.sys.controller.apply.ApplyNsController.taskService
  2019-01-28 17:55:32,918 [main] DEBUG - Returning cached instance of singleton bean 'taskService'
  2019-01-28 17:55:32,919 [main] DEBUG - Autowiring by type from bean name 'applyNsController' to bean named 'taskService'
  2019-01-28 17:55:32,919 [main] DEBUG - Processing injected element of bean 'applyNsController': AutowiredFieldElement for private org.activiti.engine.HistoryService com.sys.controller.apply.ApplyNsController.historyService
  2019-01-28 17:55:32,919 [main] DEBUG - Returning cached instance of singleton bean 'historyService'
  2019-01-28 17:55:32,919 [main] DEBUG - Autowiring by type from bean name 'applyNsController' to bean named 'historyService'
  2019-01-28 17:55:32,919 [main] DEBUG - Processing injected element of bean 'applyNsController': AutowiredFieldElement for private com.sys.service.RoleInfoService com.sys.controller.apply.ApplyNsController.roleInfoService
  2019-01-28 17:55:32,920 [main] DEBUG - Returning cached instance of singleton bean 'roleInfoService'
  2019-01-28 17:55:32,921 [main] DEBUG - Autowiring by type from bean name 'applyNsController' to bean named 'roleInfoService'
  2019-01-28 17:55:32,921 [main] DEBUG - Processing injected element of bean 'applyNsController': AutowiredFieldElement for private com.sys.service.ApplyUserinfoService com.sys.controller.apply.ApplyNsController.applyUserinfoService
  2019-01-28 17:55:32,921 [main] DEBUG - Returning cached instance of singleton bean 'applyUserinfoService'
  2019-01-28 17:55:32,922 [main] DEBUG - Autowiring by type from bean name 'applyNsController' to bean named 'applyUserinfoService'
  2019-01-28 17:55:32,922 [main] DEBUG - Returning cached instance of singleton bean 'org.springframework.aop.support.DefaultBeanFactoryPointcutAdvisor#0'
  2019-01-28 17:55:32,922 [main] DEBUG - Returning cached instance of singleton bean 'org.springframework.cache.config.internalCacheAdvisor'
  2019-01-28 17:55:32,922 [main] DEBUG - Returning cached instance of singleton bean 'org.springframework.aop.support.DefaultBeanFactoryPointcutAdvisor#0'
  2019-01-28 17:55:32,922 [main] DEBUG - Returning cached instance of singleton bean 'org.springframework.cache.config.internalCacheAdvisor'
  2019-01-28 17:55:32,923 [main] DEBUG - Finished creating instance of bean 'applyNsController'
  2019-01-28 17:55:32,924 [main] DEBUG - Creating shared instance of singleton bean 'applyTypeController'
  2019-01-28 17:55:32,924 [main] DEBUG - Creating instance of bean 'applyTypeController'
  2019-01-28 17:55:32,924 [main] DEBUG - Returning cached instance of singleton bean 'org.springframework.aop.support.DefaultBeanFactoryPointcutAdvisor#0'
  2019-01-28 17:55:32,924 [main] DEBUG - Returning cached instance of singleton bean 'org.springframework.cache.config.internalCacheAdvisor'
  2019-01-28 17:55:32,924 [main] DEBUG - Registered injected element on class [com.sys.controller.apply.ApplyTypeController]: AutowiredFieldElement for private com.sys.service.apply.ApplyChangeService com.sys.controller.apply.ApplyTypeController.applyChangeService
  2019-01-28 17:55:32,925 [main] DEBUG - Registered injected element on class [com.sys.controller.apply.ApplyTypeController]: AutowiredFieldElement for private com.sys.service.apply.ApplyFamilyMemberService com.sys.controller.apply.ApplyTypeController.applyFamilyMemberService
  2019-01-28 17:55:32,925 [main] DEBUG - Eagerly caching bean 'applyTypeController' to allow for resolving potential circular references
  2019-01-28 17:55:32,925 [main] DEBUG - Processing injected element of bean 'applyTypeController': AutowiredFieldElement for private com.sys.service.apply.ApplyChangeService com.sys.controller.apply.ApplyTypeController.applyChangeService
  2019-01-28 17:55:32,926 [main] DEBUG - Returning cached instance of singleton bean 'applyChangeService'
  2019-01-28 17:55:32,926 [main] DEBUG - Autowiring by type from bean name 'applyTypeController' to bean named 'applyChangeService'
  2019-01-28 17:55:32,926 [main] DEBUG - Processing injected element of bean 'applyTypeController': AutowiredFieldElement for private com.sys.service.apply.ApplyFamilyMemberService com.sys.controller.apply.ApplyTypeController.applyFamilyMemberService
  2019-01-28 17:55:32,926 [main] DEBUG - Returning cached instance of singleton bean 'applyFamilyMemberService'
  2019-01-28 17:55:32,926 [main] DEBUG - Autowiring by type from bean name 'applyTypeController' to bean named 'applyFamilyMemberService'
  2019-01-28 17:55:32,927 [main] DEBUG - Returning cached instance of singleton bean 'org.springframework.aop.support.DefaultBeanFactoryPointcutAdvisor#0'
  2019-01-28 17:55:32,927 [main] DEBUG - Returning cached instance of singleton bean 'org.springframework.cache.config.internalCacheAdvisor'
  2019-01-28 17:55:32,927 [main] DEBUG - Returning cached instance of singleton bean 'org.springframework.aop.support.DefaultBeanFactoryPointcutAdvisor#0'
  2019-01-28 17:55:32,927 [main] DEBUG - Returning cached instance of singleton bean 'org.springframework.cache.config.internalCacheAdvisor'
  2019-01-28 17:55:32,928 [main] DEBUG - Finished creating instance of bean 'applyTypeController'
  2019-01-28 17:55:32,928 [main] DEBUG - Creating shared instance of singleton bean 'applyUserInfoFormController'
  2019-01-28 17:55:32,928 [main] DEBUG - Creating instance of bean 'applyUserInfoFormController'
  2019-01-28 17:55:32,928 [main] DEBUG - Returning cached instance of singleton bean 'org.springframework.aop.support.DefaultBeanFactoryPointcutAdvisor#0'
  2019-01-28 17:55:32,928 [main] DEBUG - Returning cached instance of singleton bean 'org.springframework.cache.config.internalCacheAdvisor'
  2019-01-28 17:55:32,929 [main] DEBUG - Registered injected element on class [com.sys.controller.apply.ApplyUserInfoFormController]: AutowiredFieldElement for private com.sys.service.apply.ApplyUserInfoFormService com.sys.controller.apply.ApplyUserInfoFormController.applyUserInfoFormService
  2019-01-28 17:55:32,929 [main] DEBUG - Eagerly caching bean 'applyUserInfoFormController' to allow for resolving potential circular references
  2019-01-28 17:55:32,929 [main] DEBUG - Processing injected element of bean 'applyUserInfoFormController': AutowiredFieldElement for private com.sys.service.apply.ApplyUserInfoFormService com.sys.controller.apply.ApplyUserInfoFormController.applyUserInfoFormService
  2019-01-28 17:55:32,930 [main] DEBUG - Returning cached instance of singleton bean 'applyUserInfoFormService'
  2019-01-28 17:55:32,930 [main] DEBUG - Autowiring by type from bean name 'applyUserInfoFormController' to bean named 'applyUserInfoFormService'
  2019-01-28 17:55:32,930 [main] DEBUG - Returning cached instance of singleton bean 'org.springframework.aop.support.DefaultBeanFactoryPointcutAdvisor#0'
  2019-01-28 17:55:32,930 [main] DEBUG - Returning cached instance of singleton bean 'org.springframework.cache.config.internalCacheAdvisor'
  2019-01-28 17:55:32,930 [main] DEBUG - Returning cached instance of singleton bean 'org.springframework.aop.support.DefaultBeanFactoryPointcutAdvisor#0'
  2019-01-28 17:55:32,931 [main] DEBUG - Returning cached instance of singleton bean 'org.springframework.cache.config.internalCacheAdvisor'
  2019-01-28 17:55:32,931 [main] DEBUG - Finished creating instance of bean 'applyUserInfoFormController'
  2019-01-28 17:55:32,931 [main] DEBUG - Creating shared instance of singleton bean 'approveController'
  2019-01-28 17:55:32,931 [main] DEBUG - Creating instance of bean 'approveController'
  2019-01-28 17:55:32,932 [main] DEBUG - Returning cached instance of singleton bean 'org.springframework.aop.support.DefaultBeanFactoryPointcutAdvisor#0'
  2019-01-28 17:55:32,932 [main] DEBUG - Returning cached instance of singleton bean 'org.springframework.cache.config.internalCacheAdvisor'
  2019-01-28 17:55:32,933 [main] DEBUG - Registered injected element on class [com.sys.controller.apply.ApproveController]: AutowiredFieldElement for com.sys.service.apply.ApproveService com.sys.controller.apply.ApproveController.appoveService
  2019-01-28 17:55:32,933 [main] DEBUG - Registered injected element on class [com.sys.controller.apply.ApproveController]: AutowiredFieldElement for com.sys.service.apply.ApplyForForeignService com.sys.controller.apply.ApproveController.applyForForeignService
  2019-01-28 17:55:32,933 [main] DEBUG - Registered injected element on class [com.sys.controller.apply.ApproveController]: AutowiredFieldElement for com.sys.service.apply.ApplyForgraDuateService com.sys.controller.apply.ApproveController.applyForgraDuateService
  2019-01-28 17:55:32,933 [main] DEBUG - Registered injected element on class [com.sys.controller.apply.ApproveController]: AutowiredFieldElement for com.sys.service.apply.ApplyButieService com.sys.controller.apply.ApproveController.applyButieService
  2019-01-28 17:55:32,933 [main] DEBUG - Registered injected element on class [com.sys.controller.apply.ApproveController]: AutowiredFieldElement for com.sys.service.apply.ApplyService com.sys.controller.apply.ApproveController.applyService
  2019-01-28 17:55:32,933 [main] DEBUG - Registered injected element on class [com.sys.controller.apply.ApproveController]: AutowiredFieldElement for com.sys.service.apply.ApplyNsService com.sys.controller.apply.ApproveController.applyNsService
  2019-01-28 17:55:32,934 [main] DEBUG - Registered injected element on class [com.sys.controller.apply.ApproveController]: AutowiredFieldElement for private org.activiti.engine.TaskService com.sys.controller.apply.ApproveController.taskService
  2019-01-28 17:55:32,934 [main] DEBUG - Registered injected element on class [com.sys.controller.apply.ApproveController]: AutowiredFieldElement for private org.activiti.engine.HistoryService com.sys.controller.apply.ApproveController.historyService
  2019-01-28 17:55:32,934 [main] DEBUG - Registered injected element on class [com.sys.controller.apply.ApproveController]: AutowiredFieldElement for private com.sys.service.RoleInfoService com.sys.controller.apply.ApproveController.roleInfoService
  2019-01-28 17:55:32,934 [main] DEBUG - Registered injected element on class [com.sys.controller.apply.ApproveController]: AutowiredFieldElement for private com.sys.service.apply.ApproveService com.sys.controller.apply.ApproveController.approveService
  2019-01-28 17:55:32,934 [main] DEBUG - Registered injected element on class [com.sys.controller.apply.ApproveController]: AutowiredFieldElement for private com.sys.service.serialnum.SerialNumService com.sys.controller.apply.ApproveController.serialNumService
  2019-01-28 17:55:32,935 [main] DEBUG - Registered injected element on class [com.sys.controller.apply.ApproveController]: AutowiredFieldElement for private com.sys.service.ParmItemService com.sys.controller.apply.ApproveController.parmItemService
  2019-01-28 17:55:32,935 [main] DEBUG - Registered injected element on class [com.sys.controller.apply.ApproveController]: AutowiredFieldElement for private com.sys.service.FlowService com.sys.controller.apply.ApproveController.flowService
  2019-01-28 17:55:32,935 [main] DEBUG - Registered injected element on class [com.sys.controller.apply.ApproveController]: AutowiredFieldElement for private com.sys.service.common.MessageAndFormService com.sys.controller.apply.ApproveController.messageAndFormService
  2019-01-28 17:55:32,935 [main] DEBUG - Registered injected element on class [com.sys.controller.apply.ApproveController]: AutowiredFieldElement for private com.sys.service.apply.ApproveRecordService com.sys.controller.apply.ApproveController.approveRecordService
  2019-01-28 17:55:32,935 [main] DEBUG - Registered injected element on class [com.sys.controller.apply.ApproveController]: AutowiredFieldElement for private com.sys.service.ApplyUserinfoService com.sys.controller.apply.ApproveController.applyUserinfoService
  2019-01-28 17:55:32,935 [main] DEBUG - Eagerly caching bean 'approveController' to allow for resolving potential circular references
  2019-01-28 17:55:32,936 [main] DEBUG - Processing injected element of bean 'approveController': AutowiredFieldElement for com.sys.service.apply.ApproveService com.sys.controller.apply.ApproveController.appoveService
  2019-01-28 17:55:32,936 [main] DEBUG - Returning cached instance of singleton bean 'approveService'
  2019-01-28 17:55:32,936 [main] DEBUG - Autowiring by type from bean name 'approveController' to bean named 'approveService'
  2019-01-28 17:55:32,936 [main] DEBUG - Processing injected element of bean 'approveController': AutowiredFieldElement for com.sys.service.apply.ApplyForForeignService com.sys.controller.apply.ApproveController.applyForForeignService
  2019-01-28 17:55:32,937 [main] DEBUG - Returning cached instance of singleton bean 'applyForForeignService'
  2019-01-28 17:55:32,937 [main] DEBUG - Autowiring by type from bean name 'approveController' to bean named 'applyForForeignService'
  2019-01-28 17:55:32,937 [main] DEBUG - Processing injected element of bean 'approveController': AutowiredFieldElement for com.sys.service.apply.ApplyForgraDuateService com.sys.controller.apply.ApproveController.applyForgraDuateService
  2019-01-28 17:55:32,937 [main] DEBUG - Returning cached instance of singleton bean 'applyForgraDuateService'
  2019-01-28 17:55:32,937 [main] DEBUG - Autowiring by type from bean name 'approveController' to bean named 'applyForgraDuateService'
  2019-01-28 17:55:32,938 [main] DEBUG - Processing injected element of bean 'approveController': AutowiredFieldElement for com.sys.service.apply.ApplyButieService com.sys.controller.apply.ApproveController.applyButieService
  2019-01-28 17:55:32,938 [main] DEBUG - Returning cached instance of singleton bean 'applyButieService'
  2019-01-28 17:55:32,938 [main] DEBUG - Autowiring by type from bean name 'approveController' to bean named 'applyButieService'
  2019-01-28 17:55:32,938 [main] DEBUG - Processing injected element of bean 'approveController': AutowiredFieldElement for com.sys.service.apply.ApplyService com.sys.controller.apply.ApproveController.applyService
  2019-01-28 17:55:32,938 [main] DEBUG - Returning cached instance of singleton bean 'applyService'
  2019-01-28 17:55:32,939 [main] DEBUG - Autowiring by type from bean name 'approveController' to bean named 'applyService'
  2019-01-28 17:55:32,939 [main] DEBUG - Processing injected element of bean 'approveController': AutowiredFieldElement for com.sys.service.apply.ApplyNsService com.sys.controller.apply.ApproveController.applyNsService
  2019-01-28 17:55:32,939 [main] DEBUG - Returning cached instance of singleton bean 'applyNsService'
  2019-01-28 17:55:32,939 [main] DEBUG - Autowiring by type from bean name 'approveController' to bean named 'applyNsService'
  2019-01-28 17:55:32,939 [main] DEBUG - Processing injected element of bean 'approveController': AutowiredFieldElement for private org.activiti.engine.TaskService com.sys.controller.apply.ApproveController.taskService
  2019-01-28 17:55:32,940 [main] DEBUG - Returning cached instance of singleton bean 'taskService'
  2019-01-28 17:55:32,940 [main] DEBUG - Autowiring by type from bean name 'approveController' to bean named 'taskService'
  2019-01-28 17:55:32,940 [main] DEBUG - Processing injected element of bean 'approveController': AutowiredFieldElement for private org.activiti.engine.HistoryService com.sys.controller.apply.ApproveController.historyService
  2019-01-28 17:55:32,940 [main] DEBUG - Returning cached instance of singleton bean 'historyService'
  2019-01-28 17:55:32,941 [main] DEBUG - Autowiring by type from bean name 'approveController' to bean named 'historyService'
  2019-01-28 17:55:32,941 [main] DEBUG - Processing injected element of bean 'approveController': AutowiredFieldElement for private com.sys.service.RoleInfoService com.sys.controller.apply.ApproveController.roleInfoService
  2019-01-28 17:55:32,941 [main] DEBUG - Returning cached instance of singleton bean 'roleInfoService'
  2019-01-28 17:55:32,941 [main] DEBUG - Autowiring by type from bean name 'approveController' to bean named 'roleInfoService'
  2019-01-28 17:55:32,942 [main] DEBUG - Processing injected element of bean 'approveController': AutowiredFieldElement for private com.sys.service.apply.ApproveService com.sys.controller.apply.ApproveController.approveService
  2019-01-28 17:55:32,942 [main] DEBUG - Returning cached instance of singleton bean 'approveService'
  2019-01-28 17:55:32,942 [main] DEBUG - Autowiring by type from bean name 'approveController' to bean named 'approveService'
  2019-01-28 17:55:32,942 [main] DEBUG - Processing injected element of bean 'approveController': AutowiredFieldElement for private com.sys.service.serialnum.SerialNumService com.sys.controller.apply.ApproveController.serialNumService
  2019-01-28 17:55:32,942 [main] DEBUG - Returning cached instance of singleton bean 'serialNumService'
  2019-01-28 17:55:32,943 [main] DEBUG - Autowiring by type from bean name 'approveController' to bean named 'serialNumService'
  2019-01-28 17:55:32,943 [main] DEBUG - Processing injected element of bean 'approveController': AutowiredFieldElement for private com.sys.service.ParmItemService com.sys.controller.apply.ApproveController.parmItemService
  2019-01-28 17:55:32,943 [main] DEBUG - Returning cached instance of singleton bean 'parmItemService'
  2019-01-28 17:55:32,943 [main] DEBUG - Autowiring by type from bean name 'approveController' to bean named 'parmItemService'
  2019-01-28 17:55:32,943 [main] DEBUG - Processing injected element of bean 'approveController': AutowiredFieldElement for private com.sys.service.FlowService com.sys.controller.apply.ApproveController.flowService
  2019-01-28 17:55:32,944 [main] DEBUG - Returning cached instance of singleton bean 'flowService'
  2019-01-28 17:55:32,944 [main] DEBUG - Autowiring by type from bean name 'approveController' to bean named 'flowService'
  2019-01-28 17:55:32,944 [main] DEBUG - Processing injected element of bean 'approveController': AutowiredFieldElement for private com.sys.service.common.MessageAndFormService com.sys.controller.apply.ApproveController.messageAndFormService
  2019-01-28 17:55:32,944 [main] DEBUG - Returning cached instance of singleton bean 'messageAndFormService'
  2019-01-28 17:55:32,944 [main] DEBUG - Autowiring by type from bean name 'approveController' to bean named 'messageAndFormService'
  2019-01-28 17:55:32,945 [main] DEBUG - Processing injected element of bean 'approveController': AutowiredFieldElement for private com.sys.service.apply.ApproveRecordService com.sys.controller.apply.ApproveController.approveRecordService
  2019-01-28 17:55:32,945 [main] DEBUG - Returning cached instance of singleton bean 'approveRecordService'
  2019-01-28 17:55:32,946 [main] DEBUG - Autowiring by type from bean name 'approveController' to bean named 'approveRecordService'
  2019-01-28 17:55:32,946 [main] DEBUG - Processing injected element of bean 'approveController': AutowiredFieldElement for private com.sys.service.ApplyUserinfoService com.sys.controller.apply.ApproveController.applyUserinfoService
  2019-01-28 17:55:32,946 [main] DEBUG - Returning cached instance of singleton bean 'applyUserinfoService'
  2019-01-28 17:55:32,946 [main] DEBUG - Autowiring by type from bean name 'approveController' to bean named 'applyUserinfoService'
  2019-01-28 17:55:32,947 [main] DEBUG - Returning cached instance of singleton bean 'org.springframework.aop.support.DefaultBeanFactoryPointcutAdvisor#0'
  2019-01-28 17:55:32,947 [main] DEBUG - Returning cached instance of singleton bean 'org.springframework.cache.config.internalCacheAdvisor'
  2019-01-28 17:55:32,947 [main] DEBUG - Returning cached instance of singleton bean 'org.springframework.aop.support.DefaultBeanFactoryPointcutAdvisor#0'
  2019-01-28 17:55:32,947 [main] DEBUG - Returning cached instance of singleton bean 'org.springframework.cache.config.internalCacheAdvisor'
  2019-01-28 17:55:32,950 [main] DEBUG - Finished creating instance of bean 'approveController'
  2019-01-28 17:55:32,950 [main] DEBUG - Creating shared instance of singleton bean 'applyUserinfoController'
  2019-01-28 17:55:32,951 [main] DEBUG - Creating instance of bean 'applyUserinfoController'
  2019-01-28 17:55:32,951 [main] DEBUG - Returning cached instance of singleton bean 'org.springframework.aop.support.DefaultBeanFactoryPointcutAdvisor#0'
  2019-01-28 17:55:32,951 [main] DEBUG - Returning cached instance of singleton bean 'org.springframework.cache.config.internalCacheAdvisor'
  2019-01-28 17:55:32,952 [main] DEBUG - Registered injected element on class [com.sys.controller.ApplyUserinfoController]: AutowiredFieldElement for com.sys.service.ApplyUserinfoService com.sys.controller.ApplyUserinfoController.applyUserinfoService
  2019-01-28 17:55:32,952 [main] DEBUG - Registered injected element on class [com.sys.controller.ApplyUserinfoController]: AutowiredFieldElement for private com.sys.mapper.apply.ApproveMapper com.sys.controller.ApplyUserinfoController.approveMapper
  2019-01-28 17:55:32,952 [main] DEBUG - Registered injected element on class [com.sys.controller.ApplyUserinfoController]: AutowiredFieldElement for private com.sys.service.apply.ApplyForForeignService com.sys.controller.ApplyUserinfoController.applyForForeignService
  2019-01-28 17:55:32,952 [main] DEBUG - Registered injected element on class [com.sys.controller.ApplyUserinfoController]: AutowiredFieldElement for private com.sys.service.apply.ApplyForgraDuateService com.sys.controller.ApplyUserinfoController.applyForgraDuateService
  2019-01-28 17:55:32,953 [main] DEBUG - Registered injected element on class [com.sys.controller.ApplyUserinfoController]: AutowiredFieldElement for private com.sys.service.apply.ApplyButieService com.sys.controller.ApplyUserinfoController.applyButieService
  2019-01-28 17:55:32,953 [main] DEBUG - Registered injected element on class [com.sys.controller.ApplyUserinfoController]: AutowiredFieldElement for private com.sys.service.apply.ApplyService com.sys.controller.ApplyUserinfoController.applyService
  2019-01-28 17:55:32,953 [main] DEBUG - Registered injected element on class [com.sys.controller.ApplyUserinfoController]: AutowiredFieldElement for private com.sys.service.apply.ApproveService com.sys.controller.ApplyUserinfoController.approveService
  2019-01-28 17:55:32,953 [main] DEBUG - Registered injected element on class [com.sys.controller.ApplyUserinfoController]: AutowiredFieldElement for private com.sys.service.apply.ApplyFamilyMemberService com.sys.controller.ApplyUserinfoController.applyFamilyMemberService
  2019-01-28 17:55:32,953 [main] DEBUG - Registered injected element on class [com.sys.controller.ApplyUserinfoController]: AutowiredFieldElement for private com.sys.service.ParmItemService com.sys.controller.ApplyUserinfoController.parmItemService
  2019-01-28 17:55:32,954 [main] DEBUG - Registered injected element on class [com.sys.controller.ApplyUserinfoController]: AutowiredFieldElement for private com.sys.service.apply.ApplyUserInfoFormService com.sys.controller.ApplyUserinfoController.applyUserInfoFormService
  2019-01-28 17:55:32,954 [main] DEBUG - Eagerly caching bean 'applyUserinfoController' to allow for resolving potential circular references
  2019-01-28 17:55:32,954 [main] DEBUG - Processing injected element of bean 'applyUserinfoController': AutowiredFieldElement for com.sys.service.ApplyUserinfoService com.sys.controller.ApplyUserinfoController.applyUserinfoService
  2019-01-28 17:55:32,955 [main] DEBUG - Returning cached instance of singleton bean 'applyUserinfoService'
  2019-01-28 17:55:32,955 [main] DEBUG - Autowiring by type from bean name 'applyUserinfoController' to bean named 'applyUserinfoService'
  2019-01-28 17:55:32,955 [main] DEBUG - Processing injected element of bean 'applyUserinfoController': AutowiredFieldElement for private com.sys.mapper.apply.ApproveMapper com.sys.controller.ApplyUserinfoController.approveMapper
  2019-01-28 17:55:32,955 [main] DEBUG - Returning cached instance of singleton bean 'approveMapper'
  2019-01-28 17:55:32,956 [main] DEBUG - Autowiring by type from bean name 'applyUserinfoController' to bean named 'approveMapper'
  2019-01-28 17:55:32,956 [main] DEBUG - Processing injected element of bean 'applyUserinfoController': AutowiredFieldElement for private com.sys.service.apply.ApplyForForeignService com.sys.controller.ApplyUserinfoController.applyForForeignService
  2019-01-28 17:55:32,956 [main] DEBUG - Returning cached instance of singleton bean 'applyForForeignService'
  2019-01-28 17:55:32,956 [main] DEBUG - Autowiring by type from bean name 'applyUserinfoController' to bean named 'applyForForeignService'
  2019-01-28 17:55:32,956 [main] DEBUG - Processing injected element of bean 'applyUserinfoController': AutowiredFieldElement for private com.sys.service.apply.ApplyForgraDuateService com.sys.controller.ApplyUserinfoController.applyForgraDuateService
  2019-01-28 17:55:32,957 [main] DEBUG - Returning cached instance of singleton bean 'applyForgraDuateService'
  2019-01-28 17:55:32,957 [main] DEBUG - Autowiring by type from bean name 'applyUserinfoController' to bean named 'applyForgraDuateService'
  2019-01-28 17:55:32,957 [main] DEBUG - Processing injected element of bean 'applyUserinfoController': AutowiredFieldElement for private com.sys.service.apply.ApplyButieService com.sys.controller.ApplyUserinfoController.applyButieService
  2019-01-28 17:55:32,957 [main] DEBUG - Returning cached instance of singleton bean 'applyButieService'
  2019-01-28 17:55:32,958 [main] DEBUG - Autowiring by type from bean name 'applyUserinfoController' to bean named 'applyButieService'
  2019-01-28 17:55:32,958 [main] DEBUG - Processing injected element of bean 'applyUserinfoController': AutowiredFieldElement for private com.sys.service.apply.ApplyService com.sys.controller.ApplyUserinfoController.applyService
  2019-01-28 17:55:32,958 [main] DEBUG - Returning cached instance of singleton bean 'applyService'
  2019-01-28 17:55:32,958 [main] DEBUG - Autowiring by type from bean name 'applyUserinfoController' to bean named 'applyService'
  2019-01-28 17:55:32,958 [main] DEBUG - Processing injected element of bean 'applyUserinfoController': AutowiredFieldElement for private com.sys.service.apply.ApproveService com.sys.controller.ApplyUserinfoController.approveService
  2019-01-28 17:55:32,959 [main] DEBUG - Returning cached instance of singleton bean 'approveService'
  2019-01-28 17:55:32,959 [main] DEBUG - Autowiring by type from bean name 'applyUserinfoController' to bean named 'approveService'
  2019-01-28 17:55:32,959 [main] DEBUG - Processing injected element of bean 'applyUserinfoController': AutowiredFieldElement for private com.sys.service.apply.ApplyFamilyMemberService com.sys.controller.ApplyUserinfoController.applyFamilyMemberService
  2019-01-28 17:55:32,959 [main] DEBUG - Returning cached instance of singleton bean 'applyFamilyMemberService'
  2019-01-28 17:55:32,959 [main] DEBUG - Autowiring by type from bean name 'applyUserinfoController' to bean named 'applyFamilyMemberService'
  2019-01-28 17:55:32,960 [main] DEBUG - Processing injected element of bean 'applyUserinfoController': AutowiredFieldElement for private com.sys.service.ParmItemService com.sys.controller.ApplyUserinfoController.parmItemService
  2019-01-28 17:55:32,960 [main] DEBUG - Returning cached instance of singleton bean 'parmItemService'
  2019-01-28 17:55:32,960 [main] DEBUG - Autowiring by type from bean name 'applyUserinfoController' to bean named 'parmItemService'
  2019-01-28 17:55:32,961 [main] DEBUG - Processing injected element of bean 'applyUserinfoController': AutowiredFieldElement for private com.sys.service.apply.ApplyUserInfoFormService com.sys.controller.ApplyUserinfoController.applyUserInfoFormService
  2019-01-28 17:55:32,961 [main] DEBUG - Returning cached instance of singleton bean 'applyUserInfoFormService'
  2019-01-28 17:55:32,961 [main] DEBUG - Autowiring by type from bean name 'applyUserinfoController' to bean named 'applyUserInfoFormService'
  2019-01-28 17:55:32,961 [main] DEBUG - Returning cached instance of singleton bean 'org.springframework.aop.support.DefaultBeanFactoryPointcutAdvisor#0'
  2019-01-28 17:55:32,962 [main] DEBUG - Returning cached instance of singleton bean 'org.springframework.cache.config.internalCacheAdvisor'
  2019-01-28 17:55:32,962 [main] DEBUG - Returning cached instance of singleton bean 'org.springframework.aop.support.DefaultBeanFactoryPointcutAdvisor#0'
  2019-01-28 17:55:32,962 [main] DEBUG - Returning cached instance of singleton bean 'org.springframework.cache.config.internalCacheAdvisor'
  2019-01-28 17:55:32,966 [main] DEBUG - Finished creating instance of bean 'applyUserinfoController'
  2019-01-28 17:55:32,966 [main] DEBUG - Creating shared instance of singleton bean 'blgshController'
  2019-01-28 17:55:32,967 [main] DEBUG - Creating instance of bean 'blgshController'
  2019-01-28 17:55:32,967 [main] DEBUG - Returning cached instance of singleton bean 'org.springframework.aop.support.DefaultBeanFactoryPointcutAdvisor#0'
  2019-01-28 17:55:32,967 [main] DEBUG - Returning cached instance of singleton bean 'org.springframework.cache.config.internalCacheAdvisor'
  2019-01-28 17:55:32,967 [main] DEBUG - Eagerly caching bean 'blgshController' to allow for resolving potential circular references
  2019-01-28 17:55:32,968 [main] DEBUG - Returning cached instance of singleton bean 'org.springframework.aop.support.DefaultBeanFactoryPointcutAdvisor#0'
  2019-01-28 17:55:32,968 [main] DEBUG - Returning cached instance of singleton bean 'org.springframework.cache.config.internalCacheAdvisor'
  2019-01-28 17:55:32,968 [main] DEBUG - Returning cached instance of singleton bean 'org.springframework.aop.support.DefaultBeanFactoryPointcutAdvisor#0'
  2019-01-28 17:55:32,968 [main] DEBUG - Returning cached instance of singleton bean 'org.springframework.cache.config.internalCacheAdvisor'
  2019-01-28 17:55:32,969 [main] DEBUG - Finished creating instance of bean 'blgshController'
  2019-01-28 17:55:32,969 [main] DEBUG - Creating shared instance of singleton bean 'bliveGongSController'
  2019-01-28 17:55:32,969 [main] DEBUG - Creating instance of bean 'bliveGongSController'
  2019-01-28 17:55:32,969 [main] DEBUG - Returning cached instance of singleton bean 'org.springframework.aop.support.DefaultBeanFactoryPointcutAdvisor#0'
  2019-01-28 17:55:32,969 [main] DEBUG - Returning cached instance of singleton bean 'org.springframework.cache.config.internalCacheAdvisor'
  2019-01-28 17:55:32,970 [main] DEBUG - Registered injected element on class [com.sys.controller.blgsh.BliveGongSController]: AutowiredFieldElement for private com.sys.service.blags.BliveGongSService com.sys.controller.blgsh.BliveGongSController.bliveGongSService
  2019-01-28 17:55:32,971 [main] DEBUG - Registered injected element on class [com.sys.controller.blgsh.BliveGongSController]: AutowiredFieldElement for private com.sys.service.RoleInfoService com.sys.controller.blgsh.BliveGongSController.roleInfoService
  2019-01-28 17:55:32,971 [main] DEBUG - Registered injected element on class [com.sys.controller.blgsh.BliveGongSController]: AutowiredFieldElement for private org.activiti.engine.TaskService com.sys.controller.blgsh.BliveGongSController.taskService
  2019-01-28 17:55:32,971 [main] DEBUG - Eagerly caching bean 'bliveGongSController' to allow for resolving potential circular references
  2019-01-28 17:55:32,971 [main] DEBUG - Processing injected element of bean 'bliveGongSController': AutowiredFieldElement for private com.sys.service.blags.BliveGongSService com.sys.controller.blgsh.BliveGongSController.bliveGongSService
  2019-01-28 17:55:32,972 [main] DEBUG - Returning cached instance of singleton bean 'bliveGongSService'
  2019-01-28 17:55:32,972 [main] DEBUG - Autowiring by type from bean name 'bliveGongSController' to bean named 'bliveGongSService'
  2019-01-28 17:55:32,973 [main] DEBUG - Processing injected element of bean 'bliveGongSController': AutowiredFieldElement for private com.sys.service.RoleInfoService com.sys.controller.blgsh.BliveGongSController.roleInfoService
  2019-01-28 17:55:32,973 [main] DEBUG - Returning cached instance of singleton bean 'roleInfoService'
  2019-01-28 17:55:32,973 [main] DEBUG - Autowiring by type from bean name 'bliveGongSController' to bean named 'roleInfoService'
  2019-01-28 17:55:32,973 [main] DEBUG - Processing injected element of bean 'bliveGongSController': AutowiredFieldElement for private org.activiti.engine.TaskService com.sys.controller.blgsh.BliveGongSController.taskService
  2019-01-28 17:55:32,973 [main] DEBUG - Returning cached instance of singleton bean 'taskService'
  2019-01-28 17:55:32,974 [main] DEBUG - Autowiring by type from bean name 'bliveGongSController' to bean named 'taskService'
  2019-01-28 17:55:32,974 [main] DEBUG - Returning cached instance of singleton bean 'org.springframework.aop.support.DefaultBeanFactoryPointcutAdvisor#0'
  2019-01-28 17:55:32,974 [main] DEBUG - Returning cached instance of singleton bean 'org.springframework.cache.config.internalCacheAdvisor'
  2019-01-28 17:55:32,974 [main] DEBUG - Returning cached instance of singleton bean 'org.springframework.aop.support.DefaultBeanFactoryPointcutAdvisor#0'
  2019-01-28 17:55:32,975 [main] DEBUG - Returning cached instance of singleton bean 'org.springframework.cache.config.internalCacheAdvisor'
  2019-01-28 17:55:32,977 [main] DEBUG - Finished creating instance of bean 'bliveGongSController'
  2019-01-28 17:55:32,977 [main] DEBUG - Creating shared instance of singleton bean 'contractDetailController'
  2019-01-28 17:55:32,977 [main] DEBUG - Creating instance of bean 'contractDetailController'
  2019-01-28 17:55:32,977 [main] DEBUG - Returning cached instance of singleton bean 'org.springframework.aop.support.DefaultBeanFactoryPointcutAdvisor#0'
  2019-01-28 17:55:32,977 [main] DEBUG - Returning cached instance of singleton bean 'org.springframework.cache.config.internalCacheAdvisor'
  2019-01-28 17:55:32,978 [main] DEBUG - Registered injected element on class [com.sys.controller.ContractDetailController]: AutowiredFieldElement for private com.sys.service.ContractDetailService com.sys.controller.ContractDetailController.contractDetailService
  2019-01-28 17:55:32,978 [main] DEBUG - Eagerly caching bean 'contractDetailController' to allow for resolving potential circular references
  2019-01-28 17:55:32,978 [main] DEBUG - Processing injected element of bean 'contractDetailController': AutowiredFieldElement for private com.sys.service.ContractDetailService com.sys.controller.ContractDetailController.contractDetailService
  2019-01-28 17:55:32,979 [main] DEBUG - Returning cached instance of singleton bean 'contractDetailService'
  2019-01-28 17:55:32,979 [main] DEBUG - Autowiring by type from bean name 'contractDetailController' to bean named 'contractDetailService'
  2019-01-28 17:55:32,979 [main] DEBUG - Returning cached instance of singleton bean 'org.springframework.aop.support.DefaultBeanFactoryPointcutAdvisor#0'
  2019-01-28 17:55:32,979 [main] DEBUG - Returning cached instance of singleton bean 'org.springframework.cache.config.internalCacheAdvisor'
  2019-01-28 17:55:32,979 [main] DEBUG - Returning cached instance of singleton bean 'org.springframework.aop.support.DefaultBeanFactoryPointcutAdvisor#0'
  2019-01-28 17:55:32,980 [main] DEBUG - Returning cached instance of singleton bean 'org.springframework.cache.config.internalCacheAdvisor'
  2019-01-28 17:55:32,980 [main] DEBUG - Finished creating instance of bean 'contractDetailController'
  2019-01-28 17:55:32,981 [main] DEBUG - Creating shared instance of singleton bean 'contractTemplateController'
  2019-01-28 17:55:32,981 [main] DEBUG - Creating instance of bean 'contractTemplateController'
  2019-01-28 17:55:32,981 [main] DEBUG - Returning cached instance of singleton bean 'org.springframework.aop.support.DefaultBeanFactoryPointcutAdvisor#0'
  2019-01-28 17:55:32,981 [main] DEBUG - Returning cached instance of singleton bean 'org.springframework.cache.config.internalCacheAdvisor'
  2019-01-28 17:55:32,982 [main] DEBUG - Registered injected element on class [com.sys.controller.ContractTemplateController]: AutowiredFieldElement for private com.sys.service.ContractTemplateService com.sys.controller.ContractTemplateController.contractTemplateService
  2019-01-28 17:55:32,982 [main] DEBUG - Eagerly caching bean 'contractTemplateController' to allow for resolving potential circular references
  2019-01-28 17:55:32,982 [main] DEBUG - Processing injected element of bean 'contractTemplateController': AutowiredFieldElement for private com.sys.service.ContractTemplateService com.sys.controller.ContractTemplateController.contractTemplateService
  2019-01-28 17:55:32,982 [main] DEBUG - Returning cached instance of singleton bean 'contractTemplateService'
  2019-01-28 17:55:32,983 [main] DEBUG - Autowiring by type from bean name 'contractTemplateController' to bean named 'contractTemplateService'
  2019-01-28 17:55:32,983 [main] DEBUG - Returning cached instance of singleton bean 'org.springframework.aop.support.DefaultBeanFactoryPointcutAdvisor#0'
  2019-01-28 17:55:32,983 [main] DEBUG - Returning cached instance of singleton bean 'org.springframework.cache.config.internalCacheAdvisor'
  2019-01-28 17:55:32,983 [main] DEBUG - Returning cached instance of singleton bean 'org.springframework.aop.support.DefaultBeanFactoryPointcutAdvisor#0'
  2019-01-28 17:55:32,983 [main] DEBUG - Returning cached instance of singleton bean 'org.springframework.cache.config.internalCacheAdvisor'
  2019-01-28 17:55:32,985 [main] DEBUG - Finished creating instance of bean 'contractTemplateController'
  2019-01-28 17:55:32,985 [main] DEBUG - Creating shared instance of singleton bean 'exportExcelController'
  2019-01-28 17:55:32,985 [main] DEBUG - Creating instance of bean 'exportExcelController'
  2019-01-28 17:55:32,986 [main] DEBUG - Returning cached instance of singleton bean 'org.springframework.aop.support.DefaultBeanFactoryPointcutAdvisor#0'
  2019-01-28 17:55:32,986 [main] DEBUG - Returning cached instance of singleton bean 'org.springframework.cache.config.internalCacheAdvisor'
  2019-01-28 17:55:32,986 [main] DEBUG - Registered injected element on class [com.sys.controller.ExportExcelController]: AutowiredFieldElement for private com.sys.service.SysExcelInfoService com.sys.controller.ExportExcelController.sysExcelInfoService
  2019-01-28 17:55:32,986 [main] DEBUG - Eagerly caching bean 'exportExcelController' to allow for resolving potential circular references
  2019-01-28 17:55:32,987 [main] DEBUG - Processing injected element of bean 'exportExcelController': AutowiredFieldElement for private com.sys.service.SysExcelInfoService com.sys.controller.ExportExcelController.sysExcelInfoService
  2019-01-28 17:55:32,988 [main] DEBUG - Returning cached instance of singleton bean 'sysExcelInfoService'
  2019-01-28 17:55:32,988 [main] DEBUG - Autowiring by type from bean name 'exportExcelController' to bean named 'sysExcelInfoService'
  2019-01-28 17:55:32,988 [main] DEBUG - Returning cached instance of singleton bean 'org.springframework.aop.support.DefaultBeanFactoryPointcutAdvisor#0'
  2019-01-28 17:55:32,988 [main] DEBUG - Returning cached instance of singleton bean 'org.springframework.cache.config.internalCacheAdvisor'
  2019-01-28 17:55:32,989 [main] DEBUG - Returning cached instance of singleton bean 'org.springframework.aop.support.DefaultBeanFactoryPointcutAdvisor#0'
  2019-01-28 17:55:32,989 [main] DEBUG - Returning cached instance of singleton bean 'org.springframework.cache.config.internalCacheAdvisor'
  2019-01-28 17:55:32,989 [main] DEBUG - Finished creating instance of bean 'exportExcelController'
  2019-01-28 17:55:32,990 [main] DEBUG - Creating shared instance of singleton bean 'fileController'
  2019-01-28 17:55:32,990 [main] DEBUG - Creating instance of bean 'fileController'
  2019-01-28 17:55:32,990 [main] DEBUG - Returning cached instance of singleton bean 'org.springframework.aop.support.DefaultBeanFactoryPointcutAdvisor#0'
  2019-01-28 17:55:32,990 [main] DEBUG - Returning cached instance of singleton bean 'org.springframework.cache.config.internalCacheAdvisor'
  2019-01-28 17:55:32,991 [main] DEBUG - Registered injected element on class [com.sys.controller.FileController]: AutowiredFieldElement for private com.sys.service.AnnexFileService com.sys.controller.FileController.annexFileService
  2019-01-28 17:55:32,991 [main] DEBUG - Eagerly caching bean 'fileController' to allow for resolving potential circular references
  2019-01-28 17:55:32,991 [main] DEBUG - Processing injected element of bean 'fileController': AutowiredFieldElement for private com.sys.service.AnnexFileService com.sys.controller.FileController.annexFileService
  2019-01-28 17:55:32,993 [main] DEBUG - Returning cached instance of singleton bean 'annexFileService'
  2019-01-28 17:55:32,993 [main] DEBUG - Autowiring by type from bean name 'fileController' to bean named 'annexFileService'
  2019-01-28 17:55:32,993 [main] DEBUG - Returning cached instance of singleton bean 'org.springframework.aop.support.DefaultBeanFactoryPointcutAdvisor#0'
  2019-01-28 17:55:32,994 [main] DEBUG - Returning cached instance of singleton bean 'org.springframework.cache.config.internalCacheAdvisor'
  2019-01-28 17:55:32,994 [main] DEBUG - Returning cached instance of singleton bean 'org.springframework.aop.support.DefaultBeanFactoryPointcutAdvisor#0'
  2019-01-28 17:55:32,994 [main] DEBUG - Returning cached instance of singleton bean 'org.springframework.cache.config.internalCacheAdvisor'
  2019-01-28 17:55:32,995 [main] DEBUG - Finished creating instance of bean 'fileController'
  2019-01-28 17:55:32,995 [main] DEBUG - Creating shared instance of singleton bean 'articleInfoController'
  2019-01-28 17:55:32,996 [main] DEBUG - Creating instance of bean 'articleInfoController'
  2019-01-28 17:55:32,996 [main] DEBUG - Returning cached instance of singleton bean 'org.springframework.aop.support.DefaultBeanFactoryPointcutAdvisor#0'
  2019-01-28 17:55:32,996 [main] DEBUG - Returning cached instance of singleton bean 'org.springframework.cache.config.internalCacheAdvisor'
  2019-01-28 17:55:32,997 [main] DEBUG - Registered injected element on class [com.sys.controller.home.ArticleInfoController]: AutowiredFieldElement for private com.sys.service.home.ArticleInfoService com.sys.controller.home.ArticleInfoController.articleInfoService
  2019-01-28 17:55:32,997 [main] DEBUG - Eagerly caching bean 'articleInfoController' to allow for resolving potential circular references
  2019-01-28 17:55:32,997 [main] DEBUG - Processing injected element of bean 'articleInfoController': AutowiredFieldElement for private com.sys.service.home.ArticleInfoService com.sys.controller.home.ArticleInfoController.articleInfoService
  2019-01-28 17:55:32,997 [main] DEBUG - Returning cached instance of singleton bean 'articleInfoService'
  2019-01-28 17:55:32,998 [main] DEBUG - Autowiring by type from bean name 'articleInfoController' to bean named 'articleInfoService'
  2019-01-28 17:55:32,998 [main] DEBUG - Returning cached instance of singleton bean 'org.springframework.aop.support.DefaultBeanFactoryPointcutAdvisor#0'
  2019-01-28 17:55:32,998 [main] DEBUG - Returning cached instance of singleton bean 'org.springframework.cache.config.internalCacheAdvisor'
  2019-01-28 17:55:32,998 [main] DEBUG - Returning cached instance of singleton bean 'org.springframework.aop.support.DefaultBeanFactoryPointcutAdvisor#0'
  2019-01-28 17:55:32,998 [main] DEBUG - Returning cached instance of singleton bean 'org.springframework.cache.config.internalCacheAdvisor'
  2019-01-28 17:55:33,000 [main] DEBUG - Finished creating instance of bean 'articleInfoController'
  2019-01-28 17:55:33,001 [main] DEBUG - Creating shared instance of singleton bean 'columnInfoController'
  2019-01-28 17:55:33,001 [main] DEBUG - Creating instance of bean 'columnInfoController'
  2019-01-28 17:55:33,001 [main] DEBUG - Returning cached instance of singleton bean 'org.springframework.aop.support.DefaultBeanFactoryPointcutAdvisor#0'
  2019-01-28 17:55:33,001 [main] DEBUG - Returning cached instance of singleton bean 'org.springframework.cache.config.internalCacheAdvisor'
  2019-01-28 17:55:33,002 [main] DEBUG - Registered injected element on class [com.sys.controller.home.ColumnInfoController]: AutowiredFieldElement for private com.sys.service.home.ColumnInfoService com.sys.controller.home.ColumnInfoController.columnInfoService
  2019-01-28 17:55:33,002 [main] DEBUG - Eagerly caching bean 'columnInfoController' to allow for resolving potential circular references
  2019-01-28 17:55:33,002 [main] DEBUG - Processing injected element of bean 'columnInfoController': AutowiredFieldElement for private com.sys.service.home.ColumnInfoService com.sys.controller.home.ColumnInfoController.columnInfoService
  2019-01-28 17:55:33,002 [main] DEBUG - Returning cached instance of singleton bean 'columnInfoService'
  2019-01-28 17:55:33,003 [main] DEBUG - Autowiring by type from bean name 'columnInfoController' to bean named 'columnInfoService'
  2019-01-28 17:55:33,003 [main] DEBUG - Returning cached instance of singleton bean 'org.springframework.aop.support.DefaultBeanFactoryPointcutAdvisor#0'
  2019-01-28 17:55:33,003 [main] DEBUG - Returning cached instance of singleton bean 'org.springframework.cache.config.internalCacheAdvisor'
  2019-01-28 17:55:33,003 [main] DEBUG - Returning cached instance of singleton bean 'org.springframework.aop.support.DefaultBeanFactoryPointcutAdvisor#0'
  2019-01-28 17:55:33,003 [main] DEBUG - Returning cached instance of singleton bean 'org.springframework.cache.config.internalCacheAdvisor'
  2019-01-28 17:55:33,004 [main] DEBUG - Finished creating instance of bean 'columnInfoController'
  2019-01-28 17:55:33,004 [main] DEBUG - Creating shared instance of singleton bean 'fileFtpController'
  2019-01-28 17:55:33,004 [main] DEBUG - Creating instance of bean 'fileFtpController'
  2019-01-28 17:55:33,004 [main] DEBUG - Returning cached instance of singleton bean 'org.springframework.aop.support.DefaultBeanFactoryPointcutAdvisor#0'
  2019-01-28 17:55:33,005 [main] DEBUG - Returning cached instance of singleton bean 'org.springframework.cache.config.internalCacheAdvisor'
  2019-01-28 17:55:33,005 [main] DEBUG - Registered injected element on class [com.sys.controller.home.FileFtpController]: AutowiredFieldElement for private com.sys.service.home.FileFtpService com.sys.controller.home.FileFtpController.fileFtpService
  2019-01-28 17:55:33,005 [main] DEBUG - Eagerly caching bean 'fileFtpController' to allow for resolving potential circular references
  2019-01-28 17:55:33,005 [main] DEBUG - Processing injected element of bean 'fileFtpController': AutowiredFieldElement for private com.sys.service.home.FileFtpService com.sys.controller.home.FileFtpController.fileFtpService
  2019-01-28 17:55:33,006 [main] DEBUG - Returning cached instance of singleton bean 'fileFtpService'
  2019-01-28 17:55:33,006 [main] DEBUG - Autowiring by type from bean name 'fileFtpController' to bean named 'fileFtpService'
  2019-01-28 17:55:33,006 [main] DEBUG - Returning cached instance of singleton bean 'org.springframework.aop.support.DefaultBeanFactoryPointcutAdvisor#0'
  2019-01-28 17:55:33,007 [main] DEBUG - Returning cached instance of singleton bean 'org.springframework.cache.config.internalCacheAdvisor'
  2019-01-28 17:55:33,007 [main] DEBUG - Returning cached instance of singleton bean 'org.springframework.aop.support.DefaultBeanFactoryPointcutAdvisor#0'
  2019-01-28 17:55:33,007 [main] DEBUG - Returning cached instance of singleton bean 'org.springframework.cache.config.internalCacheAdvisor'
  2019-01-28 17:55:33,008 [main] DEBUG - Finished creating instance of bean 'fileFtpController'
  2019-01-28 17:55:33,008 [main] DEBUG - Creating shared instance of singleton bean 'homeUserInfoController'
  2019-01-28 17:55:33,009 [main] DEBUG - Creating instance of bean 'homeUserInfoController'
  2019-01-28 17:55:33,009 [main] DEBUG - Returning cached instance of singleton bean 'org.springframework.aop.support.DefaultBeanFactoryPointcutAdvisor#0'
  2019-01-28 17:55:33,010 [main] DEBUG - Returning cached instance of singleton bean 'org.springframework.cache.config.internalCacheAdvisor'
  2019-01-28 17:55:33,011 [main] DEBUG - Registered injected element on class [com.sys.controller.home.HomeUserInfoController]: AutowiredFieldElement for private com.sys.service.HomeUserInfoService com.sys.controller.home.HomeUserInfoController.homeUserInfoService
  2019-01-28 17:55:33,011 [main] DEBUG - Eagerly caching bean 'homeUserInfoController' to allow for resolving potential circular references
  2019-01-28 17:55:33,012 [main] DEBUG - Processing injected element of bean 'homeUserInfoController': AutowiredFieldElement for private com.sys.service.HomeUserInfoService com.sys.controller.home.HomeUserInfoController.homeUserInfoService
  2019-01-28 17:55:33,013 [main] DEBUG - Returning cached instance of singleton bean 'homeUserInfoService'
  2019-01-28 17:55:33,013 [main] DEBUG - Autowiring by type from bean name 'homeUserInfoController' to bean named 'homeUserInfoService'
  2019-01-28 17:55:33,013 [main] DEBUG - Returning cached instance of singleton bean 'org.springframework.aop.support.DefaultBeanFactoryPointcutAdvisor#0'
  2019-01-28 17:55:33,013 [main] DEBUG - Returning cached instance of singleton bean 'org.springframework.cache.config.internalCacheAdvisor'
  2019-01-28 17:55:33,014 [main] DEBUG - Returning cached instance of singleton bean 'org.springframework.aop.support.DefaultBeanFactoryPointcutAdvisor#0'
  2019-01-28 17:55:33,014 [main] DEBUG - Returning cached instance of singleton bean 'org.springframework.cache.config.internalCacheAdvisor'
  2019-01-28 17:55:33,015 [main] DEBUG - Finished creating instance of bean 'homeUserInfoController'
  2019-01-28 17:55:33,015 [main] DEBUG - Creating shared instance of singleton bean 'pageColumnController'
  2019-01-28 17:55:33,015 [main] DEBUG - Creating instance of bean 'pageColumnController'
  2019-01-28 17:55:33,016 [main] DEBUG - Returning cached instance of singleton bean 'org.springframework.aop.support.DefaultBeanFactoryPointcutAdvisor#0'
  2019-01-28 17:55:33,016 [main] DEBUG - Returning cached instance of singleton bean 'org.springframework.cache.config.internalCacheAdvisor'
  2019-01-28 17:55:33,016 [main] DEBUG - Eagerly caching bean 'pageColumnController' to allow for resolving potential circular references
  2019-01-28 17:55:33,016 [main] DEBUG - Returning cached instance of singleton bean 'org.springframework.aop.support.DefaultBeanFactoryPointcutAdvisor#0'
  2019-01-28 17:55:33,017 [main] DEBUG - Returning cached instance of singleton bean 'org.springframework.cache.config.internalCacheAdvisor'
  2019-01-28 17:55:33,017 [main] DEBUG - Returning cached instance of singleton bean 'org.springframework.aop.support.DefaultBeanFactoryPointcutAdvisor#0'
  2019-01-28 17:55:33,017 [main] DEBUG - Returning cached instance of singleton bean 'org.springframework.cache.config.internalCacheAdvisor'
  2019-01-28 17:55:33,018 [main] DEBUG - Finished creating instance of bean 'pageColumnController'
  2019-01-28 17:55:33,018 [main] DEBUG - Creating shared instance of singleton bean 'buidInfoController'
  2019-01-28 17:55:33,018 [main] DEBUG - Creating instance of bean 'buidInfoController'
  2019-01-28 17:55:33,019 [main] DEBUG - Returning cached instance of singleton bean 'org.springframework.aop.support.DefaultBeanFactoryPointcutAdvisor#0'
  2019-01-28 17:55:33,019 [main] DEBUG - Returning cached instance of singleton bean 'org.springframework.cache.config.internalCacheAdvisor'
  2019-01-28 17:55:33,019 [main] DEBUG - Registered injected element on class [com.sys.controller.house.BuidInfoController]: AutowiredFieldElement for private com.sys.service.BuidInfoService com.sys.controller.house.BuidInfoController.buidInfoService
  2019-01-28 17:55:33,020 [main] DEBUG - Registered injected element on class [com.sys.controller.house.BuidInfoController]: AutowiredFieldElement for private com.sys.service.FactMappingService com.sys.controller.house.BuidInfoController.factMappingService
  2019-01-28 17:55:33,021 [main] DEBUG - Eagerly caching bean 'buidInfoController' to allow for resolving potential circular references
  2019-01-28 17:55:33,021 [main] DEBUG - Processing injected element of bean 'buidInfoController': AutowiredFieldElement for private com.sys.service.BuidInfoService com.sys.controller.house.BuidInfoController.buidInfoService
  2019-01-28 17:55:33,022 [main] DEBUG - Returning cached instance of singleton bean 'buidInfoService'
  2019-01-28 17:55:33,023 [main] DEBUG - Autowiring by type from bean name 'buidInfoController' to bean named 'buidInfoService'
  2019-01-28 17:55:33,023 [main] DEBUG - Processing injected element of bean 'buidInfoController': AutowiredFieldElement for private com.sys.service.FactMappingService com.sys.controller.house.BuidInfoController.factMappingService
  2019-01-28 17:55:33,024 [main] DEBUG - Returning cached instance of singleton bean 'factMappingService'
  2019-01-28 17:55:33,024 [main] DEBUG - Autowiring by type from bean name 'buidInfoController' to bean named 'factMappingService'
  2019-01-28 17:55:33,024 [main] DEBUG - Returning cached instance of singleton bean 'org.springframework.aop.support.DefaultBeanFactoryPointcutAdvisor#0'
  2019-01-28 17:55:33,024 [main] DEBUG - Returning cached instance of singleton bean 'org.springframework.cache.config.internalCacheAdvisor'
  2019-01-28 17:55:33,025 [main] DEBUG - Returning cached instance of singleton bean 'org.springframework.aop.support.DefaultBeanFactoryPointcutAdvisor#0'
  2019-01-28 17:55:33,025 [main] DEBUG - Returning cached instance of singleton bean 'org.springframework.cache.config.internalCacheAdvisor'
  2019-01-28 17:55:33,026 [main] DEBUG - Finished creating instance of bean 'buidInfoController'
  2019-01-28 17:55:33,026 [main] DEBUG - Creating shared instance of singleton bean 'factMappingController'
  2019-01-28 17:55:33,026 [main] DEBUG - Creating instance of bean 'factMappingController'
  2019-01-28 17:55:33,027 [main] DEBUG - Returning cached instance of singleton bean 'org.springframework.aop.support.DefaultBeanFactoryPointcutAdvisor#0'
  2019-01-28 17:55:33,027 [main] DEBUG - Returning cached instance of singleton bean 'org.springframework.cache.config.internalCacheAdvisor'
  2019-01-28 17:55:33,027 [main] DEBUG - Registered injected element on class [com.sys.controller.house.FactMappingController]: AutowiredFieldElement for private com.sys.service.FactMappingService com.sys.controller.house.FactMappingController.factMappingService
  2019-01-28 17:55:33,028 [main] DEBUG - Eagerly caching bean 'factMappingController' to allow for resolving potential circular references
  2019-01-28 17:55:33,028 [main] DEBUG - Processing injected element of bean 'factMappingController': AutowiredFieldElement for private com.sys.service.FactMappingService com.sys.controller.house.FactMappingController.factMappingService
  2019-01-28 17:55:33,028 [main] DEBUG - Returning cached instance of singleton bean 'factMappingService'
  2019-01-28 17:55:33,028 [main] DEBUG - Autowiring by type from bean name 'factMappingController' to bean named 'factMappingService'
  2019-01-28 17:55:33,029 [main] DEBUG - Returning cached instance of singleton bean 'org.springframework.aop.support.DefaultBeanFactoryPointcutAdvisor#0'
  2019-01-28 17:55:33,029 [main] DEBUG - Returning cached instance of singleton bean 'org.springframework.cache.config.internalCacheAdvisor'
  2019-01-28 17:55:33,029 [main] DEBUG - Returning cached instance of singleton bean 'org.springframework.aop.support.DefaultBeanFactoryPointcutAdvisor#0'
  2019-01-28 17:55:33,029 [main] DEBUG - Returning cached instance of singleton bean 'org.springframework.cache.config.internalCacheAdvisor'
  2019-01-28 17:55:33,033 [main] DEBUG - Finished creating instance of bean 'factMappingController'
  2019-01-28 17:55:33,033 [main] DEBUG - Creating shared instance of singleton bean 'hisRentController'
  2019-01-28 17:55:33,033 [main] DEBUG - Creating instance of bean 'hisRentController'
  2019-01-28 17:55:33,033 [main] DEBUG - Returning cached instance of singleton bean 'org.springframework.aop.support.DefaultBeanFactoryPointcutAdvisor#0'
  2019-01-28 17:55:33,034 [main] DEBUG - Returning cached instance of singleton bean 'org.springframework.cache.config.internalCacheAdvisor'
  2019-01-28 17:55:33,034 [main] DEBUG - Registered injected element on class [com.sys.controller.house.HisRentController]: AutowiredFieldElement for private com.sys.service.HisRentService com.sys.controller.house.HisRentController.hisRentService
  2019-01-28 17:55:33,034 [main] DEBUG - Eagerly caching bean 'hisRentController' to allow for resolving potential circular references
  2019-01-28 17:55:33,034 [main] DEBUG - Processing injected element of bean 'hisRentController': AutowiredFieldElement for private com.sys.service.HisRentService com.sys.controller.house.HisRentController.hisRentService
  2019-01-28 17:55:33,035 [main] DEBUG - Returning cached instance of singleton bean 'hisRentService'
  2019-01-28 17:55:33,036 [main] DEBUG - Autowiring by type from bean name 'hisRentController' to bean named 'hisRentService'
  2019-01-28 17:55:33,036 [main] DEBUG - Returning cached instance of singleton bean 'org.springframework.aop.support.DefaultBeanFactoryPointcutAdvisor#0'
  2019-01-28 17:55:33,036 [main] DEBUG - Returning cached instance of singleton bean 'org.springframework.cache.config.internalCacheAdvisor'
  2019-01-28 17:55:33,036 [main] DEBUG - Returning cached instance of singleton bean 'org.springframework.aop.support.DefaultBeanFactoryPointcutAdvisor#0'
  2019-01-28 17:55:33,036 [main] DEBUG - Returning cached instance of singleton bean 'org.springframework.cache.config.internalCacheAdvisor'
  2019-01-28 17:55:33,037 [main] DEBUG - Finished creating instance of bean 'hisRentController'
  2019-01-28 17:55:33,037 [main] DEBUG - Creating shared instance of singleton bean 'itemCodeInfoController'
  2019-01-28 17:55:33,037 [main] DEBUG - Creating instance of bean 'itemCodeInfoController'
  2019-01-28 17:55:33,038 [main] DEBUG - Returning cached instance of singleton bean 'org.springframework.aop.support.DefaultBeanFactoryPointcutAdvisor#0'
  2019-01-28 17:55:33,038 [main] DEBUG - Returning cached instance of singleton bean 'org.springframework.cache.config.internalCacheAdvisor'
  2019-01-28 17:55:33,038 [main] DEBUG - Registered injected element on class [com.sys.controller.house.ItemCodeInfoController]: AutowiredFieldElement for private com.sys.service.ItemCodeInfoService com.sys.controller.house.ItemCodeInfoController.itemCodeInfoService
  2019-01-28 17:55:33,038 [main] DEBUG - Registered injected element on class [com.sys.controller.house.ItemCodeInfoController]: AutowiredFieldElement for private com.sys.service.BuidInfoService com.sys.controller.house.ItemCodeInfoController.buidInfoService
  2019-01-28 17:55:33,039 [main] DEBUG - Eagerly caching bean 'itemCodeInfoController' to allow for resolving potential circular references
  2019-01-28 17:55:33,039 [main] DEBUG - Processing injected element of bean 'itemCodeInfoController': AutowiredFieldElement for private com.sys.service.ItemCodeInfoService com.sys.controller.house.ItemCodeInfoController.itemCodeInfoService
  2019-01-28 17:55:33,040 [main] DEBUG - Returning cached instance of singleton bean 'itemCodeInfoService'
  2019-01-28 17:55:33,040 [main] DEBUG - Autowiring by type from bean name 'itemCodeInfoController' to bean named 'itemCodeInfoService'
  2019-01-28 17:55:33,040 [main] DEBUG - Processing injected element of bean 'itemCodeInfoController': AutowiredFieldElement for private com.sys.service.BuidInfoService com.sys.controller.house.ItemCodeInfoController.buidInfoService
  2019-01-28 17:55:33,041 [main] DEBUG - Returning cached instance of singleton bean 'buidInfoService'
  2019-01-28 17:55:33,041 [main] DEBUG - Autowiring by type from bean name 'itemCodeInfoController' to bean named 'buidInfoService'
  2019-01-28 17:55:33,041 [main] DEBUG - Returning cached instance of singleton bean 'org.springframework.aop.support.DefaultBeanFactoryPointcutAdvisor#0'
  2019-01-28 17:55:33,041 [main] DEBUG - Returning cached instance of singleton bean 'org.springframework.cache.config.internalCacheAdvisor'
  2019-01-28 17:55:33,042 [main] DEBUG - Returning cached instance of singleton bean 'org.springframework.aop.support.DefaultBeanFactoryPointcutAdvisor#0'
  2019-01-28 17:55:33,042 [main] DEBUG - Returning cached instance of singleton bean 'org.springframework.cache.config.internalCacheAdvisor'
  2019-01-28 17:55:33,042 [main] DEBUG - Finished creating instance of bean 'itemCodeInfoController'
  2019-01-28 17:55:33,043 [main] DEBUG - Creating shared instance of singleton bean 'sourceHouseController'
  2019-01-28 17:55:33,043 [main] DEBUG - Creating instance of bean 'sourceHouseController'
  2019-01-28 17:55:33,043 [main] DEBUG - Returning cached instance of singleton bean 'org.springframework.aop.support.DefaultBeanFactoryPointcutAdvisor#0'
  2019-01-28 17:55:33,043 [main] DEBUG - Returning cached instance of singleton bean 'org.springframework.cache.config.internalCacheAdvisor'
  2019-01-28 17:55:33,044 [main] DEBUG - Registered injected element on class [com.sys.controller.house.SourceHouseController]: AutowiredFieldElement for private com.sys.service.SourceHouseService com.sys.controller.house.SourceHouseController.sourceHouseService
  2019-01-28 17:55:33,044 [main] DEBUG - Registered injected element on class [com.sys.controller.house.SourceHouseController]: AutowiredFieldElement for private com.sys.service.common.MessageAndFormService com.sys.controller.house.SourceHouseController.messageAndFormService
  2019-01-28 17:55:33,044 [main] DEBUG - Registered injected element on class [com.sys.controller.house.SourceHouseController]: AutowiredFieldElement for private com.sys.service.ApplyUserinfoService com.sys.controller.house.SourceHouseController.applyUserinfoService
  2019-01-28 17:55:33,044 [main] DEBUG - Registered injected element on class [com.sys.controller.house.SourceHouseController]: AutowiredFieldElement for private com.sys.service.apply.ApproveService com.sys.controller.house.SourceHouseController.approveService
  2019-01-28 17:55:33,044 [main] DEBUG - Registered injected element on class [com.sys.controller.house.SourceHouseController]: AutowiredFieldElement for private com.sys.service.apply.ApplyChangeService com.sys.controller.house.SourceHouseController.applyChangeService
  2019-01-28 17:55:33,045 [main] DEBUG - Eagerly caching bean 'sourceHouseController' to allow for resolving potential circular references
  2019-01-28 17:55:33,045 [main] DEBUG - Processing injected element of bean 'sourceHouseController': AutowiredFieldElement for private com.sys.service.SourceHouseService com.sys.controller.house.SourceHouseController.sourceHouseService
  2019-01-28 17:55:33,046 [main] DEBUG - Returning cached instance of singleton bean 'sourceHouseService'
  2019-01-28 17:55:33,046 [main] DEBUG - Autowiring by type from bean name 'sourceHouseController' to bean named 'sourceHouseService'
  2019-01-28 17:55:33,046 [main] DEBUG - Processing injected element of bean 'sourceHouseController': AutowiredFieldElement for private com.sys.service.common.MessageAndFormService com.sys.controller.house.SourceHouseController.messageAndFormService
  2019-01-28 17:55:33,046 [main] DEBUG - Returning cached instance of singleton bean 'messageAndFormService'
  2019-01-28 17:55:33,047 [main] DEBUG - Autowiring by type from bean name 'sourceHouseController' to bean named 'messageAndFormService'
  2019-01-28 17:55:33,047 [main] DEBUG - Processing injected element of bean 'sourceHouseController': AutowiredFieldElement for private com.sys.service.ApplyUserinfoService com.sys.controller.house.SourceHouseController.applyUserinfoService
  2019-01-28 17:55:33,047 [main] DEBUG - Returning cached instance of singleton bean 'applyUserinfoService'
  2019-01-28 17:55:33,047 [main] DEBUG - Autowiring by type from bean name 'sourceHouseController' to bean named 'applyUserinfoService'
  2019-01-28 17:55:33,048 [main] DEBUG - Processing injected element of bean 'sourceHouseController': AutowiredFieldElement for private com.sys.service.apply.ApproveService com.sys.controller.house.SourceHouseController.approveService
  2019-01-28 17:55:33,048 [main] DEBUG - Returning cached instance of singleton bean 'approveService'
  2019-01-28 17:55:33,048 [main] DEBUG - Autowiring by type from bean name 'sourceHouseController' to bean named 'approveService'
  2019-01-28 17:55:33,048 [main] DEBUG - Processing injected element of bean 'sourceHouseController': AutowiredFieldElement for private com.sys.service.apply.ApplyChangeService com.sys.controller.house.SourceHouseController.applyChangeService
  2019-01-28 17:55:33,048 [main] DEBUG - Returning cached instance of singleton bean 'applyChangeService'
  2019-01-28 17:55:33,048 [main] DEBUG - Autowiring by type from bean name 'sourceHouseController' to bean named 'applyChangeService'
  2019-01-28 17:55:33,049 [main] DEBUG - Returning cached instance of singleton bean 'org.springframework.aop.support.DefaultBeanFactoryPointcutAdvisor#0'
  2019-01-28 17:55:33,049 [main] DEBUG - Returning cached instance of singleton bean 'org.springframework.cache.config.internalCacheAdvisor'
  2019-01-28 17:55:33,049 [main] DEBUG - Returning cached instance of singleton bean 'org.springframework.aop.support.DefaultBeanFactoryPointcutAdvisor#0'
  2019-01-28 17:55:33,049 [main] DEBUG - Returning cached instance of singleton bean 'org.springframework.cache.config.internalCacheAdvisor'
  2019-01-28 17:55:33,051 [main] DEBUG - Finished creating instance of bean 'sourceHouseController'
  2019-01-28 17:55:33,051 [main] DEBUG - Creating shared instance of singleton bean 'imageInfoController'
  2019-01-28 17:55:33,051 [main] DEBUG - Creating instance of bean 'imageInfoController'
  2019-01-28 17:55:33,051 [main] DEBUG - Returning cached instance of singleton bean 'org.springframework.aop.support.DefaultBeanFactoryPointcutAdvisor#0'
  2019-01-28 17:55:33,052 [main] DEBUG - Returning cached instance of singleton bean 'org.springframework.cache.config.internalCacheAdvisor'
  2019-01-28 17:55:33,052 [main] DEBUG - Registered injected element on class [com.sys.controller.ImageInfoController]: AutowiredFieldElement for private com.sys.service.ImageInfoService com.sys.controller.ImageInfoController.imageInfoService
  2019-01-28 17:55:33,052 [main] DEBUG - Eagerly caching bean 'imageInfoController' to allow for resolving potential circular references
  2019-01-28 17:55:33,053 [main] DEBUG - Processing injected element of bean 'imageInfoController': AutowiredFieldElement for private com.sys.service.ImageInfoService com.sys.controller.ImageInfoController.imageInfoService
  2019-01-28 17:55:33,054 [main] DEBUG - Returning cached instance of singleton bean 'imageInfoService'
  2019-01-28 17:55:33,054 [main] DEBUG - Autowiring by type from bean name 'imageInfoController' to bean named 'imageInfoService'
  2019-01-28 17:55:33,054 [main] DEBUG - Returning cached instance of singleton bean 'org.springframework.aop.support.DefaultBeanFactoryPointcutAdvisor#0'
  2019-01-28 17:55:33,055 [main] DEBUG - Returning cached instance of singleton bean 'org.springframework.cache.config.internalCacheAdvisor'
  2019-01-28 17:55:33,055 [main] DEBUG - Returning cached instance of singleton bean 'org.springframework.aop.support.DefaultBeanFactoryPointcutAdvisor#0'
  2019-01-28 17:55:33,055 [main] DEBUG - Returning cached instance of singleton bean 'org.springframework.cache.config.internalCacheAdvisor'
  2019-01-28 17:55:33,056 [main] DEBUG - Finished creating instance of bean 'imageInfoController'
  2019-01-28 17:55:33,056 [main] DEBUG - Creating shared instance of singleton bean 'loginController'
  2019-01-28 17:55:33,056 [main] DEBUG - Creating instance of bean 'loginController'
  2019-01-28 17:55:33,056 [main] DEBUG - Returning cached instance of singleton bean 'org.springframework.aop.support.DefaultBeanFactoryPointcutAdvisor#0'
  2019-01-28 17:55:33,057 [main] DEBUG - Returning cached instance of singleton bean 'org.springframework.cache.config.internalCacheAdvisor'
  2019-01-28 17:55:33,057 [main] DEBUG - Registered injected element on class [com.sys.controller.LoginController]: AutowiredFieldElement for private com.sys.service.UserInfoService com.sys.controller.LoginController.userInfoService
  2019-01-28 17:55:33,057 [main] DEBUG - Registered injected element on class [com.sys.controller.LoginController]: AutowiredFieldElement for private org.activiti.engine.TaskService com.sys.controller.LoginController.taskService
  2019-01-28 17:55:33,057 [main] DEBUG - Registered injected element on class [com.sys.controller.LoginController]: AutowiredFieldElement for private com.sys.service.ParmItemService com.sys.controller.LoginController.parmItemService
  2019-01-28 17:55:33,058 [main] DEBUG - Registered injected element on class [com.sys.controller.LoginController]: AutowiredFieldElement for private com.sys.service.RoleInfoService com.sys.controller.LoginController.roleInfoService
  2019-01-28 17:55:33,058 [main] DEBUG - Registered injected element on class [com.sys.controller.LoginController]: AutowiredFieldElement for private com.sys.service.sysma.HolidayService com.sys.controller.LoginController.holidayService
  2019-01-28 17:55:33,058 [main] DEBUG - Eagerly caching bean 'loginController' to allow for resolving potential circular references
  2019-01-28 17:55:33,058 [main] DEBUG - Processing injected element of bean 'loginController': AutowiredFieldElement for private com.sys.service.UserInfoService com.sys.controller.LoginController.userInfoService
  2019-01-28 17:55:33,058 [main] DEBUG - Returning cached instance of singleton bean 'userInfoService'
  2019-01-28 17:55:33,059 [main] DEBUG - Autowiring by type from bean name 'loginController' to bean named 'userInfoService'
  2019-01-28 17:55:33,059 [main] DEBUG - Processing injected element of bean 'loginController': AutowiredFieldElement for private org.activiti.engine.TaskService com.sys.controller.LoginController.taskService
  2019-01-28 17:55:33,059 [main] DEBUG - Returning cached instance of singleton bean 'taskService'
  2019-01-28 17:55:33,059 [main] DEBUG - Autowiring by type from bean name 'loginController' to bean named 'taskService'
  2019-01-28 17:55:33,059 [main] DEBUG - Processing injected element of bean 'loginController': AutowiredFieldElement for private com.sys.service.ParmItemService com.sys.controller.LoginController.parmItemService
  2019-01-28 17:55:33,059 [main] DEBUG - Returning cached instance of singleton bean 'parmItemService'
  2019-01-28 17:55:33,060 [main] DEBUG - Autowiring by type from bean name 'loginController' to bean named 'parmItemService'
  2019-01-28 17:55:33,060 [main] DEBUG - Processing injected element of bean 'loginController': AutowiredFieldElement for private com.sys.service.RoleInfoService com.sys.controller.LoginController.roleInfoService
  2019-01-28 17:55:33,061 [main] DEBUG - Returning cached instance of singleton bean 'roleInfoService'
  2019-01-28 17:55:33,061 [main] DEBUG - Autowiring by type from bean name 'loginController' to bean named 'roleInfoService'
  2019-01-28 17:55:33,061 [main] DEBUG - Processing injected element of bean 'loginController': AutowiredFieldElement for private com.sys.service.sysma.HolidayService com.sys.controller.LoginController.holidayService
  2019-01-28 17:55:33,062 [main] DEBUG - Returning cached instance of singleton bean 'holidayService'
  2019-01-28 17:55:33,062 [main] DEBUG - Autowiring by type from bean name 'loginController' to bean named 'holidayService'
  2019-01-28 17:55:33,062 [main] DEBUG - Returning cached instance of singleton bean 'org.springframework.aop.support.DefaultBeanFactoryPointcutAdvisor#0'
  2019-01-28 17:55:33,062 [main] DEBUG - Returning cached instance of singleton bean 'org.springframework.cache.config.internalCacheAdvisor'
  2019-01-28 17:55:33,062 [main] DEBUG - Returning cached instance of singleton bean 'org.springframework.aop.support.DefaultBeanFactoryPointcutAdvisor#0'
  2019-01-28 17:55:33,063 [main] DEBUG - Returning cached instance of singleton bean 'org.springframework.cache.config.internalCacheAdvisor'
  2019-01-28 17:55:33,063 [main] DEBUG - Finished creating instance of bean 'loginController'
  2019-01-28 17:55:33,064 [main] DEBUG - Creating shared instance of singleton bean 'lotNumMaController'
  2019-01-28 17:55:33,064 [main] DEBUG - Creating instance of bean 'lotNumMaController'
  2019-01-28 17:55:33,064 [main] DEBUG - Returning cached instance of singleton bean 'org.springframework.aop.support.DefaultBeanFactoryPointcutAdvisor#0'
  2019-01-28 17:55:33,064 [main] DEBUG - Returning cached instance of singleton bean 'org.springframework.cache.config.internalCacheAdvisor'
  2019-01-28 17:55:33,065 [main] DEBUG - Registered injected element on class [com.sys.controller.lotnum.LotNumMaController]: AutowiredFieldElement for private com.sys.service.apply.ApproveService com.sys.controller.lotnum.LotNumMaController.approveService
  2019-01-28 17:55:33,065 [main] DEBUG - Registered injected element on class [com.sys.controller.lotnum.LotNumMaController]: AutowiredFieldElement for private com.sys.service.apply.ApplyService com.sys.controller.lotnum.LotNumMaController.applyService
  2019-01-28 17:55:33,065 [main] DEBUG - Registered injected element on class [com.sys.controller.lotnum.LotNumMaController]: AutowiredFieldElement for private com.sys.service.lotnum.LotNumService com.sys.controller.lotnum.LotNumMaController.lotNumService
  2019-01-28 17:55:33,065 [main] DEBUG - Registered injected element on class [com.sys.controller.lotnum.LotNumMaController]: AutowiredFieldElement for private com.sys.service.MessageService com.sys.controller.lotnum.LotNumMaController.messageService
  2019-01-28 17:55:33,065 [main] DEBUG - Registered injected element on class [com.sys.controller.lotnum.LotNumMaController]: AutowiredFieldElement for private com.sys.service.common.MessageAndFormService com.sys.controller.lotnum.LotNumMaController.messageAndFormService
  2019-01-28 17:55:33,065 [main] DEBUG - Eagerly caching bean 'lotNumMaController' to allow for resolving potential circular references
  2019-01-28 17:55:33,066 [main] DEBUG - Processing injected element of bean 'lotNumMaController': AutowiredFieldElement for private com.sys.service.apply.ApproveService com.sys.controller.lotnum.LotNumMaController.approveService
  2019-01-28 17:55:33,066 [main] DEBUG - Returning cached instance of singleton bean 'approveService'
  2019-01-28 17:55:33,066 [main] DEBUG - Autowiring by type from bean name 'lotNumMaController' to bean named 'approveService'
  2019-01-28 17:55:33,066 [main] DEBUG - Processing injected element of bean 'lotNumMaController': AutowiredFieldElement for private com.sys.service.apply.ApplyService com.sys.controller.lotnum.LotNumMaController.applyService
  2019-01-28 17:55:33,067 [main] DEBUG - Returning cached instance of singleton bean 'applyService'
  2019-01-28 17:55:33,067 [main] DEBUG - Autowiring by type from bean name 'lotNumMaController' to bean named 'applyService'
  2019-01-28 17:55:33,067 [main] DEBUG - Processing injected element of bean 'lotNumMaController': AutowiredFieldElement for private com.sys.service.lotnum.LotNumService com.sys.controller.lotnum.LotNumMaController.lotNumService
  2019-01-28 17:55:33,067 [main] DEBUG - Returning cached instance of singleton bean 'lotNumService'
  2019-01-28 17:55:33,067 [main] DEBUG - Autowiring by type from bean name 'lotNumMaController' to bean named 'lotNumService'
  2019-01-28 17:55:33,068 [main] DEBUG - Processing injected element of bean 'lotNumMaController': AutowiredFieldElement for private com.sys.service.MessageService com.sys.controller.lotnum.LotNumMaController.messageService
  2019-01-28 17:55:33,068 [main] DEBUG - Returning cached instance of singleton bean 'messageService'
  2019-01-28 17:55:33,068 [main] DEBUG - Autowiring by type from bean name 'lotNumMaController' to bean named 'messageService'
  2019-01-28 17:55:33,068 [main] DEBUG - Processing injected element of bean 'lotNumMaController': AutowiredFieldElement for private com.sys.service.common.MessageAndFormService com.sys.controller.lotnum.LotNumMaController.messageAndFormService
  2019-01-28 17:55:33,069 [main] DEBUG - Returning cached instance of singleton bean 'messageAndFormService'
  2019-01-28 17:55:33,069 [main] DEBUG - Autowiring by type from bean name 'lotNumMaController' to bean named 'messageAndFormService'
  2019-01-28 17:55:33,069 [main] DEBUG - Returning cached instance of singleton bean 'org.springframework.aop.support.DefaultBeanFactoryPointcutAdvisor#0'
  2019-01-28 17:55:33,069 [main] DEBUG - Returning cached instance of singleton bean 'org.springframework.cache.config.internalCacheAdvisor'
  2019-01-28 17:55:33,070 [main] DEBUG - Returning cached instance of singleton bean 'org.springframework.aop.support.DefaultBeanFactoryPointcutAdvisor#0'
  2019-01-28 17:55:33,070 [main] DEBUG - Returning cached instance of singleton bean 'org.springframework.cache.config.internalCacheAdvisor'
  2019-01-28 17:55:33,071 [main] DEBUG - Finished creating instance of bean 'lotNumMaController'
  2019-01-28 17:55:33,072 [main] DEBUG - Creating shared instance of singleton bean 'messageController'
  2019-01-28 17:55:33,072 [main] DEBUG - Creating instance of bean 'messageController'
  2019-01-28 17:55:33,072 [main] DEBUG - Returning cached instance of singleton bean 'org.springframework.aop.support.DefaultBeanFactoryPointcutAdvisor#0'
  2019-01-28 17:55:33,072 [main] DEBUG - Returning cached instance of singleton bean 'org.springframework.cache.config.internalCacheAdvisor'
  2019-01-28 17:55:33,073 [main] DEBUG - Registered injected element on class [com.sys.controller.message.MessageController]: AutowiredFieldElement for private com.sys.service.ParmItemService com.sys.controller.message.MessageController.parmItemService
  2019-01-28 17:55:33,073 [main] DEBUG - Registered injected element on class [com.sys.controller.message.MessageController]: AutowiredFieldElement for private com.sys.service.common.MessageAndFormService com.sys.controller.message.MessageController.messageAndFormService
  2019-01-28 17:55:33,073 [main] DEBUG - Registered injected element on class [com.sys.controller.message.MessageController]: AutowiredFieldElement for private com.sys.service.MessageService com.sys.controller.message.MessageController.messageService
  2019-01-28 17:55:33,073 [main] DEBUG - Registered injected element on class [com.sys.controller.message.MessageController]: AutowiredFieldElement for private com.sys.service.apply.ApproveService com.sys.controller.message.MessageController.approveService
  2019-01-28 17:55:33,073 [main] DEBUG - Registered injected element on class [com.sys.controller.message.MessageController]: AutowiredFieldElement for private com.sys.service.ContractDetailService com.sys.controller.message.MessageController.contractDetailService
  2019-01-28 17:55:33,073 [main] DEBUG - Eagerly caching bean 'messageController' to allow for resolving potential circular references
  2019-01-28 17:55:33,074 [main] DEBUG - Processing injected element of bean 'messageController': AutowiredFieldElement for private com.sys.service.ParmItemService com.sys.controller.message.MessageController.parmItemService
  2019-01-28 17:55:33,074 [main] DEBUG - Returning cached instance of singleton bean 'parmItemService'
  2019-01-28 17:55:33,074 [main] DEBUG - Autowiring by type from bean name 'messageController' to bean named 'parmItemService'
  2019-01-28 17:55:33,074 [main] DEBUG - Processing injected element of bean 'messageController': AutowiredFieldElement for private com.sys.service.common.MessageAndFormService com.sys.controller.message.MessageController.messageAndFormService
  2019-01-28 17:55:33,075 [main] DEBUG - Returning cached instance of singleton bean 'messageAndFormService'
  2019-01-28 17:55:33,075 [main] DEBUG - Autowiring by type from bean name 'messageController' to bean named 'messageAndFormService'
  2019-01-28 17:55:33,075 [main] DEBUG - Processing injected element of bean 'messageController': AutowiredFieldElement for private com.sys.service.MessageService com.sys.controller.message.MessageController.messageService
  2019-01-28 17:55:33,075 [main] DEBUG - Returning cached instance of singleton bean 'messageService'
  2019-01-28 17:55:33,076 [main] DEBUG - Autowiring by type from bean name 'messageController' to bean named 'messageService'
  2019-01-28 17:55:33,076 [main] DEBUG - Processing injected element of bean 'messageController': AutowiredFieldElement for private com.sys.service.apply.ApproveService com.sys.controller.message.MessageController.approveService
  2019-01-28 17:55:33,076 [main] DEBUG - Returning cached instance of singleton bean 'approveService'
  2019-01-28 17:55:33,076 [main] DEBUG - Autowiring by type from bean name 'messageController' to bean named 'approveService'
  2019-01-28 17:55:33,076 [main] DEBUG - Processing injected element of bean 'messageController': AutowiredFieldElement for private com.sys.service.ContractDetailService com.sys.controller.message.MessageController.contractDetailService
  2019-01-28 17:55:33,077 [main] DEBUG - Returning cached instance of singleton bean 'contractDetailService'
  2019-01-28 17:55:33,077 [main] DEBUG - Autowiring by type from bean name 'messageController' to bean named 'contractDetailService'
  2019-01-28 17:55:33,077 [main] DEBUG - Returning cached instance of singleton bean 'org.springframework.aop.support.DefaultBeanFactoryPointcutAdvisor#0'
  2019-01-28 17:55:33,077 [main] DEBUG - Returning cached instance of singleton bean 'org.springframework.cache.config.internalCacheAdvisor'
  2019-01-28 17:55:33,077 [main] DEBUG - Returning cached instance of singleton bean 'org.springframework.aop.support.DefaultBeanFactoryPointcutAdvisor#0'
  2019-01-28 17:55:33,078 [main] DEBUG - Returning cached instance of singleton bean 'org.springframework.cache.config.internalCacheAdvisor'
  2019-01-28 17:55:33,079 [main] DEBUG - Finished creating instance of bean 'messageController'
  2019-01-28 17:55:33,079 [main] DEBUG - Creating shared instance of singleton bean 'pathController'
  2019-01-28 17:55:33,079 [main] DEBUG - Creating instance of bean 'pathController'
  2019-01-28 17:55:33,079 [main] DEBUG - Returning cached instance of singleton bean 'org.springframework.aop.support.DefaultBeanFactoryPointcutAdvisor#0'
  2019-01-28 17:55:33,079 [main] DEBUG - Returning cached instance of singleton bean 'org.springframework.cache.config.internalCacheAdvisor'
  2019-01-28 17:55:33,080 [main] DEBUG - Eagerly caching bean 'pathController' to allow for resolving potential circular references
  2019-01-28 17:55:33,081 [main] DEBUG - Returning cached instance of singleton bean 'org.springframework.aop.support.DefaultBeanFactoryPointcutAdvisor#0'
  2019-01-28 17:55:33,081 [main] DEBUG - Returning cached instance of singleton bean 'org.springframework.cache.config.internalCacheAdvisor'
  2019-01-28 17:55:33,081 [main] DEBUG - Returning cached instance of singleton bean 'org.springframework.aop.support.DefaultBeanFactoryPointcutAdvisor#0'
  2019-01-28 17:55:33,082 [main] DEBUG - Returning cached instance of singleton bean 'org.springframework.cache.config.internalCacheAdvisor'
  2019-01-28 17:55:33,088 [main] DEBUG - Finished creating instance of bean 'pathController'
  2019-01-28 17:55:33,089 [main] DEBUG - Creating shared instance of singleton bean 'lowSecurityReportController'
  2019-01-28 17:55:33,089 [main] DEBUG - Creating instance of bean 'lowSecurityReportController'
  2019-01-28 17:55:33,089 [main] DEBUG - Returning cached instance of singleton bean 'org.springframework.aop.support.DefaultBeanFactoryPointcutAdvisor#0'
  2019-01-28 17:55:33,089 [main] DEBUG - Returning cached instance of singleton bean 'org.springframework.cache.config.internalCacheAdvisor'
  2019-01-28 17:55:33,090 [main] DEBUG - Registered injected element on class [com.sys.controller.report.LowSecurityReportController]: AutowiredFieldElement for private com.sys.service.report.LowSecurityReportService com.sys.controller.report.LowSecurityReportController.lowSecurityReportService
  2019-01-28 17:55:33,090 [main] DEBUG - Eagerly caching bean 'lowSecurityReportController' to allow for resolving potential circular references
  2019-01-28 17:55:33,090 [main] DEBUG - Processing injected element of bean 'lowSecurityReportController': AutowiredFieldElement for private com.sys.service.report.LowSecurityReportService com.sys.controller.report.LowSecurityReportController.lowSecurityReportService
  2019-01-28 17:55:33,091 [main] DEBUG - Returning cached instance of singleton bean 'lowSecurityReportService'
  2019-01-28 17:55:33,091 [main] DEBUG - Autowiring by type from bean name 'lowSecurityReportController' to bean named 'lowSecurityReportService'
  2019-01-28 17:55:33,092 [main] DEBUG - Returning cached instance of singleton bean 'org.springframework.aop.support.DefaultBeanFactoryPointcutAdvisor#0'
  2019-01-28 17:55:33,092 [main] DEBUG - Returning cached instance of singleton bean 'org.springframework.cache.config.internalCacheAdvisor'
  2019-01-28 17:55:33,092 [main] DEBUG - Returning cached instance of singleton bean 'org.springframework.aop.support.DefaultBeanFactoryPointcutAdvisor#0'
  2019-01-28 17:55:33,092 [main] DEBUG - Returning cached instance of singleton bean 'org.springframework.cache.config.internalCacheAdvisor'
  2019-01-28 17:55:33,093 [main] DEBUG - Finished creating instance of bean 'lowSecurityReportController'
  2019-01-28 17:55:33,093 [main] DEBUG - Creating shared instance of singleton bean 'flowController'
  2019-01-28 17:55:33,093 [main] DEBUG - Creating instance of bean 'flowController'
  2019-01-28 17:55:33,093 [main] DEBUG - Returning cached instance of singleton bean 'org.springframework.aop.support.DefaultBeanFactoryPointcutAdvisor#0'
  2019-01-28 17:55:33,093 [main] DEBUG - Returning cached instance of singleton bean 'org.springframework.cache.config.internalCacheAdvisor'
  2019-01-28 17:55:33,094 [main] DEBUG - Registered injected element on class [com.sys.controller.sysma.FlowController]: ResourceElement for private org.activiti.engine.RepositoryService com.sys.controller.sysma.FlowController.repositoryService
  2019-01-28 17:55:33,094 [main] DEBUG - Registered injected element on class [com.sys.controller.sysma.FlowController]: ResourceElement for private org.activiti.engine.RuntimeService com.sys.controller.sysma.FlowController.runtimeService
  2019-01-28 17:55:33,094 [main] DEBUG - Registered injected element on class [com.sys.controller.sysma.FlowController]: ResourceElement for private org.activiti.engine.TaskService com.sys.controller.sysma.FlowController.taskService
  2019-01-28 17:55:33,094 [main] DEBUG - Registered injected element on class [com.sys.controller.sysma.FlowController]: ResourceElement for private org.activiti.engine.HistoryService com.sys.controller.sysma.FlowController.historyService
  2019-01-28 17:55:33,095 [main] DEBUG - Registered injected element on class [com.sys.controller.sysma.FlowController]: ResourceElement for private com.sys.service.UserTaskService com.sys.controller.sysma.FlowController.userTaskService
  2019-01-28 17:55:33,095 [main] DEBUG - Registered injected element on class [com.sys.controller.sysma.FlowController]: ResourceElement for private com.sys.service.FlowService com.sys.controller.sysma.FlowController.flowService
  2019-01-28 17:55:33,095 [main] DEBUG - Eagerly caching bean 'flowController' to allow for resolving potential circular references
  2019-01-28 17:55:33,095 [main] DEBUG - Processing injected element of bean 'flowController': ResourceElement for private org.activiti.engine.RepositoryService com.sys.controller.sysma.FlowController.repositoryService
  2019-01-28 17:55:33,096 [main] DEBUG - Returning cached instance of singleton bean 'repositoryService'
  2019-01-28 17:55:33,096 [main] DEBUG - Processing injected element of bean 'flowController': ResourceElement for private org.activiti.engine.RuntimeService com.sys.controller.sysma.FlowController.runtimeService
  2019-01-28 17:55:33,096 [main] DEBUG - Returning cached instance of singleton bean 'runtimeService'
  2019-01-28 17:55:33,096 [main] DEBUG - Processing injected element of bean 'flowController': ResourceElement for private org.activiti.engine.TaskService com.sys.controller.sysma.FlowController.taskService
  2019-01-28 17:55:33,096 [main] DEBUG - Returning cached instance of singleton bean 'taskService'
  2019-01-28 17:55:33,096 [main] DEBUG - Processing injected element of bean 'flowController': ResourceElement for private org.activiti.engine.HistoryService com.sys.controller.sysma.FlowController.historyService
  2019-01-28 17:55:33,097 [main] DEBUG - Returning cached instance of singleton bean 'historyService'
  2019-01-28 17:55:33,097 [main] DEBUG - Processing injected element of bean 'flowController': ResourceElement for private com.sys.service.UserTaskService com.sys.controller.sysma.FlowController.userTaskService
  2019-01-28 17:55:33,097 [main] DEBUG - Returning cached instance of singleton bean 'userTaskService'
  2019-01-28 17:55:33,097 [main] DEBUG - Processing injected element of bean 'flowController': ResourceElement for private com.sys.service.FlowService com.sys.controller.sysma.FlowController.flowService
  2019-01-28 17:55:33,097 [main] DEBUG - Returning cached instance of singleton bean 'flowService'
  2019-01-28 17:55:33,098 [main] DEBUG - Returning cached instance of singleton bean 'org.springframework.aop.support.DefaultBeanFactoryPointcutAdvisor#0'
  2019-01-28 17:55:33,098 [main] DEBUG - Returning cached instance of singleton bean 'org.springframework.cache.config.internalCacheAdvisor'
  2019-01-28 17:55:33,098 [main] DEBUG - Returning cached instance of singleton bean 'org.springframework.aop.support.DefaultBeanFactoryPointcutAdvisor#0'
  2019-01-28 17:55:33,098 [main] DEBUG - Returning cached instance of singleton bean 'org.springframework.cache.config.internalCacheAdvisor'
  2019-01-28 17:55:33,100 [main] DEBUG - Finished creating instance of bean 'flowController'
  2019-01-28 17:55:33,100 [main] DEBUG - Creating shared instance of singleton bean 'holidayController'
  2019-01-28 17:55:33,101 [main] DEBUG - Creating instance of bean 'holidayController'
  2019-01-28 17:55:33,101 [main] DEBUG - Returning cached instance of singleton bean 'org.springframework.aop.support.DefaultBeanFactoryPointcutAdvisor#0'
  2019-01-28 17:55:33,101 [main] DEBUG - Returning cached instance of singleton bean 'org.springframework.cache.config.internalCacheAdvisor'
  2019-01-28 17:55:33,102 [main] DEBUG - Registered injected element on class [com.sys.controller.sysma.HolidayController]: AutowiredFieldElement for private com.sys.service.sysma.HolidayService com.sys.controller.sysma.HolidayController.holidayService
  2019-01-28 17:55:33,102 [main] DEBUG - Registered injected element on class [com.sys.controller.sysma.HolidayController]: AutowiredFieldElement for private com.sys.common.BatchUtil com.sys.controller.sysma.HolidayController.batchUtil
  2019-01-28 17:55:33,102 [main] DEBUG - Eagerly caching bean 'holidayController' to allow for resolving potential circular references
  2019-01-28 17:55:33,102 [main] DEBUG - Processing injected element of bean 'holidayController': AutowiredFieldElement for private com.sys.service.sysma.HolidayService com.sys.controller.sysma.HolidayController.holidayService
  2019-01-28 17:55:33,102 [main] DEBUG - Returning cached instance of singleton bean 'holidayService'
  2019-01-28 17:55:33,103 [main] DEBUG - Autowiring by type from bean name 'holidayController' to bean named 'holidayService'
  2019-01-28 17:55:33,103 [main] DEBUG - Processing injected element of bean 'holidayController': AutowiredFieldElement for private com.sys.common.BatchUtil com.sys.controller.sysma.HolidayController.batchUtil
  2019-01-28 17:55:33,103 [main] DEBUG - Returning cached instance of singleton bean 'batchutil'
  2019-01-28 17:55:33,103 [main] DEBUG - Autowiring by type from bean name 'holidayController' to bean named 'batchutil'
  2019-01-28 17:55:33,103 [main] DEBUG - Returning cached instance of singleton bean 'org.springframework.aop.support.DefaultBeanFactoryPointcutAdvisor#0'
  2019-01-28 17:55:33,104 [main] DEBUG - Returning cached instance of singleton bean 'org.springframework.cache.config.internalCacheAdvisor'
  2019-01-28 17:55:33,104 [main] DEBUG - Returning cached instance of singleton bean 'org.springframework.aop.support.DefaultBeanFactoryPointcutAdvisor#0'
  2019-01-28 17:55:33,104 [main] DEBUG - Returning cached instance of singleton bean 'org.springframework.cache.config.internalCacheAdvisor'
  2019-01-28 17:55:33,105 [main] DEBUG - Finished creating instance of bean 'holidayController'
  2019-01-28 17:55:33,105 [main] DEBUG - Creating shared instance of singleton bean 'menuInfoController'
  2019-01-28 17:55:33,105 [main] DEBUG - Creating instance of bean 'menuInfoController'
  2019-01-28 17:55:33,105 [main] DEBUG - Returning cached instance of singleton bean 'org.springframework.aop.support.DefaultBeanFactoryPointcutAdvisor#0'
  2019-01-28 17:55:33,106 [main] DEBUG - Returning cached instance of singleton bean 'org.springframework.cache.config.internalCacheAdvisor'
  2019-01-28 17:55:33,106 [main] DEBUG - Registered injected element on class [com.sys.controller.sysma.MenuInfoController]: AutowiredFieldElement for com.sys.service.MenuInfoService com.sys.controller.sysma.MenuInfoController.menuInfoService
  2019-01-28 17:55:33,106 [main] DEBUG - Registered injected element on class [com.sys.controller.sysma.MenuInfoController]: AutowiredFieldElement for com.sys.service.MenuRoleService com.sys.controller.sysma.MenuInfoController.menuRoleService
  2019-01-28 17:55:33,106 [main] DEBUG - Eagerly caching bean 'menuInfoController' to allow for resolving potential circular references
  2019-01-28 17:55:33,106 [main] DEBUG - Processing injected element of bean 'menuInfoController': AutowiredFieldElement for com.sys.service.MenuInfoService com.sys.controller.sysma.MenuInfoController.menuInfoService
  2019-01-28 17:55:33,107 [main] DEBUG - Returning cached instance of singleton bean 'menuInfoService'
  2019-01-28 17:55:33,107 [main] DEBUG - Autowiring by type from bean name 'menuInfoController' to bean named 'menuInfoService'
  2019-01-28 17:55:33,108 [main] DEBUG - Processing injected element of bean 'menuInfoController': AutowiredFieldElement for com.sys.service.MenuRoleService com.sys.controller.sysma.MenuInfoController.menuRoleService
  2019-01-28 17:55:33,108 [main] DEBUG - Returning cached instance of singleton bean 'menuRoleService'
  2019-01-28 17:55:33,109 [main] DEBUG - Autowiring by type from bean name 'menuInfoController' to bean named 'menuRoleService'
  2019-01-28 17:55:33,109 [main] DEBUG - Returning cached instance of singleton bean 'org.springframework.aop.support.DefaultBeanFactoryPointcutAdvisor#0'
  2019-01-28 17:55:33,109 [main] DEBUG - Returning cached instance of singleton bean 'org.springframework.cache.config.internalCacheAdvisor'
  2019-01-28 17:55:33,109 [main] DEBUG - Returning cached instance of singleton bean 'org.springframework.aop.support.DefaultBeanFactoryPointcutAdvisor#0'
  2019-01-28 17:55:33,109 [main] DEBUG - Returning cached instance of singleton bean 'org.springframework.cache.config.internalCacheAdvisor'
  2019-01-28 17:55:33,111 [main] DEBUG - Finished creating instance of bean 'menuInfoController'
  2019-01-28 17:55:33,111 [main] DEBUG - Creating shared instance of singleton bean 'menuRoleController'
  2019-01-28 17:55:33,111 [main] DEBUG - Creating instance of bean 'menuRoleController'
  2019-01-28 17:55:33,111 [main] DEBUG - Returning cached instance of singleton bean 'org.springframework.aop.support.DefaultBeanFactoryPointcutAdvisor#0'
  2019-01-28 17:55:33,112 [main] DEBUG - Returning cached instance of singleton bean 'org.springframework.cache.config.internalCacheAdvisor'
  2019-01-28 17:55:33,112 [main] DEBUG - Registered injected element on class [com.sys.controller.sysma.MenuRoleController]: AutowiredFieldElement for com.sys.service.MenuRoleService com.sys.controller.sysma.MenuRoleController.menuRoleService
  2019-01-28 17:55:33,112 [main] DEBUG - Eagerly caching bean 'menuRoleController' to allow for resolving potential circular references
  2019-01-28 17:55:33,113 [main] DEBUG - Processing injected element of bean 'menuRoleController': AutowiredFieldElement for com.sys.service.MenuRoleService com.sys.controller.sysma.MenuRoleController.menuRoleService
  2019-01-28 17:55:33,113 [main] DEBUG - Returning cached instance of singleton bean 'menuRoleService'
  2019-01-28 17:55:33,113 [main] DEBUG - Autowiring by type from bean name 'menuRoleController' to bean named 'menuRoleService'
  2019-01-28 17:55:33,113 [main] DEBUG - Returning cached instance of singleton bean 'org.springframework.aop.support.DefaultBeanFactoryPointcutAdvisor#0'
  2019-01-28 17:55:33,113 [main] DEBUG - Returning cached instance of singleton bean 'org.springframework.cache.config.internalCacheAdvisor'
  2019-01-28 17:55:33,114 [main] DEBUG - Returning cached instance of singleton bean 'org.springframework.aop.support.DefaultBeanFactoryPointcutAdvisor#0'
  2019-01-28 17:55:33,114 [main] DEBUG - Returning cached instance of singleton bean 'org.springframework.cache.config.internalCacheAdvisor'
  2019-01-28 17:55:33,114 [main] DEBUG - Finished creating instance of bean 'menuRoleController'
  2019-01-28 17:55:33,115 [main] DEBUG - Creating shared instance of singleton bean 'parmController'
  2019-01-28 17:55:33,115 [main] DEBUG - Creating instance of bean 'parmController'
  2019-01-28 17:55:33,115 [main] DEBUG - Returning cached instance of singleton bean 'org.springframework.aop.support.DefaultBeanFactoryPointcutAdvisor#0'
  2019-01-28 17:55:33,115 [main] DEBUG - Returning cached instance of singleton bean 'org.springframework.cache.config.internalCacheAdvisor'
  2019-01-28 17:55:33,116 [main] DEBUG - Registered injected element on class [com.sys.controller.sysma.ParmController]: AutowiredFieldElement for com.sys.service.ParmService com.sys.controller.sysma.ParmController.parmService
  2019-01-28 17:55:33,116 [main] DEBUG - Registered injected element on class [com.sys.controller.sysma.ParmController]: AutowiredFieldElement for com.sys.service.ParmItemService com.sys.controller.sysma.ParmController.parmItemService
  2019-01-28 17:55:33,116 [main] DEBUG - Eagerly caching bean 'parmController' to allow for resolving potential circular references
  2019-01-28 17:55:33,116 [main] DEBUG - Processing injected element of bean 'parmController': AutowiredFieldElement for com.sys.service.ParmService com.sys.controller.sysma.ParmController.parmService
  2019-01-28 17:55:33,117 [main] DEBUG - Returning cached instance of singleton bean 'parmService'
  2019-01-28 17:55:33,117 [main] DEBUG - Autowiring by type from bean name 'parmController' to bean named 'parmService'
  2019-01-28 17:55:33,118 [main] DEBUG - Processing injected element of bean 'parmController': AutowiredFieldElement for com.sys.service.ParmItemService com.sys.controller.sysma.ParmController.parmItemService
  2019-01-28 17:55:33,118 [main] DEBUG - Returning cached instance of singleton bean 'parmItemService'
  2019-01-28 17:55:33,118 [main] DEBUG - Autowiring by type from bean name 'parmController' to bean named 'parmItemService'
  2019-01-28 17:55:33,118 [main] DEBUG - Returning cached instance of singleton bean 'org.springframework.aop.support.DefaultBeanFactoryPointcutAdvisor#0'
  2019-01-28 17:55:33,119 [main] DEBUG - Returning cached instance of singleton bean 'org.springframework.cache.config.internalCacheAdvisor'
  2019-01-28 17:55:33,119 [main] DEBUG - Returning cached instance of singleton bean 'org.springframework.aop.support.DefaultBeanFactoryPointcutAdvisor#0'
  2019-01-28 17:55:33,119 [main] DEBUG - Returning cached instance of singleton bean 'org.springframework.cache.config.internalCacheAdvisor'
  2019-01-28 17:55:33,120 [main] DEBUG - Finished creating instance of bean 'parmController'
  2019-01-28 17:55:33,121 [main] DEBUG - Creating shared instance of singleton bean 'parmItemController'
  2019-01-28 17:55:33,121 [main] DEBUG - Creating instance of bean 'parmItemController'
  2019-01-28 17:55:33,121 [main] DEBUG - Returning cached instance of singleton bean 'org.springframework.aop.support.DefaultBeanFactoryPointcutAdvisor#0'
  2019-01-28 17:55:33,121 [main] DEBUG - Returning cached instance of singleton bean 'org.springframework.cache.config.internalCacheAdvisor'
  2019-01-28 17:55:33,122 [main] DEBUG - Registered injected element on class [com.sys.controller.sysma.ParmItemController]: AutowiredFieldElement for private com.sys.service.ParmItemService com.sys.controller.sysma.ParmItemController.parmItemService
  2019-01-28 17:55:33,122 [main] DEBUG - Eagerly caching bean 'parmItemController' to allow for resolving potential circular references
  2019-01-28 17:55:33,122 [main] DEBUG - Processing injected element of bean 'parmItemController': AutowiredFieldElement for private com.sys.service.ParmItemService com.sys.controller.sysma.ParmItemController.parmItemService
  2019-01-28 17:55:33,123 [main] DEBUG - Returning cached instance of singleton bean 'parmItemService'
  2019-01-28 17:55:33,123 [main] DEBUG - Autowiring by type from bean name 'parmItemController' to bean named 'parmItemService'
  2019-01-28 17:55:33,123 [main] DEBUG - Returning cached instance of singleton bean 'org.springframework.aop.support.DefaultBeanFactoryPointcutAdvisor#0'
  2019-01-28 17:55:33,123 [main] DEBUG - Returning cached instance of singleton bean 'org.springframework.cache.config.internalCacheAdvisor'
  2019-01-28 17:55:33,124 [main] DEBUG - Returning cached instance of singleton bean 'org.springframework.aop.support.DefaultBeanFactoryPointcutAdvisor#0'
  2019-01-28 17:55:33,124 [main] DEBUG - Returning cached instance of singleton bean 'org.springframework.cache.config.internalCacheAdvisor'
  2019-01-28 17:55:33,126 [main] DEBUG - Finished creating instance of bean 'parmItemController'
  2019-01-28 17:55:33,126 [main] DEBUG - Creating shared instance of singleton bean 'qxInfoController'
  2019-01-28 17:55:33,126 [main] DEBUG - Creating instance of bean 'qxInfoController'
  2019-01-28 17:55:33,126 [main] DEBUG - Returning cached instance of singleton bean 'org.springframework.aop.support.DefaultBeanFactoryPointcutAdvisor#0'
  2019-01-28 17:55:33,127 [main] DEBUG - Returning cached instance of singleton bean 'org.springframework.cache.config.internalCacheAdvisor'
  2019-01-28 17:55:33,127 [main] WARN  - Autowired annotation should only be used on methods with parameters: public java.lang.String com.sys.controller.sysma.QxInfoController.toauthoradd()
  2019-01-28 17:55:33,127 [main] DEBUG - Registered injected element on class [com.sys.controller.sysma.QxInfoController]: AutowiredMethodElement for public java.lang.String com.sys.controller.sysma.QxInfoController.toauthoradd()
  2019-01-28 17:55:33,128 [main] DEBUG - Eagerly caching bean 'qxInfoController' to allow for resolving potential circular references
  2019-01-28 17:55:33,128 [main] DEBUG - Processing injected element of bean 'qxInfoController': AutowiredMethodElement for public java.lang.String com.sys.controller.sysma.QxInfoController.toauthoradd()
  2019-01-28 17:55:33,128 [main] DEBUG - Returning cached instance of singleton bean 'org.springframework.aop.support.DefaultBeanFactoryPointcutAdvisor#0'
  2019-01-28 17:55:33,128 [main] DEBUG - Returning cached instance of singleton bean 'org.springframework.cache.config.internalCacheAdvisor'
  2019-01-28 17:55:33,129 [main] DEBUG - Returning cached instance of singleton bean 'org.springframework.aop.support.DefaultBeanFactoryPointcutAdvisor#0'
  2019-01-28 17:55:33,129 [main] DEBUG - Returning cached instance of singleton bean 'org.springframework.cache.config.internalCacheAdvisor'
  2019-01-28 17:55:33,130 [main] DEBUG - Finished creating instance of bean 'qxInfoController'
  2019-01-28 17:55:33,130 [main] DEBUG - Creating shared instance of singleton bean 'roleInfoController'
  2019-01-28 17:55:33,130 [main] DEBUG - Creating instance of bean 'roleInfoController'
  2019-01-28 17:55:33,131 [main] DEBUG - Returning cached instance of singleton bean 'org.springframework.aop.support.DefaultBeanFactoryPointcutAdvisor#0'
  2019-01-28 17:55:33,131 [main] DEBUG - Returning cached instance of singleton bean 'org.springframework.cache.config.internalCacheAdvisor'
  2019-01-28 17:55:33,131 [main] DEBUG - Registered injected element on class [com.sys.controller.sysma.RoleInfoController]: AutowiredFieldElement for com.sys.service.RoleInfoService com.sys.controller.sysma.RoleInfoController.roleInfoService
  2019-01-28 17:55:33,132 [main] DEBUG - Registered injected element on class [com.sys.controller.sysma.RoleInfoController]: AutowiredFieldElement for com.sys.service.UserInfoService com.sys.controller.sysma.RoleInfoController.userInfoService
  2019-01-28 17:55:33,132 [main] DEBUG - Registered injected element on class [com.sys.controller.sysma.RoleInfoController]: AutowiredFieldElement for com.sys.service.MenuRoleService com.sys.controller.sysma.RoleInfoController.menuRoleService
  2019-01-28 17:55:33,132 [main] DEBUG - Eagerly caching bean 'roleInfoController' to allow for resolving potential circular references
  2019-01-28 17:55:33,132 [main] DEBUG - Processing injected element of bean 'roleInfoController': AutowiredFieldElement for com.sys.service.RoleInfoService com.sys.controller.sysma.RoleInfoController.roleInfoService
  2019-01-28 17:55:33,132 [main] DEBUG - Returning cached instance of singleton bean 'roleInfoService'
  2019-01-28 17:55:33,133 [main] DEBUG - Autowiring by type from bean name 'roleInfoController' to bean named 'roleInfoService'
  2019-01-28 17:55:33,133 [main] DEBUG - Processing injected element of bean 'roleInfoController': AutowiredFieldElement for com.sys.service.UserInfoService com.sys.controller.sysma.RoleInfoController.userInfoService
  2019-01-28 17:55:33,133 [main] DEBUG - Returning cached instance of singleton bean 'userInfoService'
  2019-01-28 17:55:33,133 [main] DEBUG - Autowiring by type from bean name 'roleInfoController' to bean named 'userInfoService'
  2019-01-28 17:55:33,133 [main] DEBUG - Processing injected element of bean 'roleInfoController': AutowiredFieldElement for com.sys.service.MenuRoleService com.sys.controller.sysma.RoleInfoController.menuRoleService
  2019-01-28 17:55:33,134 [main] DEBUG - Returning cached instance of singleton bean 'menuRoleService'
  2019-01-28 17:55:33,134 [main] DEBUG - Autowiring by type from bean name 'roleInfoController' to bean named 'menuRoleService'
  2019-01-28 17:55:33,134 [main] DEBUG - Returning cached instance of singleton bean 'org.springframework.aop.support.DefaultBeanFactoryPointcutAdvisor#0'
  2019-01-28 17:55:33,134 [main] DEBUG - Returning cached instance of singleton bean 'org.springframework.cache.config.internalCacheAdvisor'
  2019-01-28 17:55:33,135 [main] DEBUG - Returning cached instance of singleton bean 'org.springframework.aop.support.DefaultBeanFactoryPointcutAdvisor#0'
  2019-01-28 17:55:33,135 [main] DEBUG - Returning cached instance of singleton bean 'org.springframework.cache.config.internalCacheAdvisor'
  2019-01-28 17:55:33,136 [main] DEBUG - Finished creating instance of bean 'roleInfoController'
  2019-01-28 17:55:33,136 [main] DEBUG - Creating shared instance of singleton bean 'userInfoController'
  2019-01-28 17:55:33,137 [main] DEBUG - Creating instance of bean 'userInfoController'
  2019-01-28 17:55:33,137 [main] DEBUG - Returning cached instance of singleton bean 'org.springframework.aop.support.DefaultBeanFactoryPointcutAdvisor#0'
  2019-01-28 17:55:33,137 [main] DEBUG - Returning cached instance of singleton bean 'org.springframework.cache.config.internalCacheAdvisor'
  2019-01-28 17:55:33,138 [main] DEBUG - Registered injected element on class [com.sys.controller.sysma.UserInfoController]: AutowiredFieldElement for private com.sys.service.UserInfoService com.sys.controller.sysma.UserInfoController.userInfoService
  2019-01-28 17:55:33,138 [main] DEBUG - Registered injected element on class [com.sys.controller.sysma.UserInfoController]: AutowiredFieldElement for private com.sys.service.UserRoleInfoService com.sys.controller.sysma.UserInfoController.userRoleInfoService
  2019-01-28 17:55:33,138 [main] DEBUG - Eagerly caching bean 'userInfoController' to allow for resolving potential circular references
  2019-01-28 17:55:33,138 [main] DEBUG - Processing injected element of bean 'userInfoController': AutowiredFieldElement for private com.sys.service.UserInfoService com.sys.controller.sysma.UserInfoController.userInfoService
  2019-01-28 17:55:33,139 [main] DEBUG - Returning cached instance of singleton bean 'userInfoService'
  2019-01-28 17:55:33,139 [main] DEBUG - Autowiring by type from bean name 'userInfoController' to bean named 'userInfoService'
  2019-01-28 17:55:33,139 [main] DEBUG - Processing injected element of bean 'userInfoController': AutowiredFieldElement for private com.sys.service.UserRoleInfoService com.sys.controller.sysma.UserInfoController.userRoleInfoService
  2019-01-28 17:55:33,141 [main] DEBUG - Returning cached instance of singleton bean 'userRoleInfoService'
  2019-01-28 17:55:33,141 [main] DEBUG - Autowiring by type from bean name 'userInfoController' to bean named 'userRoleInfoService'
  2019-01-28 17:55:33,141 [main] DEBUG - Returning cached instance of singleton bean 'org.springframework.aop.support.DefaultBeanFactoryPointcutAdvisor#0'
  2019-01-28 17:55:33,142 [main] DEBUG - Returning cached instance of singleton bean 'org.springframework.cache.config.internalCacheAdvisor'
  2019-01-28 17:55:33,142 [main] DEBUG - Returning cached instance of singleton bean 'org.springframework.aop.support.DefaultBeanFactoryPointcutAdvisor#0'
  2019-01-28 17:55:33,142 [main] DEBUG - Returning cached instance of singleton bean 'org.springframework.cache.config.internalCacheAdvisor'
  2019-01-28 17:55:33,144 [main] DEBUG - Finished creating instance of bean 'userInfoController'
  2019-01-28 17:55:33,144 [main] DEBUG - Creating shared instance of singleton bean 'userRoleInfoController'
  2019-01-28 17:55:33,144 [main] DEBUG - Creating instance of bean 'userRoleInfoController'
  2019-01-28 17:55:33,144 [main] DEBUG - Returning cached instance of singleton bean 'org.springframework.aop.support.DefaultBeanFactoryPointcutAdvisor#0'
  2019-01-28 17:55:33,144 [main] DEBUG - Returning cached instance of singleton bean 'org.springframework.cache.config.internalCacheAdvisor'
  2019-01-28 17:55:33,145 [main] DEBUG - Registered injected element on class [com.sys.controller.sysma.UserRoleInfoController]: AutowiredFieldElement for com.sys.service.UserRoleInfoService com.sys.controller.sysma.UserRoleInfoController.userRoleInfoService
  2019-01-28 17:55:33,145 [main] DEBUG - Eagerly caching bean 'userRoleInfoController' to allow for resolving potential circular references
  2019-01-28 17:55:33,145 [main] DEBUG - Processing injected element of bean 'userRoleInfoController': AutowiredFieldElement for com.sys.service.UserRoleInfoService com.sys.controller.sysma.UserRoleInfoController.userRoleInfoService
  2019-01-28 17:55:33,146 [main] DEBUG - Returning cached instance of singleton bean 'userRoleInfoService'
  2019-01-28 17:55:33,146 [main] DEBUG - Autowiring by type from bean name 'userRoleInfoController' to bean named 'userRoleInfoService'
  2019-01-28 17:55:33,146 [main] DEBUG - Returning cached instance of singleton bean 'org.springframework.aop.support.DefaultBeanFactoryPointcutAdvisor#0'
  2019-01-28 17:55:33,146 [main] DEBUG - Returning cached instance of singleton bean 'org.springframework.cache.config.internalCacheAdvisor'
  2019-01-28 17:55:33,147 [main] DEBUG - Returning cached instance of singleton bean 'org.springframework.aop.support.DefaultBeanFactoryPointcutAdvisor#0'
  2019-01-28 17:55:33,147 [main] DEBUG - Returning cached instance of singleton bean 'org.springframework.cache.config.internalCacheAdvisor'
  2019-01-28 17:55:33,147 [main] DEBUG - Finished creating instance of bean 'userRoleInfoController'
  2019-01-28 17:55:33,148 [main] DEBUG - Creating shared instance of singleton bean 'taskController'
  2019-01-28 17:55:33,148 [main] DEBUG - Creating instance of bean 'taskController'
  2019-01-28 17:55:33,148 [main] DEBUG - Returning cached instance of singleton bean 'org.springframework.aop.support.DefaultBeanFactoryPointcutAdvisor#0'
  2019-01-28 17:55:33,148 [main] DEBUG - Returning cached instance of singleton bean 'org.springframework.cache.config.internalCacheAdvisor'
  2019-01-28 17:55:33,149 [main] DEBUG - Registered injected element on class [com.sys.controller.task.TaskController]: AutowiredFieldElement for private org.activiti.engine.TaskService com.sys.controller.task.TaskController.taskService
  2019-01-28 17:55:33,149 [main] DEBUG - Registered injected element on class [com.sys.controller.task.TaskController]: AutowiredFieldElement for private com.sys.service.UserTaskService com.sys.controller.task.TaskController.userTaskService
  2019-01-28 17:55:33,150 [main] DEBUG - Registered injected element on class [com.sys.controller.task.TaskController]: AutowiredFieldElement for private org.activiti.engine.HistoryService com.sys.controller.task.TaskController.historyService
  2019-01-28 17:55:33,150 [main] DEBUG - Registered injected element on class [com.sys.controller.task.TaskController]: AutowiredFieldElement for private org.activiti.engine.RuntimeService com.sys.controller.task.TaskController.runtimeService
  2019-01-28 17:55:33,150 [main] DEBUG - Registered injected element on class [com.sys.controller.task.TaskController]: AutowiredFieldElement for private org.activiti.engine.RepositoryService com.sys.controller.task.TaskController.repositoryService
  2019-01-28 17:55:33,150 [main] DEBUG - Registered injected element on class [com.sys.controller.task.TaskController]: AutowiredFieldElement for private com.sys.service.UserInfoService com.sys.controller.task.TaskController.userInfoService
  2019-01-28 17:55:33,150 [main] DEBUG - Registered injected element on class [com.sys.controller.task.TaskController]: AutowiredFieldElement for private com.sys.service.apply.ApproveService com.sys.controller.task.TaskController.approveService
  2019-01-28 17:55:33,151 [main] DEBUG - Registered injected element on class [com.sys.controller.task.TaskController]: AutowiredFieldElement for private com.sys.service.blags.BlgshService com.sys.controller.task.TaskController.blgshService
  2019-01-28 17:55:33,151 [main] DEBUG - Registered injected element on class [com.sys.controller.task.TaskController]: AutowiredFieldElement for private com.sys.service.ApplyUserinfoService com.sys.controller.task.TaskController.applyUserinfoService
  2019-01-28 17:55:33,151 [main] DEBUG - Registered injected element on class [com.sys.controller.task.TaskController]: AutowiredFieldElement for private com.sys.service.apply.ApplyForForeignService com.sys.controller.task.TaskController.applyForForeignService
  2019-01-28 17:55:33,151 [main] DEBUG - Registered injected element on class [com.sys.controller.task.TaskController]: AutowiredFieldElement for private com.sys.service.apply.ApplyService com.sys.controller.task.TaskController.applyService
  2019-01-28 17:55:33,151 [main] DEBUG - Registered injected element on class [com.sys.controller.task.TaskController]: AutowiredFieldElement for private com.sys.service.apply.ApplyForgraDuateService com.sys.controller.task.TaskController.applyForgraDuateService
  2019-01-28 17:55:33,152 [main] DEBUG - Registered injected element on class [com.sys.controller.task.TaskController]: AutowiredFieldElement for private com.sys.service.apply.ApplyButieService com.sys.controller.task.TaskController.applyButieService
  2019-01-28 17:55:33,152 [main] DEBUG - Registered injected element on class [com.sys.controller.task.TaskController]: AutowiredFieldElement for private com.sys.service.RoleInfoService com.sys.controller.task.TaskController.roleInfoService
  2019-01-28 17:55:33,152 [main] DEBUG - Registered injected element on class [com.sys.controller.task.TaskController]: AutowiredFieldElement for private com.sys.service.ParmItemService com.sys.controller.task.TaskController.parmItemService
  2019-01-28 17:55:33,152 [main] DEBUG - Registered injected element on class [com.sys.controller.task.TaskController]: AutowiredFieldElement for private com.sys.service.MyTaskService com.sys.controller.task.TaskController.myTaskService
  2019-01-28 17:55:33,152 [main] DEBUG - Registered injected element on class [com.sys.controller.task.TaskController]: AutowiredFieldElement for private com.sys.service.FlowService com.sys.controller.task.TaskController.flowService
  2019-01-28 17:55:33,153 [main] DEBUG - Registered injected element on class [com.sys.controller.task.TaskController]: AutowiredFieldElement for private com.sys.mapper.apply.ApproveMapper com.sys.controller.task.TaskController.approveMapper
  2019-01-28 17:55:33,153 [main] DEBUG - Eagerly caching bean 'taskController' to allow for resolving potential circular references
  2019-01-28 17:55:33,153 [main] DEBUG - Processing injected element of bean 'taskController': AutowiredFieldElement for private org.activiti.engine.TaskService com.sys.controller.task.TaskController.taskService
  2019-01-28 17:55:33,153 [main] DEBUG - Returning cached instance of singleton bean 'taskService'
  2019-01-28 17:55:33,153 [main] DEBUG - Autowiring by type from bean name 'taskController' to bean named 'taskService'
  2019-01-28 17:55:33,154 [main] DEBUG - Processing injected element of bean 'taskController': AutowiredFieldElement for private com.sys.service.UserTaskService com.sys.controller.task.TaskController.userTaskService
  2019-01-28 17:55:33,154 [main] DEBUG - Returning cached instance of singleton bean 'userTaskService'
  2019-01-28 17:55:33,154 [main] DEBUG - Autowiring by type from bean name 'taskController' to bean named 'userTaskService'
  2019-01-28 17:55:33,154 [main] DEBUG - Processing injected element of bean 'taskController': AutowiredFieldElement for private org.activiti.engine.HistoryService com.sys.controller.task.TaskController.historyService
  2019-01-28 17:55:33,154 [main] DEBUG - Returning cached instance of singleton bean 'historyService'
  2019-01-28 17:55:33,155 [main] DEBUG - Autowiring by type from bean name 'taskController' to bean named 'historyService'
  2019-01-28 17:55:33,155 [main] DEBUG - Processing injected element of bean 'taskController': AutowiredFieldElement for private org.activiti.engine.RuntimeService com.sys.controller.task.TaskController.runtimeService
  2019-01-28 17:55:33,155 [main] DEBUG - Returning cached instance of singleton bean 'runtimeService'
  2019-01-28 17:55:33,155 [main] DEBUG - Autowiring by type from bean name 'taskController' to bean named 'runtimeService'
  2019-01-28 17:55:33,156 [main] DEBUG - Processing injected element of bean 'taskController': AutowiredFieldElement for private org.activiti.engine.RepositoryService com.sys.controller.task.TaskController.repositoryService
  2019-01-28 17:55:33,156 [main] DEBUG - Returning cached instance of singleton bean 'repositoryService'
  2019-01-28 17:55:33,156 [main] DEBUG - Autowiring by type from bean name 'taskController' to bean named 'repositoryService'
  2019-01-28 17:55:33,156 [main] DEBUG - Processing injected element of bean 'taskController': AutowiredFieldElement for private com.sys.service.UserInfoService com.sys.controller.task.TaskController.userInfoService
  2019-01-28 17:55:33,156 [main] DEBUG - Returning cached instance of singleton bean 'userInfoService'
  2019-01-28 17:55:33,157 [main] DEBUG - Autowiring by type from bean name 'taskController' to bean named 'userInfoService'
  2019-01-28 17:55:33,157 [main] DEBUG - Processing injected element of bean 'taskController': AutowiredFieldElement for private com.sys.service.apply.ApproveService com.sys.controller.task.TaskController.approveService
  2019-01-28 17:55:33,157 [main] DEBUG - Returning cached instance of singleton bean 'approveService'
  2019-01-28 17:55:33,157 [main] DEBUG - Autowiring by type from bean name 'taskController' to bean named 'approveService'
  2019-01-28 17:55:33,157 [main] DEBUG - Processing injected element of bean 'taskController': AutowiredFieldElement for private com.sys.service.blags.BlgshService com.sys.controller.task.TaskController.blgshService
  2019-01-28 17:55:33,158 [main] DEBUG - Returning cached instance of singleton bean 'blgshService'
  2019-01-28 17:55:33,158 [main] DEBUG - Autowiring by type from bean name 'taskController' to bean named 'blgshService'
  2019-01-28 17:55:33,158 [main] DEBUG - Processing injected element of bean 'taskController': AutowiredFieldElement for private com.sys.service.ApplyUserinfoService com.sys.controller.task.TaskController.applyUserinfoService
  2019-01-28 17:55:33,159 [main] DEBUG - Returning cached instance of singleton bean 'applyUserinfoService'
  2019-01-28 17:55:33,159 [main] DEBUG - Autowiring by type from bean name 'taskController' to bean named 'applyUserinfoService'
  2019-01-28 17:55:33,159 [main] DEBUG - Processing injected element of bean 'taskController': AutowiredFieldElement for private com.sys.service.apply.ApplyForForeignService com.sys.controller.task.TaskController.applyForForeignService
  2019-01-28 17:55:33,160 [main] DEBUG - Returning cached instance of singleton bean 'applyForForeignService'
  2019-01-28 17:55:33,161 [main] DEBUG - Autowiring by type from bean name 'taskController' to bean named 'applyForForeignService'
  2019-01-28 17:55:33,161 [main] DEBUG - Processing injected element of bean 'taskController': AutowiredFieldElement for private com.sys.service.apply.ApplyService com.sys.controller.task.TaskController.applyService
  2019-01-28 17:55:33,162 [main] DEBUG - Returning cached instance of singleton bean 'applyService'
  2019-01-28 17:55:33,162 [main] DEBUG - Autowiring by type from bean name 'taskController' to bean named 'applyService'
  2019-01-28 17:55:33,162 [main] DEBUG - Processing injected element of bean 'taskController': AutowiredFieldElement for private com.sys.service.apply.ApplyForgraDuateService com.sys.controller.task.TaskController.applyForgraDuateService
  2019-01-28 17:55:33,162 [main] DEBUG - Returning cached instance of singleton bean 'applyForgraDuateService'
  2019-01-28 17:55:33,162 [main] DEBUG - Autowiring by type from bean name 'taskController' to bean named 'applyForgraDuateService'
  2019-01-28 17:55:33,163 [main] DEBUG - Processing injected element of bean 'taskController': AutowiredFieldElement for private com.sys.service.apply.ApplyButieService com.sys.controller.task.TaskController.applyButieService
  2019-01-28 17:55:33,163 [main] DEBUG - Returning cached instance of singleton bean 'applyButieService'
  2019-01-28 17:55:33,163 [main] DEBUG - Autowiring by type from bean name 'taskController' to bean named 'applyButieService'
  2019-01-28 17:55:33,163 [main] DEBUG - Processing injected element of bean 'taskController': AutowiredFieldElement for private com.sys.service.RoleInfoService com.sys.controller.task.TaskController.roleInfoService
  2019-01-28 17:55:33,163 [main] DEBUG - Returning cached instance of singleton bean 'roleInfoService'
  2019-01-28 17:55:33,164 [main] DEBUG - Autowiring by type from bean name 'taskController' to bean named 'roleInfoService'
  2019-01-28 17:55:33,164 [main] DEBUG - Processing injected element of bean 'taskController': AutowiredFieldElement for private com.sys.service.ParmItemService com.sys.controller.task.TaskController.parmItemService
  2019-01-28 17:55:33,164 [main] DEBUG - Returning cached instance of singleton bean 'parmItemService'
  2019-01-28 17:55:33,164 [main] DEBUG - Autowiring by type from bean name 'taskController' to bean named 'parmItemService'
  2019-01-28 17:55:33,164 [main] DEBUG - Processing injected element of bean 'taskController': AutowiredFieldElement for private com.sys.service.MyTaskService com.sys.controller.task.TaskController.myTaskService
  2019-01-28 17:55:33,166 [main] DEBUG - Returning cached instance of singleton bean 'myTaskService'
  2019-01-28 17:55:33,166 [main] DEBUG - Autowiring by type from bean name 'taskController' to bean named 'myTaskService'
  2019-01-28 17:55:33,166 [main] DEBUG - Processing injected element of bean 'taskController': AutowiredFieldElement for private com.sys.service.FlowService com.sys.controller.task.TaskController.flowService
  2019-01-28 17:55:33,167 [main] DEBUG - Returning cached instance of singleton bean 'flowService'
  2019-01-28 17:55:33,167 [main] DEBUG - Autowiring by type from bean name 'taskController' to bean named 'flowService'
  2019-01-28 17:55:33,167 [main] DEBUG - Processing injected element of bean 'taskController': AutowiredFieldElement for private com.sys.mapper.apply.ApproveMapper com.sys.controller.task.TaskController.approveMapper
  2019-01-28 17:55:33,167 [main] DEBUG - Returning cached instance of singleton bean 'approveMapper'
  2019-01-28 17:55:33,168 [main] DEBUG - Autowiring by type from bean name 'taskController' to bean named 'approveMapper'
  2019-01-28 17:55:33,168 [main] DEBUG - Returning cached instance of singleton bean 'org.springframework.aop.support.DefaultBeanFactoryPointcutAdvisor#0'
  2019-01-28 17:55:33,168 [main] DEBUG - Returning cached instance of singleton bean 'org.springframework.cache.config.internalCacheAdvisor'
  2019-01-28 17:55:33,168 [main] DEBUG - Returning cached instance of singleton bean 'org.springframework.aop.support.DefaultBeanFactoryPointcutAdvisor#0'
  2019-01-28 17:55:33,169 [main] DEBUG - Returning cached instance of singleton bean 'org.springframework.cache.config.internalCacheAdvisor'
  2019-01-28 17:55:33,171 [main] DEBUG - Finished creating instance of bean 'taskController'
  2019-01-28 17:55:33,172 [main] DEBUG - Creating shared instance of singleton bean 'taskNsController'
  2019-01-28 17:55:33,172 [main] DEBUG - Creating instance of bean 'taskNsController'
  2019-01-28 17:55:33,172 [main] DEBUG - Returning cached instance of singleton bean 'org.springframework.aop.support.DefaultBeanFactoryPointcutAdvisor#0'
  2019-01-28 17:55:33,172 [main] DEBUG - Returning cached instance of singleton bean 'org.springframework.cache.config.internalCacheAdvisor'
  2019-01-28 17:55:33,173 [main] DEBUG - Registered injected element on class [com.sys.controller.task.TaskNsController]: AutowiredFieldElement for private org.activiti.engine.TaskService com.sys.controller.task.TaskNsController.taskService
  2019-01-28 17:55:33,173 [main] DEBUG - Registered injected element on class [com.sys.controller.task.TaskNsController]: AutowiredFieldElement for private org.activiti.engine.RuntimeService com.sys.controller.task.TaskNsController.runtimeService
  2019-01-28 17:55:33,173 [main] DEBUG - Registered injected element on class [com.sys.controller.task.TaskNsController]: AutowiredFieldElement for private org.activiti.engine.RepositoryService com.sys.controller.task.TaskNsController.repositoryService
  2019-01-28 17:55:33,173 [main] DEBUG - Registered injected element on class [com.sys.controller.task.TaskNsController]: AutowiredFieldElement for private com.sys.service.apply.ApproveService com.sys.controller.task.TaskNsController.approveService
  2019-01-28 17:55:33,173 [main] DEBUG - Registered injected element on class [com.sys.controller.task.TaskNsController]: AutowiredFieldElement for private com.sys.service.ApplyUserinfoService com.sys.controller.task.TaskNsController.applyUserinfoService
  2019-01-28 17:55:33,174 [main] DEBUG - Registered injected element on class [com.sys.controller.task.TaskNsController]: AutowiredFieldElement for private com.sys.service.apply.ApplyForForeignService com.sys.controller.task.TaskNsController.applyForForeignService
  2019-01-28 17:55:33,174 [main] DEBUG - Registered injected element on class [com.sys.controller.task.TaskNsController]: AutowiredFieldElement for private com.sys.service.apply.ApplyService com.sys.controller.task.TaskNsController.applyService
  2019-01-28 17:55:33,174 [main] DEBUG - Registered injected element on class [com.sys.controller.task.TaskNsController]: AutowiredFieldElement for private com.sys.service.apply.ApplyForgraDuateService com.sys.controller.task.TaskNsController.applyForgraDuateService
  2019-01-28 17:55:33,174 [main] DEBUG - Registered injected element on class [com.sys.controller.task.TaskNsController]: AutowiredFieldElement for private com.sys.service.apply.ApplyButieService com.sys.controller.task.TaskNsController.applyButieService
  2019-01-28 17:55:33,174 [main] DEBUG - Registered injected element on class [com.sys.controller.task.TaskNsController]: AutowiredFieldElement for private com.sys.service.RoleInfoService com.sys.controller.task.TaskNsController.roleInfoService
  2019-01-28 17:55:33,174 [main] DEBUG - Registered injected element on class [com.sys.controller.task.TaskNsController]: AutowiredFieldElement for private com.sys.service.ParmItemService com.sys.controller.task.TaskNsController.parmItemService
  2019-01-28 17:55:33,175 [main] DEBUG - Registered injected element on class [com.sys.controller.task.TaskNsController]: AutowiredFieldElement for private com.sys.service.MyTaskService com.sys.controller.task.TaskNsController.myTaskService
  2019-01-28 17:55:33,175 [main] DEBUG - Registered injected element on class [com.sys.controller.task.TaskNsController]: AutowiredFieldElement for private com.sys.service.apply.ApplyNsService com.sys.controller.task.TaskNsController.applyNsService
  2019-01-28 17:55:33,175 [main] DEBUG - Registered injected element on class [com.sys.controller.task.TaskNsController]: AutowiredFieldElement for private org.activiti.engine.HistoryService com.sys.controller.task.TaskNsController.historyService
  2019-01-28 17:55:33,175 [main] DEBUG - Eagerly caching bean 'taskNsController' to allow for resolving potential circular references
  2019-01-28 17:55:33,176 [main] DEBUG - Processing injected element of bean 'taskNsController': AutowiredFieldElement for private org.activiti.engine.TaskService com.sys.controller.task.TaskNsController.taskService
  2019-01-28 17:55:33,176 [main] DEBUG - Returning cached instance of singleton bean 'taskService'
  2019-01-28 17:55:33,176 [main] DEBUG - Autowiring by type from bean name 'taskNsController' to bean named 'taskService'
  2019-01-28 17:55:33,176 [main] DEBUG - Processing injected element of bean 'taskNsController': AutowiredFieldElement for private org.activiti.engine.RuntimeService com.sys.controller.task.TaskNsController.runtimeService
  2019-01-28 17:55:33,176 [main] DEBUG - Returning cached instance of singleton bean 'runtimeService'
  2019-01-28 17:55:33,177 [main] DEBUG - Autowiring by type from bean name 'taskNsController' to bean named 'runtimeService'
  2019-01-28 17:55:33,177 [main] DEBUG - Processing injected element of bean 'taskNsController': AutowiredFieldElement for private org.activiti.engine.RepositoryService com.sys.controller.task.TaskNsController.repositoryService
  2019-01-28 17:55:33,177 [main] DEBUG - Returning cached instance of singleton bean 'repositoryService'
  2019-01-28 17:55:33,177 [main] DEBUG - Autowiring by type from bean name 'taskNsController' to bean named 'repositoryService'
  2019-01-28 17:55:33,177 [main] DEBUG - Processing injected element of bean 'taskNsController': AutowiredFieldElement for private com.sys.service.apply.ApproveService com.sys.controller.task.TaskNsController.approveService
  2019-01-28 17:55:33,178 [main] DEBUG - Returning cached instance of singleton bean 'approveService'
  2019-01-28 17:55:33,178 [main] DEBUG - Autowiring by type from bean name 'taskNsController' to bean named 'approveService'
  2019-01-28 17:55:33,178 [main] DEBUG - Processing injected element of bean 'taskNsController': AutowiredFieldElement for private com.sys.service.ApplyUserinfoService com.sys.controller.task.TaskNsController.applyUserinfoService
  2019-01-28 17:55:33,178 [main] DEBUG - Returning cached instance of singleton bean 'applyUserinfoService'
  2019-01-28 17:55:33,178 [main] DEBUG - Autowiring by type from bean name 'taskNsController' to bean named 'applyUserinfoService'
  2019-01-28 17:55:33,179 [main] DEBUG - Processing injected element of bean 'taskNsController': AutowiredFieldElement for private com.sys.service.apply.ApplyForForeignService com.sys.controller.task.TaskNsController.applyForForeignService
  2019-01-28 17:55:33,179 [main] DEBUG - Returning cached instance of singleton bean 'applyForForeignService'
  2019-01-28 17:55:33,179 [main] DEBUG - Autowiring by type from bean name 'taskNsController' to bean named 'applyForForeignService'
  2019-01-28 17:55:33,180 [main] DEBUG - Processing injected element of bean 'taskNsController': AutowiredFieldElement for private com.sys.service.apply.ApplyService com.sys.controller.task.TaskNsController.applyService
  2019-01-28 17:55:33,181 [main] DEBUG - Returning cached instance of singleton bean 'applyService'
  2019-01-28 17:55:33,182 [main] DEBUG - Autowiring by type from bean name 'taskNsController' to bean named 'applyService'
  2019-01-28 17:55:33,182 [main] DEBUG - Processing injected element of bean 'taskNsController': AutowiredFieldElement for private com.sys.service.apply.ApplyForgraDuateService com.sys.controller.task.TaskNsController.applyForgraDuateService
  2019-01-28 17:55:33,182 [main] DEBUG - Returning cached instance of singleton bean 'applyForgraDuateService'
  2019-01-28 17:55:33,183 [main] DEBUG - Autowiring by type from bean name 'taskNsController' to bean named 'applyForgraDuateService'
  2019-01-28 17:55:33,183 [main] DEBUG - Processing injected element of bean 'taskNsController': AutowiredFieldElement for private com.sys.service.apply.ApplyButieService com.sys.controller.task.TaskNsController.applyButieService
  2019-01-28 17:55:33,183 [main] DEBUG - Returning cached instance of singleton bean 'applyButieService'
  2019-01-28 17:55:33,183 [main] DEBUG - Autowiring by type from bean name 'taskNsController' to bean named 'applyButieService'
  2019-01-28 17:55:33,183 [main] DEBUG - Processing injected element of bean 'taskNsController': AutowiredFieldElement for private com.sys.service.RoleInfoService com.sys.controller.task.TaskNsController.roleInfoService
  2019-01-28 17:55:33,184 [main] DEBUG - Returning cached instance of singleton bean 'roleInfoService'
  2019-01-28 17:55:33,184 [main] DEBUG - Autowiring by type from bean name 'taskNsController' to bean named 'roleInfoService'
  2019-01-28 17:55:33,184 [main] DEBUG - Processing injected element of bean 'taskNsController': AutowiredFieldElement for private com.sys.service.ParmItemService com.sys.controller.task.TaskNsController.parmItemService
  2019-01-28 17:55:33,184 [main] DEBUG - Returning cached instance of singleton bean 'parmItemService'
  2019-01-28 17:55:33,184 [main] DEBUG - Autowiring by type from bean name 'taskNsController' to bean named 'parmItemService'
  2019-01-28 17:55:33,185 [main] DEBUG - Processing injected element of bean 'taskNsController': AutowiredFieldElement for private com.sys.service.MyTaskService com.sys.controller.task.TaskNsController.myTaskService
  2019-01-28 17:55:33,185 [main] DEBUG - Returning cached instance of singleton bean 'myTaskService'
  2019-01-28 17:55:33,185 [main] DEBUG - Autowiring by type from bean name 'taskNsController' to bean named 'myTaskService'
  2019-01-28 17:55:33,185 [main] DEBUG - Processing injected element of bean 'taskNsController': AutowiredFieldElement for private com.sys.service.apply.ApplyNsService com.sys.controller.task.TaskNsController.applyNsService
  2019-01-28 17:55:33,185 [main] DEBUG - Returning cached instance of singleton bean 'applyNsService'
  2019-01-28 17:55:33,186 [main] DEBUG - Autowiring by type from bean name 'taskNsController' to bean named 'applyNsService'
  2019-01-28 17:55:33,186 [main] DEBUG - Processing injected element of bean 'taskNsController': AutowiredFieldElement for private org.activiti.engine.HistoryService com.sys.controller.task.TaskNsController.historyService
  2019-01-28 17:55:33,186 [main] DEBUG - Returning cached instance of singleton bean 'historyService'
  2019-01-28 17:55:33,186 [main] DEBUG - Autowiring by type from bean name 'taskNsController' to bean named 'historyService'
  2019-01-28 17:55:33,187 [main] DEBUG - Returning cached instance of singleton bean 'org.springframework.aop.support.DefaultBeanFactoryPointcutAdvisor#0'
  2019-01-28 17:55:33,187 [main] DEBUG - Returning cached instance of singleton bean 'org.springframework.cache.config.internalCacheAdvisor'
  2019-01-28 17:55:33,187 [main] DEBUG - Returning cached instance of singleton bean 'org.springframework.aop.support.DefaultBeanFactoryPointcutAdvisor#0'
  2019-01-28 17:55:33,187 [main] DEBUG - Returning cached instance of singleton bean 'org.springframework.cache.config.internalCacheAdvisor'
  2019-01-28 17:55:33,188 [main] DEBUG - Finished creating instance of bean 'taskNsController'
  2019-01-28 17:55:33,189 [main] DEBUG - Creating shared instance of singleton bean 'testController'
  2019-01-28 17:55:33,189 [main] DEBUG - Creating instance of bean 'testController'
  2019-01-28 17:55:33,189 [main] DEBUG - Returning cached instance of singleton bean 'org.springframework.aop.support.DefaultBeanFactoryPointcutAdvisor#0'
  2019-01-28 17:55:33,189 [main] DEBUG - Returning cached instance of singleton bean 'org.springframework.cache.config.internalCacheAdvisor'
  2019-01-28 17:55:33,189 [main] DEBUG - Eagerly caching bean 'testController' to allow for resolving potential circular references
  2019-01-28 17:55:33,190 [main] DEBUG - Returning cached instance of singleton bean 'org.springframework.aop.support.DefaultBeanFactoryPointcutAdvisor#0'
  2019-01-28 17:55:33,190 [main] DEBUG - Returning cached instance of singleton bean 'org.springframework.cache.config.internalCacheAdvisor'
  2019-01-28 17:55:33,190 [main] DEBUG - Returning cached instance of singleton bean 'org.springframework.aop.support.DefaultBeanFactoryPointcutAdvisor#0'
  2019-01-28 17:55:33,190 [main] DEBUG - Returning cached instance of singleton bean 'org.springframework.cache.config.internalCacheAdvisor'
  2019-01-28 17:55:33,191 [main] DEBUG - Finished creating instance of bean 'testController'
  2019-01-28 17:55:33,192 [main] DEBUG - Creating shared instance of singleton bean 'uploadController'
  2019-01-28 17:55:33,192 [main] DEBUG - Creating instance of bean 'uploadController'
  2019-01-28 17:55:33,192 [main] DEBUG - Returning cached instance of singleton bean 'org.springframework.aop.support.DefaultBeanFactoryPointcutAdvisor#0'
  2019-01-28 17:55:33,192 [main] DEBUG - Returning cached instance of singleton bean 'org.springframework.cache.config.internalCacheAdvisor'
  2019-01-28 17:55:33,192 [main] DEBUG - Eagerly caching bean 'uploadController' to allow for resolving potential circular references
  2019-01-28 17:55:33,193 [main] DEBUG - Returning cached instance of singleton bean 'org.springframework.aop.support.DefaultBeanFactoryPointcutAdvisor#0'
  2019-01-28 17:55:33,193 [main] DEBUG - Returning cached instance of singleton bean 'org.springframework.cache.config.internalCacheAdvisor'
  2019-01-28 17:55:33,193 [main] DEBUG - Returning cached instance of singleton bean 'org.springframework.aop.support.DefaultBeanFactoryPointcutAdvisor#0'
  2019-01-28 17:55:33,193 [main] DEBUG - Returning cached instance of singleton bean 'org.springframework.cache.config.internalCacheAdvisor'
  2019-01-28 17:55:33,194 [main] DEBUG - Finished creating instance of bean 'uploadController'
  2019-01-28 17:55:33,196 [main] DEBUG - Creating shared instance of singleton bean 'volelearcController'
  2019-01-28 17:55:33,196 [main] DEBUG - Creating instance of bean 'volelearcController'
  2019-01-28 17:55:33,196 [main] DEBUG - Returning cached instance of singleton bean 'org.springframework.aop.support.DefaultBeanFactoryPointcutAdvisor#0'
  2019-01-28 17:55:33,197 [main] DEBUG - Returning cached instance of singleton bean 'org.springframework.cache.config.internalCacheAdvisor'
  2019-01-28 17:55:33,197 [main] DEBUG - Registered injected element on class [com.sys.controller.VolelearcController]: AutowiredFieldElement for private com.sys.service.VolelearcService com.sys.controller.VolelearcController.volelearcService
  2019-01-28 17:55:33,197 [main] DEBUG - Registered injected element on class [com.sys.controller.VolelearcController]: AutowiredFieldElement for private com.sys.service.VolelearcDtlService com.sys.controller.VolelearcController.volelearcDtlService
  2019-01-28 17:55:33,197 [main] DEBUG - Eagerly caching bean 'volelearcController' to allow for resolving potential circular references
  2019-01-28 17:55:33,198 [main] DEBUG - Processing injected element of bean 'volelearcController': AutowiredFieldElement for private com.sys.service.VolelearcService com.sys.controller.VolelearcController.volelearcService
  2019-01-28 17:55:33,199 [main] DEBUG - Returning cached instance of singleton bean 'volelearcService'
  2019-01-28 17:55:33,199 [main] DEBUG - Autowiring by type from bean name 'volelearcController' to bean named 'volelearcService'
  2019-01-28 17:55:33,199 [main] DEBUG - Processing injected element of bean 'volelearcController': AutowiredFieldElement for private com.sys.service.VolelearcDtlService com.sys.controller.VolelearcController.volelearcDtlService
  2019-01-28 17:55:33,200 [main] DEBUG - Returning cached instance of singleton bean 'volelearcDtlService'
  2019-01-28 17:55:33,201 [main] DEBUG - Autowiring by type from bean name 'volelearcController' to bean named 'volelearcDtlService'
  2019-01-28 17:55:33,201 [main] DEBUG - Returning cached instance of singleton bean 'org.springframework.aop.support.DefaultBeanFactoryPointcutAdvisor#0'
  2019-01-28 17:55:33,201 [main] DEBUG - Returning cached instance of singleton bean 'org.springframework.cache.config.internalCacheAdvisor'
  2019-01-28 17:55:33,201 [main] DEBUG - Returning cached instance of singleton bean 'org.springframework.aop.support.DefaultBeanFactoryPointcutAdvisor#0'
  2019-01-28 17:55:33,202 [main] DEBUG - Returning cached instance of singleton bean 'org.springframework.cache.config.internalCacheAdvisor'
  2019-01-28 17:55:33,202 [main] DEBUG - Finished creating instance of bean 'volelearcController'
  2019-01-28 17:55:33,203 [main] DEBUG - Creating shared instance of singleton bean 'org.springframework.web.servlet.resource.DefaultServletHttpRequestHandler#0'
  2019-01-28 17:55:33,203 [main] DEBUG - Creating instance of bean 'org.springframework.web.servlet.resource.DefaultServletHttpRequestHandler#0'
  2019-01-28 17:55:33,203 [main] DEBUG - Returning cached instance of singleton bean 'org.springframework.aop.support.DefaultBeanFactoryPointcutAdvisor#0'
  2019-01-28 17:55:33,203 [main] DEBUG - Returning cached instance of singleton bean 'org.springframework.cache.config.internalCacheAdvisor'
  2019-01-28 17:55:33,203 [main] DEBUG - Eagerly caching bean 'org.springframework.web.servlet.resource.DefaultServletHttpRequestHandler#0' to allow for resolving potential circular references
  2019-01-28 17:55:33,205 [main] DEBUG - Returning cached instance of singleton bean 'org.springframework.aop.support.DefaultBeanFactoryPointcutAdvisor#0'
  2019-01-28 17:55:33,206 [main] DEBUG - Returning cached instance of singleton bean 'org.springframework.cache.config.internalCacheAdvisor'
  2019-01-28 17:55:33,206 [main] DEBUG - Returning cached instance of singleton bean 'org.springframework.aop.support.DefaultBeanFactoryPointcutAdvisor#0'
  2019-01-28 17:55:33,207 [main] DEBUG - Returning cached instance of singleton bean 'org.springframework.cache.config.internalCacheAdvisor'
  2019-01-28 17:55:33,207 [main] DEBUG - Finished creating instance of bean 'org.springframework.web.servlet.resource.DefaultServletHttpRequestHandler#0'
  2019-01-28 17:55:33,208 [main] DEBUG - Creating shared instance of singleton bean 'org.springframework.web.servlet.handler.SimpleUrlHandlerMapping#0'
  2019-01-28 17:55:33,208 [main] DEBUG - Creating instance of bean 'org.springframework.web.servlet.handler.SimpleUrlHandlerMapping#0'
  2019-01-28 17:55:33,208 [main] DEBUG - Returning cached instance of singleton bean 'org.springframework.aop.support.DefaultBeanFactoryPointcutAdvisor#0'
  2019-01-28 17:55:33,208 [main] DEBUG - Returning cached instance of singleton bean 'org.springframework.cache.config.internalCacheAdvisor'
  2019-01-28 17:55:33,209 [main] DEBUG - Eagerly caching bean 'org.springframework.web.servlet.handler.SimpleUrlHandlerMapping#0' to allow for resolving potential circular references
  2019-01-28 17:55:33,214 [main] DEBUG - Returning cached instance of singleton bean 'org.springframework.web.servlet.handler.MappedInterceptor#0'
  2019-01-28 17:55:33,215 [main] DEBUG - Returning cached instance of singleton bean 'org.springframework.web.servlet.handler.MappedInterceptor#1'
  2019-01-28 17:55:33,215 [main] DEBUG - Returning cached instance of singleton bean 'org.springframework.web.servlet.handler.MappedInterceptor#2'
  2019-01-28 17:55:33,215 [main] DEBUG - Returning cached instance of singleton bean 'org.springframework.web.servlet.resource.DefaultServletHttpRequestHandler#0'
  2019-01-28 17:55:33,216 [main] INFO  - Mapped URL path [/**] onto handler 'org.springframework.web.servlet.resource.DefaultServletHttpRequestHandler#0'
  2019-01-28 17:55:33,216 [main] DEBUG - Returning cached instance of singleton bean 'org.springframework.aop.support.DefaultBeanFactoryPointcutAdvisor#0'
  2019-01-28 17:55:33,216 [main] DEBUG - Returning cached instance of singleton bean 'org.springframework.cache.config.internalCacheAdvisor'
  2019-01-28 17:55:33,216 [main] DEBUG - Returning cached instance of singleton bean 'org.springframework.aop.support.DefaultBeanFactoryPointcutAdvisor#0'
  2019-01-28 17:55:33,216 [main] DEBUG - Returning cached instance of singleton bean 'org.springframework.cache.config.internalCacheAdvisor'
  2019-01-28 17:55:33,218 [main] DEBUG - Finished creating instance of bean 'org.springframework.web.servlet.handler.SimpleUrlHandlerMapping#0'
  2019-01-28 17:55:33,218 [main] DEBUG - Returning cached instance of singleton bean 'annexFileMapper'
  2019-01-28 17:55:33,218 [main] DEBUG - Returning cached instance of singleton bean 'applyButieMapper'
  2019-01-28 17:55:33,218 [main] DEBUG - Returning cached instance of singleton bean 'applyChangeMapper'
  2019-01-28 17:55:33,218 [main] DEBUG - Returning cached instance of singleton bean 'applyFamilyHouseChangeMapper'
  2019-01-28 17:55:33,219 [main] DEBUG - Returning cached instance of singleton bean 'applyFamilyHouseMapper'
  2019-01-28 17:55:33,219 [main] DEBUG - Returning cached instance of singleton bean 'applyFamilyMemberMapper'
  2019-01-28 17:55:33,219 [main] DEBUG - Returning cached instance of singleton bean 'applyForForeignMapper'
  2019-01-28 17:55:33,219 [main] DEBUG - Returning cached instance of singleton bean 'applyForgraDuateMapper'
  2019-01-28 17:55:33,219 [main] DEBUG - Returning cached instance of singleton bean 'applyMapper'
  2019-01-28 17:55:33,219 [main] DEBUG - Returning cached instance of singleton bean 'applyNsMapper'
  2019-01-28 17:55:33,220 [main] DEBUG - Returning cached instance of singleton bean 'applyUnitMapper'
  2019-01-28 17:55:33,220 [main] DEBUG - Returning cached instance of singleton bean 'approveMapper'
  2019-01-28 17:55:33,221 [main] DEBUG - Returning cached instance of singleton bean 'approveRecordMapper'
  2019-01-28 17:55:33,221 [main] DEBUG - Returning cached instance of singleton bean 'applyUserInfoFormMapper'
  2019-01-28 17:55:33,221 [main] DEBUG - Returning cached instance of singleton bean 'applyUserinfoMapper'
  2019-01-28 17:55:33,221 [main] DEBUG - Returning cached instance of singleton bean 'articleInfoMapper'
  2019-01-28 17:55:33,221 [main] DEBUG - Returning cached instance of singleton bean 'blgshMapper'
  2019-01-28 17:55:33,222 [main] DEBUG - Returning cached instance of singleton bean 'bliveGongsDetailMapper'
  2019-01-28 17:55:33,222 [main] DEBUG - Returning cached instance of singleton bean 'bliveGongSMapper'
  2019-01-28 17:55:33,222 [main] DEBUG - Returning cached instance of singleton bean 'buidInfoMapper'
  2019-01-28 17:55:33,222 [main] DEBUG - Returning cached instance of singleton bean 'columnInfoMapper'
  2019-01-28 17:55:33,222 [main] DEBUG - Returning cached instance of singleton bean 'contractDetailMapper'
  2019-01-28 17:55:33,222 [main] DEBUG - Creating shared instance of singleton bean 'contractMapper'
  2019-01-28 17:55:33,223 [main] DEBUG - Creating instance of bean 'contractMapper'
  2019-01-28 17:55:33,223 [main] DEBUG - Returning cached instance of singleton bean 'org.springframework.aop.support.DefaultBeanFactoryPointcutAdvisor#0'
  2019-01-28 17:55:33,223 [main] DEBUG - Returning cached instance of singleton bean 'org.springframework.cache.config.internalCacheAdvisor'
  2019-01-28 17:55:33,223 [main] DEBUG - Eagerly caching bean 'contractMapper' to allow for resolving potential circular references
  2019-01-28 17:55:33,223 [main] DEBUG - Returning cached instance of singleton bean 'sqlSessionFactory'
  2019-01-28 17:55:33,224 [main] DEBUG - Invoking afterPropertiesSet() on bean with name 'contractMapper'
  2019-01-28 17:55:33,224 [main] DEBUG - Returning cached instance of singleton bean 'org.springframework.aop.support.DefaultBeanFactoryPointcutAdvisor#0'
  2019-01-28 17:55:33,224 [main] DEBUG - Returning cached instance of singleton bean 'org.springframework.cache.config.internalCacheAdvisor'
  2019-01-28 17:55:33,224 [main] DEBUG - Returning cached instance of singleton bean 'org.springframework.aop.support.DefaultBeanFactoryPointcutAdvisor#0'
  2019-01-28 17:55:33,225 [main] DEBUG - Returning cached instance of singleton bean 'org.springframework.cache.config.internalCacheAdvisor'
  2019-01-28 17:55:33,225 [main] DEBUG - Finished creating instance of bean 'contractMapper'
  2019-01-28 17:55:33,225 [main] DEBUG - Returning cached instance of singleton bean 'contractTemplateMapper'
  2019-01-28 17:55:33,225 [main] DEBUG - Returning cached instance of singleton bean 'excelMapper'
  2019-01-28 17:55:33,225 [main] DEBUG - Returning cached instance of singleton bean 'factMappingMapper'
  2019-01-28 17:55:33,226 [main] DEBUG - Returning cached instance of singleton bean 'hisRentMapper'
  2019-01-28 17:55:33,226 [main] DEBUG - Returning cached instance of singleton bean 'holidayMapper'
  2019-01-28 17:55:33,226 [main] DEBUG - Returning cached instance of singleton bean 'homeUserInfoMapper'
  2019-01-28 17:55:33,226 [main] DEBUG - Returning cached instance of singleton bean 'imageInfoMapper'
  2019-01-28 17:55:33,226 [main] DEBUG - Returning cached instance of singleton bean 'IMapper'
  2019-01-28 17:55:33,226 [main] DEBUG - Returning cached instance of singleton bean 'itemCodeInfoMapper'
  2019-01-28 17:55:33,226 [main] DEBUG - Returning cached instance of singleton bean 'listNumberMapper'
  2019-01-28 17:55:33,227 [main] DEBUG - Returning cached instance of singleton bean 'lotNumMapper'
  2019-01-28 17:55:33,227 [main] DEBUG - Returning cached instance of singleton bean 'menuInfoMapper'
  2019-01-28 17:55:33,227 [main] DEBUG - Returning cached instance of singleton bean 'menuRoleInfoMapper'
  2019-01-28 17:55:33,228 [main] DEBUG - Returning cached instance of singleton bean 'messageMapper'
  2019-01-28 17:55:33,228 [main] DEBUG - Returning cached instance of singleton bean 'parmItemMapper'
  2019-01-28 17:55:33,228 [main] DEBUG - Returning cached instance of singleton bean 'parmMapper'
  2019-01-28 17:55:33,228 [main] DEBUG - Returning cached instance of singleton bean 'qxInfoMapper'
  2019-01-28 17:55:33,228 [main] DEBUG - Creating shared instance of singleton bean 'qxRoleInfoMapper'
  2019-01-28 17:55:33,228 [main] DEBUG - Creating instance of bean 'qxRoleInfoMapper'
  2019-01-28 17:55:33,229 [main] DEBUG - Returning cached instance of singleton bean 'org.springframework.aop.support.DefaultBeanFactoryPointcutAdvisor#0'
  2019-01-28 17:55:33,229 [main] DEBUG - Returning cached instance of singleton bean 'org.springframework.cache.config.internalCacheAdvisor'
  2019-01-28 17:55:33,229 [main] DEBUG - Eagerly caching bean 'qxRoleInfoMapper' to allow for resolving potential circular references
  2019-01-28 17:55:33,229 [main] DEBUG - Returning cached instance of singleton bean 'sqlSessionFactory'
  2019-01-28 17:55:33,230 [main] DEBUG - Invoking afterPropertiesSet() on bean with name 'qxRoleInfoMapper'
  2019-01-28 17:55:33,230 [main] DEBUG - Returning cached instance of singleton bean 'org.springframework.aop.support.DefaultBeanFactoryPointcutAdvisor#0'
  2019-01-28 17:55:33,230 [main] DEBUG - Returning cached instance of singleton bean 'org.springframework.cache.config.internalCacheAdvisor'
  2019-01-28 17:55:33,230 [main] DEBUG - Returning cached instance of singleton bean 'org.springframework.aop.support.DefaultBeanFactoryPointcutAdvisor#0'
  2019-01-28 17:55:33,230 [main] DEBUG - Returning cached instance of singleton bean 'org.springframework.cache.config.internalCacheAdvisor'
  2019-01-28 17:55:33,231 [main] DEBUG - Finished creating instance of bean 'qxRoleInfoMapper'
  2019-01-28 17:55:33,231 [main] DEBUG - Returning cached instance of singleton bean 'lowSecurityReportMapper'
  2019-01-28 17:55:33,231 [main] DEBUG - Returning cached instance of singleton bean 'roleInfoMapper'
  2019-01-28 17:55:33,231 [main] DEBUG - Returning cached instance of singleton bean 'serialNumHeadMapper'
  2019-01-28 17:55:33,231 [main] DEBUG - Returning cached instance of singleton bean 'serialNumLineMapper'
  2019-01-28 17:55:33,232 [main] DEBUG - Returning cached instance of singleton bean 'sourceHouseMapper'
  2019-01-28 17:55:33,232 [main] DEBUG - Returning cached instance of singleton bean 'userInfoMapper'
  2019-01-28 17:55:33,232 [main] DEBUG - Returning cached instance of singleton bean 'userRoleInfoMapper'
  2019-01-28 17:55:33,232 [main] DEBUG - Returning cached instance of singleton bean 'userTaskMapper'
  2019-01-28 17:55:33,232 [main] DEBUG - Returning cached instance of singleton bean 'volelearcDtlMapper'
  2019-01-28 17:55:33,232 [main] DEBUG - Returning cached instance of singleton bean 'volelearcMapper'
  2019-01-28 17:55:33,233 [main] DEBUG - Returning cached instance of singleton bean 'org.springframework.context.event.internalEventListenerFactory'
  2019-01-28 17:55:33,298 [main] DEBUG - Unable to locate LifecycleProcessor with name 'lifecycleProcessor': using default [org.springframework.context.support.DefaultLifecycleProcessor@bd93bc3]
  2019-01-28 17:55:33,300 [main] DEBUG - Returning cached instance of singleton bean 'org.springframework.scheduling.quartz.SchedulerFactoryBean#0'
  2019-01-28 17:55:33,300 [main] DEBUG - Returning cached instance of singleton bean 'lifecycleProcessor'
  2019-01-28 17:55:33,300 [main] INFO  - Starting beans in phase 2147483647
  2019-01-28 17:55:33,301 [main] DEBUG - Starting bean 'org.springframework.scheduling.quartz.SchedulerFactoryBean#0' of type [class org.springframework.scheduling.quartz.SchedulerFactoryBean]
  2019-01-28 17:55:33,301 [main] INFO  - Starting Quartz Scheduler now
  2019-01-28 17:55:33,301 [main] INFO  - Scheduler org.springframework.scheduling.quartz.SchedulerFactoryBean#0_$_NON_CLUSTERED started.
  2019-01-28 17:55:33,301 [main] DEBUG - Successfully started bean 'org.springframework.scheduling.quartz.SchedulerFactoryBean#0'
  2019-01-28 17:55:33,301 [main] DEBUG - Returning cached instance of singleton bean 'sqlSessionFactory'
  2019-01-28 17:55:33,302 [main] DEBUG - Could not find key 'spring.liveBeansView.mbeanDomain' in any property source
  org.springframework.context.support.FileSystemXmlApplicationContext@1c30cb85: startup date [Mon Jan 28 17:55:26 CST 2019]; root of context hierarchy
-------------------1----------------
2019-01-28 17:55:33,303 [main] DEBUG - Returning cached instance of singleton bean 'applyUserinfoService'
  2019-01-28 17:55:33,304 [main] DEBUG - Creating new transaction with name [com.sys.service.ApplyUserinfoService.selectById]: PROPAGATION_REQUIRED,ISOLATION_DEFAULT,readOnly
  2019-01-28 17:55:33,304 [main] DEBUG - Acquired Connection [com.alibaba.druid.proxy.jdbc.ConnectionProxyImpl@6cc48a17] for JDBC transaction
  2019-01-28 17:55:33,304 [main] DEBUG - Setting JDBC Connection [com.alibaba.druid.proxy.jdbc.ConnectionProxyImpl@6cc48a17] read-only
  2019-01-28 17:55:33,304 [main] DEBUG - Switching JDBC Connection [com.alibaba.druid.proxy.jdbc.ConnectionProxyImpl@6cc48a17] to manual commit
  Creating a new SqlSession
Registering transaction synchronization for SqlSession [org.apache.ibatis.session.defaults.DefaultSqlSession@446b64b3]
JDBC Connection [com.alibaba.druid.proxy.jdbc.ConnectionProxyImpl@6cc48a17] will be managed by Spring
==>  Preparing: select APP.USERID, APP.USERCODE, APP.USERPWD, APP.USERNAME, APP.SEX, APP.LINKTEL, APP.ADDRESS, APP.STATE, APP.SFZH from APPLYUSERINFO APP where APP.USERID = ? 
==> Parameters: 5C57D84E-6C21-008A-E053-C0A86406008G(String)
<==      Total: 0
2019-01-28 17:55:33,354 [main] DEBUG - {conn-110001, pstmt-120001} enter cache
  Releasing transactional SqlSession [org.apache.ibatis.session.defaults.DefaultSqlSession@446b64b3]
Transaction synchronization committing SqlSession [org.apache.ibatis.session.defaults.DefaultSqlSession@446b64b3]
Transaction synchronization deregistering SqlSession [org.apache.ibatis.session.defaults.DefaultSqlSession@446b64b3]
Transaction synchronization closing SqlSession [org.apache.ibatis.session.defaults.DefaultSqlSession@446b64b3]
2019-01-28 17:55:33,354 [main] DEBUG - Initiating transaction commit
  2019-01-28 17:55:33,355 [main] DEBUG - Committing JDBC transaction on Connection [com.alibaba.druid.proxy.jdbc.ConnectionProxyImpl@6cc48a17]
  2019-01-28 17:55:33,357 [main] DEBUG - Resetting read-only flag of JDBC Connection [com.alibaba.druid.proxy.jdbc.ConnectionProxyImpl@6cc48a17]
  2019-01-28 17:55:33,357 [main] DEBUG - Releasing JDBC Connection [com.alibaba.druid.proxy.jdbc.ConnectionProxyImpl@6cc48a17] after transaction
  2019-01-28 17:55:33,357 [main] DEBUG - Returning JDBC Connection to DataSource
  ]]></system-out>
  </testcase>
</testsuite>